This is pdfTeX, Version 3.141592653-2.6-1.40.27 (TeX Live 2025) (preloaded format=pdflatex 2025.3.8)  12 MAY 2026 11:52
entering extended mode
 restricted \write18 enabled.
 %&-line parsing enabled.
**revision_submission_02.tex
(./revision_submission_02.tex
LaTeX2e <2024-11-01> patch level 2
L3 programming layer <2025-01-18>
(/usr/local/texlive/2025/texmf-dist/tex/latex/elsarticle/elsarticle.cls
Document Class: elsarticle 2025/01/11, 3.4c: Elsevier Ltd
(/usr/local/texlive/2025/texmf-dist/tex/latex/base/fontenc.sty
Package: fontenc 2021/04/29 v2.0v Standard LaTeX package
)
(/usr/local/texlive/2025/texmf-dist/tex/latex/l3kernel/expl3.sty
Package: expl3 2025-01-18 L3 programming layer (loader) 

(/usr/local/texlive/2025/texmf-dist/tex/latex/l3backend/l3backend-pdftex.def
File: l3backend-pdftex.def 2024-05-08 L3 backend support: PDF output (pdfTeX)
\l__color_backend_stack_int=\count196
\l__pdf_internal_box=\box52
))
(/usr/local/texlive/2025/texmf-dist/tex/latex/l3packages/xparse/xparse.sty
Package: xparse 2024-08-16 L3 Experimental document command parser
)
(/usr/local/texlive/2025/texmf-dist/tex/latex/etoolbox/etoolbox.sty
Package: etoolbox 2025/02/11 v2.5l e-TeX tools for LaTeX (JAW)
\etb@tempcnta=\count197
)
\@bls=\dimen141

(/usr/local/texlive/2025/texmf-dist/tex/latex/base/article.cls
Document Class: article 2024/06/29 v1.4n Standard LaTeX document class
(/usr/local/texlive/2025/texmf-dist/tex/latex/base/size12.clo
File: size12.clo 2024/06/29 v1.4n Standard LaTeX file (size option)
)
\c@part=\count198
\c@section=\count199
\c@subsection=\count266
\c@subsubsection=\count267
\c@paragraph=\count268
\c@subparagraph=\count269
\c@figure=\count270
\c@table=\count271
\abovecaptionskip=\skip49
\belowcaptionskip=\skip50
\bibindent=\dimen142
)
(/usr/local/texlive/2025/texmf-dist/tex/latex/graphics/graphicx.sty
Package: graphicx 2021/09/16 v1.2d Enhanced LaTeX Graphics (DPC,SPQR)

(/usr/local/texlive/2025/texmf-dist/tex/latex/graphics/keyval.sty
Package: keyval 2022/05/29 v1.15 key=value parser (DPC)
\KV@toks@=\toks17
)
(/usr/local/texlive/2025/texmf-dist/tex/latex/graphics/graphics.sty
Package: graphics 2024/08/06 v1.4g Standard LaTeX Graphics (DPC,SPQR)

(/usr/local/texlive/2025/texmf-dist/tex/latex/graphics/trig.sty
Package: trig 2023/12/02 v1.11 sin cos tan (DPC)
)
(/usr/local/texlive/2025/texmf-dist/tex/latex/graphics-cfg/graphics.cfg
File: graphics.cfg 2016/06/04 v1.11 sample graphics configuration
)
Package graphics Info: Driver file: pdftex.def on input line 106.

(/usr/local/texlive/2025/texmf-dist/tex/latex/graphics-def/pdftex.def
File: pdftex.def 2024/04/13 v1.2c Graphics/color driver for pdftex
))
\Gin@req@height=\dimen143
\Gin@req@width=\dimen144
)
\c@tnote=\count272
\c@fnote=\count273
\c@cnote=\count274
\c@ead=\count275
\c@elsarticle@author=\count276
\@eadauthor=\toks18
\c@affn=\count277
\absbox=\box53
\elsarticlehighlightsbox=\box54
\elsarticlegrabsbox=\box55
\keybox=\box56
\Columnwidth=\dimen145
\space@left=\dimen146
\els@boxa=\box57
\els@boxb=\box58
\leftMargin=\dimen147
\@enLab=\toks19
\@sep=\skip51
\@@sep=\skip52

(./revision_submission_02.spl)
(/usr/local/texlive/2025/texmf-dist/tex/latex/natbib/natbib.sty
Package: natbib 2010/09/13 8.31b (PWD, AO)
\bibhang=\skip53
\bibsep=\skip54
LaTeX Info: Redefining \cite on input line 694.
\c@NAT@ctr=\count278
)
\splwrite=\write3
\openout3 = `revision_submission_02.spl'.

\appnamewidth=\dimen148
)
(/usr/local/texlive/2025/texmf-dist/tex/latex/amsfonts/amssymb.sty
Package: amssymb 2013/01/14 v3.01 AMS font symbols

(/usr/local/texlive/2025/texmf-dist/tex/latex/amsfonts/amsfonts.sty
Package: amsfonts 2013/01/14 v3.01 Basic AMSFonts support
\@emptytoks=\toks20
\symAMSa=\mathgroup4
\symAMSb=\mathgroup5
LaTeX Font Info:    Redeclaring math symbol \hbar on input line 98.
LaTeX Font Info:    Overwriting math alphabet `\mathfrak' in version `bold'
(Font)                  U/euf/m/n --> U/euf/b/n on input line 106.
))
(/usr/local/texlive/2025/texmf-dist/tex/latex/amsmath/amsmath.sty
Package: amsmath 2024/11/05 v2.17t AMS math features
\@mathmargin=\skip55

For additional information on amsmath, use the `?' option.
(/usr/local/texlive/2025/texmf-dist/tex/latex/amsmath/amstext.sty
Package: amstext 2021/08/26 v2.01 AMS text

(/usr/local/texlive/2025/texmf-dist/tex/latex/amsmath/amsgen.sty
File: amsgen.sty 1999/11/30 v2.0 generic functions
\@emptytoks=\toks21
\ex@=\dimen149
))
(/usr/local/texlive/2025/texmf-dist/tex/latex/amsmath/amsbsy.sty
Package: amsbsy 1999/11/29 v1.2d Bold Symbols
\pmbraise@=\dimen150
)
(/usr/local/texlive/2025/texmf-dist/tex/latex/amsmath/amsopn.sty
Package: amsopn 2022/04/08 v2.04 operator names
)
\inf@bad=\count279
LaTeX Info: Redefining \frac on input line 233.
\uproot@=\count280
\leftroot@=\count281
LaTeX Info: Redefining \overline on input line 398.
LaTeX Info: Redefining \colon on input line 409.
\classnum@=\count282
\DOTSCASE@=\count283
LaTeX Info: Redefining \ldots on input line 495.
LaTeX Info: Redefining \dots on input line 498.
LaTeX Info: Redefining \cdots on input line 619.
\Mathstrutbox@=\box59
\strutbox@=\box60
LaTeX Info: Redefining \big on input line 721.
LaTeX Info: Redefining \Big on input line 722.
LaTeX Info: Redefining \bigg on input line 723.
LaTeX Info: Redefining \Bigg on input line 724.
\big@size=\dimen151
LaTeX Font Info:    Redeclaring font encoding OML on input line 742.
LaTeX Font Info:    Redeclaring font encoding OMS on input line 743.
\macc@depth=\count284
LaTeX Info: Redefining \bmod on input line 904.
LaTeX Info: Redefining \pmod on input line 909.
LaTeX Info: Redefining \smash on input line 939.
LaTeX Info: Redefining \relbar on input line 969.
LaTeX Info: Redefining \Relbar on input line 970.
\c@MaxMatrixCols=\count285
\dotsspace@=\muskip17
\c@parentequation=\count286
\dspbrk@lvl=\count287
\tag@help=\toks22
\row@=\count288
\column@=\count289
\maxfields@=\count290
\andhelp@=\toks23
\eqnshift@=\dimen152
\alignsep@=\dimen153
\tagshift@=\dimen154
\tagwidth@=\dimen155
\totwidth@=\dimen156
\lineht@=\dimen157
\@envbody=\toks24
\multlinegap=\skip56
\multlinetaggap=\skip57
\mathdisplay@stack=\toks25
LaTeX Info: Redefining \[ on input line 2953.
LaTeX Info: Redefining \] on input line 2954.
)
(/usr/local/texlive/2025/texmf-dist/tex/latex/caption/caption.sty
Package: caption 2023/08/05 v3.6o Customizing captions (AR)

(/usr/local/texlive/2025/texmf-dist/tex/latex/caption/caption3.sty
Package: caption3 2023/07/31 v2.4d caption3 kernel (AR)
\caption@tempdima=\dimen158
\captionmargin=\dimen159
\caption@leftmargin=\dimen160
\caption@rightmargin=\dimen161
\caption@width=\dimen162
\caption@indent=\dimen163
\caption@parindent=\dimen164
\caption@hangindent=\dimen165
Package caption Info: elsarticle document class detected.

(/usr/local/texlive/2025/texmf-dist/tex/latex/caption/caption-elsarticle.sto
File: caption-elsarticle.sto 2020/08/22 v2.0 Adaption of the caption package to
 the elsarticle document class (AR)
))
\c@caption@flags=\count291
\c@continuedfloat=\count292
) (/usr/local/texlive/2025/texmf-dist/tex/latex/caption/subcaption.sty
Package: subcaption 2023/07/28 v1.6b Sub-captions (AR)
Package caption Info: New subtype `subfigure' on input line 238.
\c@subfigure=\count293
Package caption Info: New subtype `subtable' on input line 238.
\c@subtable=\count294
)
(/usr/local/texlive/2025/texmf-dist/tex/latex/multirow/multirow.sty
Package: multirow 2024/11/12 v2.9 Span multiple rows of a table
\multirow@colwidth=\skip58
\multirow@cntb=\count295
\multirow@dima=\skip59
\bigstrutjot=\dimen166
)
(/usr/local/texlive/2025/texmf-dist/tex/latex/tools/bm.sty
Package: bm 2023/12/19 v1.2f Bold Symbol Support (DPC/FMi)
\symboldoperators=\mathgroup6
\symboldletters=\mathgroup7
\symboldsymbols=\mathgroup8
Package bm Info: No bold for \OMX/cmex/m/n, using \pmb.
Package bm Info: No bold for \U/msa/m/n, using \pmb.
Package bm Info: No bold for \U/msb/m/n, using \pmb.
LaTeX Font Info:    Redeclaring math alphabet \mathbf on input line 149.
)
(/usr/local/texlive/2025/texmf-dist/tex/latex/lineno/lineno.sty
Package: lineno 2025/01/29 line numbers on paragraphs v5.4

(/usr/local/texlive/2025/texmf-dist/tex/latex/kvoptions/kvoptions.sty
Package: kvoptions 2022-06-15 v3.15 Key value format for package options (HO)

(/usr/local/texlive/2025/texmf-dist/tex/generic/ltxcmds/ltxcmds.sty
Package: ltxcmds 2023-12-04 v1.26 LaTeX kernel commands for general use (HO)
)
(/usr/local/texlive/2025/texmf-dist/tex/latex/kvsetkeys/kvsetkeys.sty
Package: kvsetkeys 2022-10-05 v1.19 Key value parser (HO)
))
\linenopenalty=\count296
\output=\toks26
\linenoprevgraf=\count297
\linenumbersep=\dimen167
\linenumberwidth=\dimen168
\c@linenumber=\count298
\c@pagewiselinenumber=\count299
\c@LN@truepage=\count300
\c@internallinenumber=\count301
\c@internallinenumbers=\count302
\quotelinenumbersep=\dimen169
\bframerule=\dimen170
\bframesep=\dimen171
\bframebox=\box61
\@LN@amsmath@ams@eqpen=\count303
LaTeX Info: Redefining \\ on input line 3187.
)
(/usr/local/texlive/2025/texmf-dist/tex/latex/url/url.sty
\Urlmuskip=\muskip18
Package: url 2013/09/16  ver 3.4  Verb mode for urls, etc.
)
(./revision_submission_02.aux)
\openout1 = `revision_submission_02.aux'.

LaTeX Font Info:    Checking defaults for OML/cmm/m/it on input line 15.
LaTeX Font Info:    ... okay on input line 15.
LaTeX Font Info:    Checking defaults for OMS/cmsy/m/n on input line 15.
LaTeX Font Info:    ... okay on input line 15.
LaTeX Font Info:    Checking defaults for OT1/cmr/m/n on input line 15.
LaTeX Font Info:    ... okay on input line 15.
LaTeX Font Info:    Checking defaults for T1/cmr/m/n on input line 15.
LaTeX Font Info:    ... okay on input line 15.
LaTeX Font Info:    Checking defaults for TS1/cmr/m/n on input line 15.
LaTeX Font Info:    ... okay on input line 15.
LaTeX Font Info:    Checking defaults for OMX/cmex/m/n on input line 15.
LaTeX Font Info:    ... okay on input line 15.
LaTeX Font Info:    Checking defaults for U/cmr/m/n on input line 15.
LaTeX Font Info:    ... okay on input line 15.

(/usr/local/texlive/2025/texmf-dist/tex/context/base/mkii/supp-pdf.mkii
[Loading MPS to PDF converter (version 2006.09.02).]
\scratchcounter=\count304
\scratchdimen=\dimen172
\scratchbox=\box62
\nofMPsegments=\count305
\nofMParguments=\count306
\everyMPshowfont=\toks27
\MPscratchCnt=\count307
\MPscratchDim=\dimen173
\MPnumerator=\count308
\makeMPintoPDFobject=\count309
\everyMPtoPDFconversion=\toks28
) (/usr/local/texlive/2025/texmf-dist/tex/latex/epstopdf-pkg/epstopdf-base.sty
Package: epstopdf-base 2020-01-24 v2.11 Base part for package epstopdf
Package epstopdf-base Info: Redefining graphics rule for `.eps' on input line 4
85.

(/usr/local/texlive/2025/texmf-dist/tex/latex/latexconfig/epstopdf-sys.cfg
File: epstopdf-sys.cfg 2010/07/13 v1.3 Configuration of (r)epstopdf for TeX Liv
e
))
Package caption Info: Begin \AtBeginDocument code.
Package caption Info: End \AtBeginDocument code.


[1

{/usr/local/texlive/2025/texmf-var/fonts/map/pdftex/updmap/pdftex.map}{/usr/loc
al/texlive/2025/texmf-dist/fonts/enc/dvips/cm-super/cm-super-t1.enc}{/usr/local
/texlive/2025/texmf-dist/fonts/enc/dvips/cm-super/cm-super-ts1.enc}]
LaTeX Font Info:    Trying to load font information for U+msa on input line 67.


(/usr/local/texlive/2025/texmf-dist/tex/latex/amsfonts/umsa.fd
File: umsa.fd 2013/01/14 v3.01 AMS symbols A
)
LaTeX Font Info:    Trying to load font information for U+msb on input line 67.


(/usr/local/texlive/2025/texmf-dist/tex/latex/amsfonts/umsb.fd
File: umsb.fd 2013/01/14 v3.01 AMS symbols B
)

[1


]

[2]

[3]

[4]

[5]

[6]

[7]
Overfull \hbox (14.39316pt too wide) in paragraph at lines 113--114
\T1/cmr/m/n/12 typ-i-cally, the yield-ing dis-place-ment de-noted $\OT1/cmr/m/n
/12 ^^A[]$\T1/cmr/m/n/12 , ob-tained via non-lin-ear pushover
 []



[8]
<Figures/Figure01.pdf, id=46, 258.9675pt x 174.6525pt>
File: Figures/Figure01.pdf Graphic file (type pdf)
<use Figures/Figure01.pdf>
Package pdftex.def Info: Figures/Figure01.pdf  used on input line 119.
(pdftex.def)             Requested size: 234.00238pt x 157.82272pt.


[9]

[10 <./Figures/Figure01.pdf>]

[11]

[12]

[13]
<Figures/Figure02.pdf, id=105, 961.5925pt x 429.605pt>
File: Figures/Figure02.pdf Graphic file (type pdf)
<use Figures/Figure02.pdf>
Package pdftex.def Info: Figures/Figure02.pdf  used on input line 166.
(pdftex.def)             Requested size: 312.00119pt x 139.39053pt.

Overfull \hbox (8.68451pt too wide) in paragraph at lines 171--172
[]\T1/cmr/m/n/12 Critical tech-ni-cal de-tails and in-ter-me-di-ate re-sults fr
om the climate-scenario-
 []



[14 <./Figures/Figure02.pdf>]

[15]

[16]

[17]
<Figures/Figure03a.pdf, id=139, 442.65375pt x 255.95625pt>
File: Figures/Figure03a.pdf Graphic file (type pdf)
<use Figures/Figure03a.pdf>
Package pdftex.def Info: Figures/Figure03a.pdf  used on input line 250.
(pdftex.def)             Requested size: 187.19833pt x 108.24684pt.
<Figures/Figure03b.pdf, id=140, 443.6575pt x 255.95625pt>
File: Figures/Figure03b.pdf Graphic file (type pdf)
<use Figures/Figure03b.pdf>
Package pdftex.def Info: Figures/Figure03b.pdf  used on input line 257.
(pdftex.def)             Requested size: 187.19833pt x 107.99689pt.
<Figures/Figure04a.pdf, id=141, 807.015pt x 183.68625pt>
File: Figures/Figure04a.pdf Graphic file (type pdf)
<use Figures/Figure04a.pdf>
Package pdftex.def Info: Figures/Figure04a.pdf  used on input line 273.
(pdftex.def)             Requested size: 312.00119pt x 71.0151pt.
<Figures/Figure04b.pdf, id=142, 517.935pt x 461.725pt>
File: Figures/Figure04b.pdf Graphic file (type pdf)
<use Figures/Figure04b.pdf>
Package pdftex.def Info: Figures/Figure04b.pdf  used on input line 279.
(pdftex.def)             Requested size: 312.00119pt x 278.1503pt.


[18 <./Figures/Figure03a.pdf> <./Figures/Figure03b.pdf>]

[19 <./Figures/Figure04a.pdf> <./Figures/Figure04b.pdf>]
Overfull \hbox (8.74701pt too wide) in paragraph at lines 291--292
[]\T1/cmr/m/n/12 Soil^^Ustructure in-ter-ac-tion is mod-eled through non-lin-ea
r \T1/cmtt/m/n/12 zeroLength \T1/cmr/m/n/12 springs
 []



[20]
<Figures/Figure05a.pdf, id=306, 448.67625pt x 257.96375pt>
File: Figures/Figure05a.pdf Graphic file (type pdf)
<use Figures/Figure05a.pdf>
Package pdftex.def Info: Figures/Figure05a.pdf  used on input line 301.
(pdftex.def)             Requested size: 187.19833pt x 107.62764pt.
<Figures/Figure05b.pdf, id=307, 448.67625pt x 258.9675pt>
File: Figures/Figure05b.pdf Graphic file (type pdf)
<use Figures/Figure05b.pdf>
Package pdftex.def Info: Figures/Figure05b.pdf  used on input line 308.
(pdftex.def)             Requested size: 187.19833pt x 108.04642pt.


[21 <./Figures/Figure05a.pdf> <./Figures/Figure05b.pdf>]

[22]
<Figures/Figure06.pdf, id=407, 446.66875pt x 257.96375pt>
File: Figures/Figure06.pdf Graphic file (type pdf)
<use Figures/Figure06.pdf>
Package pdftex.def Info: Figures/Figure06.pdf  used on input line 356.
(pdftex.def)             Requested size: 234.00238pt x 135.14565pt.
<Figures/Figure07a.pdf, id=408, 419.5675pt x 247.92625pt>
File: Figures/Figure07a.pdf Graphic file (type pdf)
<use Figures/Figure07a.pdf>
Package pdftex.def Info: Figures/Figure07a.pdf  used on input line 367.
(pdftex.def)             Requested size: 187.19833pt x 110.61623pt.
<Figures/Figure07b.pdf, id=409, 419.5675pt x 247.92625pt>
File: Figures/Figure07b.pdf Graphic file (type pdf)
<use Figures/Figure07b.pdf>
Package pdftex.def Info: Figures/Figure07b.pdf  used on input line 374.
(pdftex.def)             Requested size: 187.19833pt x 110.61623pt.
<Figures/Figure07c.pdf, id=410, 414.54875pt x 247.92625pt>
File: Figures/Figure07c.pdf Graphic file (type pdf)
<use Figures/Figure07c.pdf>
Package pdftex.def Info: Figures/Figure07c.pdf  used on input line 381.
(pdftex.def)             Requested size: 187.19833pt x 111.95543pt.
<Figures/Figure07d.pdf, id=411, 410.53375pt x 247.92625pt>
File: Figures/Figure07d.pdf Graphic file (type pdf)
<use Figures/Figure07d.pdf>
Package pdftex.def Info: Figures/Figure07d.pdf  used on input line 388.
(pdftex.def)             Requested size: 187.19833pt x 113.04874pt.


[23 <./Figures/Figure06.pdf>]

[24 <./Figures/Figure07a.pdf> <./Figures/Figure07b.pdf> <./Figures/Figure07c.pd
f> <./Figures/Figure07d.pdf>]

[25]
Overfull \hbox (17.5954pt too wide) in paragraph at lines 420--434
 [][] 
 []



[26]

[27]
Overfull \hbox (21.35602pt too wide) in paragraph at lines 448--451
[]\T1/cmr/m/n/12 A credal set can be de-fined in its sim-plest form as an in-te
r-val prediction:$\OML/cmm/m/it/12 f\OT1/cmr/m/n/12 (\OML/cmm/b/it/12 x\OT1/cmr
/m/n/12 ) \OMS/cmsy/m/n/12 2
 []



[28]

[29]

[30]
Overfull \hbox (5.35617pt too wide) in paragraph at lines 506--507
\T1/cmr/m/n/12 through smooth, con-tin-u-ous map-pings, as ex-pected from the k
ernel-
 []

<Figures/Figure08a.pdf, id=681, 446.66875pt x 256.96pt>
File: Figures/Figure08a.pdf Graphic file (type pdf)
<use Figures/Figure08a.pdf>
Package pdftex.def Info: Figures/Figure08a.pdf  used on input line 517.
(pdftex.def)             Requested size: 187.19833pt x 107.69112pt.
<Figures/Figure08b.pdf, id=682, 446.66875pt x 256.96pt>
File: Figures/Figure08b.pdf Graphic file (type pdf)
<use Figures/Figure08b.pdf>
Package pdftex.def Info: Figures/Figure08b.pdf  used on input line 524.
(pdftex.def)             Requested size: 187.19833pt x 107.69112pt.
<Figures/Figure08c.pdf, id=683, 446.66875pt x 256.96pt>
File: Figures/Figure08c.pdf Graphic file (type pdf)
<use Figures/Figure08c.pdf>
Package pdftex.def Info: Figures/Figure08c.pdf  used on input line 531.
(pdftex.def)             Requested size: 187.19833pt x 107.69112pt.
<Figures/Figure08d.pdf, id=684, 446.66875pt x 256.96pt>
File: Figures/Figure08d.pdf Graphic file (type pdf)
<use Figures/Figure08d.pdf>
Package pdftex.def Info: Figures/Figure08d.pdf  used on input line 538.
(pdftex.def)             Requested size: 187.19833pt x 107.69112pt.
<Figures/Figure09a.pdf, id=685, 446.66875pt x 256.96pt>
File: Figures/Figure09a.pdf Graphic file (type pdf)
<use Figures/Figure09a.pdf>
Package pdftex.def Info: Figures/Figure09a.pdf  used on input line 551.
(pdftex.def)             Requested size: 187.19833pt x 107.69112pt.
<Figures/Figure09b.pdf, id=686, 446.66875pt x 256.96pt>
File: Figures/Figure09b.pdf Graphic file (type pdf)
<use Figures/Figure09b.pdf>
Package pdftex.def Info: Figures/Figure09b.pdf  used on input line 558.
(pdftex.def)             Requested size: 187.19833pt x 107.69112pt.
<Figures/Figure09c.pdf, id=687, 446.66875pt x 256.96pt>
File: Figures/Figure09c.pdf Graphic file (type pdf)
<use Figures/Figure09c.pdf>
Package pdftex.def Info: Figures/Figure09c.pdf  used on input line 565.
(pdftex.def)             Requested size: 187.19833pt x 107.69112pt.
<Figures/Figure09d.pdf, id=688, 446.66875pt x 256.96pt>
File: Figures/Figure09d.pdf Graphic file (type pdf)
<use Figures/Figure09d.pdf>
Package pdftex.def Info: Figures/Figure09d.pdf  used on input line 572.
(pdftex.def)             Requested size: 187.19833pt x 107.69112pt.

Overfull \hbox (37.79095pt too wide) in paragraph at lines 586--608
 [][] 
 []



[31]

[32 <./Figures/Figure08a.pdf> <./Figures/Figure08b.pdf> <./Figures/Figure08c.pd
f> <./Figures/Figure08d.pdf>]

[33 <./Figures/Figure09a.pdf> <./Figures/Figure09b.pdf> <./Figures/Figure09c.pd
f> <./Figures/Figure09d.pdf>]

[34]
<Figures/Figure10a.pdf, id=1080, 447.6725pt x 257.96375pt>
File: Figures/Figure10a.pdf Graphic file (type pdf)
<use Figures/Figure10a.pdf>
Package pdftex.def Info: Figures/Figure10a.pdf  used on input line 623.
(pdftex.def)             Requested size: 187.19833pt x 107.87167pt.
<Figures/Figure10b.pdf, id=1081, 447.6725pt x 257.96375pt>
File: Figures/Figure10b.pdf Graphic file (type pdf)
<use Figures/Figure10b.pdf>
Package pdftex.def Info: Figures/Figure10b.pdf  used on input line 630.
(pdftex.def)             Requested size: 187.19833pt x 107.87167pt.
<Figures/Figure10c.pdf, id=1082, 447.6725pt x 257.96375pt>
File: Figures/Figure10c.pdf Graphic file (type pdf)
<use Figures/Figure10c.pdf>
Package pdftex.def Info: Figures/Figure10c.pdf  used on input line 637.
(pdftex.def)             Requested size: 187.19833pt x 107.87167pt.
<Figures/Figure10d.pdf, id=1083, 447.6725pt x 257.96375pt>
File: Figures/Figure10d.pdf Graphic file (type pdf)
<use Figures/Figure10d.pdf>
Package pdftex.def Info: Figures/Figure10d.pdf  used on input line 644.
(pdftex.def)             Requested size: 187.19833pt x 107.87167pt.
<Figures/Figure11a.pdf, id=1084, 445.665pt x 256.96pt>
File: Figures/Figure11a.pdf Graphic file (type pdf)
<use Figures/Figure11a.pdf>
Package pdftex.def Info: Figures/Figure11a.pdf  used on input line 657.
(pdftex.def)             Requested size: 187.19833pt x 107.93422pt.
<Figures/Figure11b.pdf, id=1085, 445.665pt x 256.96pt>
File: Figures/Figure11b.pdf Graphic file (type pdf)
<use Figures/Figure11b.pdf>
Package pdftex.def Info: Figures/Figure11b.pdf  used on input line 664.
(pdftex.def)             Requested size: 187.19833pt x 107.93422pt.
<Figures/Figure11c.pdf, id=1086, 445.665pt x 256.96pt>
File: Figures/Figure11c.pdf Graphic file (type pdf)
<use Figures/Figure11c.pdf>
Package pdftex.def Info: Figures/Figure11c.pdf  used on input line 671.
(pdftex.def)             Requested size: 187.19833pt x 107.93422pt.
<Figures/Figure11d.pdf, id=1087, 445.665pt x 256.96pt>
File: Figures/Figure11d.pdf Graphic file (type pdf)
<use Figures/Figure11d.pdf>
Package pdftex.def Info: Figures/Figure11d.pdf  used on input line 678.
(pdftex.def)             Requested size: 187.19833pt x 107.93422pt.


[35]

[36 <./Figures/Figure10a.pdf> <./Figures/Figure10b.pdf> <./Figures/Figure10c.pd
f> <./Figures/Figure10d.pdf>]

[37 <./Figures/Figure11a.pdf> <./Figures/Figure11b.pdf> <./Figures/Figure11c.pd
f> <./Figures/Figure11d.pdf>]

[38]
Overfull \hbox (11.24237pt too wide) in paragraph at lines 707--709
\T1/cmr/m/n/12 tures^^Vparticularly $[]\OT1/cmr/m/n/12 (\OML/cmm/m/it/12 S[]\OT
1/cmr/m/n/12 )$\T1/cmr/m/n/12 ^^Vas most in-flu-en-tial. SVR em-pha-sized $[]\O
T1/cmr/m/n/12 (\OML/cmm/m/it/12 S[]\OT1/cmr/m/n/12 )$
 []



[39]

[40]

[41] (./revision_submission_02.bbl

[42]

[43]

[44]

[45]
Underfull \hbox (badness 1540) in paragraph at lines 293--302
\T1/cmtt/m/n/12 files / documents / TR202017 _ RFP _ Final _ 0 . pdf}$\T1/cmr/m
/n/12 . fi-nal RFP pub-lished
 []



[46]

[47]

[48]
Underfull \hbox (badness 1917) in paragraph at lines 447--451
[]\T1/cmr/m/n/12 Zhu, M., 2025.  The OpenSeesPy Li-brary.  URL: $\T1/cmtt/m/n/1
2 \url{https : / /
 []

)

[49] (./revision_submission_02.aux)
 ***********
LaTeX2e <2024-11-01> patch level 2
L3 programming layer <2025-01-18>
 ***********
 ) 
Here is how much of TeX's memory you used:
 6803 strings out of 473190
 110111 string characters out of 5715801
 506067 words of memory out of 5000000
 29959 multiletter control sequences out of 15000+600000
 583469 words of font info for 104 fonts, out of 8000000 for 9000
 1141 hyphenation exceptions out of 8191
 72i,14n,79p,2424b,497s stack positions out of 10000i,1000n,20000p,200000b,200000s
</usr/local/texlive/2025/texmf-dist/fonts/type1/public/amsfonts/cm/cmex10.pfb
></usr/local/texlive/2025/texmf-dist/fonts/type1/public/amsfonts/cm/cmmi10.pfb>
</usr/local/texlive/2025/texmf-dist/fonts/type1/public/amsfonts/cm/cmmi12.pfb><
/usr/local/texlive/2025/texmf-dist/fonts/type1/public/amsfonts/cm/cmmi6.pfb></u
sr/local/texlive/2025/texmf-dist/fonts/type1/public/amsfonts/cm/cmmi7.pfb></usr
/local/texlive/2025/texmf-dist/fonts/type1/public/amsfonts/cm/cmmi8.pfb></usr/l
ocal/texlive/2025/texmf-dist/fonts/type1/public/amsfonts/cm/cmmib10.pfb></usr/l
ocal/texlive/2025/texmf-dist/fonts/type1/public/amsfonts/cm/cmr10.pfb></usr/loc
al/texlive/2025/texmf-dist/fonts/type1/public/amsfonts/cm/cmr12.pfb></usr/local
/texlive/2025/texmf-dist/fonts/type1/public/amsfonts/cm/cmr6.pfb></usr/local/te
xlive/2025/texmf-dist/fonts/type1/public/amsfonts/cm/cmr7.pfb></usr/local/texli
ve/2025/texmf-dist/fonts/type1/public/amsfonts/cm/cmr8.pfb></usr/local/texlive/
2025/texmf-dist/fonts/type1/public/amsfonts/cm/cmsy10.pfb></usr/local/texlive/2
025/texmf-dist/fonts/type1/public/amsfonts/cm/cmsy7.pfb></usr/local/texlive/202
5/texmf-dist/fonts/type1/public/amsfonts/cm/cmsy8.pfb></usr/local/texlive/2025/
texmf-dist/fonts/type1/public/cm-super/sfbx1200.pfb></usr/local/texlive/2025/te
xmf-dist/fonts/type1/public/cm-super/sfrm0800.pfb></usr/local/texlive/2025/texm
f-dist/fonts/type1/public/cm-super/sfrm1000.pfb></usr/local/texlive/2025/texmf-
dist/fonts/type1/public/cm-super/sfrm1095.pfb></usr/local/texlive/2025/texmf-di
st/fonts/type1/public/cm-super/sfrm1200.pfb></usr/local/texlive/2025/texmf-dist
/fonts/type1/public/cm-super/sfrm1728.pfb></usr/local/texlive/2025/texmf-dist/f
onts/type1/public/cm-super/sfss0800.pfb></usr/local/texlive/2025/texmf-dist/fon
ts/type1/public/cm-super/sfti0700.pfb></usr/local/texlive/2025/texmf-dist/fonts
/type1/public/cm-super/sfti1000.pfb></usr/local/texlive/2025/texmf-dist/fonts/t
ype1/public/cm-super/sfti1095.pfb></usr/local/texlive/2025/texmf-dist/fonts/typ
e1/public/cm-super/sfti1200.pfb></usr/local/texlive/2025/texmf-dist/fonts/type1
/public/cm-super/sftt1200.pfb>
Output written on revision_submission_02.pdf (50 pages, 1975187 bytes).
PDF statistics:
 1539 PDF objects out of 1728 (max. 8388607)
 462 compressed objects within 5 object streams
 0 named destinations out of 1000 (max. 500000)
 146 words of extra memory for PDF output out of 10000 (max. 10000000)

