102.077 0.0143026 1.81967e-05 -1.84341 -1.1835e-09 1.5429e-06 3.30855e-10 0.00411039 9.2791e-06 -1.31953 -7.11019e-10 4.8839e-07 1.56638e-10
204.451 0.0143026 3.60825e-05 -1.84341 -2.3423e-09 1.5429e-06 6.61463e-10 0.00411039 1.84739e-05 -1.31953 -1.39338e-09 4.88389e-07 3.13159e-10
306.713 0.0143026 5.42314e-05 -1.84341 -3.52202e-09 1.5429e-06 9.92263e-10 0.00411039 2.77398e-05 -1.31953 -2.10005e-09 4.88389e-07 4.6977e-10
408.969 0.0143026 7.24001e-05 -1.84341 -4.70331e-09 1.5429e-06 1.32308e-09 0.00411038 3.70111e-05 -1.31953 -2.80855e-09 4.88389e-07 6.26389e-10
511.224 0.0143026 9.05684e-05 -1.84341 -5.88456e-09 1.5429e-06 1.65389e-09 0.00411038 4.62823e-05 -1.31953 -3.51701e-09 4.88389e-07 7.83007e-10
613.48 0.0143026 0.000108737 -1.84341 -7.06581e-09 1.54289e-06 1.9847e-09 0.00411038 5.55534e-05 -1.31953 -4.22547e-09 4.88389e-07 9.39625e-10
715.734 0.0143026 0.000126905 -1.84341 -8.24707e-09 1.54289e-06 2.31552e-09 0.00411038 6.48245e-05 -1.31953 -4.93392e-09 4.88388e-07 1.09624e-09
817.989 0.0143026 0.000145073 -1.84341 -9.42832e-09 1.54289e-06 2.64633e-09 0.00411038 7.40957e-05 -1.31953 -5.64238e-09 4.88388e-07 1.25286e-09
920.242 0.0143026 0.000163241 -1.84341 -1.06096e-08 1.54289e-06 2.97714e-09 0.00411038 8.33668e-05 -1.31953 -6.35084e-09 4.88388e-07 1.40948e-09
1022.5 0.0143026 0.00018141 -1.84341 -1.17908e-08 1.54289e-06 3.30796e-09 0.00411037 9.2638e-05 -1.31953 -7.0593e-09 4.88388e-07 1.5661e-09
1124.75 0.0143026 0.000199578 -1.84341 -1.29721e-08 1.54289e-06 3.63877e-09 0.00411037 0.000101909 -1.31953 -7.76776e-09 4.88388e-07 1.72272e-09
1227 0.0143026 0.000217746 -1.84341 -1.41533e-08 1.54289e-06 3.96959e-09 0.00411037 0.00011118 -1.31953 -8.47622e-09 4.88387e-07 1.87934e-09
1329.25 0.0143026 0.000235915 -1.84341 -1.53346e-08 1.54289e-06 4.3004e-09 0.00411037 0.000120451 -1.31953 -9.18469e-09 4.88387e-07 2.03595e-09
1431.51 0.0143025 0.000254083 -1.84341 -1.65159e-08 1.54289e-06 4.63121e-09 0.00411037 0.000129723 -1.31953 -9.89316e-09 4.88387e-07 2.19257e-09
1533.76 0.0143025 0.000272251 -1.84341 -1.76971e-08 1.54289e-06 4.96203e-09 0.00411037 0.000138994 -1.31953 -1.06016e-08 4.88387e-07 2.34919e-09
1636.01 0.0143025 0.00029042 -1.84341 -1.88784e-08 1.54289e-06 5.29284e-09 0.00411037 0.000148265 -1.31953 -1.13101e-08 4.88387e-07 2.50581e-09
1738.26 0.0143025 0.000308588 -1.84341 -2.00597e-08 1.54289e-06 5.62366e-09 0.00411036 0.000157536 -1.31953 -1.20186e-08 4.88387e-07 2.66243e-09
1840.51 0.0143025 0.000326757 -1.84341 -2.12409e-08 1.54289e-06 5.95447e-09 0.00411036 0.000166807 -1.31953 -1.2727e-08 4.88386e-07 2.81905e-09
1942.76 0.0143025 0.000344925 -1.84341 -2.24222e-08 1.54289e-06 6.28529e-09 0.00411036 0.000176079 -1.31953 -1.34355e-08 4.88386e-07 2.97567e-09
2045.01 0.0143025 0.000363094 -1.84341 -2.36035e-08 1.54289e-06 6.61611e-09 0.00411036 0.00018535 -1.31953 -1.4144e-08 4.88386e-07 3.13229e-09
2147.25 0.0143025 0.000381262 -1.84341 -2.47848e-08 1.54289e-06 6.94694e-09 0.00411036 0.000194621 -1.31953 -1.48525e-08 4.88386e-07 3.28892e-09
2249.5 0.0143025 0.000399431 -1.84341 -2.5966e-08 1.54289e-06 7.27778e-09 0.00411036 0.000203892 -1.31953 -1.5561e-08 4.88386e-07 3.44555e-09
2351.75 0.0143025 0.0004176 -1.84341 -2.71473e-08 1.54289e-06 7.60862e-09 0.00411035 0.000213164 -1.31953 -1.62695e-08 4.88385e-07 3.60217e-09
2454 0.0143025 0.000435768 -1.84341 -2.83286e-08 1.54288e-06 7.93945e-09 0.00411035 0.000222435 -1.31953 -1.69779e-08 4.88385e-07 3.7588e-09
2556.24 0.0143025 0.000453937 -1.84341 -2.95099e-08 1.54288e-06 8.2703e-09 0.00411035 0.000231706 -1.31953 -1.76864e-08 4.88385e-07 3.91544e-09
2658.49 0.0143025 0.000472106 -1.84341 -3.06912e-08 1.54288e-06 8.60116e-09 0.00411035 0.000240978 -1.31953 -1.83949e-08 4.88385e-07 4.07208e-09
2760.73 0.0143025 0.000490275 -1.84341 -3.18725e-08 1.54288e-06 8.93202e-09 0.00411035 0.000250249 -1.31953 -1.91034e-08 4.88385e-07 4.22872e-09
2862.98 0.0143025 0.000508444 -1.84341 -3.30538e-08 1.54288e-06 9.26289e-09 0.00411035 0.000259521 -1.31953 -1.98119e-08 4.88385e-07 4.38536e-09
2965.22 0.0143025 0.000526613 -1.84341 -3.42351e-08 1.54288e-06 9.59375e-09 0.00411035 0.000268792 -1.31953 -2.05204e-08 4.88384e-07 4.542e-09
3067.47 0.0143025 0.000544782 -1.84341 -3.54164e-08 1.54288e-06 9.92462e-09 0.00411034 0.000278064 -1.31953 -2.12289e-08 4.88384e-07 4.69865e-09
3169.71 0.0143025 0.000562951 -1.84341 -3.65977e-08 1.54288e-06 1.02555e-08 0.00411034 0.000287335 -1.31953 -2.19375e-08 4.88384e-07 4.85529e-09
3271.95 0.0143024 0.00058112 -1.84341 -3.77791e-08 1.54288e-06 1.05864e-08 0.00411034 0.000296607 -1.31953 -2.2646e-08 4.88384e-07 5.01194e-09
3374.19 0.0143024 0.000599289 -1.84341 -3.89604e-08 1.54288e-06 1.09173e-08 0.00411034 0.000305878 -1.31953 -2.33545e-08 4.88384e-07 5.1686e-09
3476.43 0.0143024 0.000617459 -1.84341 -4.01417e-08 1.54288e-06 1.12482e-08 0.00411034 0.00031515 -1.31953 -2.4063e-08 4.88383e-07 5.32525e-09
3578.67 0.0143024 0.000635628 -1.84341 -4.1323e-08 1.54288e-06 1.1579e-08 0.00411034 0.000324421 -1.31953 -2.47715e-08 4.88383e-07 5.48191e-09
3680.91 0.0143024 0.000653797 -1.84341 -4.25044e-08 1.54288e-06 1.19099e-08 0.00411033 0.000333693 -1.31953 -2.54801e-08 4.88383e-07 5.63856e-09
3783.15 0.0143024 0.000671967 -1.84341 -4.36857e-08 1.54288e-06 1.22408e-08 0.00411033 0.000342964 -1.31953 -2.61886e-08 4.88383e-07 5.79522e-09
3885.39 0.0143024 0.000690136 -1.84341 -4.4867e-08 1.54288e-06 1.25717e-08 0.00411033 0.000352236 -1.31953 -2.68971e-08 4.88383e-07 5.95187e-09
3987.63 0.0143024 0.000708305 -1.84341 -4.60484e-08 1.54288e-06 1.29026e-08 0.00411033 0.000361508 -1.31953 -2.76056e-08 4.88383e-07 6.10853e-09
4089.87 0.0143024 0.000726475 -1.84341 -4.72297e-08 1.54288e-06 1.32335e-08 0.00411033 0.000370779 -1.31953 -2.83142e-08 4.88382e-07 6.26519e-09
4192.11 0.0143024 0.000744644 -1.84341 -4.8411e-08 1.54288e-06 1.35644e-08 0.00411033 0.000380051 -1.31953 -2.90227e-08 4.88382e-07 6.42184e-09
4294.35 0.0143024 0.000762814 -1.84341 -4.95924e-08 1.54287e-06 1.38953e-08 0.00411033 0.000389323 -1.31953 -2.97312e-08 4.88382e-07 6.5785e-09
4396.58 0.0143024 0.000780983 -1.84341 -5.07737e-08 1.54287e-06 1.42262e-08 0.00411032 0.000398594 -1.31953 -3.04398e-08 4.88382e-07 6.73516e-09
4498.82 0.0143024 0.000799153 -1.84341 -5.19551e-08 1.54287e-06 1.45571e-08 0.00411032 0.000407866 -1.31953 -3.11483e-08 4.88382e-07 6.89183e-09
4601.05 0.0143024 0.000817322 -1.84341 -5.31364e-08 1.54287e-06 1.4888e-08 0.00411032 0.000417138 -1.31953 -3.18569e-08 4.88382e-07 7.0485e-09
4703.29 0.0143024 0.000835492 -1.84341 -5.43178e-08 1.54287e-06 1.52189e-08 0.00411032 0.000426409 -1.31953 -3.25654e-08 4.88381e-07 7.20516e-09
4805.52 0.0143024 0.000853662 -1.84341 -5.54991e-08 1.54287e-06 1.55499e-08 0.00411032 0.000435681 -1.31953 -3.32739e-08 4.88381e-07 7.36183e-09
4907.76 0.0143024 0.000871832 -1.84341 -5.66805e-08 1.54287e-06 1.58808e-08 0.00411032 0.000444953 -1.31953 -3.39825e-08 4.88381e-07 7.51849e-09
5009.99 0.0143024 0.000890001 -1.84341 -5.78619e-08 1.54287e-06 1.62117e-08 0.00411032 0.000454225 -1.31953 -3.4691e-08 4.88381e-07 7.67516e-09
5112.23 0.0143024 0.000908171 -1.84341 -5.90432e-08 1.54287e-06 1.65426e-08 0.00411031 0.000463496 -1.31953 -3.53996e-08 4.88381e-07 7.83182e-09
5214.46 0.0143024 0.000926341 -1.84341 -6.02246e-08 1.54287e-06 1.68735e-08 0.00411031 0.000472768 -1.31953 -3.61082e-08 4.88381e-07 7.98849e-09
5316.69 0.0143024 0.00094451 -1.84341 -6.1406e-08 1.54287e-06 1.72044e-08 0.00411031 0.00048204 -1.31953 -3.68167e-08 4.8838e-07 8.14516e-09
5418.92 0.0143023 0.00096268 -1.84341 -6.25873e-08 1.54287e-06 1.75353e-08 0.00411031 0.000491312 -1.31953 -3.75253e-08 4.8838e-07 8.30182e-09
5521.16 0.0143023 0.00098085 -1.84341 -6.37687e-08 1.54287e-06 1.78663e-08 0.00411031 0.000500583 -1.31953 -3.82338e-08 4.8838e-07 8.45849e-09
5623.39 0.0143023 0.00099902 -1.84341 -6.49501e-08 1.54287e-06 1.81972e-08 0.00411031 0.000509855 -1.31953 -3.89424e-08 4.8838e-07 8.61515e-09
5725.62 0.0143023 0.00101719 -1.84341 -6.61314e-08 1.54287e-06 1.85281e-08 0.00411031 0.000519127 -1.31953 -3.96509e-08 4.8838e-07 8.77182e-09
5827.85 0.0143023 0.00103536 -1.84341 -6.73128e-08 1.54287e-06 1.8859e-08 0.00411031 0.000528399 -1.31953 -4.03595e-08 4.8838e-07 8.92848e-09
5930.08 0.0143023 0.00105353 -1.84341 -6.84942e-08 1.54287e-06 1.91899e-08 0.0041103 0.00053767 -1.31953 -4.10681e-08 4.88379e-07 9.08515e-09
6032.31 0.0143023 0.0010717 -1.84341 -6.96755e-08 1.54287e-06 1.95208e-08 0.0041103 0.000546942 -1.31953 -4.17766e-08 4.88379e-07 9.24182e-09
6134.54 0.0143023 0.00108987 -1.84341 -7.08569e-08 1.54287e-06 1.98517e-08 0.0041103 0.000556214 -1.31953 -4.24852e-08 4.88379e-07 9.39848e-09
6236.77 0.0143023 0.00110804 -1.84341 -7.20383e-08 1.54287e-06 2.01827e-08 0.0041103 0.000565486 -1.31953 -4.31938e-08 4.88379e-07 9.55515e-09
6339 0.0143023 0.00112621 -1.84341 -7.32197e-08 1.54286e-06 2.05136e-08 0.0041103 0.000574758 -1.31953 -4.39023e-08 4.88379e-07 9.71181e-09
6441.22 0.0143023 0.00114438 -1.84341 -7.44011e-08 1.54286e-06 2.08445e-08 0.0041103 0.000584029 -1.31953 -4.46109e-08 4.88379e-07 9.86848e-09
6543.45 0.0143023 0.00116255 -1.84341 -7.55824e-08 1.54286e-06 2.11754e-08 0.0041103 0.000593301 -1.31953 -4.53195e-08 4.88378e-07 1.00251e-08
6645.68 0.0143023 0.00118072 -1.84341 -7.67638e-08 1.54286e-06 2.15063e-08 0.00411029 0.000602573 -1.31953 -4.60281e-08 4.88378e-07 1.01818e-08
6747.9 0.0143023 0.00119889 -1.84341 -7.79452e-08 1.54286e-06 2.18372e-08 0.00411029 0.000611845 -1.31953 -4.67366e-08 4.88378e-07 1.03385e-08
6850.13 0.0143023 0.00121706 -1.84341 -7.91266e-08 1.54286e-06 2.21681e-08 0.00411029 0.000621117 -1.31953 -4.74452e-08 4.88378e-07 1.04951e-08
6952.36 0.0143023 0.00123523 -1.84341 -8.0308e-08 1.54286e-06 2.24991e-08 0.00411029 0.000630389 -1.31953 -4.81538e-08 4.88378e-07 1.06518e-08
7054.58 0.0143023 0.0012534 -1.84341 -8.14894e-08 1.54286e-06 2.283e-08 0.00411029 0.00063966 -1.31953 -4.88624e-08 4.88378e-07 1.08085e-08
7156.81 0.0143023 0.00127157 -1.84341 -8.26708e-08 1.54286e-06 2.31609e-08 0.00411029 0.000648932 -1.31953 -4.9571e-08 4.88378e-07 1.09651e-08
7259.03 0.0143023 0.00128974 -1.84341 -8.38522e-08 1.54286e-06 2.34918e-08 0.00411029 0.000658204 -1.31953 -5.02796e-08 4.88377e-07 1.11218e-08
7361.25 0.0143023 0.00130791 -1.84341 -8.50336e-08 1.54286e-06 2.38227e-08 0.00411028 0.000667476 -1.31953 -5.09882e-08 4.88377e-07 1.12785e-08
7463.48 0.0143023 0.00132608 -1.84341 -8.6215e-08 1.54286e-06 2.41537e-08 0.00411028 0.000676748 -1.31953 -5.16967e-08 4.88377e-07 1.14352e-08
7565.7 0.0143022 0.00134425 -1.84341 -8.73964e-08 1.54286e-06 2.44846e-08 0.00411028 0.00068602 -1.31953 -5.24053e-08 4.88377e-07 1.15918e-08
7667.92 0.0143022 0.00136242 -1.84341 -8.85778e-08 1.54286e-06 2.48155e-08 0.00411028 0.000695292 -1.31953 -5.31139e-08 4.88377e-07 1.17485e-08
7770.15 0.0143022 0.00138059 -1.84341 -8.97592e-08 1.54286e-06 2.51464e-08 0.00411028 0.000704564 -1.31953 -5.38225e-08 4.88377e-07 1.19052e-08
7872.37 0.0143022 0.00139876 -1.84341 -9.09406e-08 1.54286e-06 2.54774e-08 0.00411028 0.000713836 -1.31953 -5.45311e-08 4.88376e-07 1.20618e-08
7974.59 0.0143022 0.00141693 -1.84341 -9.2122e-08 1.54286e-06 2.58083e-08 0.00411028 0.000723108 -1.31953 -5.52397e-08 4.88376e-07 1.22185e-08
8076.81 0.0143022 0.0014351 -1.84341 -9.33034e-08 1.54286e-06 2.61392e-08 0.00411028 0.00073238 -1.31953 -5.59483e-08 4.88376e-07 1.23752e-08
8179.03 0.0143022 0.00145327 -1.84341 -9.44848e-08 1.54286e-06 2.64701e-08 0.00411027 0.000741652 -1.31953 -5.66569e-08 4.88376e-07 1.25318e-08
8281.25 0.0143022 0.00147144 -1.84341 -9.56662e-08 1.54286e-06 2.68011e-08 0.00411027 0.000750923 -1.31953 -5.73655e-08 4.88376e-07 1.26885e-08
8383.47 0.0143022 0.00148961 -1.84341 -9.68476e-08 1.54285e-06 2.7132e-08 0.00411027 0.000760195 -1.31953 -5.80741e-08 4.88376e-07 1.28452e-08
8485.69 0.0143022 0.00150778 -1.84341 -9.8029e-08 1.54285e-06 2.74629e-08 0.00411027 0.000769467 -1.31953 -5.87827e-08 4.88375e-07 1.30019e-08
8587.91 0.0143022 0.00152595 -1.84341 -9.92104e-08 1.54285e-06 2.77938e-08 0.00411027 0.000778739 -1.31953 -5.94914e-08 4.88375e-07 1.31585e-08
8690.12 0.0143022 0.00154412 -1.84341 -1.00392e-07 1.54285e-06 2.81247e-08 0.00411027 0.000788011 -1.31953 -6.02e-08 4.88375e-07 1.33152e-08
8792.34 0.0143022 0.0015623 -1.84341 -1.01573e-07 1.54285e-06 2.84557e-08 0.00411027 0.000797283 -1.31953 -6.09086e-08 4.88375e-07 1.34719e-08
8894.56 0.0143022 0.00158047 -1.84341 -1.02755e-07 1.54285e-06 2.87866e-08 0.00411026 0.000806555 -1.31953 -6.16172e-08 4.88375e-07 1.36285e-08
8996.78 0.0143022 0.00159864 -1.84341 -1.03936e-07 1.54285e-06 2.91175e-08 0.00411026 0.000815827 -1.31953 -6.23258e-08 4.88375e-07 1.37852e-08
9098.99 0.0143022 0.00161681 -1.84341 -1.05118e-07 1.54285e-06 2.94484e-08 0.00411026 0.000825099 -1.31953 -6.30344e-08 4.88375e-07 1.39419e-08
9201.21 0.0143022 0.00163498 -1.84341 -1.06299e-07 1.54285e-06 2.97794e-08 0.00411026 0.000834371 -1.31953 -6.3743e-08 4.88374e-07 1.40986e-08
9303.42 0.0143022 0.00165315 -1.84341 -1.0748e-07 1.54285e-06 3.01103e-08 0.00411026 0.000843643 -1.31953 -6.44517e-08 4.88374e-07 1.42552e-08
9405.64 0.0143022 0.00167132 -1.84341 -1.08662e-07 1.54285e-06 3.04412e-08 0.00411026 0.000852915 -1.31953 -6.51603e-08 4.88374e-07 1.44119e-08
9507.85 0.0143022 0.00168949 -1.84341 -1.09843e-07 1.54285e-06 3.07721e-08 0.00411026 0.000862187 -1.31953 -6.58689e-08 4.88374e-07 1.45686e-08
9610.07 0.0143022 0.00170766 -1.84341 -1.11025e-07 1.54285e-06 3.11031e-08 0.00411026 0.000871459 -1.31953 -6.65775e-08 4.88374e-07 1.47252e-08
9712.28 0.0143022 0.00172583 -1.84341 -1.12206e-07 1.54285e-06 3.1434e-08 0.00411025 0.000880731 -1.31953 -6.72862e-08 4.88374e-07 1.48819e-08
9814.5 0.0143021 0.001744 -1.84341 -1.13388e-07 1.54285e-06 3.17649e-08 0.00411025 0.000890003 -1.31953 -6.79948e-08 4.88373e-07 1.50386e-08
9916.71 0.0143021 0.00176217 -1.84341 -1.14569e-07 1.54285e-06 3.20958e-08 0.00411025 0.000899276 -1.31953 -6.87034e-08 4.88373e-07 1.51952e-08
10018.9 0.0143021 0.00178034 -1.84341 -1.1575e-07 1.54285e-06 3.24268e-08 0.00411025 0.000908548 -1.31953 -6.94121e-08 4.88373e-07 1.53519e-08
10121.1 0.0143021 0.00179851 -1.84341 -1.16932e-07 1.54285e-06 3.27577e-08 0.00411025 0.00091782 -1.31953 -7.01207e-08 4.88373e-07 1.55086e-08
10223.3 0.0143021 0.00181668 -1.84341 -1.18113e-07 1.54285e-06 3.30886e-08 0.00411025 0.000927092 -1.31953 -7.08293e-08 4.88373e-07 1.56653e-08
10325.6 0.0143021 0.00183486 -1.84342 -1.19295e-07 1.54285e-06 3.34195e-08 0.00411025 0.000936364 -1.31953 -7.1538e-08 4.88373e-07 1.58219e-08
10427.8 0.0143021 0.00185303 -1.84342 -1.20476e-07 1.54285e-06 3.37505e-08 0.00411024 0.000945636 -1.31953 -7.22466e-08 4.88372e-07 1.59786e-08
10530 0.0143021 0.0018712 -1.84342 -1.21658e-07 1.54284e-06 3.40814e-08 0.00411024 0.000954908 -1.31953 -7.29552e-08 4.88372e-07 1.61353e-08
10632.2 0.0143021 0.00188937 -1.84342 -1.22839e-07 1.54284e-06 3.44123e-08 0.00411024 0.00096418 -1.31953 -7.36639e-08 4.88372e-07 1.62919e-08
10734.4 0.0143021 0.00190754 -1.84342 -1.24021e-07 1.54284e-06 3.47432e-08 0.00411024 0.000973452 -1.31953 -7.43725e-08 4.88372e-07 1.64486e-08
10836.6 0.0143021 0.00192571 -1.84342 -1.25202e-07 1.54284e-06 3.50742e-08 0.00411024 0.000982724 -1.31953 -7.50812e-08 4.88372e-07 1.66053e-08
10938.8 0.0143021 0.00194388 -1.84342 -1.26383e-07 1.54284e-06 3.54051e-08 0.00411024 0.000991996 -1.31953 -7.57898e-08 4.88372e-07 1.6762e-08
11041 0.0143021 0.00196205 -1.84342 -1.27565e-07 1.54284e-06 3.5736e-08 0.00411024 0.00100127 -1.31953 -7.64985e-08 4.88372e-07 1.69186e-08
11143.2 0.0143021 0.00198022 -1.84342 -1.28746e-07 1.54284e-06 3.60669e-08 0.00411024 0.00101054 -1.31953 -7.72071e-08 4.88371e-07 1.70753e-08
11245.4 0.0143021 0.00199839 -1.84342 -1.29928e-07 1.54284e-06 3.63979e-08 0.00411023 0.00101981 -1.31953 -7.79158e-08 4.88371e-07 1.7232e-08
11347.6 0.0143021 0.00201656 -1.84342 -1.31109e-07 1.54284e-06 3.67288e-08 0.00411023 0.00102908 -1.31953 -7.86244e-08 4.88371e-07 1.73886e-08
11449.9 0.0143021 0.00203474 -1.84342 -1.32291e-07 1.54284e-06 3.70597e-08 0.00411023 0.00103836 -1.31953 -7.93331e-08 4.88371e-07 1.75453e-08
11552.1 0.0143021 0.00205291 -1.84342 -1.33472e-07 1.54284e-06 3.73906e-08 0.00411023 0.00104763 -1.31953 -8.00417e-08 4.88371e-07 1.7702e-08
11654.3 0.0143021 0.00207108 -1.84342 -1.34654e-07 1.54284e-06 3.77216e-08 0.00411023 0.0010569 -1.31953 -8.07504e-08 4.88371e-07 1.78587e-08
11756.5 0.0143021 0.00208925 -1.84342 -1.35835e-07 1.54284e-06 3.80525e-08 0.00411023 0.00106617 -1.31953 -8.14591e-08 4.8837e-07 1.80153e-08
11858.7 0.0143021 0.00210742 -1.84342 -1.37017e-07 1.54284e-06 3.83834e-08 0.00411023 0.00107545 -1.31953 -8.21677e-08 4.8837e-07 1.8172e-08
11960.9 0.0143021 0.00212559 -1.84342 -1.38198e-07 1.54284e-06 3.87143e-08 0.00411022 0.00108472 -1.31954 -8.28764e-08 4.8837e-07 1.83287e-08
12063.1 0.014302 0.00214376 -1.84342 -1.3938e-07 1.54284e-06 3.90453e-08 0.00411022 0.00109399 -1.31954 -8.3585e-08 4.8837e-07 1.84853e-08
12165.3 0.014302 0.00216193 -1.84342 -1.40561e-07 1.54284e-06 3.93762e-08 0.00411022 0.00110326 -1.31954 -8.42937e-08 4.8837e-07 1.8642e-08
12267.5 0.014302 0.0021801 -1.84342 -1.41742e-07 1.54284e-06 3.97071e-08 0.00411022 0.00111253 -1.31954 -8.50024e-08 4.8837e-07 1.87987e-08
12369.7 0.014302 0.00219828 -1.84342 -1.42924e-07 1.54284e-06 4.0038e-08 0.00411022 0.00112181 -1.31954 -8.57111e-08 4.88369e-07 1.89554e-08
12471.9 0.014302 0.00221645 -1.84342 -1.44105e-07 1.54284e-06 4.0369e-08 0.00411022 0.00113108 -1.31954 -8.64197e-08 4.88369e-07 1.9112e-08
12574.1 0.014302 0.00223462 -1.84342 -1.45287e-07 1.54283e-06 4.06999e-08 0.00411022 0.00114035 -1.31954 -8.71284e-08 4.88369e-07 1.92687e-08
12676.3 0.014302 0.00225279 -1.84342 -1.46468e-07 1.54283e-06 4.10308e-08 0.00411022 0.00114962 -1.31954 -8.78371e-08 4.88369e-07 1.94254e-08
12778.5 0.014302 0.00227096 -1.84342 -1.4765e-07 1.54283e-06 4.13617e-08 0.00411021 0.0011589 -1.31954 -8.85457e-08 4.88369e-07 1.9582e-08
12880.7 0.014302 0.00228913 -1.84342 -1.48831e-07 1.54283e-06 4.16927e-08 0.00411021 0.00116817 -1.31954 -8.92544e-08 4.88369e-07 1.97387e-08
12982.9 0.014302 0.0023073 -1.84342 -1.50013e-07 1.54283e-06 4.20236e-08 0.00411021 0.00117744 -1.31954 -8.99631e-08 4.88369e-07 1.98954e-08
13085.1 0.014302 0.00232547 -1.84342 -1.51194e-07 1.54283e-06 4.23545e-08 0.00411021 0.00118671 -1.31954 -9.06718e-08 4.88368e-07 2.00521e-08
13187.3 0.014302 0.00234365 -1.84342 -1.52376e-07 1.54283e-06 4.26855e-08 0.00411021 0.00119598 -1.31954 -9.13805e-08 4.88368e-07 2.02087e-08
13289.5 0.014302 0.00236182 -1.84342 -1.53557e-07 1.54283e-06 4.30164e-08 0.00411021 0.00120526 -1.31954 -9.20892e-08 4.88368e-07 2.03654e-08
13391.7 0.014302 0.00237999 -1.84342 -1.54739e-07 1.54283e-06 4.33473e-08 0.00411021 0.00121453 -1.31954 -9.27978e-08 4.88368e-07 2.05221e-08
13493.9 0.014302 0.00239816 -1.84342 -1.5592e-07 1.54283e-06 4.36782e-08 0.0041102 0.0012238 -1.31954 -9.35065e-08 4.88368e-07 2.06787e-08
13596.1 0.014302 0.00241633 -1.84342 -1.57102e-07 1.54283e-06 4.40092e-08 0.0041102 0.00123307 -1.31954 -9.42152e-08 4.88368e-07 2.08354e-08
13698.3 0.014302 0.0024345 -1.84342 -1.58283e-07 1.54283e-06 4.43401e-08 0.0041102 0.00124235 -1.31954 -9.49239e-08 4.88367e-07 2.09921e-08
13800.5 0.014302 0.00245267 -1.84342 -1.59465e-07 1.54283e-06 4.4671e-08 0.0041102 0.00125162 -1.31954 -9.56326e-08 4.88367e-07 2.11488e-08
13902.7 0.014302 0.00247085 -1.84342 -1.60646e-07 1.54283e-06 4.50019e-08 0.0041102 0.00126089 -1.31954 -9.63413e-08 4.88367e-07 2.13054e-08
14004.9 0.014302 0.00248902 -1.84342 -1.61828e-07 1.54283e-06 4.53329e-08 0.0041102 0.00127016 -1.31954 -9.705e-08 4.88367e-07 2.14621e-08
14107.1 0.014302 0.00250719 -1.84342 -1.63009e-07 1.54283e-06 4.56638e-08 0.0041102 0.00127943 -1.31954 -9.77587e-08 4.88367e-07 2.16188e-08
14209.3 0.014302 0.00252536 -1.84342 -1.64191e-07 1.54283e-06 4.59947e-08 0.0041102 0.00128871 -1.31954 -9.84674e-08 4.88367e-07 2.17754e-08
14311.5 0.014302 0.00254353 -1.84342 -1.65372e-07 1.54283e-06 4.63256e-08 0.00411019 0.00129798 -1.31954 -9.91761e-08 4.88367e-07 2.19321e-08
14413.7 0.0143019 0.0025617 -1.84342 -1.66554e-07 1.54283e-06 4.66566e-08 0.00411019 0.00130725 -1.31954 -9.98848e-08 4.88366e-07 2.20888e-08
14515.9 0.0143019 0.00257987 -1.84342 -1.67735e-07 1.54283e-06 4.69875e-08 0.00411019 0.00131652 -1.31954 -1.00593e-07 4.88366e-07 2.22455e-08
14618.1 0.0143019 0.00259805 -1.84342 -1.68917e-07 1.54283e-06 4.73184e-08 0.00411019 0.0013258 -1.31954 -1.01302e-07 4.88366e-07 2.24021e-08
14720.2 0.0143019 0.00261622 -1.84342 -1.70098e-07 1.54282e-06 4.76494e-08 0.00411019 0.00133507 -1.31954 -1.02011e-07 4.88366e-07 2.25588e-08
14822.4 0.0143019 0.00263439 -1.84342 -1.7128e-07 1.54282e-06 4.79803e-08 0.00411019 0.00134434 -1.31954 -1.0272e-07 4.88366e-07 2.27155e-08
14924.6 0.0143019 0.00265256 -1.84342 -1.72461e-07 1.54282e-06 4.83112e-08 0.00411019 0.00135361 -1.31954 -1.03428e-07 4.88366e-07 2.28721e-08
15026.8 0.0143019 0.00267073 -1.84342 -1.73643e-07 1.54282e-06 4.86421e-08 0.00411018 0.00136289 -1.31954 -1.04137e-07 4.88365e-07 2.30288e-08
15129 0.0143019 0.0026889 -1.84342 -1.74824e-07 1.54282e-06 4.89731e-08 0.00411018 0.00137216 -1.31954 -1.04846e-07 4.88365e-07 2.31855e-08
15231.2 0.0143019 0.00270708 -1.84342 -1.76006e-07 1.54282e-06 4.9304e-08 0.00411018 0.00138143 -1.31954 -1.05554e-07 4.88365e-07 2.33422e-08
15333.4 0.0143019 0.00272525 -1.84342 -1.77187e-07 1.54282e-06 4.96349e-08 0.00411018 0.0013907 -1.31954 -1.06263e-07 4.88365e-07 2.34988e-08
15435.6 0.0143019 0.00274342 -1.84342 -1.78369e-07 1.54282e-06 4.99659e-08 0.00411018 0.00139997 -1.31954 -1.06972e-07 4.88365e-07 2.36555e-08
15537.8 0.0143019 0.00276159 -1.84342 -1.7955e-07 1.54282e-06 5.02968e-08 0.00411018 0.00140925 -1.31954 -1.07681e-07 4.88365e-07 2.38122e-08
15640 0.0143019 0.00277976 -1.84342 -1.80732e-07 1.54282e-06 5.06277e-08 0.00411018 0.00141852 -1.31954 -1.08389e-07 4.88365e-07 2.39689e-08
15742.2 0.0143019 0.00279794 -1.84342 -1.81913e-07 1.54282e-06 5.09586e-08 0.00411018 0.00142779 -1.31954 -1.09098e-07 4.88364e-07 2.41255e-08
15844.4 0.0143019 0.00281611 -1.84342 -1.83095e-07 1.54282e-06 5.12896e-08 0.00411017 0.00143706 -1.31954 -1.09807e-07 4.88364e-07 2.42822e-08
15946.5 0.0143019 0.00283428 -1.84342 -1.84276e-07 1.54282e-06 5.16205e-08 0.00411017 0.00144634 -1.31954 -1.10516e-07 4.88364e-07 2.44389e-08
16048.7 0.0143019 0.00285245 -1.84342 -1.85458e-07 1.54282e-06 5.19514e-08 0.00411017 0.00145561 -1.31954 -1.11224e-07 4.88364e-07 2.45955e-08
16150.9 0.0143019 0.00287062 -1.84342 -1.8664e-07 1.54282e-06 5.22824e-08 0.00411017 0.00146488 -1.31954 -1.11933e-07 4.88364e-07 2.47522e-08
16253.1 0.0143019 0.00288879 -1.84342 -1.87821e-07 1.54282e-06 5.26133e-08 0.00411017 0.00147415 -1.31954 -1.12642e-07 4.88364e-07 2.49089e-08
16355.3 0.0143019 0.00290697 -1.84342 -1.89003e-07 1.54282e-06 5.29442e-08 0.00411017 0.00148343 -1.31954 -1.1335e-07 4.88363e-07 2.50656e-08
16457.5 0.0143019 0.00292514 -1.84342 -1.90184e-07 1.54282e-06 5.32751e-08 0.00411017 0.0014927 -1.31954 -1.14059e-07 4.88363e-07 2.52222e-08
16559.7 0.0143019 0.00294331 -1.84342 -1.91366e-07 1.54282e-06 5.36061e-08 0.00411017 0.00150197 -1.31954 -1.14768e-07 4.88363e-07 2.53789e-08
16661.9 0.0143018 0.00296148 -1.84342 -1.92547e-07 1.54282e-06 5.3937e-08 0.00411016 0.00151124 -1.31954 -1.15477e-07 4.88363e-07 2.55356e-08
16764 0.0143018 0.00297965 -1.84342 -1.93729e-07 1.54282e-06 5.42679e-08 0.00411016 0.00152052 -1.31954 -1.16185e-07 4.88363e-07 2.56923e-08
16866.2 0.0143018 0.00299783 -1.84342 -1.9491e-07 1.54281e-06 5.45989e-08 0.00411016 0.00152979 -1.31954 -1.16894e-07 4.88363e-07 2.58489e-08
16968.4 0.0143018 0.003016 -1.84342 -1.96092e-07 1.54281e-06 5.49298e-08 0.00411016 0.00153906 -1.31954 -1.17603e-07 4.88362e-07 2.60056e-08
17070.6 0.0143018 0.00303417 -1.84342 -1.97273e-07 1.54281e-06 5.52607e-08 0.00411016 0.00154833 -1.31954 -1.18312e-07 4.88362e-07 2.61623e-08
17172.8 0.0143018 0.00305234 -1.84342 -1.98455e-07 1.54281e-06 5.55916e-08 0.00411016 0.00155761 -1.31954 -1.1902e-07 4.88362e-07 2.63189e-08
17275 0.0143018 0.00307051 -1.84342 -1.99636e-07 1.54281e-06 5.59226e-08 0.00411016 0.00156688 -1.31954 -1.19729e-07 4.88362e-07 2.64756e-08
17377.1 0.0143018 0.00308869 -1.84342 -2.00818e-07 1.54281e-06 5.62535e-08 0.00411015 0.00157615 -1.31954 -1.20438e-07 4.88362e-07 2.66323e-08
17479.3 0.0143018 0.00310686 -1.84342 -2.02e-07 1.54281e-06 5.65844e-08 0.00411015 0.00158542 -1.31954 -1.21147e-07 4.88362e-07 2.6789e-08
17581.5 0.0143018 0.00312503 -1.84342 -2.03181e-07 1.54281e-06 5.69154e-08 0.00411015 0.0015947 -1.31954 -1.21855e-07 4.88362e-07 2.69456e-08
17683.7 0.0143018 0.0031432 -1.84342 -2.04363e-07 1.54281e-06 5.72463e-08 0.00411015 0.00160397 -1.31954 -1.22564e-07 4.88361e-07 2.71023e-08
17785.9 0.0143018 0.00316138 -1.84342 -2.05544e-07 1.54281e-06 5.75772e-08 0.00411015 0.00161324 -1.31954 -1.23273e-07 4.88361e-07 2.7259e-08
17888.1 0.0143018 0.00317955 -1.84342 -2.06726e-07 1.54281e-06 5.79081e-08 0.00411015 0.00162251 -1.31954 -1.23982e-07 4.88361e-07 2.74157e-08
17990.2 0.0143018 0.00319772 -1.84342 -2.07907e-07 1.54281e-06 5.82391e-08 0.00411015 0.00163179 -1.31954 -1.2469e-07 4.88361e-07 2.75723e-08
18092.4 0.0143018 0.00321589 -1.84342 -2.09089e-07 1.54281e-06 5.857e-08 0.00411015 0.00164106 -1.31954 -1.25399e-07 4.88361e-07 2.7729e-08
18194.6 0.0143018 0.00323406 -1.84342 -2.1027e-07 1.54281e-06 5.89009e-08 0.00411014 0.00165033 -1.31954 -1.26108e-07 4.88361e-07 2.78857e-08
18296.8 0.0143018 0.00325224 -1.84342 -2.11452e-07 1.54281e-06 5.92319e-08 0.00411014 0.0016596 -1.31954 -1.26817e-07 4.8836e-07 2.80424e-08
18399 0.0143018 0.00327041 -1.84342 -2.12634e-07 1.54281e-06 5.95628e-08 0.00411014 0.00166888 -1.31954 -1.27525e-07 4.8836e-07 2.8199e-08
18501.1 0.0143018 0.00328858 -1.84342 -2.13815e-07 1.54281e-06 5.98937e-08 0.00411014 0.00167815 -1.31954 -1.28234e-07 4.8836e-07 2.83557e-08
18603.3 0.0143018 0.00330675 -1.84342 -2.14997e-07 1.54281e-06 6.02247e-08 0.00411014 0.00168742 -1.31954 -1.28943e-07 4.8836e-07 2.85124e-08
18705.5 0.0143018 0.00332493 -1.84342 -2.16178e-07 1.54281e-06 6.05556e-08 0.00411014 0.00169669 -1.31954 -1.29652e-07 4.8836e-07 2.8669e-08
18807.7 0.0143018 0.0033431 -1.84342 -2.1736e-07 1.54281e-06 6.08865e-08 0.00411014 0.00170597 -1.31954 -1.30361e-07 4.8836e-07 2.88257e-08
18909.8 0.0143018 0.00336127 -1.84342 -2.18541e-07 1.54281e-06 6.12174e-08 0.00411014 0.00171524 -1.31954 -1.31069e-07 4.8836e-07 2.89824e-08
19012 0.0143017 0.00337944 -1.84342 -2.19723e-07 1.5428e-06 6.15484e-08 0.00411013 0.00172451 -1.31954 -1.31778e-07 4.88359e-07 2.91391e-08
19114.2 0.0143017 0.00339762 -1.84342 -2.20905e-07 1.5428e-06 6.18793e-08 0.00411013 0.00173378 -1.31954 -1.32487e-07 4.88359e-07 2.92957e-08
19216.4 0.0143017 0.00341579 -1.84342 -2.22086e-07 1.5428e-06 6.22102e-08 0.00411013 0.00174306 -1.31954 -1.33196e-07 4.88359e-07 2.94524e-08
19318.6 0.0143017 0.00343396 -1.84342 -2.23268e-07 1.5428e-06 6.25412e-08 0.00411013 0.00175233 -1.31954 -1.33904e-07 4.88359e-07 2.96091e-08
19420.7 0.0143017 0.00345213 -1.84342 -2.24449e-07 1.5428e-06 6.28721e-08 0.00411013 0.0017616 -1.31954 -1.34613e-07 4.88359e-07 2.97658e-08
19522.9 0.0143017 0.00347031 -1.84342 -2.25631e-07 1.5428e-06 6.3203e-08 0.00411013 0.00177087 -1.31954 -1.35322e-07 4.88359e-07 2.99224e-08
19625.1 0.0143017 0.00348848 -1.84342 -2.26812e-07 1.5428e-06 6.3534e-08 0.00411013 0.00178015 -1.31954 -1.36031e-07 4.88359e-07 3.00791e-08
19727.3 0.0143017 0.00350665 -1.84342 -2.27994e-07 1.5428e-06 6.38649e-08 0.00411012 0.00178942 -1.31954 -1.3674e-07 4.88358e-07 3.02358e-08
19829.4 0.0143017 0.00352482 -1.84342 -2.29176e-07 1.5428e-06 6.41958e-08 0.00411012 0.00179869 -1.31954 -1.37448e-07 4.88358e-07 3.03925e-08
19931.6 0.0143017 0.003543 -1.84342 -2.30357e-07 1.5428e-06 6.45267e-08 0.00411012 0.00180796 -1.31954 -1.38157e-07 4.88358e-07 3.05491e-08
20033.8 0.0143017 0.00356117 -1.84342 -2.31539e-07 1.5428e-06 6.48577e-08 0.00411012 0.00181724 -1.31954 -1.38866e-07 4.88358e-07 3.07058e-08
20136 0.0143017 0.00357934 -1.84342 -2.3272e-07 1.5428e-06 6.51886e-08 0.00411012 0.00182651 -1.31954 -1.39575e-07 4.88358e-07 3.08625e-08
20238.1 0.0143017 0.00359751 -1.84342 -2.33902e-07 1.5428e-06 6.55195e-08 0.00411012 0.00183578 -1.31954 -1.40284e-07 4.88358e-07 3.10191e-08
20340.3 0.0143017 0.00361569 -1.84342 -2.35084e-07 1.5428e-06 6.58505e-08 0.00411012 0.00184506 -1.31954 -1.40992e-07 4.88357e-07 3.11758e-08
20442.5 0.0143017 0.00363386 -1.84342 -2.36265e-07 1.5428e-06 6.61814e-08 0.00411012 0.00185433 -1.31954 -1.41701e-07 4.88357e-07 3.13325e-08
20544.6 0.0143017 0.00365203 -1.84342 -2.37447e-07 1.5428e-06 6.65123e-08 0.00411011 0.0018636 -1.31954 -1.4241e-07 4.88357e-07 3.14892e-08
20646.8 0.0143017 0.00367021 -1.84342 -2.38628e-07 1.5428e-06 6.68433e-08 0.00411011 0.00187287 -1.31954 -1.43119e-07 4.88357e-07 3.16458e-08
20749 0.0143017 0.00368838 -1.84342 -2.3981e-07 1.5428e-06 6.71742e-08 0.00411011 0.00188215 -1.31954 -1.43828e-07 4.88357e-07 3.18025e-08
20851.2 0.0143017 0.00370655 -1.84342 -2.40992e-07 1.5428e-06 6.75051e-08 0.00411011 0.00189142 -1.31954 -1.44536e-07 4.88357e-07 3.19592e-08
20953.3 0.0143017 0.00372472 -1.84342 -2.42173e-07 1.5428e-06 6.78361e-08 0.00411011 0.00190069 -1.31954 -1.45245e-07 4.88357e-07 3.21159e-08
21055.5 0.0143017 0.0037429 -1.84342 -2.43355e-07 1.5428e-06 6.8167e-08 0.00411011 0.00190996 -1.31954 -1.45954e-07 4.88356e-07 3.22725e-08
21157.7 0.0143017 0.00376107 -1.84342 -2.44536e-07 1.5428e-06 6.84979e-08 0.00411011 0.00191924 -1.31954 -1.46663e-07 4.88356e-07 3.24292e-08
21259.8 0.0143016 0.00377924 -1.84342 -2.45718e-07 1.54279e-06 6.88289e-08 0.00411011 0.00192851 -1.31954 -1.47372e-07 4.88356e-07 3.25859e-08
21362 0.0143016 0.00379742 -1.84342 -2.469e-07 1.54279e-06 6.91598e-08 0.0041101 0.00193778 -1.31954 -1.4808e-07 4.88356e-07 3.27426e-08
21464.2 0.0143016 0.00381559 -1.84342 -2.48081e-07 1.54279e-06 6.94907e-08 0.0041101 0.00194705 -1.31954 -1.48789e-07 4.88356e-07 3.28992e-08
21566.3 0.0143016 0.00383376 -1.84342 -2.49263e-07 1.54279e-06 6.98216e-08 0.0041101 0.00195633 -1.31954 -1.49498e-07 4.88356e-07 3.30559e-08
21668.5 0.0143016 0.00385193 -1.84342 -2.50444e-07 1.54279e-06 7.01526e-08 0.0041101 0.0019656 -1.31954 -1.50207e-07 4.88355e-07 3.32126e-08
21770.7 0.0143016 0.00387011 -1.84342 -2.51626e-07 1.54279e-06 7.04835e-08 0.0041101 0.00197487 -1.31954 -1.50916e-07 4.88355e-07 3.33693e-08
21872.8 0.0143016 0.00388828 -1.84342 -2.52808e-07 1.54279e-06 7.08144e-08 0.0041101 0.00198415 -1.31954 -1.51625e-07 4.88355e-07 3.35259e-08
21975 0.0143016 0.00390645 -1.84342 -2.53989e-07 1.54279e-06 7.11454e-08 0.0041101 0.00199342 -1.31954 -1.52333e-07 4.88355e-07 3.36826e-08
22077.2 0.0143016 0.00392463 -1.84342 -2.55171e-07 1.54279e-06 7.14763e-08 0.0041101 0.00200269 -1.31954 -1.53042e-07 4.88355e-07 3.38393e-08
22179.3 0.0143016 0.0039428 -1.84342 -2.56352e-07 1.54279e-06 7.18072e-08 0.00411009 0.00201196 -1.31954 -1.53751e-07 4.88355e-07 3.3996e-08
22281.5 0.0143016 0.00396097 -1.84342 -2.57534e-07 1.54279e-06 7.21382e-08 0.00411009 0.00202124 -1.31954 -1.5446e-07 4.88355e-07 3.41526e-08
22383.7 0.0143016 0.00397915 -1.84342 -2.58716e-07 1.54279e-06 7.24691e-08 0.00411009 0.00203051 -1.31954 -1.55169e-07 4.88354e-07 3.43093e-08
22485.8 0.0143016 0.00399732 -1.84342 -2.59897e-07 1.54279e-06 7.28e-08 0.00411009 0.00203978 -1.31954 -1.55877e-07 4.88354e-07 3.4466e-08
22588 0.0143016 0.00401549 -1.84342 -2.61079e-07 1.54279e-06 7.3131e-08 0.00411009 0.00204906 -1.31954 -1.56586e-07 4.88354e-07 3.46227e-08
22690.2 0.0143016 0.00403366 -1.84342 -2.62261e-07 1.54279e-06 7.34619e-08 0.00411009 0.00205833 -1.31954 -1.57295e-07 4.88354e-07 3.47793e-08
22792.3 0.0143016 0.00405184 -1.84342 -2.63442e-07 1.54279e-06 7.37928e-08 0.00411009 0.0020676 -1.31954 -1.58004e-07 4.88354e-07 3.4936e-08
22894.5 0.0143016 0.00407001 -1.84342 -2.64624e-07 1.54279e-06 7.41238e-08 0.00411008 0.00207687 -1.31954 -1.58713e-07 4.88354e-07 3.50927e-08
22996.7 0.0143016 0.00408818 -1.84342 -2.65805e-07 1.54279e-06 7.44547e-08 0.00411008 0.00208615 -1.31954 -1.59422e-07 4.88353e-07 3.52494e-08
23098.8 0.0143016 0.00410636 -1.84342 -2.66987e-07 1.54279e-06 7.47856e-08 0.00411008 0.00209542 -1.31954 -1.6013e-07 4.88353e-07 3.5406e-08
23201 0.0143016 0.00412453 -1.84342 -2.68169e-07 1.54279e-06 7.51166e-08 0.00411008 0.00210469 -1.31954 -1.60839e-07 4.88353e-07 3.55627e-08
23303.2 0.0143016 0.0041427 -1.84342 -2.6935e-07 1.54279e-06 7.54475e-08 0.00411008 0.00211396 -1.31954 -1.61548e-07 4.88353e-07 3.57194e-08
23405.3 0.0143016 0.00416088 -1.84342 -2.70532e-07 1.54278e-06 7.57784e-08 0.00411008 0.00212324 -1.31954 -1.62257e-07 4.88353e-07 3.5876e-08
23507.5 0.0143016 0.00417905 -1.84342 -2.71714e-07 1.54278e-06 7.61094e-08 0.00411008 0.00213251 -1.31954 -1.62966e-07 4.88353e-07 3.60327e-08
23609.6 0.0143015 0.00419722 -1.84342 -2.72895e-07 1.54278e-06 7.64403e-08 0.00411008 0.00214178 -1.31954 -1.63675e-07 4.88353e-07 3.61894e-08
23711.8 0.0143015 0.0042154 -1.84342 -2.74077e-07 1.54278e-06 7.67712e-08 0.00411007 0.00215106 -1.31954 -1.64384e-07 4.88352e-07 3.63461e-08
23814 0.0143015 0.00423357 -1.84342 -2.75259e-07 1.54278e-06 7.71022e-08 0.00411007 0.00216033 -1.31954 -1.65092e-07 4.88352e-07 3.65027e-08
23916.1 0.0143015 0.00425174 -1.84342 -2.7644e-07 1.54278e-06 7.74331e-08 0.00411007 0.0021696 -1.31954 -1.65801e-07 4.88352e-07 3.66594e-08
24018.3 0.0143015 0.00426992 -1.84342 -2.77622e-07 1.54278e-06 7.7764e-08 0.00411007 0.00217887 -1.31954 -1.6651e-07 4.88352e-07 3.68161e-08
24120.5 0.0143015 0.00428809 -1.84342 -2.78804e-07 1.54278e-06 7.8095e-08 0.00411007 0.00218815 -1.31954 -1.67219e-07 4.88352e-07 3.69728e-08
24222.6 0.0143015 0.00430626 -1.84342 -2.79985e-07 1.54278e-06 7.84259e-08 0.00411007 0.00219742 -1.31954 -1.67928e-07 4.88352e-07 3.71294e-08
24324.8 0.0143015 0.00432444 -1.84342 -2.81167e-07 1.54278e-06 7.87568e-08 0.00411007 0.00220669 -1.31954 -1.68637e-07 4.88351e-07 3.72861e-08
24426.9 0.0143015 0.00434261 -1.84342 -2.82348e-07 1.54278e-06 7.90878e-08 0.00411007 0.00221597 -1.31954 -1.69346e-07 4.88351e-07 3.74428e-08
24529.1 0.0143015 0.00436078 -1.84342 -2.8353e-07 1.54278e-06 7.94187e-08 0.00411006 0.00222524 -1.31954 -1.70054e-07 4.88351e-07 3.75995e-08
24631.2 0.0143015 0.00437896 -1.84342 -2.84712e-07 1.54278e-06 7.97496e-08 0.00411006 0.00223451 -1.31954 -1.70763e-07 4.88351e-07 3.77561e-08
24733.4 0.0143015 0.00439713 -1.84342 -2.85893e-07 1.54278e-06 8.00806e-08 0.00411006 0.00224378 -1.31954 -1.71472e-07 4.88351e-07 3.79128e-08
24835.6 0.0143015 0.0044153 -1.84342 -2.87075e-07 1.54278e-06 8.04115e-08 0.00411006 0.00225306 -1.31954 -1.72181e-07 4.88351e-07 3.80695e-08
24937.7 0.0143015 0.00443348 -1.84342 -2.88257e-07 1.54278e-06 8.07424e-08 0.00411006 0.00226233 -1.31954 -1.7289e-07 4.88351e-07 3.82262e-08
25039.9 0.0143015 0.00445165 -1.84342 -2.89438e-07 1.54278e-06 8.10734e-08 0.00411006 0.0022716 -1.31954 -1.73599e-07 4.8835e-07 3.83828e-08
25142 0.0143015 0.00446983 -1.84342 -2.9062e-07 1.54278e-06 8.14043e-08 0.00411006 0.00228088 -1.31954 -1.74308e-07 4.8835e-07 3.85395e-08
25244.2 0.0143015 0.004488 -1.84342 -2.91802e-07 1.54278e-06 8.17352e-08 0.00411006 0.00229015 -1.31954 -1.75017e-07 4.8835e-07 3.86962e-08
25346.3 0.0143015 0.00450617 -1.84342 -2.92983e-07 1.54278e-06 8.20662e-08 0.00411005 0.00229942 -1.31954 -1.75725e-07 4.8835e-07 3.88529e-08
25448.5 0.0143015 0.00452435 -1.84342 -2.94165e-07 1.54278e-06 8.23971e-08 0.00411005 0.0023087 -1.31954 -1.76434e-07 4.8835e-07 3.90095e-08
25550.7 0.0143015 0.00454252 -1.84342 -2.95347e-07 1.54278e-06 8.2728e-08 0.00411005 0.00231797 -1.31954 -1.77143e-07 4.8835e-07 3.91662e-08
25652.8 0.0143015 0.00456069 -1.84342 -2.96528e-07 1.54277e-06 8.3059e-08 0.00411005 0.00232724 -1.31954 -1.77852e-07 4.8835e-07 3.93229e-08
25755 0.0143015 0.00457887 -1.84342 -2.9771e-07 1.54277e-06 8.33899e-08 0.00411005 0.00233651 -1.31954 -1.78561e-07 4.88349e-07 3.94796e-08
25857.1 0.0143015 0.00459704 -1.84342 -2.98892e-07 1.54277e-06 8.37208e-08 0.00411005 0.00234579 -1.31954 -1.7927e-07 4.88349e-07 3.96362e-08
25959.3 0.0143014 0.00461522 -1.84342 -3.00073e-07 1.54277e-06 8.40518e-08 0.00411005 0.00235506 -1.31954 -1.79979e-07 4.88349e-07 3.97929e-08
26061.4 0.0143014 0.00463339 -1.84342 -3.01255e-07 1.54277e-06 8.43827e-08 0.00411005 0.00236433 -1.31954 -1.80688e-07 4.88349e-07 3.99496e-08
26163.6 0.0143014 0.00465156 -1.84342 -3.02437e-07 1.54277e-06 8.47136e-08 0.00411004 0.00237361 -1.31954 -1.81396e-07 4.88349e-07 4.01063e-08
26265.7 0.0143014 0.00466974 -1.84342 -3.03618e-07 1.54277e-06 8.50446e-08 0.00411004 0.00238288 -1.31954 -1.82105e-07 4.88349e-07 4.02629e-08
26367.9 0.0143014 0.00468791 -1.84342 -3.048e-07 1.54277e-06 8.53755e-08 0.00411004 0.00239215 -1.31954 -1.82814e-07 4.88348e-07 4.04196e-08
26470.1 0.0143014 0.00470608 -1.84342 -3.05982e-07 1.54277e-06 8.57064e-08 0.00411004 0.00240142 -1.31954 -1.83523e-07 4.88348e-07 4.05763e-08
26572.2 0.0143014 0.00472426 -1.84342 -3.07164e-07 1.54277e-06 8.60374e-08 0.00411004 0.0024107 -1.31954 -1.84232e-07 4.88348e-07 4.0733e-08
26674.4 0.0143014 0.00474243 -1.84342 -3.08345e-07 1.54277e-06 8.63683e-08 0.00411004 0.00241997 -1.31954 -1.84941e-07 4.88348e-07 4.08897e-08
26776.5 0.0143014 0.00476061 -1.84342 -3.09527e-07 1.54277e-06 8.66992e-08 0.00411004 0.00242924 -1.31954 -1.8565e-07 4.88348e-07 4.10463e-08
26878.7 0.0143014 0.00477878 -1.84343 -3.10709e-07 1.54277e-06 8.70302e-08 0.00411003 0.00243852 -1.31954 -1.86359e-07 4.88348e-07 4.1203e-08
26980.8 0.0143014 0.00479695 -1.84343 -3.1189e-07 1.54277e-06 8.73611e-08 0.00411003 0.00244779 -1.31954 -1.87068e-07 4.88348e-07 4.13597e-08
27083 0.0143014 0.00481513 -1.84343 -3.13072e-07 1.54277e-06 8.7692e-08 0.00411003 0.00245706 -1.31954 -1.87777e-07 4.88347e-07 4.15164e-08
27185.1 0.0143014 0.0048333 -1.84343 -3.14254e-07 1.54277e-06 8.8023e-08 0.00411003 0.00246634 -1.31954 -1.88485e-07 4.88347e-07 4.1673e-08
27287.3 0.0143014 0.00485148 -1.84343 -3.15435e-07 1.54277e-06 8.83539e-08 0.00411003 0.00247561 -1.31954 -1.89194e-07 4.88347e-07 4.18297e-08
27389.4 0.0143014 0.00486965 -1.84343 -3.16617e-07 1.54277e-06 8.86848e-08 0.00411003 0.00248488 -1.31954 -1.89903e-07 4.88347e-07 4.19864e-08
27491.6 0.0143014 0.00488782 -1.84343 -3.17799e-07 1.54277e-06 8.90158e-08 0.00411003 0.00249415 -1.31954 -1.90612e-07 4.88347e-07 4.21431e-08
27593.7 0.0143014 0.004906 -1.84343 -3.1898e-07 1.54277e-06 8.93467e-08 0.00411003 0.00250343 -1.31954 -1.91321e-07 4.88347e-07 4.22997e-08
27695.9 0.0143014 0.00492417 -1.84343 -3.20162e-07 1.54277e-06 8.96776e-08 0.00411002 0.0025127 -1.31954 -1.9203e-07 4.88347e-07 4.24564e-08
27798 0.0143014 0.00494235 -1.84343 -3.21344e-07 1.54276e-06 9.00086e-08 0.00411002 0.00252197 -1.31954 -1.92739e-07 4.88346e-07 4.26131e-08
27900.2 0.0143014 0.00496052 -1.84343 -3.22526e-07 1.54276e-06 9.03395e-08 0.00411002 0.00253125 -1.31954 -1.93448e-07 4.88346e-07 4.27698e-08
28002.3 0.0143014 0.00497869 -1.84343 -3.23707e-07 1.54276e-06 9.06704e-08 0.00411002 0.00254052 -1.31954 -1.94157e-07 4.88346e-07 4.29264e-08
28104.5 0.0143014 0.00499687 -1.84343 -3.24889e-07 1.54276e-06 9.10014e-08 0.00411002 0.00254979 -1.31954 -1.94866e-07 4.88346e-07 4.30831e-08
28206.6 0.0143014 0.00501504 -1.84343 -3.26071e-07 1.54276e-06 9.13323e-08 0.00411002 0.00255907 -1.31954 -1.95575e-07 4.88346e-07 4.32398e-08
28308.8 0.0143013 0.00503322 -1.84343 -3.27252e-07 1.54276e-06 9.16633e-08 0.00411002 0.00256834 -1.31954 -1.96284e-07 4.88346e-07 4.33965e-08
28410.9 0.0143013 0.00505139 -1.84343 -3.28434e-07 1.54276e-06 9.19942e-08 0.00411002 0.00257761 -1.31954 -1.96992e-07 4.88345e-07 4.35531e-08
28513.1 0.0143013 0.00506956 -1.84343 -3.29616e-07 1.54276e-06 9.23251e-08 0.00411001 0.00258689 -1.31954 -1.97701e-07 4.88345e-07 4.37098e-08
28615.2 0.0143013 0.00508774 -1.84343 -3.30798e-07 1.54276e-06 9.26561e-08 0.00411001 0.00259616 -1.31954 -1.9841e-07 4.88345e-07 4.38665e-08
28717.3 0.0143013 0.00510591 -1.84343 -3.31979e-07 1.54276e-06 9.2987e-08 0.00411001 0.00260543 -1.31954 -1.99119e-07 4.88345e-07 4.40232e-08
28819.5 0.0143013 0.00512409 -1.84343 -3.33161e-07 1.54276e-06 9.33179e-08 0.00411001 0.0026147 -1.31954 -1.99828e-07 4.88345e-07 4.41798e-08
28921.6 0.0143013 0.00514226 -1.84343 -3.34343e-07 1.54276e-06 9.36489e-08 0.00411001 0.00262398 -1.31954 -2.00537e-07 4.88345e-07 4.43365e-08
29023.8 0.0143013 0.00516044 -1.84343 -3.35524e-07 1.54276e-06 9.39798e-08 0.00411001 0.00263325 -1.31954 -2.01246e-07 4.88345e-07 4.44932e-08
29125.9 0.0143013 0.00517861 -1.84343 -3.36706e-07 1.54276e-06 9.43107e-08 0.00411001 0.00264252 -1.31954 -2.01955e-07 4.88344e-07 4.46499e-08
29228.1 0.0143013 0.00519678 -1.84343 -3.37888e-07 1.54276e-06 9.46417e-08 0.00411001 0.0026518 -1.31954 -2.02664e-07 4.88344e-07 4.48065e-08
29330.2 0.0143013 0.00521496 -1.84343 -3.3907e-07 1.54276e-06 9.49726e-08 0.00411 0.00266107 -1.31954 -2.03373e-07 4.88344e-07 4.49632e-08
29432.4 0.0143013 0.00523313 -1.84343 -3.40251e-07 1.54276e-06 9.53035e-08 0.00411 0.00267034 -1.31954 -2.04082e-07 4.88344e-07 4.51199e-08
29534.5 0.0143013 0.00525131 -1.84343 -3.41433e-07 1.54276e-06 9.56345e-08 0.00411 0.00267962 -1.31954 -2.04791e-07 4.88344e-07 4.52766e-08
29636.7 0.0143013 0.00526948 -1.84343 -3.42615e-07 1.54276e-06 9.59654e-08 0.00411 0.00268889 -1.31954 -2.055e-07 4.88344e-07 4.54332e-08
29738.8 0.0143013 0.00528766 -1.84343 -3.43796e-07 1.54276e-06 9.62964e-08 0.00411 0.00269816 -1.31954 -2.06209e-07 4.88344e-07 4.55899e-08
29840.9 0.0143013 0.00530583 -1.84343 -3.44978e-07 1.54276e-06 9.66273e-08 0.00411 0.00270744 -1.31954 -2.06918e-07 4.88343e-07 4.57466e-08
29943.1 0.0143013 0.00532401 -1.84343 -3.4616e-07 1.54276e-06 9.69582e-08 0.00411 0.00271671 -1.31954 -2.07627e-07 4.88343e-07 4.59033e-08
30045.2 0.0143013 0.00534218 -1.84343 -3.47342e-07 1.54275e-06 9.72892e-08 0.00411 0.00272598 -1.31954 -2.08336e-07 4.88343e-07 4.606e-08
30147.4 0.0143013 0.00536035 -1.84343 -3.48523e-07 1.54275e-06 9.76201e-08 0.00410999 0.00273526 -1.31954 -2.09044e-07 4.88343e-07 4.62166e-08
30249.5 0.0143013 0.00537853 -1.84343 -3.49705e-07 1.54275e-06 9.7951e-08 0.00410999 0.00274453 -1.31954 -2.09753e-07 4.88343e-07 4.63733e-08
30351.7 0.0143013 0.0053967 -1.84343 -3.50887e-07 1.54275e-06 9.8282e-08 0.00410999 0.0027538 -1.31954 -2.10462e-07 4.88343e-07 4.653e-08
30453.8 0.0143013 0.00541488 -1.84343 -3.52069e-07 1.54275e-06 9.86129e-08 0.00410999 0.00276308 -1.31955 -2.11171e-07 4.88342e-07 4.66867e-08
30555.9 0.0143013 0.00543305 -1.84343 -3.5325e-07 1.54275e-06 9.89438e-08 0.00410999 0.00277235 -1.31955 -2.1188e-07 4.88342e-07 4.68433e-08
30658.1 0.0143012 0.00545123 -1.84343 -3.54432e-07 1.54275e-06 9.92748e-08 0.00410999 0.00278162 -1.31955 -2.12589e-07 4.88342e-07 4.7e-08
30760.2 0.0143012 0.0054694 -1.84343 -3.55614e-07 1.54275e-06 9.96057e-08 0.00410999 0.0027909 -1.31955 -2.13298e-07 4.88342e-07 4.71567e-08
30862.4 0.0143012 0.00548758 -1.84343 -3.56796e-07 1.54275e-06 9.99366e-08 0.00410999 0.00280017 -1.31955 -2.14007e-07 4.88342e-07 4.73134e-08
30964.5 0.0143012 0.00550575 -1.84343 -3.57977e-07 1.54275e-06 1.00268e-07 0.00410998 0.00280944 -1.31955 -2.14716e-07 4.88342e-07 4.747e-08
31066.7 0.0143012 0.00552393 -1.84343 -3.59159e-07 1.54275e-06 1.00599e-07 0.00410998 0.00281871 -1.31955 -2.15425e-07 4.88342e-07 4.76267e-08
31168.8 0.0143012 0.0055421 -1.84343 -3.60341e-07 1.54275e-06 1.00929e-07 0.00410998 0.00282799 -1.31955 -2.16134e-07 4.88341e-07 4.77834e-08
31270.9 0.0143012 0.00556028 -1.84343 -3.61523e-07 1.54275e-06 1.0126e-07 0.00410998 0.00283726 -1.31955 -2.16843e-07 4.88341e-07 4.79401e-08
31373.1 0.0143012 0.00557845 -1.84343 -3.62704e-07 1.54275e-06 1.01591e-07 0.00410998 0.00284653 -1.31955 -2.17552e-07 4.88341e-07 4.80967e-08
31475.2 0.0143012 0.00559663 -1.84343 -3.63886e-07 1.54275e-06 1.01922e-07 0.00410998 0.00285581 -1.31955 -2.18261e-07 4.88341e-07 4.82534e-08
31577.4 0.0143012 0.0056148 -1.84343 -3.65068e-07 1.54275e-06 1.02253e-07 0.00410998 0.00286508 -1.31955 -2.1897e-07 4.88341e-07 4.84101e-08
31679.5 0.0143012 0.00563297 -1.84343 -3.6625e-07 1.54275e-06 1.02584e-07 0.00410998 0.00287435 -1.31955 -2.19679e-07 4.88341e-07 4.85668e-08
31781.6 0.0143012 0.00565115 -1.84343 -3.67431e-07 1.54275e-06 1.02915e-07 0.00410997 0.00288363 -1.31955 -2.20388e-07 4.88341e-07 4.87235e-08
31883.8 0.0143012 0.00566932 -1.84343 -3.68613e-07 1.54275e-06 1.03246e-07 0.00410997 0.0028929 -1.31955 -2.21097e-07 4.8834e-07 4.88801e-08
31985.9 0.0143012 0.0056875 -1.84343 -3.69795e-07 1.54275e-06 1.03577e-07 0.00410997 0.00290217 -1.31955 -2.21806e-07 4.8834e-07 4.90368e-08
32088 0.0143012 0.00570567 -1.84343 -3.70977e-07 1.54275e-06 1.03908e-07 0.00410997 0.00291145 -1.31955 -2.22515e-07 4.8834e-07 4.91935e-08
32190.2 0.0143012 0.00572385 -1.84343 -3.72158e-07 1.54275e-06 1.04239e-07 0.00410997 0.00292072 -1.31955 -2.23224e-07 4.8834e-07 4.93502e-08
32292.3 0.0143012 0.00574202 -1.84343 -3.7334e-07 1.54274e-06 1.0457e-07 0.00410997 0.00292999 -1.31955 -2.23933e-07 4.8834e-07 4.95068e-08
32394.5 0.0143012 0.0057602 -1.84343 -3.74522e-07 1.54274e-06 1.04901e-07 0.00410997 0.00293927 -1.31955 -2.24642e-07 4.8834e-07 4.96635e-08
32496.6 0.0143012 0.00577837 -1.84343 -3.75704e-07 1.54274e-06 1.05232e-07 0.00410997 0.00294854 -1.31955 -2.25351e-07 4.88339e-07 4.98202e-08
32598.7 0.0143012 0.00579655 -1.84343 -3.76885e-07 1.54274e-06 1.05563e-07 0.00410996 0.00295781 -1.31955 -2.2606e-07 4.88339e-07 4.99769e-08
32700.9 0.0143012 0.00581472 -1.84343 -3.78067e-07 1.54274e-06 1.05894e-07 0.00410996 0.00296709 -1.31955 -2.26769e-07 4.88339e-07 5.01335e-08
32803 0.0143012 0.0058329 -1.84343 -3.79249e-07 1.54274e-06 1.06224e-07 0.00410996 0.00297636 -1.31955 -2.27478e-07 4.88339e-07 5.02902e-08
32905.1 0.0143012 0.00585107 -1.84343 -3.80431e-07 1.54274e-06 1.06555e-07 0.00410996 0.00298563 -1.31955 -2.28187e-07 4.88339e-07 5.04469e-08
33007.3 0.0143012 0.00586925 -1.84343 -3.81613e-07 1.54274e-06 1.06886e-07 0.00410996 0.00299491 -1.31955 -2.28896e-07 4.88339e-07 5.06036e-08
33109.4 0.0143011 0.00588742 -1.84343 -3.82794e-07 1.54274e-06 1.07217e-07 0.00410996 0.00300418 -1.31955 -2.29605e-07 4.88339e-07 5.07602e-08
33211.5 0.0143011 0.0059056 -1.84343 -3.83976e-07 1.54274e-06 1.07548e-07 0.00410996 0.00301345 -1.31955 -2.30314e-07 4.88338e-07 5.09169e-08
33313.7 0.0143011 0.00592377 -1.84343 -3.85158e-07 1.54274e-06 1.07879e-07 0.00410996 0.00302273 -1.31955 -2.31023e-07 4.88338e-07 5.10736e-08
33415.8 0.0143011 0.00594195 -1.84343 -3.8634e-07 1.54274e-06 1.0821e-07 0.00410995 0.003032 -1.31955 -2.31732e-07 4.88338e-07 5.12303e-08
33518 0.0143011 0.00596012 -1.84343 -3.87521e-07 1.54274e-06 1.08541e-07 0.00410995 0.00304127 -1.31955 -2.32441e-07 4.88338e-07 5.1387e-08
33620.1 0.0143011 0.0059783 -1.84343 -3.88703e-07 1.54274e-06 1.08872e-07 0.00410995 0.00305055 -1.31955 -2.3315e-07 4.88338e-07 5.15436e-08
33722.2 0.0143011 0.00599647 -1.84343 -3.89885e-07 1.54274e-06 1.09203e-07 0.00410995 0.00305982 -1.31955 -2.33859e-07 4.88338e-07 5.17003e-08
33824.4 0.0143011 0.00601465 -1.84343 -3.91067e-07 1.54274e-06 1.09534e-07 0.00410995 0.00306909 -1.31955 -2.34568e-07 4.88338e-07 5.1857e-08
33926.5 0.0143011 0.00603282 -1.84343 -3.92249e-07 1.54274e-06 1.09865e-07 0.00410995 0.00307837 -1.31955 -2.35277e-07 4.88337e-07 5.20137e-08
34028.6 0.0143011 0.006051 -1.84343 -3.9343e-07 1.54274e-06 1.10196e-07 0.00410995 0.00308764 -1.31955 -2.35986e-07 4.88337e-07 5.21703e-08
34130.8 0.0143011 0.00606918 -1.84343 -3.94612e-07 1.54274e-06 1.10527e-07 0.00410995 0.00309691 -1.31955 -2.36695e-07 4.88337e-07 5.2327e-08
34232.9 0.0143011 0.00608735 -1.84343 -3.95794e-07 1.54274e-06 1.10858e-07 0.00410994 0.00310619 -1.31955 -2.37404e-07 4.88337e-07 5.24837e-08
34335 0.0143011 0.00610553 -1.84343 -3.96976e-07 1.54274e-06 1.11189e-07 0.00410994 0.00311546 -1.31955 -2.38113e-07 4.88337e-07 5.26404e-08
34437.2 0.0143011 0.0061237 -1.84343 -3.98158e-07 1.54274e-06 1.11519e-07 0.00410994 0.00312473 -1.31955 -2.38822e-07 4.88337e-07 5.2797e-08
34539.3 0.0143011 0.00614188 -1.84343 -3.99339e-07 1.54273e-06 1.1185e-07 0.00410994 0.00313401 -1.31955 -2.39531e-07 4.88337e-07 5.29537e-08
34641.4 0.0143011 0.00616005 -1.84343 -4.00521e-07 1.54273e-06 1.12181e-07 0.00410994 0.00314328 -1.31955 -2.4024e-07 4.88336e-07 5.31104e-08
34743.6 0.0143011 0.00617823 -1.84343 -4.01703e-07 1.54273e-06 1.12512e-07 0.00410994 0.00315255 -1.31955 -2.40949e-07 4.88336e-07 5.32671e-08
34845.7 0.0143011 0.0061964 -1.84343 -4.02885e-07 1.54273e-06 1.12843e-07 0.00410994 0.00316183 -1.31955 -2.41658e-07 4.88336e-07 5.34238e-08
34947.8 0.0143011 0.00621458 -1.84343 -4.04067e-07 1.54273e-06 1.13174e-07 0.00410994 0.0031711 -1.31955 -2.42367e-07 4.88336e-07 5.35804e-08
35049.9 0.0143011 0.00623275 -1.84343 -4.05248e-07 1.54273e-06 1.13505e-07 0.00410993 0.00318037 -1.31955 -2.43076e-07 4.88336e-07 5.37371e-08
35152.1 0.0143011 0.00625093 -1.84343 -4.0643e-07 1.54273e-06 1.13836e-07 0.00410993 0.00318965 -1.31955 -2.43785e-07 4.88336e-07 5.38938e-08
35254.2 0.0143011 0.0062691 -1.84343 -4.07612e-07 1.54273e-06 1.14167e-07 0.00410993 0.00319892 -1.31955 -2.44494e-07 4.88335e-07 5.40505e-08
35356.3 0.0143011 0.00628728 -1.84343 -4.08794e-07 1.54273e-06 1.14498e-07 0.00410993 0.0032082 -1.31955 -2.45203e-07 4.88335e-07 5.42071e-08
35458.5 0.014301 0.00630545 -1.84343 -4.09976e-07 1.54273e-06 1.14829e-07 0.00410993 0.00321747 -1.31955 -2.45912e-07 4.88335e-07 5.43638e-08
35560.6 0.014301 0.00632363 -1.84343 -4.11157e-07 1.54273e-06 1.1516e-07 0.00410993 0.00322674 -1.31955 -2.46621e-07 4.88335e-07 5.45205e-08
35662.7 0.014301 0.00634181 -1.84343 -4.12339e-07 1.54273e-06 1.15491e-07 0.00410993 0.00323602 -1.31955 -2.4733e-07 4.88335e-07 5.46772e-08
35764.9 0.014301 0.00635998 -1.84343 -4.13521e-07 1.54273e-06 1.15822e-07 0.00410993 0.00324529 -1.31955 -2.48039e-07 4.88335e-07 5.48339e-08
35867 0.014301 0.00637816 -1.84343 -4.14703e-07 1.54273e-06 1.16153e-07 0.00410992 0.00325456 -1.31955 -2.48748e-07 4.88335e-07 5.49905e-08
35969.1 0.014301 0.00639633 -1.84343 -4.15885e-07 1.54273e-06 1.16484e-07 0.00410992 0.00326384 -1.31955 -2.49457e-07 4.88334e-07 5.51472e-08
36071.2 0.014301 0.00641451 -1.84343 -4.17067e-07 1.54273e-06 1.16814e-07 0.00410992 0.00327311 -1.31955 -2.50166e-07 4.88334e-07 5.53039e-08
36173.4 0.014301 0.00643268 -1.84343 -4.18248e-07 1.54273e-06 1.17145e-07 0.00410992 0.00328238 -1.31955 -2.50876e-07 4.88334e-07 5.54606e-08
36275.5 0.014301 0.00645086 -1.84343 -4.1943e-07 1.54273e-06 1.17476e-07 0.00410992 0.00329166 -1.31955 -2.51585e-07 4.88334e-07 5.56172e-08
36377.6 0.014301 0.00646903 -1.84343 -4.20612e-07 1.54273e-06 1.17807e-07 0.00410992 0.00330093 -1.31955 -2.52294e-07 4.88334e-07 5.57739e-08
36479.8 0.014301 0.00648721 -1.84343 -4.21794e-07 1.54273e-06 1.18138e-07 0.00410992 0.0033102 -1.31955 -2.53003e-07 4.88334e-07 5.59306e-08
36581.9 0.014301 0.00650539 -1.84343 -4.22976e-07 1.54273e-06 1.18469e-07 0.00410992 0.00331948 -1.31955 -2.53712e-07 4.88334e-07 5.60873e-08
36684 0.014301 0.00652356 -1.84343 -4.24157e-07 1.54273e-06 1.188e-07 0.00410991 0.00332875 -1.31955 -2.54421e-07 4.88333e-07 5.62439e-08
36786.1 0.014301 0.00654174 -1.84343 -4.25339e-07 1.54272e-06 1.19131e-07 0.00410991 0.00333802 -1.31955 -2.5513e-07 4.88333e-07 5.64006e-08
36888.3 0.014301 0.00655991 -1.84343 -4.26521e-07 1.54272e-06 1.19462e-07 0.00410991 0.0033473 -1.31955 -2.55839e-07 4.88333e-07 5.65573e-08
36990.4 0.014301 0.00657809 -1.84343 -4.27703e-07 1.54272e-06 1.19793e-07 0.00410991 0.00335657 -1.31955 -2.56548e-07 4.88333e-07 5.6714e-08
37092.5 0.014301 0.00659626 -1.84343 -4.28885e-07 1.54272e-06 1.20124e-07 0.00410991 0.00336584 -1.31955 -2.57257e-07 4.88333e-07 5.68707e-08
37194.7 0.014301 0.00661444 -1.84343 -4.30067e-07 1.54272e-06 1.20455e-07 0.00410991 0.00337512 -1.31955 -2.57966e-07 4.88333e-07 5.70273e-08
37296.8 0.014301 0.00663262 -1.84343 -4.31248e-07 1.54272e-06 1.20786e-07 0.00410991 0.00338439 -1.31955 -2.58675e-07 4.88333e-07 5.7184e-08
37398.9 0.014301 0.00665079 -1.84343 -4.3243e-07 1.54272e-06 1.21117e-07 0.00410991 0.00339367 -1.31955 -2.59384e-07 4.88332e-07 5.73407e-08
37501 0.014301 0.00666897 -1.84343 -4.33612e-07 1.54272e-06 1.21448e-07 0.0041099 0.00340294 -1.31955 -2.60093e-07 4.88332e-07 5.74974e-08
37603.2 0.014301 0.00668714 -1.84343 -4.34794e-07 1.54272e-06 1.21779e-07 0.0041099 0.00341221 -1.31955 -2.60802e-07 4.88332e-07 5.7654e-08
37705.3 0.014301 0.00670532 -1.84343 -4.35976e-07 1.54272e-06 1.22109e-07 0.0041099 0.00342149 -1.31955 -2.61511e-07 4.88332e-07 5.78107e-08
37807.4 0.014301 0.0067235 -1.84343 -4.37158e-07 1.54272e-06 1.2244e-07 0.0041099 0.00343076 -1.31955 -2.6222e-07 4.88332e-07 5.79674e-08
37909.5 0.0143009 0.00674167 -1.84343 -4.3834e-07 1.54272e-06 1.22771e-07 0.0041099 0.00344003 -1.31955 -2.6293e-07 4.88332e-07 5.81241e-08
38011.7 0.0143009 0.00675985 -1.84343 -4.39521e-07 1.54272e-06 1.23102e-07 0.0041099 0.00344931 -1.31955 -2.63639e-07 4.88331e-07 5.82808e-08
38113.8 0.0143009 0.00677802 -1.84343 -4.40703e-07 1.54272e-06 1.23433e-07 0.0041099 0.00345858 -1.31955 -2.64348e-07 4.88331e-07 5.84374e-08
38215.9 0.0143009 0.0067962 -1.84343 -4.41885e-07 1.54272e-06 1.23764e-07 0.0041099 0.00346785 -1.31955 -2.65057e-07 4.88331e-07 5.85941e-08
38318 0.0143009 0.00681438 -1.84343 -4.43067e-07 1.54272e-06 1.24095e-07 0.00410989 0.00347713 -1.31955 -2.65766e-07 4.88331e-07 5.87508e-08
38420.2 0.0143009 0.00683255 -1.84343 -4.44249e-07 1.54272e-06 1.24426e-07 0.00410989 0.0034864 -1.31955 -2.66475e-07 4.88331e-07 5.89075e-08
38522.3 0.0143009 0.00685073 -1.84343 -4.45431e-07 1.54272e-06 1.24757e-07 0.00410989 0.00349568 -1.31955 -2.67184e-07 4.88331e-07 5.90641e-08
38624.4 0.0143009 0.0068689 -1.84343 -4.46612e-07 1.54272e-06 1.25088e-07 0.00410989 0.00350495 -1.31955 -2.67893e-07 4.88331e-07 5.92208e-08
38726.5 0.0143009 0.00688708 -1.84343 -4.47794e-07 1.54272e-06 1.25419e-07 0.00410989 0.00351422 -1.31955 -2.68602e-07 4.8833e-07 5.93775e-08
38828.7 0.0143009 0.00690526 -1.84343 -4.48976e-07 1.54272e-06 1.2575e-07 0.00410989 0.0035235 -1.31955 -2.69311e-07 4.8833e-07 5.95342e-08
38930.8 0.0143009 0.00692343 -1.84343 -4.50158e-07 1.54272e-06 1.26081e-07 0.00410989 0.00353277 -1.31955 -2.7002e-07 4.8833e-07 5.96909e-08
39032.9 0.0143009 0.00694161 -1.84343 -4.5134e-07 1.54271e-06 1.26412e-07 0.00410989 0.00354204 -1.31955 -2.70729e-07 4.8833e-07 5.98475e-08
39135 0.0143009 0.00695978 -1.84343 -4.52522e-07 1.54271e-06 1.26743e-07 0.00410988 0.00355132 -1.31955 -2.71439e-07 4.8833e-07 6.00042e-08
39237.1 0.0143009 0.00697796 -1.84343 -4.53704e-07 1.54271e-06 1.27074e-07 0.00410988 0.00356059 -1.31955 -2.72148e-07 4.8833e-07 6.01609e-08
39339.3 0.0143009 0.00699614 -1.84343 -4.54885e-07 1.54271e-06 1.27405e-07 0.00410988 0.00356986 -1.31955 -2.72857e-07 4.8833e-07 6.03176e-08
39441.4 0.0143009 0.00701431 -1.84343 -4.56067e-07 1.54271e-06 1.27735e-07 0.00410988 0.00357914 -1.31955 -2.73566e-07 4.88329e-07 6.04742e-08
39543.5 0.0143009 0.00703249 -1.84343 -4.57249e-07 1.54271e-06 1.28066e-07 0.00410988 0.00358841 -1.31955 -2.74275e-07 4.88329e-07 6.06309e-08
39645.6 0.0143009 0.00705066 -1.84343 -4.58431e-07 1.54271e-06 1.28397e-07 0.00410988 0.00359769 -1.31955 -2.74984e-07 4.88329e-07 6.07876e-08
39747.8 0.0143009 0.00706884 -1.84343 -4.59613e-07 1.54271e-06 1.28728e-07 0.00410988 0.00360696 -1.31955 -2.75693e-07 4.88329e-07 6.09443e-08
39849.9 0.0143009 0.00708702 -1.84343 -4.60795e-07 1.54271e-06 1.29059e-07 0.00410988 0.00361623 -1.31955 -2.76402e-07 4.88329e-07 6.1101e-08
39952 0.0143009 0.00710519 -1.84343 -4.61977e-07 1.54271e-06 1.2939e-07 0.00410987 0.00362551 -1.31955 -2.77111e-07 4.88329e-07 6.12576e-08
40054.1 0.0143009 0.00712337 -1.84343 -4.63159e-07 1.54271e-06 1.29721e-07 0.00410987 0.00363478 -1.31955 -2.7782e-07 4.88329e-07 6.14143e-08
40156.2 0.0143009 0.00714155 -1.84343 -4.6434e-07 1.54271e-06 1.30052e-07 0.00410987 0.00364405 -1.31955 -2.7853e-07 4.88328e-07 6.1571e-08
40258.4 0.0143008 0.00715972 -1.84343 -4.65522e-07 1.54271e-06 1.30383e-07 0.00410987 0.00365333 -1.31955 -2.79239e-07 4.88328e-07 6.17277e-08
40360.5 0.0143008 0.0071779 -1.84343 -4.66704e-07 1.54271e-06 1.30714e-07 0.00410987 0.0036626 -1.31955 -2.79948e-07 4.88328e-07 6.18844e-08
40462.6 0.0143008 0.00719607 -1.84343 -4.67886e-07 1.54271e-06 1.31045e-07 0.00410987 0.00367187 -1.31955 -2.80657e-07 4.88328e-07 6.2041e-08
40564.7 0.0143008 0.00721425 -1.84343 -4.69068e-07 1.54271e-06 1.31376e-07 0.00410987 0.00368115 -1.31955 -2.81366e-07 4.88328e-07 6.21977e-08
40666.8 0.0143008 0.00723243 -1.84343 -4.7025e-07 1.54271e-06 1.31707e-07 0.00410987 0.00369042 -1.31955 -2.82075e-07 4.88328e-07 6.23544e-08
40769 0.0143008 0.0072506 -1.84343 -4.71432e-07 1.54271e-06 1.32038e-07 0.00410986 0.0036997 -1.31955 -2.82784e-07 4.88328e-07 6.25111e-08
40871.1 0.0143008 0.00726878 -1.84343 -4.72614e-07 1.54271e-06 1.32369e-07 0.00410986 0.00370897 -1.31955 -2.83493e-07 4.88327e-07 6.26677e-08
40973.2 0.0143008 0.00728696 -1.84343 -4.73796e-07 1.54271e-06 1.327e-07 0.00410986 0.00371824 -1.31955 -2.84203e-07 4.88327e-07 6.28244e-08
41075.3 0.0143008 0.00730513 -1.84343 -4.74977e-07 1.54271e-06 1.3303e-07 0.00410986 0.00372752 -1.31955 -2.84912e-07 4.88327e-07 6.29811e-08
41177.4 0.0143008 0.00732331 -1.84343 -4.76159e-07 1.54271e-06 1.33361e-07 0.00410986 0.00373679 -1.31955 -2.85621e-07 4.88327e-07 6.31378e-08
41279.6 0.0143008 0.00734149 -1.84343 -4.77341e-07 1.5427e-06 1.33692e-07 0.00410986 0.00374606 -1.31955 -2.8633e-07 4.88327e-07 6.32945e-08
41381.7 0.0143008 0.00735966 -1.84343 -4.78523e-07 1.5427e-06 1.34023e-07 0.00410986 0.00375534 -1.31955 -2.87039e-07 4.88327e-07 6.34511e-08
41483.8 0.0143008 0.00737784 -1.84343 -4.79705e-07 1.5427e-06 1.34354e-07 0.00410986 0.00376461 -1.31955 -2.87748e-07 4.88326e-07 6.36078e-08
41585.9 0.0143008 0.00739602 -1.84343 -4.80887e-07 1.5427e-06 1.34685e-07 0.00410985 0.00377389 -1.31955 -2.88457e-07 4.88326e-07 6.37645e-08
41688 0.0143008 0.00741419 -1.84343 -4.82069e-07 1.5427e-06 1.35016e-07 0.00410985 0.00378316 -1.31955 -2.89166e-07 4.88326e-07 6.39212e-08
41790.2 0.0143008 0.00743237 -1.84343 -4.83251e-07 1.5427e-06 1.35347e-07 0.00410985 0.00379243 -1.31955 -2.89876e-07 4.88326e-07 6.40778e-08
41892.3 0.0143008 0.00745055 -1.84343 -4.84433e-07 1.5427e-06 1.35678e-07 0.00410985 0.00380171 -1.31955 -2.90585e-07 4.88326e-07 6.42345e-08
41994.4 0.0143008 0.00746872 -1.84343 -4.85614e-07 1.5427e-06 1.36009e-07 0.00410985 0.00381098 -1.31955 -2.91294e-07 4.88326e-07 6.43912e-08
42096.5 0.0143008 0.0074869 -1.84343 -4.86796e-07 1.5427e-06 1.3634e-07 0.00410985 0.00382025 -1.31955 -2.92003e-07 4.88326e-07 6.45479e-08
42198.6 0.0143008 0.00750508 -1.84343 -4.87978e-07 1.5427e-06 1.36671e-07 0.00410985 0.00382953 -1.31955 -2.92712e-07 4.88325e-07 6.47046e-08
42300.7 0.0143008 0.00752325 -1.84343 -4.8916e-07 1.5427e-06 1.37002e-07 0.00410985 0.0038388 -1.31955 -2.93421e-07 4.88325e-07 6.48612e-08
42402.9 0.0143008 0.00754143 -1.84343 -4.90342e-07 1.5427e-06 1.37333e-07 0.00410984 0.00384808 -1.31955 -2.9413e-07 4.88325e-07 6.50179e-08
42505 0.0143008 0.00755961 -1.84343 -4.91524e-07 1.5427e-06 1.37664e-07 0.00410984 0.00385735 -1.31955 -2.9484e-07 4.88325e-07 6.51746e-08
42607.1 0.0143008 0.00757778 -1.84343 -4.92706e-07 1.5427e-06 1.37995e-07 0.00410984 0.00386662 -1.31955 -2.95549e-07 4.88325e-07 6.53313e-08
42709.2 0.0143007 0.00759596 -1.84343 -4.93888e-07 1.5427e-06 1.38326e-07 0.00410984 0.0038759 -1.31955 -2.96258e-07 4.88325e-07 6.5488e-08
42811.3 0.0143007 0.00761414 -1.84343 -4.9507e-07 1.5427e-06 1.38656e-07 0.00410984 0.00388517 -1.31955 -2.96967e-07 4.88325e-07 6.56446e-08
42913.4 0.0143007 0.00763231 -1.84343 -4.96252e-07 1.5427e-06 1.38987e-07 0.00410984 0.00389445 -1.31955 -2.97676e-07 4.88324e-07 6.58013e-08
43015.6 0.0143007 0.00765049 -1.84343 -4.97434e-07 1.5427e-06 1.39318e-07 0.00410984 0.00390372 -1.31955 -2.98385e-07 4.88324e-07 6.5958e-08
43117.7 0.0143007 0.00766867 -1.84343 -4.98615e-07 1.5427e-06 1.39649e-07 0.00410984 0.00391299 -1.31955 -2.99094e-07 4.88324e-07 6.61147e-08
43219.8 0.0143007 0.00768684 -1.84343 -4.99797e-07 1.5427e-06 1.3998e-07 0.00410983 0.00392227 -1.31955 -2.99804e-07 4.88324e-07 6.62713e-08
43321.9 0.0143007 0.00770502 -1.84343 -5.00979e-07 1.5427e-06 1.40311e-07 0.00410983 0.00393154 -1.31955 -3.00513e-07 4.88324e-07 6.6428e-08
43424 0.0143007 0.0077232 -1.84343 -5.02161e-07 1.5427e-06 1.40642e-07 0.00410983 0.00394081 -1.31955 -3.01222e-07 4.88324e-07 6.65847e-08
43526.1 0.0143007 0.00774137 -1.84343 -5.03343e-07 1.54269e-06 1.40973e-07 0.00410983 0.00395009 -1.31955 -3.01931e-07 4.88324e-07 6.67414e-08
43628.3 0.0143007 0.00775955 -1.84344 -5.04525e-07 1.54269e-06 1.41304e-07 0.00410983 0.00395936 -1.31955 -3.0264e-07 4.88323e-07 6.68981e-08
43730.4 0.0143007 0.00777773 -1.84344 -5.05707e-07 1.54269e-06 1.41635e-07 0.00410983 0.00396864 -1.31955 -3.03349e-07 4.88323e-07 6.70547e-08
43832.5 0.0143007 0.0077959 -1.84344 -5.06889e-07 1.54269e-06 1.41966e-07 0.00410983 0.00397791 -1.31955 -3.04059e-07 4.88323e-07 6.72114e-08
43934.6 0.0143007 0.00781408 -1.84344 -5.08071e-07 1.54269e-06 1.42297e-07 0.00410983 0.00398718 -1.31955 -3.04768e-07 4.88323e-07 6.73681e-08
44036.7 0.0143007 0.00783226 -1.84344 -5.09253e-07 1.54269e-06 1.42628e-07 0.00410982 0.00399646 -1.31955 -3.05477e-07 4.88323e-07 6.75248e-08
44138.8 0.0143007 0.00785044 -1.84344 -5.10435e-07 1.54269e-06 1.42959e-07 0.00410982 0.00400573 -1.31955 -3.06186e-07 4.88323e-07 6.76815e-08
44240.9 0.0143007 0.00786861 -1.84344 -5.11617e-07 1.54269e-06 1.4329e-07 0.00410982 0.00401501 -1.31955 -3.06895e-07 4.88323e-07 6.78381e-08
44343.1 0.0143007 0.00788679 -1.84344 -5.12799e-07 1.54269e-06 1.43621e-07 0.00410982 0.00402428 -1.31955 -3.07604e-07 4.88322e-07 6.79948e-08
44445.2 0.0143007 0.00790497 -1.84344 -5.13981e-07 1.54269e-06 1.43952e-07 0.00410982 0.00403355 -1.31955 -3.08314e-07 4.88322e-07 6.81515e-08
44547.3 0.0143007 0.00792314 -1.84344 -5.15162e-07 1.54269e-06 1.44282e-07 0.00410982 0.00404283 -1.31955 -3.09023e-07 4.88322e-07 6.83082e-08
44649.4 0.0143007 0.00794132 -1.84344 -5.16344e-07 1.54269e-06 1.44613e-07 0.00410982 0.0040521 -1.31955 -3.09732e-07 4.88322e-07 6.84648e-08
44751.5 0.0143007 0.0079595 -1.84344 -5.17526e-07 1.54269e-06 1.44944e-07 0.00410982 0.00406138 -1.31955 -3.10441e-07 4.88322e-07 6.86215e-08
44853.6 0.0143007 0.00797767 -1.84344 -5.18708e-07 1.54269e-06 1.45275e-07 0.00410981 0.00407065 -1.31955 -3.1115e-07 4.88322e-07 6.87782e-08
44955.7 0.0143007 0.00799585 -1.84344 -5.1989e-07 1.54269e-06 1.45606e-07 0.00410981 0.00407992 -1.31955 -3.11859e-07 4.88322e-07 6.89349e-08
45057.8 0.0143007 0.00801403 -1.84344 -5.21072e-07 1.54269e-06 1.45937e-07 0.00410981 0.0040892 -1.31955 -3.12569e-07 4.88321e-07 6.90916e-08
45160 0.0143006 0.00803221 -1.84344 -5.22254e-07 1.54269e-06 1.46268e-07 0.00410981 0.00409847 -1.31955 -3.13278e-07 4.88321e-07 6.92482e-08
45262.1 0.0143006 0.00805038 -1.84344 -5.23436e-07 1.54269e-06 1.46599e-07 0.00410981 0.00410775 -1.31955 -3.13987e-07 4.88321e-07 6.94049e-08
45364.2 0.0143006 0.00806856 -1.84344 -5.24618e-07 1.54269e-06 1.4693e-07 0.00410981 0.00411702 -1.31955 -3.14696e-07 4.88321e-07 6.95616e-08
45466.3 0.0143006 0.00808674 -1.84344 -5.258e-07 1.54269e-06 1.47261e-07 0.00410981 0.00412629 -1.31955 -3.15405e-07 4.88321e-07 6.97183e-08
45568.4 0.0143006 0.00810491 -1.84344 -5.26982e-07 1.54269e-06 1.47592e-07 0.00410981 0.00413557 -1.31955 -3.16115e-07 4.88321e-07 6.9875e-08
45670.5 0.0143006 0.00812309 -1.84344 -5.28164e-07 1.54269e-06 1.47923e-07 0.0041098 0.00414484 -1.31955 -3.16824e-07 4.8832e-07 7.00316e-08
45772.6 0.0143006 0.00814127 -1.84344 -5.29346e-07 1.54268e-06 1.48254e-07 0.0041098 0.00415411 -1.31955 -3.17533e-07 4.8832e-07 7.01883e-08
45874.7 0.0143006 0.00815945 -1.84344 -5.30528e-07 1.54268e-06 1.48585e-07 0.0041098 0.00416339 -1.31955 -3.18242e-07 4.8832e-07 7.0345e-08
45976.9 0.0143006 0.00817762 -1.84344 -5.3171e-07 1.54268e-06 1.48916e-07 0.0041098 0.00417266 -1.31955 -3.18951e-07 4.8832e-07 7.05017e-08
46079 0.0143006 0.0081958 -1.84344 -5.32892e-07 1.54268e-06 1.49247e-07 0.0041098 0.00418194 -1.31955 -3.19661e-07 4.8832e-07 7.06584e-08
46181.1 0.0143006 0.00821398 -1.84344 -5.34074e-07 1.54268e-06 1.49578e-07 0.0041098 0.00419121 -1.31955 -3.2037e-07 4.8832e-07 7.0815e-08
46283.2 0.0143006 0.00823216 -1.84344 -5.35256e-07 1.54268e-06 1.49908e-07 0.0041098 0.00420048 -1.31955 -3.21079e-07 4.8832e-07 7.09717e-08
46385.3 0.0143006 0.00825033 -1.84344 -5.36438e-07 1.54268e-06 1.50239e-07 0.0041098 0.00420976 -1.31955 -3.21788e-07 4.88319e-07 7.11284e-08
46487.4 0.0143006 0.00826851 -1.84344 -5.3762e-07 1.54268e-06 1.5057e-07 0.00410979 0.00421903 -1.31955 -3.22497e-07 4.88319e-07 7.12851e-08
46589.5 0.0143006 0.00828669 -1.84344 -5.38801e-07 1.54268e-06 1.50901e-07 0.00410979 0.00422831 -1.31955 -3.23207e-07 4.88319e-07 7.14417e-08
46691.6 0.0143006 0.00830487 -1.84344 -5.39983e-07 1.54268e-06 1.51232e-07 0.00410979 0.00423758 -1.31955 -3.23916e-07 4.88319e-07 7.15984e-08
46793.7 0.0143006 0.00832304 -1.84344 -5.41165e-07 1.54268e-06 1.51563e-07 0.00410979 0.00424685 -1.31955 -3.24625e-07 4.88319e-07 7.17551e-08
46895.9 0.0143006 0.00834122 -1.84344 -5.42347e-07 1.54268e-06 1.51894e-07 0.00410979 0.00425613 -1.31955 -3.25334e-07 4.88319e-07 7.19118e-08
46998 0.0143006 0.0083594 -1.84344 -5.43529e-07 1.54268e-06 1.52225e-07 0.00410979 0.0042654 -1.31955 -3.26043e-07 4.88319e-07 7.20685e-08
47100.1 0.0143006 0.00837758 -1.84344 -5.44711e-07 1.54268e-06 1.52556e-07 0.00410979 0.00427468 -1.31955 -3.26753e-07 4.88318e-07 7.22251e-08
47202.2 0.0143006 0.00839575 -1.84344 -5.45893e-07 1.54268e-06 1.52887e-07 0.00410979 0.00428395 -1.31955 -3.27462e-07 4.88318e-07 7.23818e-08
47304.3 0.0143006 0.00841393 -1.84344 -5.47075e-07 1.54268e-06 1.53218e-07 0.00410978 0.00429323 -1.31955 -3.28171e-07 4.88318e-07 7.25385e-08
47406.4 0.0143006 0.00843211 -1.84344 -5.48257e-07 1.54268e-06 1.53549e-07 0.00410978 0.0043025 -1.31955 -3.2888e-07 4.88318e-07 7.26952e-08
47508.5 0.0143005 0.00845029 -1.84344 -5.49439e-07 1.54268e-06 1.5388e-07 0.00410978 0.00431177 -1.31955 -3.29589e-07 4.88318e-07 7.28519e-08
47610.6 0.0143005 0.00846846 -1.84344 -5.50621e-07 1.54268e-06 1.54211e-07 0.00410978 0.00432105 -1.31955 -3.30299e-07 4.88318e-07 7.30085e-08
47712.7 0.0143005 0.00848664 -1.84344 -5.51803e-07 1.54268e-06 1.54542e-07 0.00410978 0.00433032 -1.31955 -3.31008e-07 4.88318e-07 7.31652e-08
47814.8 0.0143005 0.00850482 -1.84344 -5.52985e-07 1.54268e-06 1.54873e-07 0.00410978 0.0043396 -1.31955 -3.31717e-07 4.88317e-07 7.33219e-08
47916.9 0.0143005 0.008523 -1.84344 -5.54167e-07 1.54268e-06 1.55204e-07 0.00410978 0.00434887 -1.31955 -3.32426e-07 4.88317e-07 7.34786e-08
48019.1 0.0143005 0.00854117 -1.84344 -5.55349e-07 1.54268e-06 1.55535e-07 0.00410978 0.00435814 -1.31955 -3.33136e-07 4.88317e-07 7.36353e-08
48121.2 0.0143005 0.00855935 -1.84344 -5.56531e-07 1.54267e-06 1.55865e-07 0.00410977 0.00436742 -1.31955 -3.33845e-07 4.88317e-07 7.37919e-08
48223.3 0.0143005 0.00857753 -1.84344 -5.57713e-07 1.54267e-06 1.56196e-07 0.00410977 0.00437669 -1.31955 -3.34554e-07 4.88317e-07 7.39486e-08
48325.4 0.0143005 0.00859571 -1.84344 -5.58895e-07 1.54267e-06 1.56527e-07 0.00410977 0.00438597 -1.31955 -3.35263e-07 4.88317e-07 7.41053e-08
48427.5 0.0143005 0.00861388 -1.84344 -5.60077e-07 1.54267e-06 1.56858e-07 0.00410977 0.00439524 -1.31955 -3.35973e-07 4.88317e-07 7.4262e-08
48529.6 0.0143005 0.00863206 -1.84344 -5.61259e-07 1.54267e-06 1.57189e-07 0.00410977 0.00440451 -1.31955 -3.36682e-07 4.88316e-07 7.44187e-08
48631.7 0.0143005 0.00865024 -1.84344 -5.62441e-07 1.54267e-06 1.5752e-07 0.00410977 0.00441379 -1.31955 -3.37391e-07 4.88316e-07 7.45753e-08
48733.8 0.0143005 0.00866842 -1.84344 -5.63623e-07 1.54267e-06 1.57851e-07 0.00410977 0.00442306 -1.31955 -3.381e-07 4.88316e-07 7.4732e-08
48835.9 0.0143005 0.0086866 -1.84344 -5.64805e-07 1.54267e-06 1.58182e-07 0.00410977 0.00443234 -1.31955 -3.38809e-07 4.88316e-07 7.48887e-08
48938 0.0143005 0.00870477 -1.84344 -5.65987e-07 1.54267e-06 1.58513e-07 0.00410976 0.00444161 -1.31955 -3.39519e-07 4.88316e-07 7.50454e-08
49040.1 0.0143005 0.00872295 -1.84344 -5.67169e-07 1.54267e-06 1.58844e-07 0.00410976 0.00445088 -1.31955 -3.40228e-07 4.88316e-07 7.52021e-08
49142.2 0.0143005 0.00874113 -1.84344 -5.68351e-07 1.54267e-06 1.59175e-07 0.00410976 0.00446016 -1.31956 -3.40937e-07 4.88316e-07 7.53587e-08
49244.3 0.0143005 0.00875931 -1.84344 -5.69533e-07 1.54267e-06 1.59506e-07 0.00410976 0.00446943 -1.31956 -3.41646e-07 4.88315e-07 7.55154e-08
49346.4 0.0143005 0.00877748 -1.84344 -5.70715e-07 1.54267e-06 1.59837e-07 0.00410976 0.00447871 -1.31956 -3.42356e-07 4.88315e-07 7.56721e-08
49448.6 0.0143005 0.00879566 -1.84344 -5.71897e-07 1.54267e-06 1.60168e-07 0.00410976 0.00448798 -1.31956 -3.43065e-07 4.88315e-07 7.58288e-08
49550.7 0.0143005 0.00881384 -1.84344 -5.73079e-07 1.54267e-06 1.60499e-07 0.00410976 0.00449726 -1.31956 -3.43774e-07 4.88315e-07 7.59854e-08
49652.8 0.0143005 0.00883202 -1.84344 -5.74261e-07 1.54267e-06 1.6083e-07 0.00410976 0.00450653 -1.31956 -3.44483e-07 4.88315e-07 7.61421e-08
49754.9 0.0143005 0.0088502 -1.84344 -5.75443e-07 1.54267e-06 1.61161e-07 0.00410976 0.0045158 -1.31956 -3.45193e-07 4.88315e-07 7.62988e-08
49857 0.0143005 0.00886837 -1.84344 -5.76625e-07 1.54267e-06 1.61491e-07 0.00410975 0.00452508 -1.31956 -3.45902e-07 4.88315e-07 7.64555e-08
49959.1 0.0143004 0.00888655 -1.84344 -5.77807e-07 1.54267e-06 1.61822e-07 0.00410975 0.00453435 -1.31956 -3.46611e-07 4.88314e-07 7.66122e-08
50061.2 0.0143004 0.00890473 -1.84344 -5.78989e-07 1.54267e-06 1.62153e-07 0.00410975 0.00454363 -1.31956 -3.47321e-07 4.88314e-07 7.67688e-08
50163.3 0.0143004 0.00892291 -1.84344 -5.80171e-07 1.54267e-06 1.62484e-07 0.00410975 0.0045529 -1.31956 -3.4803e-07 4.88314e-07 7.69255e-08
50265.4 0.0143004 0.00894109 -1.84344 -5.81353e-07 1.54267e-06 1.62815e-07 0.00410975 0.00456217 -1.31956 -3.48739e-07 4.88314e-07 7.70822e-08
50367.5 0.0143004 0.00895926 -1.84344 -5.82535e-07 1.54266e-06 1.63146e-07 0.00410975 0.00457145 -1.31956 -3.49448e-07 4.88314e-07 7.72389e-08
50469.6 0.0143004 0.00897744 -1.84344 -5.83717e-07 1.54266e-06 1.63477e-07 0.00410975 0.00458072 -1.31956 -3.50158e-07 4.88314e-07 7.73956e-08
50571.7 0.0143004 0.00899562 -1.84344 -5.84899e-07 1.54266e-06 1.63808e-07 0.00410975 0.00459 -1.31956 -3.50867e-07 4.88313e-07 7.75522e-08
50673.8 0.0143004 0.0090138 -1.84344 -5.86081e-07 1.54266e-06 1.64139e-07 0.00410974 0.00459927 -1.31956 -3.51576e-07 4.88313e-07 7.77089e-08
50775.9 0.0143004 0.00903198 -1.84344 -5.87263e-07 1.54266e-06 1.6447e-07 0.00410974 0.00460855 -1.31956 -3.52285e-07 4.88313e-07 7.78656e-08
50878 0.0143004 0.00905015 -1.84344 -5.88445e-07 1.54266e-06 1.64801e-07 0.00410974 0.00461782 -1.31956 -3.52995e-07 4.88313e-07 7.80223e-08
50980.1 0.0143004 0.00906833 -1.84344 -5.89627e-07 1.54266e-06 1.65132e-07 0.00410974 0.00462709 -1.31956 -3.53704e-07 4.88313e-07 7.8179e-08
51082.2 0.0143004 0.00908651 -1.84344 -5.90809e-07 1.54266e-06 1.65463e-07 0.00410974 0.00463637 -1.31956 -3.54413e-07 4.88313e-07 7.83356e-08
