102.077 -5.42827e-17 9.54269e-05 -1.83884 -5.22684e-09 1.83913e-19 3.51908e-21 -4.255e-16 5.31371e-05 -1.31625 -3.54141e-09 -4.82124e-20 1.47621e-21
204.451 -2.8771e-16 0.000190858 -1.83884 -1.04487e-08 1.31981e-19 -2.28936e-19 -1.0648e-16 0.000106328 -1.31625 -7.07384e-09 -3.56919e-20 -6.95715e-19
306.713 1.12079e-15 0.000286289 -1.83884 -1.56717e-08 5.22155e-19 1.28024e-19 -1.04119e-16 0.000159513 -1.31625 -1.06066e-08 1.63383e-20 5.75059e-20
408.969 6.63258e-16 0.000381719 -1.83884 -2.08947e-08 3.3587e-19 3.8058e-19 -2.93976e-16 0.000212699 -1.31625 -1.41392e-08 -2.82573e-20 4.5697e-19
511.224 1.95901e-15 0.000477149 -1.83884 -2.61177e-08 6.19825e-19 1.72849e-19 3.23965e-17 0.000265884 -1.31625 -1.76718e-08 4.99054e-20 2.47145e-19
613.48 1.09807e-15 0.000572579 -1.83884 -3.13407e-08 5.37089e-19 4.04496e-19 -5.69338e-16 0.000319069 -1.31625 -2.12045e-08 -1.27327e-19 4.65895e-19
715.734 1.67534e-15 0.00066801 -1.83884 -3.65637e-08 5.61247e-19 -8.96585e-20 -4.24458e-16 0.000372254 -1.31625 -2.47372e-08 -3.20372e-20 -1.3611e-19
817.989 1.7113e-16 0.00076344 -1.83884 -4.17867e-08 3.09175e-19 2.81087e-20 -5.90029e-16 0.000425439 -1.31625 -2.82699e-08 -9.35236e-20 2.73649e-20
920.242 1.02064e-15 0.00085887 -1.83884 -4.70097e-08 2.89541e-19 8.41345e-19 -1.59396e-16 0.000478623 -1.31625 -3.18026e-08 -7.217e-21 1.21073e-18
1022.5 2.17251e-15 0.000954301 -1.83884 -5.22328e-08 8.84248e-19 -2.30246e-19 -7.04657e-16 0.000531808 -1.31625 -3.53354e-08 -9.00653e-20 -4.79246e-19
1124.75 2.02724e-15 0.00104973 -1.83884 -5.74558e-08 7.85595e-19 3.25012e-19 -4.01477e-16 0.000584992 -1.31625 -3.88682e-08 -4.1797e-20 3.75675e-19
1227 2.01115e-15 0.00114516 -1.83884 -6.26789e-08 7.85692e-19 2.26764e-19 -6.40315e-16 0.000638177 -1.31625 -4.2401e-08 -8.00632e-20 1.15434e-19
1329.25 8.92057e-16 0.00124059 -1.83884 -6.7902e-08 6.4141e-19 6.64698e-19 -8.29887e-16 0.000691361 -1.31625 -4.59338e-08 -1.46353e-19 1.02365e-18
1431.51 3.04195e-18 0.00133602 -1.83884 -7.31251e-08 3.26489e-19 2.79482e-20 -9.19969e-16 0.000744545 -1.31625 -4.94666e-08 -1.46087e-19 -2.27181e-19
1533.76 1.19618e-15 0.00143145 -1.83884 -7.83482e-08 6.62562e-19 1.39246e-19 -8.65519e-16 0.000797729 -1.31625 -5.29995e-08 -1.20703e-19 1.98088e-19
1636.01 6.39149e-16 0.00152688 -1.83884 -8.35713e-08 8.93516e-19 -1.93865e-19 -5.09665e-16 0.000850913 -1.31625 -5.65324e-08 -3.97127e-20 -4.87704e-19
1738.26 1.97455e-15 0.00162231 -1.83884 -8.87944e-08 5.1051e-19 4.37508e-19 -2.21309e-16 0.000904097 -1.31625 -6.00653e-08 -3.35503e-20 4.73328e-19
1840.51 2.27202e-15 0.00171774 -1.83884 -9.40175e-08 6.78142e-19 5.40118e-20 -5.89819e-17 0.00095728 -1.31626 -6.35982e-08 5.17151e-20 -8.64655e-21
1942.76 1.48407e-15 0.00181317 -1.83884 -9.92406e-08 7.92135e-19 3.2487e-19 -8.19394e-16 0.00101046 -1.31626 -6.71312e-08 -1.0991e-19 4.03033e-19
2045.01 1.36911e-15 0.0019086 -1.83884 -1.04464e-07 5.31943e-19 1.07505e-19 -4.18512e-16 0.00106365 -1.31626 -7.06641e-08 -5.00246e-20 -7.83254e-20
2147.25 1.99772e-15 0.00200403 -1.83884 -1.09687e-07 9.55369e-19 1.18314e-19 -5.37624e-16 0.00111683 -1.31626 -7.41971e-08 -2.62927e-20 -6.02478e-20
2249.5 5.97294e-16 0.00209946 -1.83884 -1.1491e-07 3.45096e-19 2.43417e-19 -6.42655e-17 0.00117001 -1.31626 -7.77302e-08 -2.06337e-20 2.56481e-19
2351.75 7.24297e-16 0.00219489 -1.83884 -1.20133e-07 8.71447e-19 3.53499e-19 -1.07148e-15 0.0012232 -1.31626 -8.12632e-08 -1.93963e-19 2.29497e-19
2454 1.37337e-15 0.00229032 -1.83884 -1.25356e-07 7.2365e-19 6.5882e-19 -7.7685e-16 0.00127638 -1.31626 -8.47963e-08 -1.03743e-19 9.3687e-19
2556.24 2.53903e-15 0.00238575 -1.83885 -1.3058e-07 6.84178e-19 -3.31662e-19 -1.70073e-16 0.00132956 -1.31626 -8.83294e-08 2.01942e-20 -7.00914e-19
2658.49 3.31426e-16 0.00248118 -1.83885 -1.35803e-07 4.86085e-19 -4.74377e-21 -8.96379e-16 0.00138274 -1.31626 -9.18625e-08 -1.31998e-19 -2.80196e-19
2760.73 2.37067e-15 0.00257661 -1.83885 -1.41026e-07 6.5828e-19 1.31845e-19 -1.94808e-16 0.00143593 -1.31626 -9.53956e-08 3.67455e-20 5.34181e-20
2862.98 6.70497e-16 0.00267204 -1.83885 -1.46249e-07 3.4498e-19 3.25967e-20 -2.67813e-16 0.00148911 -1.31626 -9.89287e-08 -3.31579e-20 -2.22646e-19
2965.22 1.03502e-15 0.00276747 -1.83885 -1.51473e-07 4.97713e-19 6.20474e-20 -4.09738e-16 0.00154229 -1.31626 -1.02462e-07 -5.06335e-20 -2.54459e-19
3067.47 4.70241e-16 0.0028629 -1.83885 -1.56696e-07 5.94278e-19 -1.7736e-19 -7.84995e-16 0.00159547 -1.31626 -1.05995e-07 -1.56933e-19 -5.69816e-19
3169.71 2.65269e-16 0.00295833 -1.83885 -1.61919e-07 5.57536e-19 3.83287e-19 -6.12743e-16 0.00164866 -1.31626 -1.09528e-07 -8.39352e-20 4.36824e-19
3271.95 -8.77444e-17 0.00305376 -1.83885 -1.67142e-07 5.7046e-19 2.63594e-19 -1.22109e-15 0.00170184 -1.31626 -1.13062e-07 -1.82472e-19 1.92363e-19
3374.19 1.2663e-15 0.00314919 -1.83885 -1.72366e-07 6.1577e-19 3.81036e-19 -4.94958e-16 0.00175502 -1.31626 -1.16595e-07 -8.70205e-20 5.08734e-19
3476.43 1.30929e-15 0.00324462 -1.83885 -1.77589e-07 4.67247e-19 -2.20097e-19 -4.13378e-16 0.0018082 -1.31626 -1.20128e-07 -2.02325e-20 -4.34865e-19
3578.67 9.82223e-16 0.00334005 -1.83885 -1.82812e-07 7.59518e-19 4.36207e-19 -7.05474e-16 0.00186138 -1.31626 -1.23661e-07 -9.57612e-20 5.7841e-19
3680.91 2.18133e-15 0.00343548 -1.83885 -1.88036e-07 6.8968e-19 -2.29526e-19 -3.62024e-16 0.00191456 -1.31626 -1.27195e-07 2.32392e-20 -6.32143e-19
3783.15 2.44885e-16 0.00353091 -1.83885 -1.93259e-07 5.44215e-19 2.34921e-19 -7.97039e-16 0.00196775 -1.31626 -1.30728e-07 -1.32839e-19 -4.40753e-20
3885.39 5.77307e-16 0.00362634 -1.83885 -1.98482e-07 5.55126e-19 5.41253e-19 -9.87254e-16 0.00202093 -1.31626 -1.34262e-07 -1.50321e-19 7.75789e-19
3987.63 8.07174e-16 0.00372177 -1.83885 -2.03706e-07 6.14846e-19 2.28768e-20 -5.75504e-16 0.00207411 -1.31626 -1.37795e-07 -7.22068e-20 -1.26596e-19
4089.87 1.12225e-15 0.0038172 -1.83885 -2.08929e-07 4.5698e-19 2.21674e-19 -3.40142e-16 0.00212729 -1.31626 -1.41328e-07 -6.56573e-20 8.1224e-20
4192.11 1.50656e-15 0.00391263 -1.83885 -2.14152e-07 3.77124e-19 -3.65055e-19 -1.86169e-17 0.00218047 -1.31626 -1.44862e-07 1.44596e-20 -8.24759e-19
4294.35 1.28749e-15 0.00400806 -1.83885 -2.19376e-07 6.61698e-19 -8.69357e-20 -5.9488e-16 0.00223365 -1.31626 -1.48395e-07 -1.33324e-19 -5.64336e-19
4396.58 1.88525e-15 0.00410349 -1.83885 -2.24599e-07 6.32343e-19 -1.66981e-19 -2.64104e-16 0.00228683 -1.31626 -1.51929e-07 -1.46829e-20 -5.33928e-19
4498.82 2.8606e-16 0.00419892 -1.83885 -2.29822e-07 3.35966e-19 -3.7066e-19 -6.04074e-16 0.00234001 -1.31626 -1.55462e-07 -1.27747e-19 -8.46754e-19
4601.05 2.46427e-15 0.00429435 -1.83885 -2.35046e-07 8.06411e-19 4.66785e-19 -3.52454e-16 0.00239319 -1.31626 -1.58996e-07 -3.22188e-20 7.26899e-19
4703.29 4.65663e-16 0.00438978 -1.83885 -2.40269e-07 6.88794e-19 -3.9633e-19 -8.99715e-16 0.00244637 -1.31626 -1.62529e-07 -1.39611e-19 -9.11841e-19
4805.52 2.97515e-15 0.00448521 -1.83885 -2.45493e-07 9.82191e-19 -7.31114e-20 -1.32689e-15 0.00249955 -1.31626 -1.66063e-07 -1.65131e-19 -3.3649e-19
4907.76 5.18105e-16 0.00458064 -1.83885 -2.50716e-07 3.79374e-19 3.9182e-19 -5.51928e-16 0.00255273 -1.31626 -1.69597e-07 -1.07148e-19 3.15101e-19
5009.99 2.46821e-15 0.00467607 -1.83885 -2.55939e-07 6.63233e-19 -3.25153e-19 -4.14995e-16 0.00260591 -1.31626 -1.7313e-07 -9.94009e-22 -6.55365e-19
5112.23 2.68687e-15 0.0047715 -1.83885 -2.61163e-07 1.13156e-18 2.97702e-19 -5.38407e-16 0.00265909 -1.31626 -1.76664e-07 -2.51712e-20 1.29588e-19
5214.46 1.06501e-15 0.00486693 -1.83885 -2.66386e-07 6.30199e-19 -3.85821e-19 -8.01352e-16 0.00271227 -1.31626 -1.80197e-07 -1.40295e-19 -8.88304e-19
5316.69 1.01265e-15 0.00496236 -1.83885 -2.7161e-07 5.54548e-19 5.3702e-19 -5.011e-16 0.00276545 -1.31626 -1.83731e-07 -9.86138e-20 5.58548e-19
5418.92 1.78252e-15 0.00505779 -1.83885 -2.76833e-07 5.35799e-19 3.848e-19 -7.05984e-16 0.00281863 -1.31626 -1.87265e-07 -5.13724e-20 2.50541e-19
5521.16 2.82134e-15 0.00515322 -1.83885 -2.82057e-07 6.58915e-19 6.36948e-20 -5.43273e-17 0.00287181 -1.31626 -1.90799e-07 5.01344e-20 -7.56742e-21
5623.39 1.57521e-15 0.00524865 -1.83885 -2.8728e-07 7.63888e-19 -1.92974e-19 -1.06093e-15 0.00292499 -1.31627 -1.94332e-07 -1.98071e-19 -3.58816e-19
5725.62 1.5714e-15 0.00534408 -1.83885 -2.92504e-07 8.50841e-19 -1.47868e-19 -4.52106e-16 0.00297816 -1.31627 -1.97866e-07 -2.81731e-20 -3.88941e-19
5827.85 2.98537e-15 0.00543951 -1.83885 -2.97727e-07 6.38959e-19 -3.38496e-20 -4.32766e-16 0.00303134 -1.31627 -2.014e-07 5.84577e-22 -1.67158e-19
5930.08 1.79604e-15 0.00553494 -1.83885 -3.02951e-07 5.84074e-19 2.80248e-19 -4.56189e-16 0.00308452 -1.31627 -2.04934e-07 -6.35675e-20 1.76037e-19
6032.31 1.70319e-15 0.00563037 -1.83886 -3.08174e-07 6.83e-19 -1.84005e-19 -7.29177e-16 0.0031377 -1.31627 -2.08468e-07 -1.70083e-19 -5.85765e-19
6134.54 8.68218e-16 0.0057258 -1.83886 -3.13398e-07 4.40468e-19 1.71188e-19 -4.76575e-16 0.00319088 -1.31627 -2.12001e-07 -5.81875e-20 -8.78795e-20
6236.77 2.22777e-15 0.00582123 -1.83886 -3.18622e-07 6.13231e-19 -1.53678e-19 -1.98771e-16 0.00324406 -1.31627 -2.15535e-07 -4.3904e-20 -5.65022e-19
6339 2.03654e-15 0.00591666 -1.83886 -3.23845e-07 6.02199e-19 -1.80985e-19 -1.0972e-16 0.00329724 -1.31627 -2.19069e-07 -2.48395e-20 -6.15414e-19
6441.22 1.39536e-15 0.00601209 -1.83886 -3.29069e-07 5.87098e-19 1.48563e-19 -5.01252e-16 0.00335041 -1.31627 -2.22603e-07 -6.31423e-20 9.47368e-20
6543.45 1.5924e-15 0.00610752 -1.83886 -3.34292e-07 4.69595e-19 -1.57907e-19 -1.62173e-16 0.00340359 -1.31627 -2.26137e-07 6.90443e-20 -5.44138e-19
6645.68 1.49908e-15 0.00620295 -1.83886 -3.39516e-07 6.0358e-19 -2.03193e-19 -4.7095e-16 0.00345677 -1.31627 -2.29671e-07 -2.93554e-20 -6.51645e-19
6747.9 3.17211e-15 0.00629838 -1.83886 -3.4474e-07 1.02927e-18 2.8429e-19 -7.04693e-16 0.00350995 -1.31627 -2.33205e-07 -1.05106e-19 3.72009e-19
6850.13 1.76207e-15 0.00639381 -1.83886 -3.49963e-07 5.86496e-19 2.88024e-19 -6.04483e-16 0.00356312 -1.31627 -2.36739e-07 -1.0109e-19 3.00814e-19
6952.36 5.27593e-16 0.00648924 -1.83886 -3.55187e-07 4.21178e-19 -4.54877e-20 -2.16332e-16 0.0036163 -1.31627 -2.40273e-07 -2.64781e-20 -2.27182e-19
7054.58 2.14122e-15 0.00658467 -1.83886 -3.6041e-07 7.10727e-19 1.35925e-19 -4.63379e-16 0.00366948 -1.31627 -2.43807e-07 -9.44296e-21 6.70171e-20
7156.81 1.97297e-15 0.0066801 -1.83886 -3.65634e-07 6.14817e-19 1.15794e-19 -4.47063e-16 0.00372266 -1.31627 -2.47341e-07 -3.38739e-20 -4.36786e-20
7259.03 2.06814e-15 0.00677553 -1.83886 -3.70858e-07 8.04502e-19 3.74424e-19 -3.20317e-17 0.00377583 -1.31627 -2.50876e-07 6.52105e-21 3.86888e-19
7361.25 2.16597e-15 0.00687096 -1.83886 -3.76081e-07 7.84361e-19 -4.17678e-19 -2.44101e-16 0.00382901 -1.31627 -2.5441e-07 -7.69396e-20 -9.14548e-19
7463.48 1.69292e-15 0.00696639 -1.83886 -3.81305e-07 7.80868e-19 -1.7873e-19 -5.48149e-16 0.00388219 -1.31627 -2.57944e-07 -4.82238e-20 -6.95147e-19
7565.7 2.32984e-16 0.00706182 -1.83886 -3.86529e-07 4.678e-19 -5.31467e-19 -1.03752e-15 0.00393536 -1.31627 -2.61478e-07 -1.74685e-19 -8.16739e-19
7667.92 6.26477e-16 0.00715725 -1.83886 -3.91752e-07 5.76473e-19 7.802e-20 -5.52825e-16 0.00398854 -1.31627 -2.65012e-07 -6.03341e-20 -1.77471e-19
7770.15 2.26073e-15 0.00725268 -1.83886 -3.96976e-07 1.00581e-18 9.55184e-20 -4.02183e-16 0.00404172 -1.31627 -2.68546e-07 -6.15816e-20 -9.83323e-20
7872.37 1.606e-15 0.00734811 -1.83886 -4.022e-07 6.89003e-19 -5.1516e-19 -4.25793e-16 0.00409489 -1.31627 -2.72081e-07 -4.78209e-20 -1.06535e-18
7974.59 2.77195e-15 0.00744354 -1.83886 -4.07424e-07 9.04973e-19 -2.27157e-19 -4.93818e-16 0.00414807 -1.31627 -2.75615e-07 -1.60931e-20 -5.25979e-19
8076.81 1.70316e-15 0.00753897 -1.83886 -4.12647e-07 3.24966e-19 6.49866e-19 -1.37251e-16 0.00420124 -1.31627 -2.79149e-07 1.52924e-20 8.34391e-19
8179.03 2.31473e-15 0.0076344 -1.83886 -4.17871e-07 7.32084e-19 1.55091e-19 -6.87803e-16 0.00425442 -1.31627 -2.82684e-07 -4.49527e-20 1.06944e-19
8281.25 6.4322e-17 0.00772983 -1.83886 -4.23095e-07 6.24368e-19 -6.57097e-20 -1.30621e-15 0.0043076 -1.31627 -2.86218e-07 -2.49403e-19 -2.76497e-19
8383.47 1.43487e-15 0.00782526 -1.83886 -4.28319e-07 5.50901e-19 -3.92357e-19 -3.62429e-16 0.00436077 -1.31627 -2.89752e-07 -6.79712e-20 -9.9835e-19
8485.69 -9.70197e-17 0.00792069 -1.83886 -4.33542e-07 5.99051e-19 -1.85878e-19 -1.04349e-15 0.00441395 -1.31627 -2.93287e-07 -2.09492e-19 -2.90703e-19
8587.91 7.24977e-16 0.00801612 -1.83886 -4.38766e-07 4.52874e-19 -3.61124e-19 -8.09192e-16 0.00446712 -1.31627 -2.96821e-07 -1.91967e-19 -8.31434e-19
8690.12 2.03908e-15 0.00811154 -1.83886 -4.4399e-07 3.57966e-19 3.94197e-19 2.0898e-16 0.0045203 -1.31627 -3.00356e-07 5.74054e-20 4.98707e-19
8792.34 1.25414e-15 0.00820697 -1.83886 -4.49214e-07 5.71772e-19 -2.69248e-19 -5.90337e-16 0.00457347 -1.31627 -3.0389e-07 -1.23398e-19 -7.13793e-19
8894.56 1.61639e-15 0.0083024 -1.83886 -4.54438e-07 6.75382e-19 7.25785e-21 -3.14212e-16 0.00462665 -1.31627 -3.07424e-07 -9.46153e-21 -2.43128e-19
8996.78 6.88278e-16 0.00839783 -1.83886 -4.59661e-07 6.60014e-19 -1.72393e-19 -6.00722e-16 0.00467982 -1.31627 -3.10959e-07 -1.51356e-19 -4.81279e-19
9098.99 1.94865e-15 0.00849326 -1.83886 -4.64885e-07 5.74291e-19 -3.7298e-19 -9.92571e-17 0.004733 -1.31627 -3.14493e-07 1.18602e-21 -8.85165e-19
9201.21 1.1694e-15 0.00858869 -1.83886 -4.70109e-07 6.09875e-19 1.98601e-19 -4.20734e-16 0.00478617 -1.31627 -3.18028e-07 -9.67401e-20 3.40409e-19
9303.42 1.94241e-16 0.00868412 -1.83886 -4.75333e-07 4.42456e-19 -7.40388e-19 -1.20384e-15 0.00483935 -1.31628 -3.21563e-07 -2.36321e-19 -1.6818e-18
9405.64 2.86545e-15 0.00877955 -1.83886 -4.80557e-07 7.63282e-19 4.04583e-19 -2.3962e-16 0.00489252 -1.31628 -3.25097e-07 1.57199e-20 4.2323e-19
9507.85 8.70384e-16 0.00887498 -1.83887 -4.85781e-07 6.31068e-19 9.08967e-20 -7.61841e-16 0.0049457 -1.31628 -3.28632e-07 -1.55846e-19 -6.03304e-20
9610.07 2.63809e-15 0.00897041 -1.83887 -4.91004e-07 5.60933e-19 1.60702e-19 -2.34169e-17 0.00499887 -1.31628 -3.32166e-07 6.43106e-20 2.47691e-20
9712.28 1.12663e-15 0.00906584 -1.83887 -4.96228e-07 5.54351e-19 -1.99818e-19 -8.14361e-16 0.00505204 -1.31628 -3.35701e-07 -1.28579e-19 -3.79038e-19
9814.5 -4.42384e-17 0.00916127 -1.83887 -5.01452e-07 5.69512e-19 -1.12135e-19 -7.34612e-16 0.00510522 -1.31628 -3.39236e-07 -1.37128e-19 -5.30097e-19
9916.71 1.27557e-15 0.0092567 -1.83887 -5.06676e-07 7.73552e-19 2.71725e-19 -7.11748e-16 0.00515839 -1.31628 -3.4277e-07 -1.11119e-19 2.19026e-19
10018.9 -5.41002e-16 0.00935213 -1.83887 -5.119e-07 3.38976e-19 2.89565e-19 -9.77928e-16 0.00521157 -1.31628 -3.46305e-07 -2.14756e-19 3.10379e-19
10121.1 1.12164e-15 0.00944756 -1.83887 -5.17124e-07 4.89289e-19 2.95445e-19 -3.30092e-16 0.00526474 -1.31628 -3.4984e-07 -5.90917e-20 3.69988e-19
10223.3 1.7515e-15 0.00954299 -1.83887 -5.22348e-07 6.17281e-19 -1.08189e-19 -4.45614e-16 0.00531791 -1.31628 -3.53375e-07 -9.12635e-20 -4.84017e-19
10325.6 1.90836e-15 0.00963842 -1.83887 -5.27572e-07 4.16938e-19 -2.60574e-19 -1.33127e-17 0.00537109 -1.31628 -3.56909e-07 -2.14799e-20 -6.2216e-19
10427.8 1.03952e-15 0.00973385 -1.83887 -5.32796e-07 5.38482e-19 2.73655e-19 -4.28135e-16 0.00542426 -1.31628 -3.60444e-07 -1.72482e-20 1.68261e-19
10530 4.53654e-16 0.00982928 -1.83887 -5.3802e-07 5.52342e-19 -1.94447e-19 -9.79034e-16 0.00547743 -1.31628 -3.63979e-07 -1.87126e-19 -3.12881e-19
10632.2 -7.25783e-16 0.00992471 -1.83887 -5.43244e-07 5.54563e-19 3.73066e-19 -1.30056e-15 0.00553061 -1.31628 -3.67514e-07 -2.43111e-19 3.60225e-19
10734.4 -6.06041e-16 0.0100201 -1.83887 -5.48468e-07 3.54453e-19 -3.95095e-20 -8.51377e-16 0.00558378 -1.31628 -3.71049e-07 -1.48724e-19 -4.16216e-19
10836.6 1.19791e-15 0.0101156 -1.83887 -5.53692e-07 2.45185e-19 2.23323e-20 1.5624e-16 0.00563695 -1.31628 -3.74584e-07 4.79102e-20 -1.35793e-19
10938.8 6.74074e-16 0.010211 -1.83887 -5.58916e-07 4.54393e-19 1.30727e-19 -7.81247e-16 0.00569012 -1.31628 -3.78118e-07 -8.10619e-20 3.881e-21
11041 1.22456e-15 0.0103064 -1.83887 -5.6414e-07 4.70777e-19 4.71154e-19 -2.6957e-16 0.0057433 -1.31628 -3.81653e-07 -4.99816e-20 6.72134e-19
11143.2 5.60949e-16 0.0104019 -1.83887 -5.69364e-07 4.6663e-19 5.01726e-20 -4.50108e-16 0.00579647 -1.31628 -3.85188e-07 -5.75543e-20 -1.64159e-19
11245.4 3.999e-16 0.0104973 -1.83887 -5.74588e-07 4.9335e-19 2.07952e-19 -8.16049e-16 0.00584964 -1.31628 -3.88723e-07 -1.10207e-19 2.19368e-19
11347.6 1.25373e-15 0.0105927 -1.83887 -5.79812e-07 2.52786e-19 -1.79906e-19 3.92485e-17 0.00590281 -1.31628 -3.92258e-07 -7.96571e-21 -5.37492e-19
11449.9 1.89039e-15 0.0106881 -1.83887 -5.85036e-07 5.6372e-19 -1.1816e-19 -4.34251e-16 0.00595599 -1.31628 -3.95793e-07 -5.38897e-20 -5.42771e-19
11552.1 1.45071e-15 0.0107836 -1.83887 -5.9026e-07 5.86657e-19 -3.46461e-19 -8.14022e-16 0.00600916 -1.31628 -3.99328e-07 -8.98394e-20 -9.37743e-19
11654.3 1.78098e-15 0.010879 -1.83887 -5.95484e-07 8.64579e-19 -3.66696e-19 -1.04909e-15 0.00606233 -1.31628 -4.02863e-07 -1.87518e-19 -7.60753e-19
11756.5 2.10438e-15 0.0109744 -1.83887 -6.00708e-07 6.84856e-19 5.09833e-21 -4.07246e-16 0.0061155 -1.31628 -4.06399e-07 -3.63284e-20 -2.15066e-19
11858.7 9.83917e-16 0.0110699 -1.83887 -6.05932e-07 6.14946e-19 -2.64374e-20 -3.32471e-16 0.00616867 -1.31628 -4.09934e-07 -1.33996e-19 -3.30735e-19
11960.9 -4.40436e-16 0.0111653 -1.83887 -6.11156e-07 2.73651e-19 -7.46709e-19 -6.81142e-16 0.00622185 -1.31628 -4.13469e-07 -9.70103e-20 -1.41361e-18
12063.1 2.12239e-15 0.0112607 -1.83887 -6.1638e-07 8.87119e-19 1.17873e-19 -6.05448e-16 0.00627502 -1.31628 -4.17004e-07 -5.45908e-20 1.57801e-20
12165.3 1.16957e-15 0.0113561 -1.83887 -6.21605e-07 6.88759e-19 1.50341e-20 -7.54704e-16 0.00632819 -1.31628 -4.20539e-07 -2.10428e-19 -1.18614e-19
12267.5 -9.04576e-16 0.0114516 -1.83887 -6.26829e-07 3.19581e-19 1.78379e-19 -1.13381e-15 0.00638136 -1.31628 -4.24074e-07 -2.34087e-19 1.50573e-19
12369.7 -3.84396e-16 0.011547 -1.83887 -6.32053e-07 1.24226e-19 -1.47618e-19 -1.79856e-16 0.00643453 -1.31628 -4.27609e-07 -4.90423e-20 -5.22987e-19
12471.9 2.28336e-16 0.0116424 -1.83887 -6.37277e-07 5.80663e-19 -1.03237e-19 -6.49457e-16 0.0064877 -1.31628 -4.31145e-07 -1.35236e-19 -4.72312e-19
12574.1 1.02345e-15 0.0117379 -1.83887 -6.42501e-07 5.50739e-19 7.50911e-20 -6.74654e-16 0.00654087 -1.31628 -4.3468e-07 -6.38812e-20 -1.26509e-19
12676.3 6.25945e-16 0.0118333 -1.83887 -6.47725e-07 4.37e-19 -8.02708e-20 -4.55982e-16 0.00659404 -1.31628 -4.38215e-07 -1.14588e-19 -4.61963e-19
12778.5 -3.96012e-16 0.0119287 -1.83887 -6.52949e-07 4.57415e-19 1.07505e-19 -8.43921e-16 0.00664721 -1.31628 -4.4175e-07 -1.47608e-19 -1.37982e-19
12880.7 3.50175e-16 0.0120242 -1.83887 -6.58174e-07 7.03182e-19 5.31833e-20 -7.88e-16 0.00670038 -1.31628 -4.45286e-07 -1.29783e-19 -3.39766e-19
12982.9 1.47893e-16 0.0121196 -1.83888 -6.63398e-07 3.95602e-19 2.8459e-19 -3.26062e-16 0.00675355 -1.31628 -4.48821e-07 -9.21539e-20 2.14547e-19
13085.1 2.51499e-15 0.012215 -1.83888 -6.68622e-07 4.52524e-19 -3.60833e-20 1.91304e-16 0.00680672 -1.31629 -4.52357e-07 6.57687e-20 -3.08901e-19
13187.3 -1.33276e-16 0.0123104 -1.83888 -6.73846e-07 2.24219e-19 -1.30738e-19 -7.04673e-16 0.00685989 -1.31629 -4.55892e-07 -1.51672e-19 -4.17299e-19
13289.5 5.08947e-16 0.0124059 -1.83888 -6.7907e-07 1.23038e-19 -1.21556e-19 -4.11911e-16 0.00691306 -1.31629 -4.59427e-07 -7.34513e-20 -4.34329e-19
13391.7 2.16373e-15 0.0125013 -1.83888 -6.84295e-07 7.67856e-19 -1.08929e-19 -4.61791e-16 0.00696623 -1.31629 -4.62963e-07 -3.31346e-20 -4.25742e-19
13493.9 1.54415e-15 0.0125967 -1.83888 -6.89519e-07 7.249e-19 -2.89234e-19 -8.09374e-16 0.0070194 -1.31629 -4.66498e-07 -9.26766e-20 -6.10075e-19
13596.1 9.37623e-17 0.0126922 -1.83888 -6.94743e-07 3.10026e-19 -4.18854e-20 -6.16374e-16 0.00707257 -1.31629 -4.70034e-07 -7.17512e-20 -4.55145e-19
13698.3 1.19363e-15 0.0127876 -1.83888 -6.99967e-07 5.67077e-19 -4.84725e-19 -6.31229e-16 0.00712574 -1.31629 -4.73569e-07 -5.68099e-20 -1.12647e-18
13800.5 4.29109e-16 0.012883 -1.83888 -7.05192e-07 6.01331e-19 1.09426e-19 -8.96081e-16 0.00717891 -1.31629 -4.77105e-07 -2.19156e-19 -1.44941e-19
13902.7 -4.87432e-18 0.0129784 -1.83888 -7.10416e-07 4.3528e-19 2.1748e-19 -8.61637e-16 0.00723208 -1.31629 -4.8064e-07 -1.54374e-19 9.29316e-20
14004.9 6.95644e-16 0.0130739 -1.83888 -7.1564e-07 2.6223e-19 -2.84034e-21 -5.44703e-16 0.00728525 -1.31629 -4.84176e-07 -4.91844e-20 -4.22008e-19
14107.1 1.43872e-15 0.0131693 -1.83888 -7.20864e-07 5.57078e-19 2.7227e-19 -5.09626e-16 0.00733842 -1.31629 -4.87711e-07 -7.81173e-20 1.93882e-19
14209.3 1.09119e-15 0.0132647 -1.83888 -7.26089e-07 5.86802e-19 -5.08806e-19 -8.48387e-16 0.00739159 -1.31629 -4.91247e-07 -1.34538e-19 -1.04836e-18
14311.5 3.68309e-16 0.0133602 -1.83888 -7.31313e-07 5.16755e-19 -4.29178e-19 -5.43716e-16 0.00744476 -1.31629 -4.94782e-07 -1.43045e-19 -1.0194e-18
14413.7 9.77893e-16 0.0134556 -1.83888 -7.36537e-07 5.757e-19 -5.40262e-19 -8.28835e-16 0.00749793 -1.31629 -4.98318e-07 -1.26711e-19 -1.16293e-18
14515.9 1.91733e-15 0.013551 -1.83888 -7.41762e-07 5.65386e-19 2.47212e-19 -2.82328e-16 0.00755109 -1.31629 -5.01854e-07 -4.41112e-20 2.1065e-19
14618.1 1.53636e-15 0.0136464 -1.83888 -7.46986e-07 7.5061e-19 -5.23174e-19 -6.86706e-16 0.00760426 -1.31629 -5.05389e-07 -8.17143e-20 -1.24713e-18
14720.2 1.31739e-15 0.0137419 -1.83888 -7.5221e-07 4.9063e-19 2.2271e-19 -6.05976e-16 0.00765743 -1.31629 -5.08925e-07 -6.38057e-20 1.72052e-19
14822.4 8.31402e-16 0.0138373 -1.83888 -7.57435e-07 4.74299e-19 -2.21427e-19 -7.57377e-16 0.0077106 -1.31629 -5.12461e-07 -1.05926e-19 -4.74475e-19
14924.6 1.28112e-15 0.0139327 -1.83888 -7.62659e-07 6.82788e-19 2.65871e-19 -7.25048e-16 0.00776377 -1.31629 -5.15997e-07 -1.05286e-19 7.41107e-20
15026.8 1.0309e-15 0.0140282 -1.83888 -7.67883e-07 4.71958e-19 -8.84812e-20 -7.62021e-16 0.00781694 -1.31629 -5.19532e-07 -6.46743e-20 -5.4426e-19
15129 1.28345e-15 0.0141236 -1.83888 -7.73108e-07 3.92363e-19 -3.21594e-19 3.8857e-16 0.0078701 -1.31629 -5.23068e-07 1.12251e-19 -7.43884e-19
15231.2 1.72895e-16 0.014219 -1.83888 -7.78332e-07 3.35062e-19 -4.9333e-19 -5.43208e-16 0.00792327 -1.31629 -5.26604e-07 -8.13963e-20 -1.0158e-18
15333.4 1.31689e-15 0.0143145 -1.83888 -7.83557e-07 6.32054e-19 -1.47695e-19 -5.78227e-16 0.00797644 -1.31629 -5.3014e-07 -1.2107e-19 -2.87962e-19
15435.6 -3.89428e-16 0.0144099 -1.83888 -7.88781e-07 3.6545e-19 -2.49169e-19 -7.74875e-16 0.00802961 -1.31629 -5.33675e-07 -1.65569e-19 -5.71483e-19
15537.8 1.3383e-15 0.0145053 -1.83888 -7.94005e-07 5.79483e-19 -1.58528e-19 -6.41488e-16 0.00808277 -1.31629 -5.37211e-07 -7.14498e-20 -5.62905e-19
15640 -2.19373e-16 0.0146007 -1.83888 -7.9923e-07 3.20094e-19 4.33022e-19 -5.75971e-16 0.00813594 -1.31629 -5.40747e-07 -1.55823e-19 6.46271e-19
15742.2 -1.58415e-16 0.0146962 -1.83888 -8.04454e-07 3.77178e-19 4.16234e-19 -7.78109e-16 0.00818911 -1.31629 -5.44283e-07 -1.07966e-19 4.78324e-19
15844.4 4.77954e-16 0.0147916 -1.83888 -8.09679e-07 4.31475e-19 7.49332e-20 -7.72221e-16 0.00824228 -1.31629 -5.47819e-07 -1.20585e-19 -9.34431e-20
15946.5 1.76106e-15 0.014887 -1.83888 -8.14903e-07 7.03356e-19 4.81518e-20 -5.94232e-16 0.00829544 -1.31629 -5.51355e-07 -5.44041e-20 -1.02369e-19
16048.7 -7.88514e-16 0.0149825 -1.83888 -8.20128e-07 3.85601e-19 -3.48924e-19 -9.62804e-16 0.00834861 -1.31629 -5.54891e-07 -2.01902e-19 -8.58368e-19
16150.9 1.09135e-15 0.0150779 -1.83888 -8.25352e-07 5.46999e-19 3.68563e-19 -6.06681e-16 0.00840178 -1.31629 -5.58427e-07 -5.97485e-20 2.7606e-19
16253.1 5.53592e-16 0.0151733 -1.83888 -8.30577e-07 2.95404e-19 -3.72657e-19 -2.5214e-16 0.00845494 -1.31629 -5.61963e-07 9.30556e-21 -9.20202e-19
16355.3 -3.98042e-16 0.0152687 -1.83888 -8.35801e-07 -1.83147e-20 1.8051e-19 -4.52086e-16 0.00850811 -1.31629 -5.65499e-07 -9.88606e-20 -1.86149e-20
16457.5 1.99534e-17 0.0153642 -1.83889 -8.41026e-07 4.02957e-19 5.56866e-19 -9.02354e-16 0.00856128 -1.31629 -5.69035e-07 -1.79355e-19 7.68991e-19
16559.7 1.56388e-15 0.0154596 -1.83889 -8.4625e-07 5.73803e-19 1.01258e-19 -7.31985e-16 0.00861444 -1.31629 -5.72571e-07 -8.81702e-21 -1.20051e-19
16661.9 1.51627e-15 0.015555 -1.83889 -8.51475e-07 1.09293e-18 -1.57965e-19 -1.06633e-15 0.00866761 -1.31629 -5.76107e-07 -1.53158e-19 -4.97515e-19
16764 2.13117e-15 0.0156505 -1.83889 -8.56699e-07 8.83971e-19 -5.27024e-20 -8.00632e-16 0.00872078 -1.31629 -5.79643e-07 -8.56998e-20 -4.06441e-19
16866.2 1.10644e-15 0.0157459 -1.83889 -8.61924e-07 3.9566e-19 -1.40249e-19 -8.04063e-16 0.00877394 -1.3163 -5.83179e-07 -9.54186e-20 -5.42001e-19
16968.4 1.64578e-16 0.0158413 -1.83889 -8.67148e-07 2.50836e-19 3.5195e-19 -3.51527e-16 0.00882711 -1.3163 -5.86715e-07 -5.56211e-20 3.95548e-19
17070.6 -5.28726e-16 0.0159367 -1.83889 -8.72373e-07 4.66325e-19 2.07542e-19 -1.04866e-15 0.00888027 -1.3163 -5.90252e-07 -1.79341e-19 4.02064e-20
17172.8 1.25727e-15 0.0160322 -1.83889 -8.77597e-07 5.95528e-19 -2.85378e-19 -8.15344e-16 0.00893344 -1.3163 -5.93788e-07 -1.16336e-19 -4.87342e-19
17275 -3.38399e-16 0.0161276 -1.83889 -8.82822e-07 3.21565e-19 1.67332e-19 -8.0663e-16 0.00898661 -1.3163 -5.97324e-07 -1.71306e-19 1.69199e-19
17377.1 1.05055e-15 0.016223 -1.83889 -8.88046e-07 6.23789e-19 -6.7271e-20 -6.75063e-16 0.00903977 -1.3163 -6.0086e-07 -7.55354e-20 -2.81112e-19
17479.3 1.36839e-15 0.0163185 -1.83889 -8.93271e-07 4.83043e-19 1.8434e-19 -3.43804e-16 0.00909294 -1.3163 -6.04396e-07 -3.37159e-20 2.82826e-19
17581.5 9.40018e-16 0.0164139 -1.83889 -8.98495e-07 5.20971e-19 -1.6841e-19 -8.9879e-16 0.0091461 -1.3163 -6.07933e-07 -1.63892e-19 -6.3677e-19
17683.7 1.08275e-15 0.0165093 -1.83889 -9.0372e-07 5.00571e-19 5.76675e-19 -6.95922e-16 0.00919927 -1.3163 -6.11469e-07 -9.11321e-20 7.27187e-19
17785.9 -1.31254e-16 0.0166047 -1.83889 -9.08945e-07 2.92273e-19 -1.41742e-19 -5.10318e-16 0.00925243 -1.3163 -6.15005e-07 -8.58642e-20 -5.07771e-19
17888.1 8.88571e-16 0.0167002 -1.83889 -9.14169e-07 5.80157e-19 2.27771e-19 -8.95368e-16 0.0093056 -1.3163 -6.18541e-07 -1.3965e-19 7.86517e-20
17990.2 1.65438e-15 0.0167956 -1.83889 -9.19394e-07 6.79505e-19 5.81548e-19 -6.09983e-16 0.00935876 -1.3163 -6.22078e-07 -7.27046e-20 7.86202e-19
18092.4 1.26001e-15 0.016891 -1.83889 -9.24619e-07 5.9899e-19 2.38907e-19 -2.45578e-16 0.00941193 -1.3163 -6.25614e-07 -1.51851e-20 1.63052e-19
18194.6 2.03025e-15 0.0169865 -1.83889 -9.29843e-07 6.99063e-19 3.38401e-19 -5.39271e-16 0.00946509 -1.3163 -6.2915e-07 -1.54353e-20 3.49432e-19
18296.8 1.334e-15 0.0170819 -1.83889 -9.35068e-07 4.70081e-19 5.60394e-19 -1.41671e-16 0.00951826 -1.3163 -6.32687e-07 3.84093e-21 7.40665e-19
18399 4.37833e-16 0.0171773 -1.83889 -9.40292e-07 3.63475e-19 5.91312e-19 -1.65644e-16 0.00957142 -1.3163 -6.36223e-07 -7.83066e-21 6.90814e-19
18501.1 1.36118e-15 0.0172727 -1.83889 -9.45517e-07 5.64802e-19 2.02851e-19 -5.68625e-17 0.00962458 -1.3163 -6.3976e-07 -3.42846e-20 3.58781e-19
18603.3 1.08605e-15 0.0173682 -1.83889 -9.50742e-07 5.07288e-19 9.41982e-19 -6.81796e-16 0.00967775 -1.3163 -6.43296e-07 -1.04478e-19 1.43947e-18
18705.5 1.57906e-15 0.0174636 -1.83889 -9.55966e-07 4.57557e-19 4.67877e-20 -4.06721e-16 0.00973091 -1.3163 -6.46833e-07 -2.02449e-20 7.00989e-21
18807.7 2.6547e-15 0.017559 -1.83889 -9.61191e-07 7.01368e-19 -2.01368e-19 4.22991e-17 0.00978408 -1.3163 -6.50369e-07 4.21949e-20 -4.40036e-19
18909.8 1.00225e-15 0.0176545 -1.83889 -9.66416e-07 6.42812e-19 8.02535e-19 -1.02739e-15 0.00983724 -1.3163 -6.53906e-07 -1.67479e-19 1.15438e-18
19012 9.93768e-16 0.0177499 -1.83889 -9.71641e-07 6.2496e-19 -1.48846e-19 -6.04098e-16 0.0098904 -1.3163 -6.57442e-07 -5.80906e-20 -3.6222e-19
19114.2 1.00586e-15 0.0178453 -1.83889 -9.76865e-07 7.54238e-19 5.71741e-20 -7.35904e-16 0.00994357 -1.3163 -6.60979e-07 -1.22933e-19 5.04903e-21
19216.4 2.34946e-15 0.0179408 -1.83889 -9.8209e-07 5.2256e-19 8.55026e-21 -3.76062e-17 0.00999673 -1.3163 -6.64515e-07 -1.78155e-20 -1.72976e-19
19318.6 2.56707e-15 0.0180362 -1.83889 -9.87315e-07 6.76684e-19 3.29513e-19 2.44972e-16 0.0100499 -1.3163 -6.68052e-07 7.48759e-20 2.63083e-19
19420.7 -1.97789e-16 0.0181316 -1.83889 -9.92539e-07 3.00857e-19 4.89583e-19 -4.69812e-16 0.0101031 -1.3163 -6.71588e-07 -4.11899e-20 5.08373e-19
19522.9 2.27444e-15 0.018227 -1.83889 -9.97764e-07 5.83012e-19 1.98876e-19 -2.63287e-16 0.0101562 -1.3163 -6.75125e-07 4.08566e-20 1.20734e-19
19625.1 9.09653e-16 0.0183225 -1.83889 -1.00299e-06 3.76057e-19 2.48959e-19 -4.66245e-16 0.0102094 -1.3163 -6.78662e-07 -5.96253e-20 1.9996e-19
19727.3 1.85978e-15 0.0184179 -1.83889 -1.00821e-06 7.46354e-19 8.17923e-20 -5.92585e-16 0.0102625 -1.3163 -6.82198e-07 -4.8907e-20 -3.05757e-20
19829.4 1.96615e-15 0.0185133 -1.83889 -1.01344e-06 7.58551e-19 4.91142e-19 -2.69648e-16 0.0103157 -1.3163 -6.85735e-07 -1.42387e-20 5.69865e-19
19931.6 2.26663e-15 0.0186088 -1.83889 -1.01866e-06 5.5867e-19 1.69812e-19 3.32341e-17 0.0103689 -1.3163 -6.89272e-07 4.42037e-20 -4.44461e-20
20033.8 -1.26298e-15 0.0187042 -1.8389 -1.02389e-06 2.35268e-19 4.64347e-19 -7.07913e-16 0.010422 -1.3163 -6.92808e-07 -8.01017e-20 4.21349e-19
20136 6.26905e-16 0.0187996 -1.8389 -1.02911e-06 4.1797e-19 1.02001e-18 -8.09799e-16 0.0104752 -1.3163 -6.96345e-07 -1.58112e-19 1.55146e-18
20238.1 -2.7812e-16 0.018895 -1.8389 -1.03434e-06 3.63213e-19 2.99857e-19 -1.29863e-15 0.0105284 -1.3163 -6.99882e-07 -2.20564e-19 2.23728e-19
20340.3 1.06634e-15 0.0189905 -1.8389 -1.03956e-06 4.60189e-19 1.7422e-19 -4.4294e-16 0.0105815 -1.3163 -7.03418e-07 -1.56039e-19 -4.24481e-20
20442.5 4.04548e-16 0.0190859 -1.8389 -1.04479e-06 2.26308e-19 1.72436e-19 -5.41169e-16 0.0106347 -1.3163 -7.06955e-07 -4.89928e-20 -2.97877e-20
20544.6 1.29443e-15 0.0191813 -1.8389 -1.05001e-06 6.34655e-19 3.76168e-19 -7.90243e-16 0.0106879 -1.3163 -7.10492e-07 -8.57881e-20 5.44634e-19
20646.8 1.40073e-15 0.0192768 -1.8389 -1.05524e-06 6.26993e-19 2.9713e-19 -3.35195e-16 0.010741 -1.3163 -7.14029e-07 -1.06917e-19 4.12035e-19
20749 5.45147e-16 0.0193722 -1.8389 -1.06046e-06 4.68591e-19 -1.26754e-19 -7.74418e-16 0.0107942 -1.31631 -7.17566e-07 -1.64851e-19 -3.99124e-19
20851.2 2.75959e-15 0.0194676 -1.8389 -1.06569e-06 8.08597e-19 5.5904e-19 -4.58778e-16 0.0108473 -1.31631 -7.21102e-07 -4.42492e-20 7.79782e-19
20953.3 1.7342e-15 0.019563 -1.8389 -1.07091e-06 5.07307e-19 8.45182e-19 -1.11065e-16 0.0109005 -1.31631 -7.24639e-07 1.23892e-20 1.29338e-18
21055.5 5.61271e-16 0.0196585 -1.8389 -1.07614e-06 5.61421e-19 2.70854e-19 -8.37353e-16 0.0109537 -1.31631 -7.28176e-07 -1.5612e-19 3.8021e-19
21157.7 6.3662e-16 0.0197539 -1.8389 -1.08136e-06 4.38665e-19 2.76574e-20 -3.33343e-16 0.0110068 -1.31631 -7.31713e-07 -5.31052e-20 -1.83784e-19
21259.8 1.44772e-15 0.0198493 -1.8389 -1.08659e-06 6.22835e-19 -1.21296e-19 -5.38992e-16 0.01106 -1.31631 -7.3525e-07 -3.50897e-20 -3.12638e-19
21362 7.46304e-16 0.0199448 -1.8389 -1.09181e-06 4.72303e-19 7.54169e-19 -4.51546e-16 0.0111131 -1.31631 -7.38787e-07 -6.59632e-20 1.13241e-18
21464.2 -2.3311e-16 0.0200402 -1.8389 -1.09704e-06 3.94922e-19 -3.26988e-20 -7.23854e-16 0.0111663 -1.31631 -7.42324e-07 -1.29943e-19 -3.09495e-19
21566.3 1.10705e-15 0.0201356 -1.8389 -1.10226e-06 3.59026e-19 3.32218e-19 -3.83954e-16 0.0112195 -1.31631 -7.45861e-07 -5.03228e-20 2.20295e-19
21668.5 2.3494e-16 0.020231 -1.8389 -1.10749e-06 4.71875e-19 3.37267e-19 -9.10334e-16 0.0112726 -1.31631 -7.49398e-07 -1.95405e-19 4.27602e-19
21770.7 1.17562e-15 0.0203265 -1.8389 -1.11271e-06 5.80705e-19 9.11645e-20 -5.10413e-16 0.0113258 -1.31631 -7.52935e-07 -6.66563e-20 -1.85313e-21
21872.8 -1.01445e-15 0.0204219 -1.8389 -1.11794e-06 3.49193e-20 -2.25863e-19 -7.94423e-16 0.011379 -1.31631 -7.56472e-07 -1.66642e-19 -6.08565e-19
21975 2.69821e-15 0.0205173 -1.8389 -1.12316e-06 5.86806e-19 2.9595e-20 3.10162e-16 0.0114321 -1.31631 -7.60009e-07 1.05699e-19 -7.56524e-20
22077.2 5.88393e-16 0.0206128 -1.8389 -1.12839e-06 5.83412e-19 3.7087e-19 -4.88899e-16 0.0114853 -1.31631 -7.63546e-07 -7.37225e-20 4.79567e-19
22179.3 1.76514e-15 0.0207082 -1.8389 -1.13361e-06 7.955e-19 -2.37513e-19 -5.24967e-16 0.0115384 -1.31631 -7.67083e-07 -8.068e-20 -5.04083e-19
22281.5 1.84357e-15 0.0208036 -1.8389 -1.13884e-06 5.79055e-19 -6.76085e-20 -6.11348e-16 0.0115916 -1.31631 -7.7062e-07 -8.40138e-20 -2.40595e-19
22383.7 -2.61844e-16 0.020899 -1.8389 -1.14406e-06 4.63736e-19 -2.55991e-20 -8.92653e-16 0.0116448 -1.31631 -7.74157e-07 -1.57907e-19 -2.17858e-19
22485.8 2.38457e-15 0.0209945 -1.8389 -1.14929e-06 8.01017e-19 4.13282e-19 -8.57319e-16 0.0116979 -1.31631 -7.77694e-07 -1.03572e-19 3.68099e-19
22588 9.53969e-16 0.0210899 -1.8389 -1.15451e-06 5.14484e-19 -4.20141e-19 -6.82299e-16 0.0117511 -1.31631 -7.81232e-07 -1.27855e-19 -8.46143e-19
22690.2 1.08444e-15 0.0211853 -1.8389 -1.15974e-06 5.027e-19 1.73071e-19 -5.3267e-16 0.0118042 -1.31631 -7.84769e-07 -8.85602e-20 2.79321e-19
22792.3 1.94665e-15 0.0212808 -1.8389 -1.16496e-06 6.563e-19 5.16028e-19 -8.31086e-16 0.0118574 -1.31631 -7.88306e-07 -1.11178e-19 7.93165e-19
22894.5 -1.17431e-16 0.0213762 -1.8389 -1.17019e-06 3.41248e-19 -6.13219e-20 -6.81395e-16 0.0119106 -1.31631 -7.91843e-07 -1.12245e-19 -3.15099e-19
22996.7 1.23728e-15 0.0214716 -1.8389 -1.17541e-06 5.79116e-19 -1.43178e-20 -3.89189e-16 0.0119637 -1.31631 -7.9538e-07 -8.94966e-20 -4.45955e-20
23098.8 1.30793e-15 0.021567 -1.8389 -1.18064e-06 5.01086e-19 5.91113e-19 -2.74917e-16 0.0120169 -1.31631 -7.98917e-07 2.89573e-21 7.74826e-19
23201 5.86293e-16 0.0216625 -1.8389 -1.18586e-06 4.24727e-19 2.34957e-19 -5.93349e-16 0.01207 -1.31631 -8.02455e-07 -1.12232e-19 2.75647e-19
23303.2 -3.31652e-16 0.0217579 -1.8389 -1.19109e-06 5.19179e-19 -8.8304e-20 -4.10902e-16 0.0121232 -1.31631 -8.05992e-07 -6.32748e-20 -2.91039e-19
23405.3 1.43851e-15 0.0218533 -1.8389 -1.19631e-06 6.23113e-19 2.6917e-19 -5.76271e-16 0.0121764 -1.31631 -8.09529e-07 -1.42225e-19 4.09164e-19
23507.5 1.01483e-15 0.0219488 -1.8389 -1.20154e-06 5.35072e-19 3.09346e-19 -7.18746e-16 0.0122295 -1.31631 -8.13067e-07 -8.36322e-20 4.00711e-19
23609.6 7.57715e-16 0.0220442 -1.83891 -1.20676e-06 4.64677e-19 -1.04644e-19 -5.96597e-16 0.0122827 -1.31631 -8.16604e-07 -5.57141e-20 -4.06105e-19
23711.8 6.87944e-16 0.0221396 -1.83891 -1.21199e-06 3.39099e-19 6.52769e-19 -7.38443e-16 0.0123358 -1.31631 -8.20141e-07 -1.26364e-19 9.09536e-19
23814 9.78943e-16 0.022235 -1.83891 -1.21721e-06 6.55579e-19 -1.27847e-19 -7.62308e-16 0.012389 -1.31631 -8.23679e-07 -1.37431e-19 -4.33328e-19
23916.1 1.4925e-15 0.0223305 -1.83891 -1.22244e-06 6.1419e-19 -2.23869e-20 -8.13448e-16 0.0124422 -1.31631 -8.27216e-07 -9.2001e-20 -1.27498e-19
24018.3 4.9272e-16 0.0224259 -1.83891 -1.22766e-06 4.26294e-19 -4.22352e-21 -5.22648e-16 0.0124953 -1.31631 -8.30753e-07 -9.14703e-20 -3.06477e-19
24120.5 1.30021e-15 0.0225213 -1.83891 -1.23289e-06 6.1008e-19 -4.32592e-20 -5.23504e-16 0.0125485 -1.31631 -8.34291e-07 -6.92866e-20 -4.89516e-19
24222.6 1.0574e-15 0.0226168 -1.83891 -1.23811e-06 6.98567e-19 4.0599e-19 -9.25787e-16 0.0126016 -1.31631 -8.37828e-07 -1.33272e-19 5.04204e-19
24324.8 1.48757e-15 0.0227122 -1.83891 -1.24334e-06 6.58677e-19 -1.13076e-19 -2.74531e-16 0.0126548 -1.31631 -8.41365e-07 -1.17224e-19 -4.23766e-19
24426.9 1.38851e-16 0.0228076 -1.83891 -1.24856e-06 5.66012e-19 3.09178e-19 -8.80473e-16 0.0127079 -1.31631 -8.44903e-07 -1.42482e-19 2.91402e-19
24529.1 5.22987e-16 0.022903 -1.83891 -1.25379e-06 6.18417e-19 1.93235e-19 -6.23894e-16 0.0127611 -1.31631 -8.4844e-07 -5.65512e-20 1.98082e-19
24631.2 -1.68562e-15 0.0229985 -1.83891 -1.25901e-06 8.55045e-20 4.41764e-19 -7.16637e-16 0.0128143 -1.31632 -8.51978e-07 -2.1586e-19 6.10636e-19
24733.4 1.21225e-15 0.0230939 -1.83891 -1.26424e-06 5.15978e-19 1.4488e-19 -5.19776e-16 0.0128674 -1.31632 -8.55515e-07 -8.37745e-20 1.01367e-19
24835.6 -6.45718e-17 0.0231893 -1.83891 -1.26946e-06 2.623e-19 3.9992e-19 -1.02349e-15 0.0129206 -1.31632 -8.59053e-07 -2.05906e-19 7.1289e-19
24937.7 1.39402e-15 0.0232848 -1.83891 -1.27469e-06 4.84357e-19 -4.48604e-19 -4.32556e-16 0.0129737 -1.31632 -8.6259e-07 -5.52476e-20 -1.0831e-18
25039.9 8.51114e-16 0.0233802 -1.83891 -1.27991e-06 5.49841e-19 4.52184e-19 -6.64821e-16 0.0130269 -1.31632 -8.66128e-07 -7.25342e-20 5.97658e-19
25142 1.88714e-17 0.0234756 -1.83891 -1.28514e-06 5.44176e-19 3.84499e-19 -1.17657e-15 0.0130801 -1.31632 -8.69665e-07 -2.22497e-19 6.04813e-19
25244.2 8.85436e-16 0.023571 -1.83891 -1.29036e-06 3.78026e-19 3.90276e-19 -4.43236e-16 0.0131332 -1.31632 -8.73203e-07 -8.78284e-20 6.41099e-19
25346.3 8.98892e-16 0.0236665 -1.83891 -1.29559e-06 3.80685e-19 3.74234e-20 -4.20838e-16 0.0131864 -1.31632 -8.76741e-07 -2.49052e-20 -2.56062e-19
25448.5 9.66055e-16 0.0237619 -1.83891 -1.30081e-06 5.7151e-19 2.10107e-19 -4.14992e-16 0.0132395 -1.31632 -8.80278e-07 -5.8724e-20 9.64671e-20
25550.7 3.60577e-16 0.0238573 -1.83891 -1.30604e-06 4.05514e-19 2.66619e-19 -4.29618e-16 0.0132927 -1.31632 -8.83816e-07 -8.9556e-20 1.42778e-19
25652.8 6.53932e-16 0.0239528 -1.83891 -1.31126e-06 2.82108e-19 8.28213e-20 -4.84452e-16 0.0133458 -1.31632 -8.87353e-07 -1.10061e-19 -1.49178e-19
25755 1.56246e-15 0.0240482 -1.83891 -1.31649e-06 7.14178e-19 -4.60508e-20 -5.55298e-16 0.013399 -1.31632 -8.90891e-07 -5.12196e-20 -3.10873e-19
25857.1 2.05581e-15 0.0241436 -1.83891 -1.32171e-06 9.65286e-19 3.48923e-20 -1.15888e-15 0.0134522 -1.31632 -8.94429e-07 -1.8504e-19 -2.0273e-19
25959.3 1.35931e-16 0.024239 -1.83891 -1.32694e-06 2.53205e-19 -2.49516e-19 -3.37647e-16 0.0135053 -1.31632 -8.97966e-07 -4.30574e-20 -6.75297e-19
26061.4 9.67038e-16 0.0243345 -1.83891 -1.33216e-06 4.43085e-19 5.98582e-19 -5.04183e-16 0.0135585 -1.31632 -9.01504e-07 -9.50992e-20 7.29324e-19
26163.6 9.64893e-17 0.0244299 -1.83891 -1.33739e-06 2.81226e-19 2.15836e-19 -4.17855e-16 0.0136116 -1.31632 -9.05042e-07 -3.67058e-20 -4.0299e-20
26265.7 9.41078e-16 0.0245253 -1.83891 -1.34261e-06 4.93756e-19 -2.53925e-19 -7.6374e-16 0.0136648 -1.31632 -9.0858e-07 -1.29002e-19 -7.48295e-19
26367.9 1.05896e-15 0.0246207 -1.83891 -1.34784e-06 5.5876e-19 -9.93396e-20 -6.29689e-16 0.0137179 -1.31632 -9.12117e-07 -1.2401e-19 -5.47853e-19
26470.1 1.26067e-15 0.0247162 -1.83891 -1.35306e-06 6.91844e-19 1.58861e-19 -8.96447e-16 0.0137711 -1.31632 -9.15655e-07 -1.34173e-19 -1.9943e-20
26572.2 1.44581e-16 0.0248116 -1.83891 -1.35829e-06 5.46316e-19 -9.53679e-20 -8.93784e-16 0.0138243 -1.31632 -9.19193e-07 -1.79243e-19 -4.83565e-19
26674.4 7.5865e-16 0.024907 -1.83891 -1.36351e-06 2.92558e-19 -5.41333e-19 -3.13706e-16 0.0138774 -1.31632 -9.22731e-07 -6.07269e-20 -1.07683e-18
26776.5 3.81466e-17 0.0250025 -1.83891 -1.36874e-06 3.01176e-19 3.74644e-19 -4.56159e-16 0.0139306 -1.31632 -9.26268e-07 -1.22666e-19 6.26711e-19
26878.7 1.53424e-15 0.0250979 -1.83891 -1.37397e-06 4.93203e-19 -8.76102e-21 -1.29246e-16 0.0139837 -1.31632 -9.29806e-07 4.23504e-20 -2.66467e-19
26980.8 2.21008e-15 0.0251933 -1.83891 -1.37919e-06 5.30694e-19 3.36808e-19 -2.36183e-16 0.0140369 -1.31632 -9.33344e-07 -4.49114e-20 3.32012e-19
27083 1.82473e-15 0.0252887 -1.83891 -1.38442e-06 6.94533e-19 2.90436e-19 -4.15859e-16 0.01409 -1.31632 -9.36882e-07 -3.22512e-20 1.48681e-19
27185.1 2.56037e-15 0.0253842 -1.83892 -1.38964e-06 7.8363e-19 3.01898e-19 -2.25824e-16 0.0141432 -1.31632 -9.4042e-07 -2.49946e-20 3.11812e-19
27287.3 1.2999e-15 0.0254796 -1.83892 -1.39487e-06 6.46935e-19 -6.10065e-19 -5.27736e-16 0.0141964 -1.31632 -9.43958e-07 -1.15501e-19 -1.30531e-18
27389.4 2.00439e-15 0.025575 -1.83892 -1.40009e-06 5.09884e-19 2.99145e-19 1.7794e-16 0.0142495 -1.31632 -9.47495e-07 3.97789e-20 2.04171e-19
27491.6 1.62851e-15 0.0256705 -1.83892 -1.40532e-06 2.58342e-19 2.18805e-19 5.83883e-17 0.0143027 -1.31632 -9.51033e-07 8.62842e-20 7.17809e-20
27593.7 -2.49089e-16 0.0257659 -1.83892 -1.41054e-06 5.66529e-19 2.46879e-21 -8.93898e-16 0.0143558 -1.31632 -9.54571e-07 -1.92266e-19 -1.33229e-19
27695.9 2.59884e-15 0.0258613 -1.83892 -1.41577e-06 8.06181e-19 -1.46082e-19 -1.13418e-16 0.014409 -1.31632 -9.58109e-07 2.69663e-20 -3.83868e-19
27798 1.57416e-15 0.0259567 -1.83892 -1.42099e-06 7.17137e-19 1.36737e-19 -6.56355e-16 0.0144621 -1.31632 -9.61647e-07 -4.28823e-20 -3.98332e-20
27900.2 8.84344e-16 0.0260522 -1.83892 -1.42622e-06 2.61671e-19 9.0689e-20 2.16744e-16 0.0145153 -1.31632 -9.65185e-07 4.13505e-20 -1.58534e-19
28002.3 1.44064e-15 0.0261476 -1.83892 -1.43144e-06 6.17874e-19 -1.46422e-19 -5.01224e-16 0.0145685 -1.31632 -9.68723e-07 -5.39898e-20 -4.78702e-19
28104.5 3.95413e-16 0.026243 -1.83892 -1.43667e-06 3.73894e-19 1.34632e-19 -4.6079e-16 0.0146216 -1.31632 -9.72261e-07 -2.87811e-20 2.34932e-20
28206.6 1.24827e-15 0.0263385 -1.83892 -1.44189e-06 4.88375e-19 -8.73176e-19 -3.35757e-17 0.0146748 -1.31632 -9.75799e-07 1.42913e-20 -1.81193e-18
28308.8 2.33932e-15 0.0264339 -1.83892 -1.44712e-06 6.99732e-19 -4.68252e-19 -4.97095e-16 0.0147279 -1.31632 -9.79337e-07 -2.73537e-20 -9.36552e-19
28410.9 2.23338e-16 0.0265293 -1.83892 -1.45235e-06 3.7169e-19 2.8253e-19 -8.77737e-16 0.0147811 -1.31632 -9.82875e-07 -1.25532e-19 3.60675e-19
28513.1 2.55786e-15 0.0266247 -1.83892 -1.45757e-06 5.82952e-19 -4.29536e-19 -4.71526e-16 0.0148342 -1.31632 -9.86413e-07 -4.26414e-20 -1.01378e-18
28615.2 -6.69366e-16 0.0267202 -1.83892 -1.4628e-06 4.27683e-19 5.35435e-20 -1.04517e-15 0.0148874 -1.31633 -9.89951e-07 -1.86739e-19 -4.35553e-20
28717.3 5.0233e-16 0.0268156 -1.83892 -1.46802e-06 4.8771e-19 2.53699e-19 -7.66259e-16 0.0149405 -1.31633 -9.93489e-07 -6.38033e-20 2.68425e-19
28819.5 -3.43608e-16 0.026911 -1.83892 -1.47325e-06 3.6692e-19 5.58677e-20 -7.8723e-16 0.0149937 -1.31633 -9.97027e-07 -1.18787e-19 1.17879e-20
28921.6 1.15442e-15 0.0270065 -1.83892 -1.47847e-06 4.65843e-19 5.68686e-19 -1.7679e-16 0.0150469 -1.31633 -1.00057e-06 3.78165e-20 9.05214e-19
29023.8 6.48196e-17 0.0271019 -1.83892 -1.4837e-06 6.5355e-19 2.09394e-19 -1.466e-15 0.0151 -1.31633 -1.0041e-06 -2.50104e-19 6.16283e-20
29125.9 1.32805e-15 0.0271973 -1.83892 -1.48892e-06 3.89576e-19 3.61493e-19 -6.97777e-16 0.0151532 -1.31633 -1.00764e-06 -5.80676e-20 3.03543e-19
29228.1 6.53449e-16 0.0272927 -1.83892 -1.49415e-06 5.24549e-19 4.59646e-19 -1.08085e-15 0.0152063 -1.31633 -1.01118e-06 -1.38432e-19 6.02828e-19
29330.2 1.38947e-15 0.0273882 -1.83892 -1.49937e-06 7.32155e-19 -2.26105e-19 -7.92527e-16 0.0152595 -1.31633 -1.01472e-06 -8.94241e-20 -6.49391e-19
29432.4 1.15451e-15 0.0274836 -1.83892 -1.5046e-06 5.52203e-19 -5.59172e-19 -3.982e-16 0.0153126 -1.31633 -1.01826e-06 -8.28981e-20 -1.3949e-18
29534.5 1.40452e-15 0.027579 -1.83892 -1.50982e-06 3.17085e-19 -4.04136e-19 -6.79503e-16 0.0153658 -1.31633 -1.02179e-06 -9.21602e-20 -9.92993e-19
29636.7 4.19845e-16 0.0276745 -1.83892 -1.51505e-06 3.85879e-19 -1.6893e-19 -6.75047e-16 0.0154189 -1.31633 -1.02533e-06 -1.38168e-19 -5.32228e-19
29738.8 1.73873e-15 0.0277699 -1.83892 -1.52028e-06 4.14877e-19 5.85035e-19 -3.45181e-16 0.0154721 -1.31633 -1.02887e-06 -9.3e-20 5.77548e-19
29840.9 -1.17127e-16 0.0278653 -1.83892 -1.5255e-06 4.0616e-19 5.6752e-20 -6.26134e-16 0.0155252 -1.31633 -1.03241e-06 -1.05807e-19 2.9794e-20
29943.1 1.13431e-15 0.0279607 -1.83892 -1.53073e-06 5.70534e-19 -2.10354e-19 -7.31546e-16 0.0155784 -1.31633 -1.03595e-06 -9.67742e-20 -5.48339e-19
30045.2 4.11077e-16 0.0280562 -1.83892 -1.53595e-06 5.53523e-19 -3.24135e-19 -8.30887e-16 0.0156316 -1.31633 -1.03949e-06 -1.34977e-19 -8.07398e-19
30147.4 3.05189e-16 0.0281516 -1.83892 -1.54118e-06 5.32728e-19 -2.35535e-19 -6.99366e-16 0.0156847 -1.31633 -1.04302e-06 -1.51157e-19 -6.56323e-19
30249.5 1.08198e-15 0.028247 -1.83892 -1.5464e-06 4.40824e-19 4.60604e-19 -1.94478e-17 0.0157379 -1.31633 -1.04656e-06 8.65807e-20 5.03635e-19
30351.7 8.37226e-16 0.0283425 -1.83892 -1.55163e-06 7.59508e-19 -4.14371e-19 -1.34317e-15 0.015791 -1.31633 -1.0501e-06 -2.10312e-19 -1.10279e-18
30453.8 2.18969e-16 0.0284379 -1.83892 -1.55685e-06 4.98106e-19 3.71869e-19 -7.24755e-16 0.0158442 -1.31633 -1.05364e-06 -9.63583e-20 5.48744e-19
30555.9 1.62667e-15 0.0285333 -1.83892 -1.56208e-06 5.307e-19 4.19313e-19 -2.85169e-16 0.0158973 -1.31633 -1.05718e-06 -2.41195e-20 2.998e-19
30658.1 2.36173e-15 0.0286287 -1.83892 -1.5673e-06 6.90755e-19 -2.88878e-20 -4.3498e-16 0.0159505 -1.31633 -1.06072e-06 -2.9156e-21 -3.18971e-19
30760.2 2.98725e-15 0.0287242 -1.83892 -1.57253e-06 1.06193e-18 -1.76424e-19 -3.64291e-16 0.0160036 -1.31633 -1.06425e-06 2.92571e-20 -6.87588e-19
30862.4 -5.60814e-16 0.0288196 -1.83893 -1.57776e-06 1.76911e-19 -3.50843e-19 -9.27939e-16 0.0160568 -1.31633 -1.06779e-06 -1.85554e-19 -7.33683e-19
30964.5 4.90253e-16 0.028915 -1.83893 -1.58298e-06 3.3965e-19 8.28302e-21 3.73612e-17 0.0161099 -1.31633 -1.07133e-06 4.81994e-21 -1.87358e-19
31066.7 9.56043e-16 0.0290104 -1.83893 -1.58821e-06 5.92545e-19 -2.40465e-19 -7.72021e-16 0.0161631 -1.31633 -1.07487e-06 -1.21174e-19 -3.89982e-19
31168.8 4.56044e-16 0.0291059 -1.83893 -1.59343e-06 4.17519e-19 1.29716e-19 -7.2304e-16 0.0162162 -1.31633 -1.07841e-06 -8.00863e-20 2.34342e-20
31270.9 2.16871e-15 0.0292013 -1.83893 -1.59866e-06 4.12568e-19 -7.0517e-20 1.13345e-16 0.0162694 -1.31633 -1.08195e-06 9.05028e-20 -2.83078e-19
31373.1 1.43996e-15 0.0292967 -1.83893 -1.60388e-06 7.02118e-19 -4.12261e-20 -4.28989e-16 0.0163226 -1.31633 -1.08548e-06 -4.99513e-20 -2.75148e-19
31475.2 2.26443e-16 0.0293922 -1.83893 -1.60911e-06 3.41416e-19 -2.76456e-19 -4.51395e-16 0.0163757 -1.31633 -1.08902e-06 -6.51578e-20 -4.75902e-19
31577.4 2.01584e-15 0.0294876 -1.83893 -1.61433e-06 6.88361e-19 -5.90826e-20 -2.83767e-16 0.0164289 -1.31633 -1.09256e-06 2.04165e-20 -3.67972e-19
31679.5 2.17148e-15 0.029583 -1.83893 -1.61956e-06 1.1061e-18 2.08232e-20 -9.78983e-16 0.016482 -1.31633 -1.0961e-06 -2.14843e-19 -1.99472e-19
31781.6 5.22141e-16 0.0296784 -1.83893 -1.62479e-06 5.08764e-19 -4.05e-19 -7.1723e-16 0.0165352 -1.31633 -1.09964e-06 -1.21551e-19 -1.10792e-18
31883.8 1.24663e-15 0.0297739 -1.83893 -1.63001e-06 5.28842e-19 -1.73866e-19 -2.32443e-16 0.0165883 -1.31633 -1.10318e-06 -2.91046e-20 -5.90907e-19
31985.9 1.8418e-15 0.0298693 -1.83893 -1.63524e-06 7.29736e-19 3.00797e-19 -2.76304e-16 0.0166415 -1.31633 -1.10671e-06 -7.86231e-20 2.22887e-19
32088 1.40303e-15 0.0299647 -1.83893 -1.64046e-06 7.71187e-19 1.20614e-19 -6.5162e-16 0.0166946 -1.31633 -1.11025e-06 -9.5964e-20 -1.11594e-19
32190.2 7.78561e-16 0.0300602 -1.83893 -1.64569e-06 5.99804e-19 3.52954e-20 -6.2293e-16 0.0167478 -1.31633 -1.11379e-06 -1.23147e-19 -6.58664e-20
32292.3 -1.79057e-17 0.0301556 -1.83893 -1.65091e-06 2.32893e-19 2.75369e-19 -9.71125e-16 0.0168009 -1.31633 -1.11733e-06 -1.91399e-19 2.87084e-19
32394.5 7.23691e-16 0.030251 -1.83893 -1.65614e-06 4.34968e-19 -3.01766e-19 -5.11843e-16 0.0168541 -1.31633 -1.12087e-06 -1.24427e-19 -6.93351e-19
32496.6 1.32657e-16 0.0303464 -1.83893 -1.66136e-06 3.5484e-19 3.00001e-20 -7.72726e-16 0.0169072 -1.31634 -1.12441e-06 -1.28006e-19 -3.43884e-19
32598.7 9.51518e-16 0.0304419 -1.83893 -1.66659e-06 6.3028e-19 3.94489e-19 -8.1605e-16 0.0169604 -1.31634 -1.12795e-06 -1.6896e-19 4.26404e-19
32700.9 2.13472e-15 0.0305373 -1.83893 -1.67182e-06 6.67528e-19 1.41085e-19 -4.26931e-16 0.0170135 -1.31634 -1.13148e-06 -6.96098e-20 6.26993e-20
32803 1.90266e-15 0.0306327 -1.83893 -1.67704e-06 7.27496e-19 -2.2418e-19 -6.92609e-16 0.0170667 -1.31634 -1.13502e-06 -1.08096e-19 -6.41546e-19
32905.1 1.5085e-15 0.0307282 -1.83893 -1.68227e-06 5.60503e-19 -2.78074e-20 -4.05313e-16 0.0171198 -1.31634 -1.13856e-06 -2.01627e-20 -3.56891e-19
33007.3 2.28098e-15 0.0308236 -1.83893 -1.68749e-06 8.05349e-19 -3.99249e-19 -5.56206e-16 0.017173 -1.31634 -1.1421e-06 -1.10232e-20 -9.7282e-19
33109.4 6.07956e-16 0.030919 -1.83893 -1.69272e-06 4.83524e-19 1.07322e-20 -9.69824e-16 0.0172261 -1.31634 -1.14564e-06 -1.5531e-19 -3.5814e-19
33211.5 8.92672e-16 0.0310144 -1.83893 -1.69794e-06 3.58194e-19 -2.89093e-19 -2.41743e-16 0.0172793 -1.31634 -1.14918e-06 -7.86329e-20 -7.9395e-19
33313.7 2.82439e-16 0.0311099 -1.83893 -1.70317e-06 4.79077e-19 -4.51003e-19 -1.02031e-15 0.0173325 -1.31634 -1.15272e-06 -1.66999e-19 -1.00791e-18
33415.8 -2.36921e-16 0.0312053 -1.83893 -1.7084e-06 4.20713e-19 -8.68104e-20 -7.47415e-16 0.0173856 -1.31634 -1.15626e-06 -1.60122e-19 -3.57162e-19
33518 1.94941e-15 0.0313007 -1.83893 -1.71362e-06 4.37627e-19 -6.81785e-20 1.93779e-17 0.0174388 -1.31634 -1.15979e-06 1.46628e-20 -3.16678e-19
33620.1 6.58423e-18 0.0313961 -1.83893 -1.71885e-06 3.62798e-19 1.67798e-19 -7.71461e-16 0.0174919 -1.31634 -1.16333e-06 -8.26227e-20 2.30179e-19
33722.2 9.56387e-16 0.0314916 -1.83893 -1.72407e-06 4.29679e-19 -2.10332e-19 -7.55969e-16 0.0175451 -1.31634 -1.16687e-06 -1.00497e-19 -4.54502e-19
33824.4 1.09373e-15 0.031587 -1.83893 -1.7293e-06 6.02647e-19 -4.19522e-19 -7.50776e-16 0.0175982 -1.31634 -1.17041e-06 -6.52984e-20 -9.53909e-19
33926.5 4.40613e-16 0.0316824 -1.83893 -1.73452e-06 5.16488e-19 1.76134e-19 -1.04138e-15 0.0176514 -1.31634 -1.17395e-06 -1.46655e-19 -6.27874e-20
34028.6 6.45255e-16 0.0317779 -1.83893 -1.73975e-06 5.94402e-19 2.60864e-19 -6.7812e-16 0.0177045 -1.31634 -1.17749e-06 -1.11859e-19 2.31386e-19
34130.8 1.73067e-15 0.0318733 -1.83893 -1.74497e-06 5.07987e-19 -2.08394e-19 -1.13708e-16 0.0177577 -1.31634 -1.18103e-06 6.03192e-21 -5.72801e-19
34232.9 -5.13237e-16 0.0319687 -1.83893 -1.7502e-06 2.7094e-19 8.18456e-20 -8.84248e-16 0.0178108 -1.31634 -1.18456e-06 -1.68297e-19 -2.11407e-19
34335 8.74147e-16 0.0320641 -1.83893 -1.75543e-06 6.45413e-19 -3.17862e-20 -1.01538e-15 0.017864 -1.31634 -1.1881e-06 -1.39517e-19 -3.12977e-19
34437.2 1.89146e-15 0.0321596 -1.83894 -1.76065e-06 8.30188e-19 -2.58253e-19 -3.30195e-16 0.0179171 -1.31634 -1.19164e-06 -7.31414e-20 -1.02847e-18
34539.3 1.5461e-15 0.032255 -1.83894 -1.76588e-06 8.56579e-19 -1.93825e-19 -7.15902e-16 0.0179703 -1.31634 -1.19518e-06 -6.95773e-20 -6.98744e-19
34641.4 8.31071e-16 0.0323504 -1.83894 -1.7711e-06 2.57451e-19 9.98333e-20 -5.52417e-16 0.0180234 -1.31634 -1.19872e-06 -7.13985e-20 7.02547e-21
34743.6 2.36286e-15 0.0324459 -1.83894 -1.77633e-06 8.90139e-19 2.92031e-19 -5.04819e-16 0.0180766 -1.31634 -1.20226e-06 -4.45339e-20 3.21351e-19
34845.7 1.18271e-15 0.0325413 -1.83894 -1.78155e-06 6.78327e-19 -4.29291e-20 -4.69021e-16 0.0181297 -1.31634 -1.2058e-06 -6.90896e-20 -2.40697e-19
34947.8 1.80397e-15 0.0326367 -1.83894 -1.78678e-06 7.04899e-19 2.37966e-19 -7.36421e-16 0.0181829 -1.31634 -1.20934e-06 -1.17262e-19 2.51527e-19
35049.9 1.84606e-16 0.0327321 -1.83894 -1.79201e-06 5.07624e-19 -1.5171e-19 -7.28791e-16 0.018236 -1.31634 -1.21288e-06 -1.70519e-19 -3.42887e-19
35152.1 9.94043e-18 0.0328276 -1.83894 -1.79723e-06 3.05843e-19 2.71102e-19 -5.82738e-16 0.0182892 -1.31634 -1.21641e-06 -1.23649e-19 1.90045e-19
35254.2 1.20096e-15 0.032923 -1.83894 -1.80246e-06 5.34404e-19 -2.06891e-19 -4.22758e-16 0.0183423 -1.31634 -1.21995e-06 -4.20343e-20 -4.08964e-19
35356.3 1.77771e-15 0.0330184 -1.83894 -1.80768e-06 6.58649e-19 2.40208e-19 -5.22609e-16 0.0183955 -1.31634 -1.22349e-06 -6.9977e-20 1.10112e-19
35458.5 1.4885e-15 0.0331139 -1.83894 -1.81291e-06 4.78789e-19 1.89236e-19 -5.81559e-16 0.0184486 -1.31634 -1.22703e-06 -3.8845e-20 8.46071e-20
35560.6 8.52689e-16 0.0332093 -1.83894 -1.81813e-06 4.71931e-19 6.48182e-21 -9.21147e-16 0.0185018 -1.31634 -1.23057e-06 -1.18801e-19 -1.80164e-19
35662.7 1.63069e-15 0.0333047 -1.83894 -1.82336e-06 7.93179e-19 -7.48759e-19 -9.33268e-16 0.0185549 -1.31634 -1.23411e-06 -1.10987e-19 -1.40476e-18
35764.9 1.16122e-15 0.0334001 -1.83894 -1.82859e-06 5.60716e-19 -1.27218e-19 -5.87936e-16 0.0186081 -1.31634 -1.23765e-06 -1.28108e-19 -4.46427e-19
35867 1.19948e-15 0.0334956 -1.83894 -1.83381e-06 7.74358e-19 1.52374e-19 -9.45492e-16 0.0186612 -1.31634 -1.24119e-06 -1.90411e-19 4.0234e-20
35969.1 3.34861e-16 0.033591 -1.83894 -1.83904e-06 5.89233e-19 -6.11855e-19 -1.22463e-15 0.0187144 -1.31634 -1.24473e-06 -2.41159e-19 -1.35297e-18
36071.2 9.85263e-16 0.0336864 -1.83894 -1.84426e-06 7.33983e-19 -9.19428e-20 -7.98957e-16 0.0187675 -1.31634 -1.24826e-06 -9.76283e-20 -3.98279e-19
36173.4 1.04372e-15 0.0337818 -1.83894 -1.84949e-06 6.80659e-19 -2.38128e-19 -1.14284e-15 0.0188207 -1.31634 -1.2518e-06 -1.65701e-19 -7.99612e-19
36275.5 3.09032e-15 0.0338773 -1.83894 -1.85472e-06 1.32971e-18 -2.51636e-19 -1.51458e-15 0.0188738 -1.31634 -1.25534e-06 -2.07454e-19 -4.51199e-19
36377.6 1.70157e-15 0.0339727 -1.83894 -1.85994e-06 7.17093e-19 7.07841e-20 -7.53496e-16 0.018927 -1.31634 -1.25888e-06 -1.2358e-19 -1.2315e-19
36479.8 4.88904e-16 0.0340681 -1.83894 -1.86517e-06 4.20508e-19 -4.48232e-19 -1.0299e-15 0.0189801 -1.31635 -1.26242e-06 -1.80938e-19 -1.03195e-18
36581.9 -1.96674e-16 0.0341636 -1.83894 -1.87039e-06 3.54298e-19 -5.05212e-19 -1.32654e-15 0.0190333 -1.31635 -1.26596e-06 -2.42528e-19 -1.02249e-18
36684 1.77587e-15 0.034259 -1.83894 -1.87562e-06 4.98641e-19 1.92749e-19 -1.06647e-16 0.0190864 -1.31635 -1.2695e-06 -1.75788e-20 1.17193e-19
36786.1 6.74599e-16 0.0343544 -1.83894 -1.88084e-06 4.23504e-19 3.94614e-19 -8.26918e-16 0.0191396 -1.31635 -1.27304e-06 -1.1596e-19 5.42625e-19
36888.3 5.39871e-16 0.0344498 -1.83894 -1.88607e-06 3.14706e-19 -2.29867e-19 -9.06466e-16 0.0191927 -1.31635 -1.27658e-06 -1.32078e-19 -5.57096e-19
36990.4 1.05455e-15 0.0345453 -1.83894 -1.8913e-06 8.77413e-19 1.88053e-19 -1.35143e-15 0.0192459 -1.31635 -1.28012e-06 -2.11041e-19 6.19309e-20
37092.5 -6.11082e-16 0.0346407 -1.83894 -1.89652e-06 5.08247e-19 -1.98176e-19 -1.23224e-15 0.019299 -1.31635 -1.28365e-06 -1.65652e-19 -6.69924e-19
37194.7 -8.87275e-17 0.0347361 -1.83894 -1.90175e-06 3.25755e-19 9.87996e-20 -9.37438e-16 0.0193522 -1.31635 -1.28719e-06 -2.23102e-19 -1.17432e-20
37296.8 1.41524e-15 0.0348316 -1.83894 -1.90697e-06 5.26924e-19 3.75767e-20 -7.94205e-16 0.0194053 -1.31635 -1.29073e-06 -5.18533e-20 -2.08101e-19
37398.9 2.0708e-15 0.034927 -1.83894 -1.9122e-06 7.3224e-19 -2.73351e-20 -5.96588e-16 0.0194585 -1.31635 -1.29427e-06 -9.89105e-20 -2.87382e-19
37501 -3.26811e-16 0.0350224 -1.83894 -1.91742e-06 5.41561e-19 2.41512e-19 -1.08252e-15 0.0195116 -1.31635 -1.29781e-06 -1.86142e-19 3.17128e-19
37603.2 1.51344e-15 0.0351178 -1.83894 -1.92265e-06 5.49027e-19 -4.33585e-19 -3.17556e-16 0.0195648 -1.31635 -1.30135e-06 -1.87602e-20 -1.00001e-18
37705.3 9.34644e-16 0.0352133 -1.83894 -1.92788e-06 2.9606e-19 -1.64197e-20 3.85616e-17 0.0196179 -1.31635 -1.30489e-06 5.51362e-20 -1.42005e-19
37807.4 2.12637e-15 0.0353087 -1.83894 -1.9331e-06 8.78464e-19 -5.35885e-19 -1.0628e-15 0.0196711 -1.31635 -1.30843e-06 -1.45627e-19 -1.08708e-18
37909.5 1.87574e-16 0.0354041 -1.83894 -1.93833e-06 2.13797e-19 -3.20836e-19 -1.68198e-16 0.0197242 -1.31635 -1.31197e-06 -1.21675e-20 -7.92446e-19
38011.7 5.8186e-16 0.0354995 -1.83894 -1.94355e-06 6.04281e-19 -2.62588e-19 -1.19122e-15 0.0197774 -1.31635 -1.31551e-06 -2.0875e-19 -6.36311e-19
38113.8 4.1674e-16 0.035595 -1.83895 -1.94878e-06 5.97087e-19 -3.19106e-19 -7.96633e-16 0.0198305 -1.31635 -1.31905e-06 -1.2851e-19 -7.35754e-19
38215.9 1.00466e-15 0.0356904 -1.83895 -1.95401e-06 5.00239e-19 -1.32631e-20 -4.71765e-16 0.0198837 -1.31635 -1.32259e-06 -4.77394e-20 -4.72508e-20
38318 6.1738e-16 0.0357858 -1.83895 -1.95923e-06 3.60175e-19 -6.08333e-20 -5.43199e-16 0.0199368 -1.31635 -1.32612e-06 -1.28605e-19 -3.49305e-19
38420.2 9.47314e-16 0.0358813 -1.83895 -1.96446e-06 6.25682e-19 -2.77364e-20 -5.9855e-16 0.01999 -1.31635 -1.32966e-06 -8.61183e-20 -3.44238e-19
38522.3 1.70987e-15 0.0359767 -1.83895 -1.96968e-06 6.5609e-19 -1.74096e-19 -7.71278e-16 0.0200431 -1.31635 -1.3332e-06 -9.06291e-20 -4.8152e-19
38624.4 4.35773e-16 0.0360721 -1.83895 -1.97491e-06 4.63123e-19 -7.28973e-20 -8.85935e-16 0.0200963 -1.31635 -1.33674e-06 -2.00284e-19 -2.60027e-19
38726.5 -2.61729e-16 0.0361675 -1.83895 -1.98014e-06 2.41717e-19 -2.11599e-19 -6.56503e-16 0.0201494 -1.31635 -1.34028e-06 -1.43299e-19 -6.2347e-19
38828.7 1.53369e-15 0.036263 -1.83895 -1.98536e-06 1.24857e-18 -1.704e-20 -1.13476e-15 0.0202026 -1.31635 -1.34382e-06 -2.39743e-19 -2.73062e-19
38930.8 4.50784e-16 0.0363584 -1.83895 -1.99059e-06 3.0578e-19 5.64247e-22 -4.7356e-16 0.0202557 -1.31635 -1.34736e-06 -5.86512e-20 -2.23283e-19
39032.9 8.38676e-16 0.0364538 -1.83895 -1.99581e-06 3.62671e-19 -2.21414e-19 -2.94474e-16 0.0203089 -1.31635 -1.3509e-06 -4.12433e-20 -5.66849e-19
39135 -8.60687e-16 0.0365493 -1.83895 -2.00104e-06 3.19796e-19 -1.92683e-19 -7.12112e-16 0.020362 -1.31635 -1.35444e-06 -1.05617e-19 -5.69439e-19
39237.1 2.85984e-16 0.0366447 -1.83895 -2.00626e-06 6.81178e-19 2.33295e-20 -1.08747e-15 0.0204152 -1.31635 -1.35798e-06 -2.29456e-19 -1.612e-19
39339.3 7.08431e-16 0.0367401 -1.83895 -2.01149e-06 5.65208e-19 1.29748e-19 -5.98398e-16 0.0204683 -1.31635 -1.36152e-06 -1.2763e-19 1.91863e-19
39441.4 9.66834e-17 0.0368355 -1.83895 -2.01672e-06 5.43731e-19 -2.14591e-19 -1.09951e-15 0.0205215 -1.31635 -1.36506e-06 -2.28063e-19 -4.22556e-19
39543.5 1.21598e-15 0.036931 -1.83895 -2.02194e-06 6.45443e-19 -3.51334e-20 -7.08807e-16 0.0205746 -1.31635 -1.3686e-06 -1.11163e-19 -2.906e-19
39645.6 4.93506e-16 0.0370264 -1.83895 -2.02717e-06 5.22871e-19 1.7271e-20 -7.24305e-16 0.0206278 -1.31635 -1.37213e-06 -1.73404e-19 -6.6516e-20
39747.8 7.28228e-16 0.0371218 -1.83895 -2.03239e-06 4.82544e-19 -1.5396e-19 -8.16589e-16 0.0206809 -1.31635 -1.37567e-06 -1.61347e-19 -4.52895e-19
39849.9 9.96918e-16 0.0372172 -1.83895 -2.03762e-06 4.07706e-19 2.39761e-19 -9.26738e-17 0.0207341 -1.31635 -1.37921e-06 6.09973e-21 -1.49568e-20
39952 1.78469e-15 0.0373127 -1.83895 -2.04285e-06 5.38913e-19 -2.06664e-19 -1.64565e-16 0.0207872 -1.31635 -1.38275e-06 1.0165e-21 -5.66193e-19
40054.1 1.90532e-15 0.0374081 -1.83895 -2.04807e-06 4.56213e-19 7.36451e-20 -2.33409e-16 0.0208404 -1.31635 -1.38629e-06 2.24068e-20 -9.92612e-20
40156.2 8.01734e-16 0.0375035 -1.83895 -2.0533e-06 4.61538e-19 -1.18188e-19 -7.83119e-16 0.0208935 -1.31635 -1.38983e-06 -1.66496e-19 -2.71121e-19
40258.4 1.5822e-15 0.037599 -1.83895 -2.05852e-06 6.16325e-19 -1.11484e-19 -5.6575e-16 0.0209466 -1.31635 -1.39337e-06 -9.94647e-20 -3.63172e-19
40360.5 5.85418e-16 0.0376944 -1.83895 -2.06375e-06 5.22458e-19 -2.3682e-19 -5.87646e-16 0.0209998 -1.31635 -1.39691e-06 -1.28462e-19 -4.26896e-19
40462.6 2.28024e-15 0.0377898 -1.83895 -2.06898e-06 5.67784e-19 -1.80792e-19 -2.98734e-16 0.0210529 -1.31636 -1.40045e-06 2.518e-20 -5.12798e-19
40564.7 1.12257e-15 0.0378852 -1.83895 -2.0742e-06 4.2954e-19 9.22668e-20 -5.61328e-16 0.0211061 -1.31636 -1.40399e-06 1.54061e-20 -1.58167e-19
40666.8 2.25283e-15 0.0379807 -1.83895 -2.07943e-06 9.64147e-19 -3.71404e-19 -7.03233e-16 0.0211592 -1.31636 -1.40753e-06 -5.89869e-20 -7.84625e-19
40769 2.35731e-15 0.0380761 -1.83895 -2.08465e-06 1.03307e-18 3.20476e-19 -7.30664e-16 0.0212124 -1.31636 -1.41107e-06 -9.88185e-20 1.7852e-19
40871.1 5.18825e-16 0.0381715 -1.83895 -2.08988e-06 5.59669e-19 2.50015e-19 -1.04151e-15 0.0212655 -1.31636 -1.41461e-06 -1.72782e-19 1.57797e-19
40973.2 5.08895e-16 0.038267 -1.83895 -2.09511e-06 5.5775e-19 1.42038e-19 -9.18911e-16 0.0213187 -1.31636 -1.41815e-06 -1.67059e-19 -2.17434e-19
41075.3 9.30385e-16 0.0383624 -1.83895 -2.10033e-06 4.75913e-19 -7.04984e-20 -1.76866e-16 0.0213718 -1.31636 -1.42169e-06 -1.64674e-20 -3.43585e-19
41177.4 1.71995e-15 0.0384578 -1.83895 -2.10556e-06 3.94727e-19 3.39855e-19 -3.59278e-17 0.021425 -1.31636 -1.42523e-06 2.97601e-20 5.35296e-19
41279.6 8.74582e-16 0.0385532 -1.83895 -2.11078e-06 1.61956e-19 1.33403e-19 -2.23588e-16 0.0214781 -1.31636 -1.42877e-06 -2.39633e-21 -1.81641e-19
41381.7 3.43733e-16 0.0386487 -1.83895 -2.11601e-06 5.4843e-19 8.15439e-19 -1.06534e-15 0.0215313 -1.31636 -1.4323e-06 -2.19167e-19 1.12561e-18
41483.8 4.79456e-17 0.0387441 -1.83895 -2.12124e-06 3.16954e-19 5.68818e-20 -4.19136e-16 0.0215844 -1.31636 -1.43584e-06 -9.0485e-20 -1.3955e-19
41585.9 -1.55856e-15 0.0388395 -1.83895 -2.12646e-06 1.94914e-19 -2.98584e-19 -1.1794e-15 0.0216376 -1.31636 -1.43938e-06 -2.20563e-19 -6.48581e-19
41688 2.26747e-15 0.0389349 -1.83895 -2.13169e-06 7.68825e-19 -2.54886e-19 -5.10625e-16 0.0216907 -1.31636 -1.44292e-06 -9.82679e-20 -8.20307e-19
41790.2 2.00159e-15 0.0390304 -1.83896 -2.13691e-06 7.78308e-19 -1.03902e-19 -2.80491e-16 0.0217439 -1.31636 -1.44646e-06 2.53778e-20 -3.84408e-19
41892.3 5.05424e-16 0.0391258 -1.83896 -2.14214e-06 6.47527e-19 -7.71678e-20 -1.06932e-15 0.021797 -1.31636 -1.45e-06 -2.19764e-19 -2.21512e-19
41994.4 8.09555e-16 0.0392212 -1.83896 -2.14737e-06 4.88257e-19 3.51639e-19 -3.94277e-16 0.0218502 -1.31636 -1.45354e-06 -5.31595e-20 5.72764e-19
42096.5 -1.68509e-16 0.0393167 -1.83896 -2.15259e-06 4.36341e-19 2.79704e-19 -4.61498e-16 0.0219033 -1.31636 -1.45708e-06 -7.28807e-20 2.61564e-19
42198.6 1.85654e-15 0.0394121 -1.83896 -2.15782e-06 5.36747e-19 -1.13842e-19 -3.49692e-17 0.0219565 -1.31636 -1.46062e-06 2.96322e-20 -6.26184e-19
42300.7 1.74261e-15 0.0395075 -1.83896 -2.16304e-06 4.8998e-19 -3.24176e-19 -2.10257e-16 0.0220096 -1.31636 -1.46416e-06 1.90653e-20 -7.73452e-19
42402.9 1.35962e-15 0.0396029 -1.83896 -2.16827e-06 6.5045e-19 5.10363e-19 -6.55312e-16 0.0220627 -1.31636 -1.4677e-06 -9.57354e-20 4.74819e-19
42505 1.79298e-15 0.0396984 -1.83896 -2.1735e-06 7.45251e-19 2.26213e-19 -1.07574e-15 0.0221159 -1.31636 -1.47124e-06 -1.36441e-19 2.33156e-19
42607.1 1.49335e-15 0.0397938 -1.83896 -2.17872e-06 5.88122e-19 1.15502e-19 -1.29527e-16 0.022169 -1.31636 -1.47478e-06 2.16668e-20 -2.92031e-19
42709.2 -5.43901e-16 0.0398892 -1.83896 -2.18395e-06 2.60997e-19 -2.61862e-19 -7.76406e-16 0.0222222 -1.31636 -1.47832e-06 -1.10066e-19 -6.325e-19
42811.3 1.63279e-15 0.0399846 -1.83896 -2.18917e-06 3.52214e-19 -1.32732e-19 2.05354e-16 0.0222753 -1.31636 -1.48186e-06 1.39117e-19 -2.25668e-19
42913.4 7.25814e-16 0.0400801 -1.83896 -2.1944e-06 5.25057e-19 -2.59484e-19 -9.29515e-16 0.0223285 -1.31636 -1.4854e-06 -1.05298e-19 -7.87138e-19
43015.6 1.18001e-15 0.0401755 -1.83896 -2.19963e-06 5.86529e-19 -1.30289e-19 -6.11038e-16 0.0223816 -1.31636 -1.48894e-06 -1.2075e-19 -4.30525e-19
43117.7 2.08458e-15 0.0402709 -1.83896 -2.20485e-06 6.5483e-19 -7.63943e-20 2.99858e-17 0.0224348 -1.31636 -1.49248e-06 3.49311e-20 -2.46044e-19
43219.8 1.7504e-15 0.0403664 -1.83896 -2.21008e-06 5.21592e-19 -2.85289e-19 -2.90044e-16 0.0224879 -1.31636 -1.49602e-06 -4.37214e-20 -6.44092e-19
43321.9 1.82655e-15 0.0404618 -1.83896 -2.2153e-06 7.76449e-19 2.2186e-19 -6.22053e-16 0.0225411 -1.31636 -1.49956e-06 -4.60003e-20 -2.2792e-20
43424 1.78427e-15 0.0405572 -1.83896 -2.22053e-06 6.23567e-19 1.65696e-19 -9.06973e-16 0.0225942 -1.31636 -1.5031e-06 -1.28321e-19 8.15877e-20
43526.1 6.71343e-16 0.0406526 -1.83896 -2.22576e-06 5.22065e-19 2.59864e-19 -6.80918e-16 0.0226474 -1.31636 -1.50664e-06 -1.4137e-19 2.71153e-19
43628.3 1.05529e-15 0.0407481 -1.83896 -2.23098e-06 5.5505e-19 -1.87277e-19 -6.26028e-16 0.0227005 -1.31636 -1.51018e-06 -7.08758e-20 -6.49e-19
43730.4 8.32473e-16 0.0408435 -1.83896 -2.23621e-06 6.88217e-19 4.99141e-20 -1.01207e-15 0.0227537 -1.31636 -1.51372e-06 -1.26777e-19 -1.17769e-19
43832.5 -6.8627e-17 0.0409389 -1.83896 -2.24144e-06 2.66949e-19 -3.3237e-19 -4.14694e-16 0.0228068 -1.31636 -1.51726e-06 -7.39074e-20 -8.60132e-19
43934.6 6.52758e-16 0.0410344 -1.83896 -2.24666e-06 6.02535e-19 2.272e-19 -7.16274e-16 0.0228599 -1.31636 -1.52079e-06 -1.32675e-19 2.60514e-19
44036.7 1.11687e-15 0.0411298 -1.83896 -2.25189e-06 4.06962e-19 -2.07367e-19 -2.53873e-16 0.0229131 -1.31636 -1.52433e-06 1.47532e-20 -7.41735e-19
44138.8 8.44056e-17 0.0412252 -1.83896 -2.25711e-06 3.16968e-19 -2.8127e-19 -5.38537e-16 0.0229662 -1.31636 -1.52787e-06 -5.88862e-20 -8.21131e-19
44240.9 2.97284e-16 0.0413206 -1.83896 -2.26234e-06 1.87588e-19 -3.87758e-20 -3.57813e-16 0.0230194 -1.31636 -1.53141e-06 -3.13861e-20 -3.39506e-19
44343.1 1.18116e-15 0.0414161 -1.83896 -2.26757e-06 4.91841e-19 -2.87156e-19 -1.65115e-16 0.0230725 -1.31636 -1.53495e-06 1.01631e-20 -6.65492e-19
44445.2 1.46267e-16 0.0415115 -1.83896 -2.27279e-06 6.75895e-19 2.53534e-19 -9.03567e-16 0.0231257 -1.31636 -1.53849e-06 -2.00055e-19 2.28601e-19
44547.3 1.48927e-15 0.0416069 -1.83896 -2.27802e-06 7.05711e-19 -2.71496e-19 -7.50648e-16 0.0231788 -1.31637 -1.54203e-06 -1.27212e-19 -5.82281e-19
44649.4 7.31756e-16 0.0417023 -1.83896 -2.28324e-06 5.9891e-19 -4.54673e-19 -9.41731e-16 0.023232 -1.31637 -1.54557e-06 -9.76069e-20 -1.09669e-18
44751.5 1.48542e-15 0.0417978 -1.83896 -2.28847e-06 4.686e-19 -1.9817e-19 -3.06417e-16 0.0232851 -1.31637 -1.54911e-06 9.39315e-22 -6.00485e-19
44853.6 1.45478e-15 0.0418932 -1.83896 -2.2937e-06 6.39564e-19 1.55809e-19 -4.19278e-16 0.0233383 -1.31637 -1.55265e-06 -6.25175e-20 2.98818e-19
44955.7 2.69659e-16 0.0419886 -1.83896 -2.29892e-06 4.07242e-19 5.6914e-19 -8.23953e-16 0.0233914 -1.31637 -1.55619e-06 -1.76139e-19 8.62214e-19
45057.8 1.458e-15 0.0420841 -1.83896 -2.30415e-06 7.43088e-19 1.29721e-19 -6.04364e-16 0.0234446 -1.31637 -1.55973e-06 -9.19605e-20 9.90656e-20
45160 -1.41917e-16 0.0421795 -1.83896 -2.30937e-06 1.51592e-19 3.57988e-19 -5.78136e-16 0.0234977 -1.31637 -1.56327e-06 -1.03134e-19 3.41557e-19
45262.1 1.34417e-15 0.0422749 -1.83896 -2.3146e-06 6.0488e-19 3.84042e-20 -5.83771e-16 0.0235508 -1.31637 -1.56681e-06 -4.82966e-20 -1.77052e-19
45364.2 2.42317e-15 0.0423703 -1.83896 -2.31983e-06 7.61759e-19 -4.03716e-19 -8.9228e-17 0.023604 -1.31637 -1.57035e-06 6.19188e-20 -1.06404e-18
45466.3 -1.12659e-16 0.0424658 -1.83897 -2.32505e-06 4.37245e-19 -2.69184e-19 -5.26629e-16 0.0236571 -1.31637 -1.57389e-06 -1.43291e-19 -7.11168e-19
45568.4 2.7983e-16 0.0425612 -1.83897 -2.33028e-06 2.41688e-19 3.3532e-20 -4.98552e-16 0.0237103 -1.31637 -1.57743e-06 -7.21194e-20 -3.22877e-19
45670.5 6.42917e-16 0.0426566 -1.83897 -2.33551e-06 3.45096e-19 2.02137e-19 -4.68833e-16 0.0237634 -1.31637 -1.58097e-06 -3.98098e-20 1.65969e-19
45772.6 -1.87269e-16 0.042752 -1.83897 -2.34073e-06 4.13518e-19 3.75656e-19 -7.75834e-16 0.0238166 -1.31637 -1.58451e-06 -1.4022e-19 2.8391e-19
45874.7 1.46088e-16 0.0428475 -1.83897 -2.34596e-06 3.63252e-19 -1.62111e-19 -6.42723e-16 0.0238697 -1.31637 -1.58805e-06 -1.52919e-19 -5.49332e-19
45976.9 4.26927e-16 0.0429429 -1.83897 -2.35118e-06 2.60598e-21 2.5349e-21 2.42114e-16 0.0239229 -1.31637 -1.59159e-06 6.82567e-20 -1.74418e-19
46079 3.84407e-17 0.0430383 -1.83897 -2.35641e-06 3.55341e-19 3.90591e-19 -1.08373e-15 0.023976 -1.31637 -1.59513e-06 -1.40829e-19 6.79453e-19
46181.1 1.55929e-15 0.0431338 -1.83897 -2.36164e-06 4.93604e-19 8.04341e-20 -2.52362e-16 0.0240292 -1.31637 -1.59867e-06 -2.29941e-20 5.81981e-20
46283.2 6.12624e-16 0.0432292 -1.83897 -2.36686e-06 4.19326e-19 3.38556e-19 -8.01277e-16 0.0240823 -1.31637 -1.60221e-06 -1.39548e-19 4.17383e-19
46385.3 6.65169e-16 0.0433246 -1.83897 -2.37209e-06 4.40948e-19 -2.17501e-19 -3.58182e-16 0.0241354 -1.31637 -1.60575e-06 -4.58497e-20 -6.02992e-19
46487.4 2.15363e-15 0.04342 -1.83897 -2.37732e-06 6.42371e-19 1.36412e-19 -4.69879e-16 0.0241886 -1.31637 -1.60929e-06 -2.55089e-20 3.53064e-20
46589.5 -4.4396e-16 0.0435155 -1.83897 -2.38254e-06 1.45949e-19 -1.16293e-20 -1.56557e-16 0.0242417 -1.31637 -1.61283e-06 -4.92176e-20 -1.93077e-19
46691.6 9.95579e-16 0.0436109 -1.83897 -2.38777e-06 3.36896e-19 -1.49336e-19 -7.89255e-16 0.0242949 -1.31637 -1.61637e-06 -1.20391e-19 -5.7945e-19
46793.7 2.19188e-15 0.0437063 -1.83897 -2.39299e-06 6.4124e-19 9.61266e-20 -1.26456e-16 0.024348 -1.31637 -1.61991e-06 3.56084e-20 -2.42195e-19
46895.9 7.2231e-16 0.0438018 -1.83897 -2.39822e-06 5.81114e-19 2.31488e-19 -7.56075e-16 0.0244012 -1.31637 -1.62345e-06 -1.34406e-19 1.91118e-19
46998 2.54309e-15 0.0438972 -1.83897 -2.40345e-06 1.03689e-18 5.02107e-19 -6.55271e-16 0.0244543 -1.31637 -1.62699e-06 -3.61206e-20 6.5994e-19
47100.1 2.05006e-15 0.0439926 -1.83897 -2.40867e-06 6.48259e-19 1.95105e-19 -4.77894e-16 0.0245075 -1.31637 -1.63053e-06 -7.5512e-20 1.39988e-19
47202.2 1.52388e-15 0.044088 -1.83897 -2.4139e-06 8.42261e-19 1.17497e-19 -1.00067e-15 0.0245606 -1.31637 -1.63407e-06 -1.64572e-19 7.71065e-21
47304.3 -9.9236e-17 0.0441835 -1.83897 -2.41912e-06 2.60634e-19 5.15382e-19 -5.35347e-16 0.0246137 -1.31637 -1.63761e-06 -6.64705e-20 6.91947e-19
47406.4 1.85186e-15 0.0442789 -1.83897 -2.42435e-06 6.77293e-19 1.62239e-19 -7.30734e-16 0.0246669 -1.31637 -1.64115e-06 -7.39739e-20 2.80514e-20
47508.5 1.79379e-15 0.0443743 -1.83897 -2.42958e-06 9.09731e-19 -1.49675e-19 -6.11527e-16 0.02472 -1.31637 -1.64469e-06 -1.17305e-19 -4.45017e-19
47610.6 -9.18819e-17 0.0444697 -1.83897 -2.4348e-06 5.08306e-19 -3.19834e-19 -1.03169e-15 0.0247732 -1.31637 -1.64823e-06 -1.98757e-19 -9.2077e-19
47712.7 5.47116e-16 0.0445652 -1.83897 -2.44003e-06 3.58265e-19 -1.35538e-19 -6.46083e-16 0.0248263 -1.31637 -1.65177e-06 -1.57309e-19 -4.89993e-19
47814.8 1.46532e-16 0.0446606 -1.83897 -2.44526e-06 5.00915e-19 -2.46575e-19 -5.28972e-16 0.0248795 -1.31637 -1.65531e-06 -1.2125e-19 -6.62612e-19
47916.9 5.74625e-16 0.044756 -1.83897 -2.45048e-06 2.02388e-19 3.33279e-19 -5.65001e-16 0.0249326 -1.31637 -1.65885e-06 -1.00915e-19 1.54665e-20
48019.1 1.24117e-15 0.0448515 -1.83897 -2.45571e-06 3.89514e-19 -3.67e-20 -1.11572e-16 0.0249858 -1.31637 -1.66239e-06 2.00543e-20 -2.90968e-19
48121.2 5.48932e-17 0.0449469 -1.83897 -2.46093e-06 5.4453e-19 1.68738e-19 -7.7719e-16 0.0250389 -1.31637 -1.66593e-06 -1.94031e-19 -5.45198e-20
48223.3 8.10823e-17 0.0450423 -1.83897 -2.46616e-06 3.41726e-19 1.89865e-19 -5.56287e-16 0.025092 -1.31637 -1.66947e-06 -8.59379e-20 4.366e-20
48325.4 -1.15786e-16 0.0451377 -1.83897 -2.47139e-06 5.82356e-19 4.21387e-19 -1.20387e-15 0.0251452 -1.31637 -1.67301e-06 -2.19248e-19 6.11982e-19
48427.5 1.24971e-15 0.0452332 -1.83897 -2.47661e-06 5.61122e-19 1.07452e-19 -4.25164e-16 0.0251983 -1.31637 -1.67655e-06 -7.68718e-20 1.93915e-19
48529.6 1.81042e-15 0.0453286 -1.83897 -2.48184e-06 6.98237e-19 7.25147e-20 -5.4157e-16 0.0252515 -1.31638 -1.68009e-06 -3.79321e-20 -1.60995e-19
48631.7 8.5601e-16 0.045424 -1.83897 -2.48707e-06 7.02267e-19 9.77802e-20 -8.6891e-16 0.0253046 -1.31638 -1.68363e-06 -1.64754e-19 -1.49609e-19
48733.8 1.25692e-15 0.0455194 -1.83897 -2.49229e-06 6.18084e-19 -7.42292e-20 -4.50801e-16 0.0253578 -1.31638 -1.68717e-06 -7.27175e-20 -2.31178e-19
48835.9 6.51398e-16 0.0456149 -1.83897 -2.49752e-06 6.34362e-19 -4.9254e-19 -6.59279e-16 0.0254109 -1.31638 -1.69071e-06 -9.99422e-20 -1.16318e-18
48938 -1.8579e-17 0.0457103 -1.83897 -2.50274e-06 4.98541e-19 -2.66019e-20 -6.51454e-16 0.0254641 -1.31638 -1.69425e-06 -1.34313e-19 -3.20466e-19
49040.1 3.90607e-15 0.0458057 -1.83897 -2.50797e-06 1.17709e-18 -1.19697e-19 -9.0295e-16 0.0255172 -1.31638 -1.69779e-06 -8.81639e-20 -5.88932e-19
49142.2 3.84176e-16 0.0459012 -1.83897 -2.5132e-06 3.32691e-19 -6.78025e-20 -6.03602e-16 0.0255703 -1.31638 -1.70133e-06 -1.04963e-19 -3.69711e-19
49244.3 1.39845e-15 0.0459966 -1.83898 -2.51842e-06 7.07623e-19 5.66737e-19 -6.50874e-16 0.0256235 -1.31638 -1.70487e-06 -1.53031e-19 7.76195e-19
49346.4 1.24311e-15 0.046092 -1.83898 -2.52365e-06 3.93354e-19 -2.90356e-20 3.2733e-17 0.0256766 -1.31638 -1.70841e-06 -1.56176e-20 -2.47016e-19
49448.6 4.86393e-16 0.0461874 -1.83898 -2.52888e-06 3.90015e-19 -9.83574e-20 -3.64246e-16 0.0257298 -1.31638 -1.71195e-06 -4.50503e-20 -5.38856e-20
49550.7 1.26057e-15 0.0462829 -1.83898 -2.5341e-06 3.63235e-19 -2.00923e-19 1.25862e-16 0.0257829 -1.31638 -1.71549e-06 1.74539e-21 -6.09344e-19
49652.8 1.02354e-15 0.0463783 -1.83898 -2.53933e-06 4.29404e-19 1.09321e-19 -5.1136e-16 0.0258361 -1.31638 -1.71903e-06 -1.06144e-19 1.38547e-19
49754.9 1.27404e-17 0.0464737 -1.83898 -2.54455e-06 5.59744e-19 -8.41707e-21 -8.61773e-16 0.0258892 -1.31638 -1.72257e-06 -1.94867e-19 -3.11422e-19
49857 9.19904e-16 0.0465691 -1.83898 -2.54978e-06 5.05635e-19 2.14869e-19 -7.12805e-16 0.0259424 -1.31638 -1.72611e-06 -1.32273e-19 2.83152e-19
49959.1 1.4448e-15 0.0466646 -1.83898 -2.55501e-06 8.19129e-19 6.27128e-19 -1.06778e-15 0.0259955 -1.31638 -1.72965e-06 -1.27582e-19 8.71895e-19
50061.2 -2.55233e-17 0.04676 -1.83898 -2.56023e-06 4.69846e-19 1.92842e-19 -9.09682e-16 0.0260486 -1.31638 -1.73319e-06 -1.99971e-19 2.35568e-19
50163.3 -1.08591e-15 0.0468554 -1.83898 -2.56546e-06 7.16792e-20 -1.1302e-19 -9.53245e-16 0.0261018 -1.31638 -1.73673e-06 -2.04628e-19 -4.51564e-19
50265.4 6.31782e-16 0.0469509 -1.83898 -2.57069e-06 3.09997e-19 1.5002e-19 -2.89567e-16 0.0261549 -1.31638 -1.74027e-06 -1.15536e-19 1.5929e-20
50367.5 1.19589e-15 0.0470463 -1.83898 -2.57591e-06 6.31596e-19 9.97746e-20 -5.0198e-16 0.0262081 -1.31638 -1.74381e-06 -1.21976e-19 -8.1127e-20
50469.6 8.04487e-16 0.0471417 -1.83898 -2.58114e-06 5.71473e-19 -2.86974e-19 -8.43843e-16 0.0262612 -1.31638 -1.74735e-06 -1.24338e-19 -8.28695e-19
50571.7 -4.83735e-16 0.0472371 -1.83898 -2.58637e-06 2.87605e-19 3.12838e-19 -1.044e-15 0.0263144 -1.31638 -1.75089e-06 -1.76356e-19 4.80439e-20
50673.8 2.07684e-15 0.0473326 -1.83898 -2.59159e-06 5.71483e-19 5.59632e-19 -5.81577e-16 0.0263675 -1.31638 -1.75443e-06 -1.10852e-19 5.3203e-19
50775.9 1.93637e-16 0.047428 -1.83898 -2.59682e-06 6.85219e-19 -6.15085e-19 -1.4497e-15 0.0264206 -1.31638 -1.75797e-06 -2.46698e-19 -1.31316e-18
50878 2.00701e-15 0.0475234 -1.83898 -2.60204e-06 7.16924e-19 4.39657e-19 -6.82144e-16 0.0264738 -1.31638 -1.76151e-06 -1.23091e-19 4.87446e-19
50980.1 3.31293e-16 0.0476188 -1.83898 -2.60727e-06 6.86197e-19 5.80649e-19 -8.91023e-16 0.0265269 -1.31638 -1.76505e-06 -2.24441e-19 7.60898e-19
51082.2 8.37077e-16 0.0477143 -1.83898 -2.6125e-06 4.61161e-19 1.82675e-19 -5.56037e-16 0.0265801 -1.31638 -1.76859e-06 -9.02168e-20 -7.84364e-20
