102.077 7.73403e+06 -1.14652 -352.688 -169.848 -308602 3426.27 -7.73403e+06 1.14652 352.688 169.848 3.37699e+06 -13401
204.451 7.73403e+06 -2.30248 -352.688 -339.569 -308602 6881.89 -7.73403e+06 2.30248 352.688 339.569 3.37699e+06 -26913.4
306.713 7.73403e+06 -3.45035 -352.688 -509.389 -308602 10312.2 -7.73403e+06 3.45035 352.688 509.389 3.37698e+06 -40330.3
408.969 7.73403e+06 -4.59762 -352.688 -679.216 -308602 13740.7 -7.73403e+06 4.59762 352.688 679.216 3.37698e+06 -53740
511.224 7.73403e+06 -5.7449 -352.687 -849.042 -308601 17169.1 -7.73403e+06 5.7449 352.687 849.042 3.37698e+06 -67149.8
613.48 7.73403e+06 -6.89218 -352.687 -1018.87 -308601 20597.6 -7.73403e+06 6.89218 352.687 1018.87 3.37698e+06 -80559.6
715.734 7.73403e+06 -8.03947 -352.687 -1188.7 -308601 24026.1 -7.73403e+06 8.03947 352.687 1188.7 3.37698e+06 -93969.5
817.989 7.73403e+06 -9.18675 -352.687 -1358.52 -308601 27454.6 -7.73403e+06 9.18675 352.687 1358.52 3.37698e+06 -107379
920.242 7.73403e+06 -10.334 -352.687 -1528.35 -308601 30883.1 -7.73403e+06 10.334 352.687 1528.35 3.37698e+06 -120789
1022.5 7.73403e+06 -11.4813 -352.687 -1698.18 -308601 34311.5 -7.73403e+06 11.4813 352.687 1698.18 3.37697e+06 -134199
1124.75 7.73403e+06 -12.6286 -352.687 -1868 -308601 37740 -7.73403e+06 12.6286 352.687 1868 3.37697e+06 -147609
1227 7.73403e+06 -13.7759 -352.686 -2037.83 -308601 41168.5 -7.73403e+06 13.7759 352.686 2037.83 3.37697e+06 -161019
1329.25 7.73403e+06 -14.9232 -352.686 -2207.66 -308600 44597 -7.73403e+06 14.9232 352.686 2207.66 3.37697e+06 -174428
1431.51 7.73403e+06 -16.0704 -352.686 -2377.48 -308600 48025.4 -7.73403e+06 16.0704 352.686 2377.48 3.37697e+06 -187838
1533.76 7.73403e+06 -17.2177 -352.686 -2547.31 -308600 51453.9 -7.73403e+06 17.2177 352.686 2547.31 3.37697e+06 -201248
1636.01 7.73403e+06 -18.365 -352.686 -2717.14 -308600 54882.4 -7.73403e+06 18.365 352.686 2717.14 3.37697e+06 -214658
1738.26 7.73403e+06 -19.5123 -352.686 -2886.96 -308600 58310.9 -7.73403e+06 19.5123 352.686 2886.96 3.37697e+06 -228068
1840.51 7.73403e+06 -20.6596 -352.686 -3056.79 -308600 61739.3 -7.73403e+06 20.6596 352.686 3056.79 3.37696e+06 -241478
1942.76 7.73403e+06 -21.8068 -352.685 -3226.62 -308600 65167.8 -7.73403e+06 21.8068 352.685 3226.62 3.37696e+06 -254887
2045.01 7.73403e+06 -22.9541 -352.685 -3396.45 -308600 68596.3 -7.73403e+06 22.9541 352.685 3396.45 3.37696e+06 -268297
2147.25 7.73403e+06 -24.1014 -352.685 -3566.29 -308600 72024.8 -7.73403e+06 24.1014 352.685 3566.29 3.37696e+06 -281707
2249.5 7.73403e+06 -25.2487 -352.685 -3736.13 -308599 75453.3 -7.73403e+06 25.2487 352.685 3736.13 3.37696e+06 -295117
2351.75 7.73403e+06 -26.396 -352.685 -3905.96 -308599 78881.8 -7.73403e+06 26.396 352.685 3905.96 3.37696e+06 -308527
2454 7.73403e+06 -27.5433 -352.685 -4075.8 -308599 82310.3 -7.73403e+06 27.5433 352.685 4075.8 3.37696e+06 -321937
2556.24 7.73403e+06 -28.6906 -352.685 -4245.65 -308599 85738.8 -7.73403e+06 28.6906 352.685 4245.65 3.37696e+06 -335347
2658.49 7.73403e+06 -29.8379 -352.684 -4415.5 -308599 89167.3 -7.73403e+06 29.8379 352.684 4415.5 3.37695e+06 -348757
2760.73 7.73403e+06 -30.9852 -352.684 -4585.35 -308599 92595.9 -7.73403e+06 30.9852 352.684 4585.35 3.37695e+06 -362167
2862.98 7.73403e+06 -32.1325 -352.684 -4755.2 -308599 96024.4 -7.73403e+06 32.1325 352.684 4755.2 3.37695e+06 -375577
2965.22 7.73403e+06 -33.2798 -352.684 -4925.05 -308599 99452.9 -7.73403e+06 33.2798 352.684 4925.05 3.37695e+06 -388987
3067.47 7.73403e+06 -34.4271 -352.684 -5094.91 -308598 102881 -7.73403e+06 34.4271 352.684 5094.91 3.37695e+06 -402397
3169.71 7.73403e+06 -35.5744 -352.684 -5264.76 -308598 106310 -7.73403e+06 35.5744 352.684 5264.76 3.37695e+06 -415807
3271.95 7.73403e+06 -36.7217 -352.684 -5434.62 -308598 109739 -7.73403e+06 36.7217 352.684 5434.62 3.37695e+06 -429217
3374.19 7.73403e+06 -37.869 -352.684 -5604.49 -308598 113167 -7.73403e+06 37.869 352.684 5604.49 3.37695e+06 -442627
3476.43 7.73403e+06 -39.0163 -352.683 -5774.36 -308598 116596 -7.73403e+06 39.0163 352.683 5774.36 3.37694e+06 -456037
3578.67 7.73403e+06 -40.1636 -352.683 -5944.23 -308598 120024 -7.73403e+06 40.1636 352.683 5944.23 3.37694e+06 -469447
3680.91 7.73403e+06 -41.3109 -352.683 -6114.09 -308598 123453 -7.73403e+06 41.3109 352.683 6114.09 3.37694e+06 -482858
3783.15 7.73403e+06 -42.4582 -352.683 -6283.96 -308598 126881 -7.73403e+06 42.4582 352.683 6283.96 3.37694e+06 -496268
3885.39 7.73403e+06 -43.6055 -352.683 -6453.83 -308598 130310 -7.73403e+06 43.6055 352.683 6453.83 3.37694e+06 -509678
3987.63 7.73403e+06 -44.7528 -352.683 -6623.69 -308597 133738 -7.73403e+06 44.7528 352.683 6623.69 3.37694e+06 -523088
4089.87 7.73403e+06 -45.9001 -352.683 -6793.56 -308597 137167 -7.73403e+06 45.9001 352.683 6793.56 3.37694e+06 -536498
4192.11 7.73403e+06 -47.0474 -352.683 -6963.43 -308597 140596 -7.73403e+06 47.0474 352.683 6963.43 3.37694e+06 -549908
4294.35 7.73403e+06 -48.1947 -352.682 -7133.3 -308597 144024 -7.73403e+06 48.1947 352.682 7133.3 3.37693e+06 -563318
4396.58 7.73403e+06 -49.3421 -352.682 -7303.18 -308597 147453 -7.73403e+06 49.3421 352.682 7303.18 3.37693e+06 -576729
4498.82 7.73403e+06 -50.4894 -352.682 -7473.05 -308597 150881 -7.73403e+06 50.4894 352.682 7473.05 3.37693e+06 -590139
4601.05 7.73403e+06 -51.6367 -352.682 -7642.93 -308597 154310 -7.73403e+06 51.6367 352.682 7642.93 3.37693e+06 -603549
4703.29 7.73403e+06 -52.784 -352.682 -7812.81 -308597 157738 -7.73403e+06 52.784 352.682 7812.81 3.37693e+06 -616959
4805.52 7.73403e+06 -53.9313 -352.682 -7982.69 -308597 161167 -7.73403e+06 53.9313 352.682 7982.69 3.37693e+06 -630370
4907.76 7.73403e+06 -55.0786 -352.682 -8152.57 -308597 164596 -7.73403e+06 55.0786 352.682 8152.57 3.37693e+06 -643780
5009.99 7.73403e+06 -56.226 -352.682 -8322.44 -308596 168024 -7.73403e+06 56.226 352.682 8322.44 3.37693e+06 -657190
5112.23 7.73403e+06 -57.3733 -352.681 -8492.32 -308596 171453 -7.73403e+06 57.3733 352.681 8492.32 3.37693e+06 -670600
5214.46 7.73403e+06 -58.5206 -352.681 -8662.2 -308596 174881 -7.73403e+06 58.5206 352.681 8662.2 3.37692e+06 -684010
5316.69 7.73403e+06 -59.6679 -352.681 -8832.08 -308596 178310 -7.73403e+06 59.6679 352.681 8832.08 3.37692e+06 -697421
5418.92 7.73403e+06 -60.8152 -352.681 -9001.96 -308596 181738 -7.73403e+06 60.8152 352.681 9001.96 3.37692e+06 -710831
5521.16 7.73403e+06 -61.9625 -352.681 -9171.83 -308596 185167 -7.73403e+06 61.9625 352.681 9171.83 3.37692e+06 -724241
5623.39 7.73403e+06 -63.1098 -352.681 -9341.71 -308596 188596 -7.73403e+06 63.1098 352.681 9341.71 3.37692e+06 -737651
5725.62 7.73403e+06 -64.2571 -352.681 -9511.59 -308596 192024 -7.73403e+06 64.2571 352.681 9511.59 3.37692e+06 -751061
5827.85 7.73403e+06 -65.4044 -352.681 -9681.47 -308596 195453 -7.73403e+06 65.4044 352.681 9681.47 3.37692e+06 -764471
5930.08 7.73403e+06 -66.5518 -352.681 -9851.35 -308595 198881 -7.73403e+06 66.5518 352.681 9851.35 3.37692e+06 -777882
6032.31 7.73403e+06 -67.6991 -352.68 -10021.2 -308595 202310 -7.73403e+06 67.6991 352.68 10021.2 3.37691e+06 -791292
6134.54 7.73403e+06 -68.8464 -352.68 -10191.1 -308595 205739 -7.73403e+06 68.8464 352.68 10191.1 3.37691e+06 -804702
6236.77 7.73403e+06 -69.9937 -352.68 -10361 -308595 209167 -7.73403e+06 69.9937 352.68 10361 3.37691e+06 -818112
6339 7.73403e+06 -71.141 -352.68 -10530.9 -308595 212596 -7.73403e+06 71.141 352.68 10530.9 3.37691e+06 -831522
6441.22 7.73403e+06 -72.2883 -352.68 -10700.7 -308595 216024 -7.73403e+06 72.2883 352.68 10700.7 3.37691e+06 -844932
6543.45 7.73403e+06 -73.4356 -352.68 -10870.6 -308595 219453 -7.73403e+06 73.4356 352.68 10870.6 3.37691e+06 -858343
6645.68 7.73403e+06 -74.5829 -352.68 -11040.5 -308595 222881 -7.73403e+06 74.5829 352.68 11040.5 3.37691e+06 -871753
6747.9 7.73403e+06 -75.7302 -352.68 -11210.4 -308595 226310 -7.73403e+06 75.7302 352.68 11210.4 3.37691e+06 -885163
6850.13 7.73403e+06 -76.8775 -352.679 -11380.3 -308595 229738 -7.73403e+06 76.8775 352.679 11380.3 3.37691e+06 -898573
6952.36 7.73403e+06 -78.0248 -352.679 -11550.1 -308594 233167 -7.73403e+06 78.0248 352.679 11550.1 3.3769e+06 -911983
7054.58 7.73403e+06 -79.1722 -352.679 -11720 -308594 236596 -7.73403e+06 79.1722 352.679 11720 3.3769e+06 -925393
7156.81 7.73403e+06 -80.3195 -352.679 -11889.9 -308594 240024 -7.73403e+06 80.3195 352.679 11889.9 3.3769e+06 -938804
7259.03 7.73403e+06 -81.4668 -352.679 -12059.8 -308594 243453 -7.73403e+06 81.4668 352.679 12059.8 3.3769e+06 -952214
7361.25 7.73403e+06 -82.6141 -352.679 -12229.7 -308594 246881 -7.73403e+06 82.6141 352.679 12229.7 3.3769e+06 -965624
7463.48 7.73403e+06 -83.7614 -352.679 -12399.5 -308594 250310 -7.73403e+06 83.7614 352.679 12399.5 3.3769e+06 -979034
7565.7 7.73403e+06 -84.9087 -352.679 -12569.4 -308594 253739 -7.73403e+06 84.9087 352.679 12569.4 3.3769e+06 -992444
7667.92 7.73403e+06 -86.056 -352.679 -12739.3 -308594 257167 -7.73403e+06 86.056 352.679 12739.3 3.3769e+06 -1.00585e+06
7770.15 7.73403e+06 -87.2033 -352.678 -12909.2 -308594 260596 -7.73403e+06 87.2033 352.678 12909.2 3.3769e+06 -1.01926e+06
7872.37 7.73403e+06 -88.3506 -352.678 -13079.1 -308593 264024 -7.73403e+06 88.3506 352.678 13079.1 3.37689e+06 -1.03267e+06
7974.59 7.73403e+06 -89.4979 -352.678 -13249 -308593 267453 -7.73403e+06 89.4979 352.678 13249 3.37689e+06 -1.04608e+06
8076.81 7.73403e+06 -90.6452 -352.678 -13418.8 -308593 270881 -7.73403e+06 90.6452 352.678 13418.8 3.37689e+06 -1.0595e+06
8179.03 7.73403e+06 -91.7926 -352.678 -13588.7 -308593 274310 -7.73403e+06 91.7926 352.678 13588.7 3.37689e+06 -1.07291e+06
8281.25 7.73403e+06 -92.9399 -352.678 -13758.6 -308593 277739 -7.73403e+06 92.9399 352.678 13758.6 3.37689e+06 -1.08632e+06
8383.47 7.73403e+06 -94.0872 -352.678 -13928.5 -308593 281167 -7.73403e+06 94.0872 352.678 13928.5 3.37689e+06 -1.09973e+06
8485.69 7.73403e+06 -95.2345 -352.678 -14098.4 -308593 284596 -7.73403e+06 95.2345 352.678 14098.4 3.37689e+06 -1.11314e+06
8587.91 7.73403e+06 -96.3818 -352.677 -14268.3 -308593 288024 -7.73403e+06 96.3818 352.677 14268.3 3.37689e+06 -1.12655e+06
8690.12 7.73403e+06 -97.5291 -352.677 -14438.1 -308593 291453 -7.73403e+06 97.5291 352.677 14438.1 3.37689e+06 -1.13996e+06
8792.34 7.73403e+06 -98.6764 -352.677 -14608 -308593 294881 -7.73403e+06 98.6764 352.677 14608 3.37688e+06 -1.15337e+06
8894.56 7.73403e+06 -99.8237 -352.677 -14777.9 -308592 298310 -7.73403e+06 99.8237 352.677 14777.9 3.37688e+06 -1.16678e+06
8996.78 7.73403e+06 -100.971 -352.677 -14947.8 -308592 301738 -7.73403e+06 100.971 352.677 14947.8 3.37688e+06 -1.18019e+06
9098.99 7.73403e+06 -102.118 -352.677 -15117.7 -308592 305167 -7.73403e+06 102.118 352.677 15117.7 3.37688e+06 -1.1936e+06
9201.21 7.73403e+06 -103.266 -352.677 -15287.6 -308592 308596 -7.73403e+06 103.266 352.677 15287.6 3.37688e+06 -1.20701e+06
9303.42 7.73403e+06 -104.413 -352.677 -15457.4 -308592 312024 -7.73403e+06 104.413 352.677 15457.4 3.37688e+06 -1.22042e+06
9405.64 7.73403e+06 -105.56 -352.677 -15627.3 -308592 315453 -7.73403e+06 105.56 352.677 15627.3 3.37688e+06 -1.23383e+06
9507.85 7.73403e+06 -106.708 -352.676 -15797.2 -308592 318881 -7.73403e+06 106.708 352.676 15797.2 3.37688e+06 -1.24724e+06
9610.07 7.73403e+06 -107.855 -352.676 -15967.1 -308592 322310 -7.73403e+06 107.855 352.676 15967.1 3.37688e+06 -1.26065e+06
9712.28 7.73403e+06 -109.002 -352.676 -16137 -308592 325738 -7.73403e+06 109.002 352.676 16137 3.37687e+06 -1.27406e+06
9814.5 7.73403e+06 -110.149 -352.676 -16306.9 -308592 329167 -7.73403e+06 110.149 352.676 16306.9 3.37687e+06 -1.28747e+06
9916.71 7.73403e+06 -111.297 -352.676 -16476.7 -308591 332596 -7.73403e+06 111.297 352.676 16476.7 3.37687e+06 -1.30088e+06
10018.9 7.73403e+06 -112.444 -352.676 -16646.6 -308591 336024 -7.73403e+06 112.444 352.676 16646.6 3.37687e+06 -1.31429e+06
10121.1 7.73403e+06 -113.591 -352.676 -16816.5 -308591 339453 -7.73403e+06 113.591 352.676 16816.5 3.37687e+06 -1.3277e+06
10223.3 7.73403e+06 -114.739 -352.676 -16986.4 -308591 342881 -7.73403e+06 114.739 352.676 16986.4 3.37687e+06 -1.34111e+06
10325.6 7.73403e+06 -115.886 -352.676 -17156.3 -308591 346310 -7.73403e+06 115.886 352.676 17156.3 3.37687e+06 -1.35452e+06
10427.8 7.73403e+06 -117.033 -352.675 -17326.2 -308591 349738 -7.73403e+06 117.033 352.675 17326.2 3.37687e+06 -1.36793e+06
10530 7.73403e+06 -118.181 -352.675 -17496 -308591 353167 -7.73403e+06 118.181 352.675 17496 3.37687e+06 -1.38134e+06
10632.2 7.73403e+06 -119.328 -352.675 -17665.9 -308591 356595 -7.73403e+06 119.328 352.675 17665.9 3.37686e+06 -1.39475e+06
10734.4 7.73403e+06 -120.475 -352.675 -17835.8 -308591 360024 -7.73403e+06 120.475 352.675 17835.8 3.37686e+06 -1.40816e+06
10836.6 7.73403e+06 -121.622 -352.675 -18005.7 -308591 363453 -7.73403e+06 121.622 352.675 18005.7 3.37686e+06 -1.42157e+06
10938.8 7.73403e+06 -122.77 -352.675 -18175.6 -308590 366881 -7.73403e+06 122.77 352.675 18175.6 3.37686e+06 -1.43498e+06
11041 7.73403e+06 -123.917 -352.675 -18345.5 -308590 370310 -7.73403e+06 123.917 352.675 18345.5 3.37686e+06 -1.44839e+06
11143.2 7.73403e+06 -125.064 -352.675 -18515.3 -308590 373738 -7.73403e+06 125.064 352.675 18515.3 3.37686e+06 -1.4618e+06
11245.4 7.73403e+06 -126.212 -352.674 -18685.2 -308590 377167 -7.73403e+06 126.212 352.674 18685.2 3.37686e+06 -1.47521e+06
11347.6 7.73403e+06 -127.359 -352.674 -18855.1 -308590 380595 -7.73403e+06 127.359 352.674 18855.1 3.37686e+06 -1.48862e+06
11449.9 7.73403e+06 -128.506 -352.674 -19025 -308590 384024 -7.73403e+06 128.506 352.674 19025 3.37686e+06 -1.50203e+06
11552.1 7.73403e+06 -129.654 -352.674 -19194.9 -308590 387452 -7.73403e+06 129.654 352.674 19194.9 3.37685e+06 -1.51544e+06
11654.3 7.73403e+06 -130.801 -352.674 -19364.8 -308590 390881 -7.73403e+06 130.801 352.674 19364.8 3.37685e+06 -1.52885e+06
11756.5 7.73403e+06 -131.948 -352.674 -19534.6 -308590 394310 -7.73403e+06 131.948 352.674 19534.6 3.37685e+06 -1.54226e+06
11858.7 7.73403e+06 -133.095 -352.674 -19704.5 -308590 397738 -7.73403e+06 133.095 352.674 19704.5 3.37685e+06 -1.55567e+06
11960.9 7.73403e+06 -134.243 -352.674 -19874.4 -308589 401167 -7.73403e+06 134.243 352.674 19874.4 3.37685e+06 -1.56908e+06
12063.1 7.73403e+06 -135.39 -352.674 -20044.3 -308589 404595 -7.73403e+06 135.39 352.674 20044.3 3.37685e+06 -1.58249e+06
12165.3 7.73403e+06 -136.537 -352.673 -20214.2 -308589 408024 -7.73403e+06 136.537 352.673 20214.2 3.37685e+06 -1.5959e+06
12267.5 7.73403e+06 -137.685 -352.673 -20384.1 -308589 411452 -7.73403e+06 137.685 352.673 20384.1 3.37685e+06 -1.60931e+06
12369.7 7.73403e+06 -138.832 -352.673 -20554 -308589 414881 -7.73403e+06 138.832 352.673 20554 3.37685e+06 -1.62272e+06
12471.9 7.73403e+06 -139.979 -352.673 -20723.8 -308589 418309 -7.73403e+06 139.979 352.673 20723.8 3.37684e+06 -1.63613e+06
12574.1 7.73403e+06 -141.126 -352.673 -20893.7 -308589 421738 -7.73403e+06 141.126 352.673 20893.7 3.37684e+06 -1.64954e+06
12676.3 7.73403e+06 -142.274 -352.673 -21063.6 -308589 425167 -7.73403e+06 142.274 352.673 21063.6 3.37684e+06 -1.66295e+06
12778.5 7.73403e+06 -143.421 -352.673 -21233.5 -308589 428595 -7.73403e+06 143.421 352.673 21233.5 3.37684e+06 -1.67636e+06
12880.7 7.73403e+06 -144.568 -352.673 -21403.4 -308589 432024 -7.73403e+06 144.568 352.673 21403.4 3.37684e+06 -1.68977e+06
12982.9 7.73403e+06 -145.716 -352.673 -21573.3 -308588 435452 -7.73403e+06 145.716 352.673 21573.3 3.37684e+06 -1.70318e+06
13085.1 7.73403e+06 -146.863 -352.672 -21743.1 -308588 438881 -7.73403e+06 146.863 352.672 21743.1 3.37684e+06 -1.71659e+06
13187.3 7.73403e+06 -148.01 -352.672 -21913 -308588 442309 -7.73403e+06 148.01 352.672 21913 3.37684e+06 -1.73e+06
13289.5 7.73403e+06 -149.158 -352.672 -22082.9 -308588 445738 -7.73403e+06 149.158 352.672 22082.9 3.37684e+06 -1.74341e+06
13391.7 7.73403e+06 -150.305 -352.672 -22252.8 -308588 449166 -7.73403e+06 150.305 352.672 22252.8 3.37684e+06 -1.75682e+06
13493.9 7.73403e+06 -151.452 -352.672 -22422.7 -308588 452595 -7.73403e+06 151.452 352.672 22422.7 3.37683e+06 -1.77023e+06
13596.1 7.73403e+06 -152.599 -352.672 -22592.6 -308588 456023 -7.73403e+06 152.599 352.672 22592.6 3.37683e+06 -1.78364e+06
13698.3 7.73403e+06 -153.747 -352.672 -22762.5 -308588 459452 -7.73403e+06 153.747 352.672 22762.5 3.37683e+06 -1.79705e+06
13800.5 7.73403e+06 -154.894 -352.672 -22932.3 -308588 462881 -7.73403e+06 154.894 352.672 22932.3 3.37683e+06 -1.81046e+06
13902.7 7.73403e+06 -156.041 -352.671 -23102.2 -308588 466309 -7.73403e+06 156.041 352.671 23102.2 3.37683e+06 -1.82387e+06
14004.9 7.73403e+06 -157.189 -352.671 -23272.1 -308587 469738 -7.73403e+06 157.189 352.671 23272.1 3.37683e+06 -1.83728e+06
14107.1 7.73403e+06 -158.336 -352.671 -23442 -308587 473166 -7.73403e+06 158.336 352.671 23442 3.37683e+06 -1.85069e+06
14209.3 7.73403e+06 -159.483 -352.671 -23611.9 -308587 476595 -7.73403e+06 159.483 352.671 23611.9 3.37683e+06 -1.8641e+06
14311.5 7.73403e+06 -160.63 -352.671 -23781.8 -308587 480023 -7.73403e+06 160.63 352.671 23781.8 3.37683e+06 -1.87751e+06
14413.7 7.73403e+06 -161.778 -352.671 -23951.7 -308587 483452 -7.73403e+06 161.778 352.671 23951.7 3.37682e+06 -1.89092e+06
14515.9 7.73403e+06 -162.925 -352.671 -24121.5 -308587 486880 -7.73403e+06 162.925 352.671 24121.5 3.37682e+06 -1.90433e+06
14618.1 7.73403e+06 -164.072 -352.671 -24291.4 -308587 490309 -7.73403e+06 164.072 352.671 24291.4 3.37682e+06 -1.91774e+06
14720.2 7.73403e+06 -165.22 -352.671 -24461.3 -308587 493737 -7.73403e+06 165.22 352.671 24461.3 3.37682e+06 -1.93115e+06
14822.4 7.73403e+06 -166.367 -352.67 -24631.2 -308587 497166 -7.73403e+06 166.367 352.67 24631.2 3.37682e+06 -1.94456e+06
14924.6 7.73403e+06 -167.514 -352.67 -24801.1 -308587 500594 -7.73403e+06 167.514 352.67 24801.1 3.37682e+06 -1.95797e+06
15026.8 7.73403e+06 -168.661 -352.67 -24971 -308586 504023 -7.73403e+06 168.661 352.67 24971 3.37682e+06 -1.97138e+06
15129 7.73403e+06 -169.809 -352.67 -25140.8 -308586 507451 -7.73403e+06 169.809 352.67 25140.8 3.37682e+06 -1.98479e+06
15231.2 7.73403e+06 -170.956 -352.67 -25310.7 -308586 510880 -7.73403e+06 170.956 352.67 25310.7 3.37682e+06 -1.9982e+06
15333.4 7.73403e+06 -172.103 -352.67 -25480.6 -308586 514309 -7.73403e+06 172.103 352.67 25480.6 3.37681e+06 -2.01161e+06
15435.6 7.73403e+06 -173.251 -352.67 -25650.5 -308586 517737 -7.73403e+06 173.251 352.67 25650.5 3.37681e+06 -2.02502e+06
15537.8 7.73403e+06 -174.398 -352.67 -25820.4 -308586 521166 -7.73403e+06 174.398 352.67 25820.4 3.37681e+06 -2.03843e+06
15640 7.73403e+06 -175.545 -352.67 -25990.3 -308586 524594 -7.73403e+06 175.545 352.67 25990.3 3.37681e+06 -2.05184e+06
15742.2 7.73403e+06 -176.692 -352.669 -26160.2 -308586 528023 -7.73403e+06 176.692 352.669 26160.2 3.37681e+06 -2.06525e+06
15844.4 7.73403e+06 -177.84 -352.669 -26330 -308586 531451 -7.73403e+06 177.84 352.669 26330 3.37681e+06 -2.07866e+06
15946.5 7.73403e+06 -178.987 -352.669 -26499.9 -308586 534880 -7.73403e+06 178.987 352.669 26499.9 3.37681e+06 -2.09207e+06
16048.7 7.73403e+06 -180.134 -352.669 -26669.8 -308585 538308 -7.73403e+06 180.134 352.669 26669.8 3.37681e+06 -2.10548e+06
16150.9 7.73403e+06 -181.282 -352.669 -26839.7 -308585 541737 -7.73403e+06 181.282 352.669 26839.7 3.37681e+06 -2.11889e+06
16253.1 7.73403e+06 -182.429 -352.669 -27009.6 -308585 545165 -7.73403e+06 182.429 352.669 27009.6 3.3768e+06 -2.1323e+06
16355.3 7.73403e+06 -183.576 -352.669 -27179.5 -308585 548594 -7.73403e+06 183.576 352.669 27179.5 3.3768e+06 -2.14571e+06
16457.5 7.73403e+06 -184.723 -352.669 -27349.4 -308585 552022 -7.73403e+06 184.723 352.669 27349.4 3.3768e+06 -2.15912e+06
16559.7 7.73403e+06 -185.871 -352.669 -27519.2 -308585 555451 -7.73403e+06 185.871 352.669 27519.2 3.3768e+06 -2.17253e+06
16661.9 7.73403e+06 -187.018 -352.668 -27689.1 -308585 558879 -7.73403e+06 187.018 352.668 27689.1 3.3768e+06 -2.18594e+06
16764 7.73403e+06 -188.165 -352.668 -27859 -308585 562308 -7.73403e+06 188.165 352.668 27859 3.3768e+06 -2.19935e+06
16866.2 7.73403e+06 -189.313 -352.668 -28028.9 -308585 565736 -7.73403e+06 189.313 352.668 28028.9 3.3768e+06 -2.21276e+06
16968.4 7.73403e+06 -190.46 -352.668 -28198.8 -308585 569165 -7.73403e+06 190.46 352.668 28198.8 3.3768e+06 -2.22617e+06
17070.6 7.73403e+06 -191.607 -352.668 -28368.7 -308584 572593 -7.73403e+06 191.607 352.668 28368.7 3.3768e+06 -2.23957e+06
17172.8 7.73403e+06 -192.754 -352.668 -28538.6 -308584 576022 -7.73403e+06 192.754 352.668 28538.6 3.37679e+06 -2.25298e+06
17275 7.73403e+06 -193.902 -352.668 -28708.4 -308584 579451 -7.73403e+06 193.902 352.668 28708.4 3.37679e+06 -2.26639e+06
17377.1 7.73403e+06 -195.049 -352.668 -28878.3 -308584 582879 -7.73403e+06 195.049 352.668 28878.3 3.37679e+06 -2.2798e+06
17479.3 7.73403e+06 -196.196 -352.668 -29048.2 -308584 586308 -7.73403e+06 196.196 352.668 29048.2 3.37679e+06 -2.29321e+06
17581.5 7.73403e+06 -197.343 -352.667 -29218.1 -308584 589736 -7.73403e+06 197.343 352.667 29218.1 3.37679e+06 -2.30662e+06
17683.7 7.73403e+06 -198.491 -352.667 -29388 -308584 593165 -7.73403e+06 198.491 352.667 29388 3.37679e+06 -2.32003e+06
17785.9 7.73403e+06 -199.638 -352.667 -29557.9 -308584 596593 -7.73403e+06 199.638 352.667 29557.9 3.37679e+06 -2.33344e+06
17888.1 7.73403e+06 -200.785 -352.667 -29727.8 -308584 600022 -7.73403e+06 200.785 352.667 29727.8 3.37679e+06 -2.34685e+06
17990.2 7.73403e+06 -201.933 -352.667 -29897.7 -308584 603450 -7.73403e+06 201.933 352.667 29897.7 3.37679e+06 -2.36026e+06
18092.4 7.73403e+06 -203.08 -352.667 -30067.5 -308583 606879 -7.73403e+06 203.08 352.667 30067.5 3.37679e+06 -2.37367e+06
18194.6 7.73403e+06 -204.227 -352.667 -30237.4 -308583 610307 -7.73403e+06 204.227 352.667 30237.4 3.37678e+06 -2.38708e+06
18296.8 7.73403e+06 -205.374 -352.667 -30407.3 -308583 613736 -7.73403e+06 205.374 352.667 30407.3 3.37678e+06 -2.40049e+06
18399 7.73403e+06 -206.522 -352.667 -30577.2 -308583 617164 -7.73403e+06 206.522 352.667 30577.2 3.37678e+06 -2.4139e+06
18501.1 7.73403e+06 -207.669 -352.666 -30747.1 -308583 620593 -7.73403e+06 207.669 352.666 30747.1 3.37678e+06 -2.42731e+06
18603.3 7.73403e+06 -208.816 -352.666 -30917 -308583 624021 -7.73403e+06 208.816 352.666 30917 3.37678e+06 -2.44072e+06
18705.5 7.73403e+06 -209.963 -352.666 -31086.9 -308583 627450 -7.73403e+06 209.963 352.666 31086.9 3.37678e+06 -2.45413e+06
18807.7 7.73403e+06 -211.111 -352.666 -31256.7 -308583 630878 -7.73403e+06 211.111 352.666 31256.7 3.37678e+06 -2.46754e+06
18909.8 7.73403e+06 -212.258 -352.666 -31426.6 -308583 634307 -7.73403e+06 212.258 352.666 31426.6 3.37678e+06 -2.48095e+06
19012 7.73403e+06 -213.405 -352.666 -31596.5 -308583 637735 -7.73403e+06 213.405 352.666 31596.5 3.37678e+06 -2.49436e+06
19114.2 7.73403e+06 -214.553 -352.666 -31766.4 -308583 641164 -7.73403e+06 214.553 352.666 31766.4 3.37677e+06 -2.50777e+06
19216.4 7.73403e+06 -215.7 -352.666 -31936.3 -308582 644592 -7.73403e+06 215.7 352.666 31936.3 3.37677e+06 -2.52118e+06
19318.6 7.73403e+06 -216.847 -352.666 -32106.2 -308582 648021 -7.73403e+06 216.847 352.666 32106.2 3.37677e+06 -2.53459e+06
19420.7 7.73403e+06 -217.994 -352.665 -32276.1 -308582 651449 -7.73403e+06 217.994 352.665 32276.1 3.37677e+06 -2.548e+06
19522.9 7.73403e+06 -219.142 -352.665 -32445.9 -308582 654878 -7.73403e+06 219.142 352.665 32445.9 3.37677e+06 -2.56141e+06
19625.1 7.73403e+06 -220.289 -352.665 -32615.8 -308582 658306 -7.73403e+06 220.289 352.665 32615.8 3.37677e+06 -2.57482e+06
19727.3 7.73403e+06 -221.436 -352.665 -32785.7 -308582 661735 -7.73403e+06 221.436 352.665 32785.7 3.37677e+06 -2.58823e+06
19829.4 7.73403e+06 -222.583 -352.665 -32955.6 -308582 665163 -7.73403e+06 222.583 352.665 32955.6 3.37677e+06 -2.60164e+06
19931.6 7.73403e+06 -223.731 -352.665 -33125.5 -308582 668592 -7.73403e+06 223.731 352.665 33125.5 3.37677e+06 -2.61505e+06
20033.8 7.73403e+06 -224.878 -352.665 -33295.4 -308582 672020 -7.73403e+06 224.878 352.665 33295.4 3.37676e+06 -2.62846e+06
20136 7.73403e+06 -226.025 -352.665 -33465.3 -308582 675449 -7.73403e+06 226.025 352.665 33465.3 3.37676e+06 -2.64187e+06
20238.1 7.73403e+06 -227.173 -352.664 -33635.2 -308581 678877 -7.73403e+06 227.173 352.664 33635.2 3.37676e+06 -2.65528e+06
20340.3 7.73403e+06 -228.32 -352.664 -33805 -308581 682306 -7.73403e+06 228.32 352.664 33805 3.37676e+06 -2.66869e+06
20442.5 7.73403e+06 -229.467 -352.664 -33974.9 -308581 685734 -7.73403e+06 229.467 352.664 33974.9 3.37676e+06 -2.6821e+06
20544.6 7.73403e+06 -230.614 -352.664 -34144.8 -308581 689163 -7.73403e+06 230.614 352.664 34144.8 3.37676e+06 -2.69551e+06
20646.8 7.73403e+06 -231.762 -352.664 -34314.7 -308581 692591 -7.73403e+06 231.762 352.664 34314.7 3.37676e+06 -2.70892e+06
20749 7.73403e+06 -232.909 -352.664 -34484.6 -308581 696020 -7.73403e+06 232.909 352.664 34484.6 3.37676e+06 -2.72233e+06
20851.2 7.73403e+06 -234.056 -352.664 -34654.5 -308581 699448 -7.73403e+06 234.056 352.664 34654.5 3.37676e+06 -2.73574e+06
20953.3 7.73403e+06 -235.203 -352.664 -34824.4 -308581 702877 -7.73403e+06 235.203 352.664 34824.4 3.37676e+06 -2.74915e+06
21055.5 7.73403e+06 -236.351 -352.664 -34994.3 -308581 706305 -7.73403e+06 236.351 352.664 34994.3 3.37675e+06 -2.76256e+06
21157.7 7.73403e+06 -237.498 -352.663 -35164.1 -308581 709734 -7.73403e+06 237.498 352.663 35164.1 3.37675e+06 -2.77597e+06
21259.8 7.73403e+06 -238.645 -352.663 -35334 -308580 713162 -7.73403e+06 238.645 352.663 35334 3.37675e+06 -2.78938e+06
21362 7.73403e+06 -239.792 -352.663 -35503.9 -308580 716591 -7.73403e+06 239.792 352.663 35503.9 3.37675e+06 -2.80279e+06
21464.2 7.73403e+06 -240.94 -352.663 -35673.8 -308580 720019 -7.73403e+06 240.94 352.663 35673.8 3.37675e+06 -2.81619e+06
21566.3 7.73403e+06 -242.087 -352.663 -35843.7 -308580 723448 -7.73403e+06 242.087 352.663 35843.7 3.37675e+06 -2.8296e+06
21668.5 7.73403e+06 -243.234 -352.663 -36013.6 -308580 726876 -7.73403e+06 243.234 352.663 36013.6 3.37675e+06 -2.84301e+06
21770.7 7.73403e+06 -244.382 -352.663 -36183.5 -308580 730305 -7.73403e+06 244.382 352.663 36183.5 3.37675e+06 -2.85642e+06
21872.8 7.73403e+06 -245.529 -352.663 -36353.3 -308580 733733 -7.73403e+06 245.529 352.663 36353.3 3.37675e+06 -2.86983e+06
21975 7.73403e+06 -246.676 -352.663 -36523.2 -308580 737162 -7.73403e+06 246.676 352.663 36523.2 3.37674e+06 -2.88324e+06
22077.2 7.73403e+06 -247.823 -352.662 -36693.1 -308580 740590 -7.73403e+06 247.823 352.662 36693.1 3.37674e+06 -2.89665e+06
22179.3 7.73403e+06 -248.971 -352.662 -36863 -308580 744019 -7.73403e+06 248.971 352.662 36863 3.37674e+06 -2.91006e+06
22281.5 7.73403e+06 -250.118 -352.662 -37032.9 -308579 747447 -7.73403e+06 250.118 352.662 37032.9 3.37674e+06 -2.92347e+06
22383.7 7.73403e+06 -251.265 -352.662 -37202.8 -308579 750876 -7.73403e+06 251.265 352.662 37202.8 3.37674e+06 -2.93688e+06
22485.8 7.73403e+06 -252.412 -352.662 -37372.7 -308579 754304 -7.73403e+06 252.412 352.662 37372.7 3.37674e+06 -2.95029e+06
22588 7.73403e+06 -253.56 -352.662 -37542.6 -308579 757733 -7.73403e+06 253.56 352.662 37542.6 3.37674e+06 -2.9637e+06
22690.2 7.73403e+06 -254.707 -352.662 -37712.5 -308579 761161 -7.73403e+06 254.707 352.662 37712.5 3.37674e+06 -2.97711e+06
22792.3 7.73403e+06 -255.854 -352.662 -37882.3 -308579 764589 -7.73403e+06 255.854 352.662 37882.3 3.37674e+06 -2.99052e+06
22894.5 7.73403e+06 -257.001 -352.662 -38052.2 -308579 768018 -7.73403e+06 257.001 352.662 38052.2 3.37673e+06 -3.00393e+06
22996.7 7.73403e+06 -258.149 -352.661 -38222.1 -308579 771446 -7.73403e+06 258.149 352.661 38222.1 3.37673e+06 -3.01734e+06
23098.8 7.73403e+06 -259.296 -352.661 -38392 -308579 774875 -7.73403e+06 259.296 352.661 38392 3.37673e+06 -3.03075e+06
23201 7.73403e+06 -260.443 -352.661 -38561.9 -308579 778303 -7.73403e+06 260.443 352.661 38561.9 3.37673e+06 -3.04416e+06
23303.2 7.73403e+06 -261.59 -352.661 -38731.8 -308579 781732 -7.73403e+06 261.59 352.661 38731.8 3.37673e+06 -3.05757e+06
23405.3 7.73403e+06 -262.738 -352.661 -38901.7 -308578 785160 -7.73403e+06 262.738 352.661 38901.7 3.37673e+06 -3.07098e+06
23507.5 7.73403e+06 -263.885 -352.661 -39071.6 -308578 788589 -7.73403e+06 263.885 352.661 39071.6 3.37673e+06 -3.08439e+06
23609.6 7.73403e+06 -265.032 -352.661 -39241.4 -308578 792017 -7.73403e+06 265.032 352.661 39241.4 3.37673e+06 -3.0978e+06
23711.8 7.73403e+06 -266.179 -352.661 -39411.3 -308578 795446 -7.73403e+06 266.179 352.661 39411.3 3.37673e+06 -3.11121e+06
23814 7.73403e+06 -267.327 -352.661 -39581.2 -308578 798874 -7.73403e+06 267.327 352.661 39581.2 3.37673e+06 -3.12462e+06
23916.1 7.73403e+06 -268.474 -352.66 -39751.1 -308578 802303 -7.73403e+06 268.474 352.66 39751.1 3.37672e+06 -3.13803e+06
24018.3 7.73403e+06 -269.621 -352.66 -39921 -308578 805731 -7.73403e+06 269.621 352.66 39921 3.37672e+06 -3.15144e+06
24120.5 7.73403e+06 -270.768 -352.66 -40090.9 -308578 809160 -7.73403e+06 270.768 352.66 40090.9 3.37672e+06 -3.16485e+06
24222.6 7.73403e+06 -271.916 -352.66 -40260.8 -308578 812588 -7.73403e+06 271.916 352.66 40260.8 3.37672e+06 -3.17825e+06
24324.8 7.73403e+06 -273.063 -352.66 -40430.7 -308578 816017 -7.73403e+06 273.063 352.66 40430.7 3.37672e+06 -3.19166e+06
24426.9 7.73403e+06 -274.21 -352.66 -40600.5 -308577 819445 -7.73403e+06 274.21 352.66 40600.5 3.37672e+06 -3.20507e+06
24529.1 7.73403e+06 -275.357 -352.66 -40770.4 -308577 822873 -7.73403e+06 275.357 352.66 40770.4 3.37672e+06 -3.21848e+06
24631.2 7.73403e+06 -276.505 -352.66 -40940.3 -308577 826302 -7.73403e+06 276.505 352.66 40940.3 3.37672e+06 -3.23189e+06
24733.4 7.73403e+06 -277.652 -352.66 -41110.2 -308577 829730 -7.73403e+06 277.652 352.66 41110.2 3.37672e+06 -3.2453e+06
24835.6 7.73403e+06 -278.799 -352.659 -41280.1 -308577 833159 -7.73403e+06 278.799 352.659 41280.1 3.37671e+06 -3.25871e+06
24937.7 7.73403e+06 -279.946 -352.659 -41450 -308577 836587 -7.73403e+06 279.946 352.659 41450 3.37671e+06 -3.27212e+06
25039.9 7.73403e+06 -281.094 -352.659 -41619.9 -308577 840016 -7.73403e+06 281.094 352.659 41619.9 3.37671e+06 -3.28553e+06
25142 7.73403e+06 -282.241 -352.659 -41789.8 -308577 843444 -7.73403e+06 282.241 352.659 41789.8 3.37671e+06 -3.29894e+06
25244.2 7.73403e+06 -283.388 -352.659 -41959.6 -308577 846873 -7.73403e+06 283.388 352.659 41959.6 3.37671e+06 -3.31235e+06
25346.3 7.73403e+06 -284.535 -352.659 -42129.5 -308577 850301 -7.73403e+06 284.535 352.659 42129.5 3.37671e+06 -3.32576e+06
25448.5 7.73403e+06 -285.683 -352.659 -42299.4 -308576 853730 -7.73403e+06 285.683 352.659 42299.4 3.37671e+06 -3.33917e+06
25550.7 7.73403e+06 -286.83 -352.659 -42469.3 -308576 857158 -7.73403e+06 286.83 352.659 42469.3 3.37671e+06 -3.35258e+06
25652.8 7.73403e+06 -287.977 -352.659 -42639.2 -308576 860587 -7.73403e+06 287.977 352.659 42639.2 3.37671e+06 -3.36599e+06
25755 7.73403e+06 -289.124 -352.658 -42809.1 -308576 864015 -7.73403e+06 289.124 352.658 42809.1 3.37671e+06 -3.3794e+06
25857.1 7.73403e+06 -290.272 -352.658 -42979 -308576 867443 -7.73403e+06 290.272 352.658 42979 3.3767e+06 -3.39281e+06
25959.3 7.73403e+06 -291.419 -352.658 -43148.9 -308576 870872 -7.73403e+06 291.419 352.658 43148.9 3.3767e+06 -3.40622e+06
26061.4 7.73403e+06 -292.566 -352.658 -43318.8 -308576 874300 -7.73403e+06 292.566 352.658 43318.8 3.3767e+06 -3.41963e+06
26163.6 7.73403e+06 -293.713 -352.658 -43488.6 -308576 877729 -7.73403e+06 293.713 352.658 43488.6 3.3767e+06 -3.43304e+06
26265.7 7.73403e+06 -294.861 -352.658 -43658.5 -308576 881157 -7.73403e+06 294.861 352.658 43658.5 3.3767e+06 -3.44645e+06
26367.9 7.73403e+06 -296.008 -352.658 -43828.4 -308576 884586 -7.73403e+06 296.008 352.658 43828.4 3.3767e+06 -3.45986e+06
26470.1 7.73403e+06 -297.155 -352.658 -43998.3 -308576 888014 -7.73403e+06 297.155 352.658 43998.3 3.3767e+06 -3.47326e+06
26572.2 7.73403e+06 -298.302 -352.658 -44168.2 -308575 891443 -7.73403e+06 298.302 352.658 44168.2 3.3767e+06 -3.48667e+06
26674.4 7.73403e+06 -299.45 -352.658 -44338.1 -308575 894871 -7.73403e+06 299.45 352.658 44338.1 3.3767e+06 -3.50008e+06
26776.5 7.73403e+06 -300.597 -352.657 -44508 -308575 898300 -7.73403e+06 300.597 352.657 44508 3.37669e+06 -3.51349e+06
26878.7 7.73403e+06 -301.744 -352.657 -44677.9 -308575 901728 -7.73403e+06 301.744 352.657 44677.9 3.37669e+06 -3.5269e+06
26980.8 7.73403e+06 -302.891 -352.657 -44847.8 -308575 905156 -7.73403e+06 302.891 352.657 44847.8 3.37669e+06 -3.54031e+06
27083 7.73403e+06 -304.039 -352.657 -45017.6 -308575 908585 -7.73403e+06 304.039 352.657 45017.6 3.37669e+06 -3.55372e+06
27185.1 7.73403e+06 -305.186 -352.657 -45187.5 -308575 912013 -7.73403e+06 305.186 352.657 45187.5 3.37669e+06 -3.56713e+06
27287.3 7.73403e+06 -306.333 -352.657 -45357.4 -308575 915442 -7.73403e+06 306.333 352.657 45357.4 3.37669e+06 -3.58054e+06
27389.4 7.73403e+06 -307.48 -352.657 -45527.3 -308575 918870 -7.73403e+06 307.48 352.657 45527.3 3.37669e+06 -3.59395e+06
27491.6 7.73403e+06 -308.628 -352.657 -45697.2 -308575 922299 -7.73403e+06 308.628 352.657 45697.2 3.37669e+06 -3.60736e+06
27593.7 7.73403e+06 -309.775 -352.657 -45867.1 -308574 925727 -7.73403e+06 309.775 352.657 45867.1 3.37669e+06 -3.62077e+06
27695.9 7.73403e+06 -310.922 -352.656 -46037 -308574 929155 -7.73403e+06 310.922 352.656 46037 3.37669e+06 -3.63418e+06
27798 7.73403e+06 -312.069 -352.656 -46206.9 -308574 932584 -7.73403e+06 312.069 352.656 46206.9 3.37668e+06 -3.64759e+06
27900.2 7.73403e+06 -313.217 -352.656 -46376.8 -308574 936012 -7.73403e+06 313.217 352.656 46376.8 3.37668e+06 -3.661e+06
28002.3 7.73403e+06 -314.364 -352.656 -46546.6 -308574 939441 -7.73403e+06 314.364 352.656 46546.6 3.37668e+06 -3.67441e+06
28104.5 7.73403e+06 -315.511 -352.656 -46716.5 -308574 942869 -7.73403e+06 315.511 352.656 46716.5 3.37668e+06 -3.68782e+06
28206.6 7.73403e+06 -316.658 -352.656 -46886.4 -308574 946298 -7.73403e+06 316.658 352.656 46886.4 3.37668e+06 -3.70123e+06
28308.8 7.73403e+06 -317.806 -352.656 -47056.3 -308574 949726 -7.73403e+06 317.806 352.656 47056.3 3.37668e+06 -3.71463e+06
28410.9 7.73403e+06 -318.953 -352.656 -47226.2 -308574 953155 -7.73403e+06 318.953 352.656 47226.2 3.37668e+06 -3.72804e+06
28513.1 7.73403e+06 -320.1 -352.656 -47396.1 -308574 956583 -7.73403e+06 320.1 352.656 47396.1 3.37668e+06 -3.74145e+06
28615.2 7.73403e+06 -321.247 -352.655 -47566 -308573 960011 -7.73403e+06 321.247 352.655 47566 3.37668e+06 -3.75486e+06
28717.3 7.73403e+06 -322.395 -352.655 -47735.9 -308573 963440 -7.73403e+06 322.395 352.655 47735.9 3.37667e+06 -3.76827e+06
28819.5 7.73403e+06 -323.542 -352.655 -47905.8 -308573 966868 -7.73403e+06 323.542 352.655 47905.8 3.37667e+06 -3.78168e+06
28921.6 7.73403e+06 -324.689 -352.655 -48075.6 -308573 970297 -7.73403e+06 324.689 352.655 48075.6 3.37667e+06 -3.79509e+06
29023.8 7.73403e+06 -325.836 -352.655 -48245.5 -308573 973725 -7.73403e+06 325.836 352.655 48245.5 3.37667e+06 -3.8085e+06
29125.9 7.73403e+06 -326.983 -352.655 -48415.4 -308573 977154 -7.73403e+06 326.983 352.655 48415.4 3.37667e+06 -3.82191e+06
29228.1 7.73403e+06 -328.131 -352.655 -48585.3 -308573 980582 -7.73403e+06 328.131 352.655 48585.3 3.37667e+06 -3.83532e+06
29330.2 7.73403e+06 -329.278 -352.655 -48755.2 -308573 984010 -7.73403e+06 329.278 352.655 48755.2 3.37667e+06 -3.84873e+06
29432.4 7.73403e+06 -330.425 -352.655 -48925.1 -308573 987439 -7.73403e+06 330.425 352.655 48925.1 3.37667e+06 -3.86214e+06
29534.5 7.73403e+06 -331.572 -352.654 -49095 -308573 990867 -7.73403e+06 331.572 352.654 49095 3.37667e+06 -3.87555e+06
29636.7 7.73403e+06 -332.72 -352.654 -49264.9 -308573 994296 -7.73403e+06 332.72 352.654 49264.9 3.37667e+06 -3.88896e+06
29738.8 7.73403e+06 -333.867 -352.654 -49434.8 -308572 997724 -7.73403e+06 333.867 352.654 49434.8 3.37666e+06 -3.90237e+06
29840.9 7.73403e+06 -335.014 -352.654 -49604.7 -308572 1.00115e+06 -7.73403e+06 335.014 352.654 49604.7 3.37666e+06 -3.91578e+06
29943.1 7.73403e+06 -336.161 -352.654 -49774.5 -308572 1.00458e+06 -7.73403e+06 336.161 352.654 49774.5 3.37666e+06 -3.92918e+06
30045.2 7.73403e+06 -337.309 -352.654 -49944.4 -308572 1.00801e+06 -7.73403e+06 337.309 352.654 49944.4 3.37666e+06 -3.94259e+06
30147.4 7.73403e+06 -338.456 -352.654 -50114.3 -308572 1.01144e+06 -7.73403e+06 338.456 352.654 50114.3 3.37666e+06 -3.956e+06
30249.5 7.73403e+06 -339.603 -352.654 -50284.2 -308572 1.01487e+06 -7.73403e+06 339.603 352.654 50284.2 3.37666e+06 -3.96941e+06
30351.7 7.73403e+06 -340.75 -352.654 -50454.1 -308572 1.01829e+06 -7.73403e+06 340.75 352.654 50454.1 3.37666e+06 -3.98282e+06
30453.8 7.73403e+06 -341.898 -352.653 -50624 -308572 1.02172e+06 -7.73403e+06 341.898 352.653 50624 3.37666e+06 -3.99623e+06
30555.9 7.73403e+06 -343.045 -352.653 -50793.9 -308572 1.02515e+06 -7.73403e+06 343.045 352.653 50793.9 3.37666e+06 -4.00964e+06
30658.1 7.73403e+06 -344.192 -352.653 -50963.8 -308572 1.02858e+06 -7.73403e+06 344.192 352.653 50963.8 3.37665e+06 -4.02305e+06
30760.2 7.73403e+06 -345.339 -352.653 -51133.7 -308571 1.03201e+06 -7.73403e+06 345.339 352.653 51133.7 3.37665e+06 -4.03646e+06
30862.4 7.73403e+06 -346.486 -352.653 -51303.5 -308571 1.03544e+06 -7.73403e+06 346.486 352.653 51303.5 3.37665e+06 -4.04987e+06
30964.5 7.73403e+06 -347.634 -352.653 -51473.4 -308571 1.03887e+06 -7.73403e+06 347.634 352.653 51473.4 3.37665e+06 -4.06328e+06
31066.7 7.73403e+06 -348.781 -352.653 -51643.3 -308571 1.04229e+06 -7.73403e+06 348.781 352.653 51643.3 3.37665e+06 -4.07669e+06
31168.8 7.73403e+06 -349.928 -352.653 -51813.2 -308571 1.04572e+06 -7.73403e+06 349.928 352.653 51813.2 3.37665e+06 -4.0901e+06
31270.9 7.73403e+06 -351.075 -352.653 -51983.1 -308571 1.04915e+06 -7.73403e+06 351.075 352.653 51983.1 3.37665e+06 -4.10351e+06
31373.1 7.73403e+06 -352.223 -352.652 -52153 -308571 1.05258e+06 -7.73403e+06 352.223 352.652 52153 3.37665e+06 -4.11692e+06
31475.2 7.73403e+06 -353.37 -352.652 -52322.9 -308571 1.05601e+06 -7.73403e+06 353.37 352.652 52322.9 3.37665e+06 -4.13032e+06
31577.4 7.73403e+06 -354.517 -352.652 -52492.8 -308571 1.05944e+06 -7.73403e+06 354.517 352.652 52492.8 3.37665e+06 -4.14373e+06
31679.5 7.73403e+06 -355.664 -352.652 -52662.7 -308571 1.06286e+06 -7.73403e+06 355.664 352.652 52662.7 3.37664e+06 -4.15714e+06
31781.6 7.73403e+06 -356.811 -352.652 -52832.6 -308571 1.06629e+06 -7.73403e+06 356.811 352.652 52832.6 3.37664e+06 -4.17055e+06
31883.8 7.73403e+06 -357.959 -352.652 -53002.4 -308570 1.06972e+06 -7.73403e+06 357.959 352.652 53002.4 3.37664e+06 -4.18396e+06
31985.9 7.73403e+06 -359.106 -352.652 -53172.3 -308570 1.07315e+06 -7.73403e+06 359.106 352.652 53172.3 3.37664e+06 -4.19737e+06
32088 7.73403e+06 -360.253 -352.652 -53342.2 -308570 1.07658e+06 -7.73403e+06 360.253 352.652 53342.2 3.37664e+06 -4.21078e+06
32190.2 7.73403e+06 -361.4 -352.652 -53512.1 -308570 1.08001e+06 -7.73403e+06 361.4 352.652 53512.1 3.37664e+06 -4.22419e+06
32292.3 7.73403e+06 -362.548 -352.651 -53682 -308570 1.08343e+06 -7.73403e+06 362.548 352.651 53682 3.37664e+06 -4.2376e+06
32394.5 7.73403e+06 -363.695 -352.651 -53851.9 -308570 1.08686e+06 -7.73403e+06 363.695 352.651 53851.9 3.37664e+06 -4.25101e+06
32496.6 7.73403e+06 -364.842 -352.651 -54021.8 -308570 1.09029e+06 -7.73403e+06 364.842 352.651 54021.8 3.37664e+06 -4.26442e+06
32598.7 7.73403e+06 -365.989 -352.651 -54191.7 -308570 1.09372e+06 -7.73403e+06 365.989 352.651 54191.7 3.37663e+06 -4.27783e+06
32700.9 7.73403e+06 -367.136 -352.651 -54361.6 -308570 1.09715e+06 -7.73403e+06 367.136 352.651 54361.6 3.37663e+06 -4.29124e+06
32803 7.73403e+06 -368.284 -352.651 -54531.5 -308570 1.10058e+06 -7.73403e+06 368.284 352.651 54531.5 3.37663e+06 -4.30464e+06
32905.1 7.73403e+06 -369.431 -352.651 -54701.3 -308569 1.104e+06 -7.73403e+06 369.431 352.651 54701.3 3.37663e+06 -4.31805e+06
33007.3 7.73403e+06 -370.578 -352.651 -54871.2 -308569 1.10743e+06 -7.73403e+06 370.578 352.651 54871.2 3.37663e+06 -4.33146e+06
33109.4 7.73403e+06 -371.725 -352.651 -55041.1 -308569 1.11086e+06 -7.73403e+06 371.725 352.651 55041.1 3.37663e+06 -4.34487e+06
33211.5 7.73403e+06 -372.873 -352.65 -55211 -308569 1.11429e+06 -7.73403e+06 372.873 352.65 55211 3.37663e+06 -4.35828e+06
33313.7 7.73403e+06 -374.02 -352.65 -55380.9 -308569 1.11772e+06 -7.73403e+06 374.02 352.65 55380.9 3.37663e+06 -4.37169e+06
33415.8 7.73403e+06 -375.167 -352.65 -55550.8 -308569 1.12115e+06 -7.73403e+06 375.167 352.65 55550.8 3.37663e+06 -4.3851e+06
33518 7.73403e+06 -376.314 -352.65 -55720.7 -308569 1.12457e+06 -7.73403e+06 376.314 352.65 55720.7 3.37663e+06 -4.39851e+06
33620.1 7.73403e+06 -377.461 -352.65 -55890.6 -308569 1.128e+06 -7.73403e+06 377.461 352.65 55890.6 3.37662e+06 -4.41192e+06
33722.2 7.73403e+06 -378.609 -352.65 -56060.5 -308569 1.13143e+06 -7.73403e+06 378.609 352.65 56060.5 3.37662e+06 -4.42533e+06
33824.4 7.73403e+06 -379.756 -352.65 -56230.4 -308569 1.13486e+06 -7.73403e+06 379.756 352.65 56230.4 3.37662e+06 -4.43874e+06
33926.5 7.73403e+06 -380.903 -352.65 -56400.2 -308569 1.13829e+06 -7.73403e+06 380.903 352.65 56400.2 3.37662e+06 -4.45215e+06
34028.6 7.73403e+06 -382.05 -352.65 -56570.1 -308568 1.14172e+06 -7.73403e+06 382.05 352.65 56570.1 3.37662e+06 -4.46555e+06
34130.8 7.73403e+06 -383.198 -352.65 -56740 -308568 1.14515e+06 -7.73403e+06 383.198 352.65 56740 3.37662e+06 -4.47896e+06
34232.9 7.73403e+06 -384.345 -352.649 -56909.9 -308568 1.14857e+06 -7.73403e+06 384.345 352.649 56909.9 3.37662e+06 -4.49237e+06
34335 7.73403e+06 -385.492 -352.649 -57079.8 -308568 1.152e+06 -7.73403e+06 385.492 352.649 57079.8 3.37662e+06 -4.50578e+06
34437.2 7.73403e+06 -386.639 -352.649 -57249.7 -308568 1.15543e+06 -7.73403e+06 386.639 352.649 57249.7 3.37662e+06 -4.51919e+06
34539.3 7.73403e+06 -387.786 -352.649 -57419.6 -308568 1.15886e+06 -7.73403e+06 387.786 352.649 57419.6 3.37661e+06 -4.5326e+06
34641.4 7.73403e+06 -388.934 -352.649 -57589.5 -308568 1.16229e+06 -7.73403e+06 388.934 352.649 57589.5 3.37661e+06 -4.54601e+06
34743.6 7.73403e+06 -390.081 -352.649 -57759.4 -308568 1.16572e+06 -7.73403e+06 390.081 352.649 57759.4 3.37661e+06 -4.55942e+06
34845.7 7.73403e+06 -391.228 -352.649 -57929.3 -308568 1.16914e+06 -7.73403e+06 391.228 352.649 57929.3 3.37661e+06 -4.57283e+06
34947.8 7.73403e+06 -392.375 -352.649 -58099.2 -308568 1.17257e+06 -7.73403e+06 392.375 352.649 58099.2 3.37661e+06 -4.58624e+06
35049.9 7.73403e+06 -393.522 -352.649 -58269 -308567 1.176e+06 -7.73403e+06 393.522 352.649 58269 3.37661e+06 -4.59965e+06
35152.1 7.73403e+06 -394.67 -352.648 -58438.9 -308567 1.17943e+06 -7.73403e+06 394.67 352.648 58438.9 3.37661e+06 -4.61306e+06
35254.2 7.73403e+06 -395.817 -352.648 -58608.8 -308567 1.18286e+06 -7.73403e+06 395.817 352.648 58608.8 3.37661e+06 -4.62646e+06
35356.3 7.73403e+06 -396.964 -352.648 -58778.7 -308567 1.18629e+06 -7.73403e+06 396.964 352.648 58778.7 3.37661e+06 -4.63987e+06
35458.5 7.73403e+06 -398.111 -352.648 -58948.6 -308567 1.18971e+06 -7.73403e+06 398.111 352.648 58948.6 3.37661e+06 -4.65328e+06
35560.6 7.73403e+06 -399.259 -352.648 -59118.5 -308567 1.19314e+06 -7.73403e+06 399.259 352.648 59118.5 3.3766e+06 -4.66669e+06
35662.7 7.73403e+06 -400.406 -352.648 -59288.4 -308567 1.19657e+06 -7.73403e+06 400.406 352.648 59288.4 3.3766e+06 -4.6801e+06
35764.9 7.73403e+06 -401.553 -352.648 -59458.3 -308567 1.2e+06 -7.73403e+06 401.553 352.648 59458.3 3.3766e+06 -4.69351e+06
35867 7.73403e+06 -402.7 -352.648 -59628.2 -308567 1.20343e+06 -7.73403e+06 402.7 352.648 59628.2 3.3766e+06 -4.70692e+06
35969.1 7.73403e+06 -403.847 -352.648 -59798.1 -308567 1.20686e+06 -7.73403e+06 403.847 352.648 59798.1 3.3766e+06 -4.72033e+06
36071.2 7.73403e+06 -404.995 -352.647 -59968 -308567 1.21028e+06 -7.73403e+06 404.995 352.647 59968 3.3766e+06 -4.73374e+06
36173.4 7.73403e+06 -406.142 -352.647 -60137.8 -308566 1.21371e+06 -7.73403e+06 406.142 352.647 60137.8 3.3766e+06 -4.74715e+06
36275.5 7.73403e+06 -407.289 -352.647 -60307.7 -308566 1.21714e+06 -7.73403e+06 407.289 352.647 60307.7 3.3766e+06 -4.76056e+06
36377.6 7.73403e+06 -408.436 -352.647 -60477.6 -308566 1.22057e+06 -7.73403e+06 408.436 352.647 60477.6 3.3766e+06 -4.77396e+06
36479.8 7.73403e+06 -409.583 -352.647 -60647.5 -308566 1.224e+06 -7.73403e+06 409.583 352.647 60647.5 3.3766e+06 -4.78737e+06
36581.9 7.73403e+06 -410.731 -352.647 -60817.4 -308566 1.22743e+06 -7.73403e+06 410.731 352.647 60817.4 3.37659e+06 -4.80078e+06
36684 7.73403e+06 -411.878 -352.647 -60987.3 -308566 1.23085e+06 -7.73403e+06 411.878 352.647 60987.3 3.37659e+06 -4.81419e+06
36786.1 7.73403e+06 -413.025 -352.647 -61157.2 -308566 1.23428e+06 -7.73403e+06 413.025 352.647 61157.2 3.37659e+06 -4.8276e+06
36888.3 7.73403e+06 -414.172 -352.647 -61327.1 -308566 1.23771e+06 -7.73403e+06 414.172 352.647 61327.1 3.37659e+06 -4.84101e+06
36990.4 7.73403e+06 -415.319 -352.646 -61497 -308566 1.24114e+06 -7.73403e+06 415.319 352.646 61497 3.37659e+06 -4.85442e+06
37092.5 7.73403e+06 -416.467 -352.646 -61666.9 -308566 1.24457e+06 -7.73403e+06 416.467 352.646 61666.9 3.37659e+06 -4.86783e+06
37194.7 7.73403e+06 -417.614 -352.646 -61836.8 -308565 1.248e+06 -7.73403e+06 417.614 352.646 61836.8 3.37659e+06 -4.88124e+06
37296.8 7.73403e+06 -418.761 -352.646 -62006.6 -308565 1.25142e+06 -7.73403e+06 418.761 352.646 62006.6 3.37659e+06 -4.89465e+06
37398.9 7.73403e+06 -419.908 -352.646 -62176.5 -308565 1.25485e+06 -7.73403e+06 419.908 352.646 62176.5 3.37659e+06 -4.90805e+06
37501 7.73403e+06 -421.055 -352.646 -62346.4 -308565 1.25828e+06 -7.73403e+06 421.055 352.646 62346.4 3.37658e+06 -4.92146e+06
37603.2 7.73403e+06 -422.203 -352.646 -62516.3 -308565 1.26171e+06 -7.73403e+06 422.203 352.646 62516.3 3.37658e+06 -4.93487e+06
37705.3 7.73403e+06 -423.35 -352.646 -62686.2 -308565 1.26514e+06 -7.73403e+06 423.35 352.646 62686.2 3.37658e+06 -4.94828e+06
37807.4 7.73403e+06 -424.497 -352.646 -62856.1 -308565 1.26857e+06 -7.73403e+06 424.497 352.646 62856.1 3.37658e+06 -4.96169e+06
37909.5 7.73403e+06 -425.644 -352.646 -63026 -308565 1.27199e+06 -7.73403e+06 425.644 352.646 63026 3.37658e+06 -4.9751e+06
38011.7 7.73403e+06 -426.791 -352.645 -63195.9 -308565 1.27542e+06 -7.73403e+06 426.791 352.645 63195.9 3.37658e+06 -4.98851e+06
38113.8 7.73403e+06 -427.939 -352.645 -63365.8 -308565 1.27885e+06 -7.73403e+06 427.939 352.645 63365.8 3.37658e+06 -5.00192e+06
38215.9 7.73403e+06 -429.086 -352.645 -63535.7 -308565 1.28228e+06 -7.73403e+06 429.086 352.645 63535.7 3.37658e+06 -5.01533e+06
38318 7.73403e+06 -430.233 -352.645 -63705.6 -308564 1.28571e+06 -7.73403e+06 430.233 352.645 63705.6 3.37658e+06 -5.02874e+06
38420.2 7.73403e+06 -431.38 -352.645 -63875.4 -308564 1.28914e+06 -7.73403e+06 431.38 352.645 63875.4 3.37658e+06 -5.04214e+06
38522.3 7.73403e+06 -432.527 -352.645 -64045.3 -308564 1.29256e+06 -7.73403e+06 432.527 352.645 64045.3 3.37657e+06 -5.05555e+06
38624.4 7.73403e+06 -433.675 -352.645 -64215.2 -308564 1.29599e+06 -7.73403e+06 433.675 352.645 64215.2 3.37657e+06 -5.06896e+06
38726.5 7.73403e+06 -434.822 -352.645 -64385.1 -308564 1.29942e+06 -7.73403e+06 434.822 352.645 64385.1 3.37657e+06 -5.08237e+06
38828.7 7.73403e+06 -435.969 -352.645 -64555 -308564 1.30285e+06 -7.73403e+06 435.969 352.645 64555 3.37657e+06 -5.09578e+06
38930.8 7.73403e+06 -437.116 -352.644 -64724.9 -308564 1.30628e+06 -7.73403e+06 437.116 352.644 64724.9 3.37657e+06 -5.10919e+06
39032.9 7.73403e+06 -438.263 -352.644 -64894.8 -308564 1.30971e+06 -7.73403e+06 438.263 352.644 64894.8 3.37657e+06 -5.1226e+06
39135 7.73403e+06 -439.411 -352.644 -65064.7 -308564 1.31313e+06 -7.73403e+06 439.411 352.644 65064.7 3.37657e+06 -5.13601e+06
39237.1 7.73403e+06 -440.558 -352.644 -65234.6 -308564 1.31656e+06 -7.73403e+06 440.558 352.644 65234.6 3.37657e+06 -5.14942e+06
39339.3 7.73403e+06 -441.705 -352.644 -65404.5 -308564 1.31999e+06 -7.73403e+06 441.705 352.644 65404.5 3.37657e+06 -5.16282e+06
39441.4 7.73403e+06 -442.852 -352.644 -65574.4 -308563 1.32342e+06 -7.73403e+06 442.852 352.644 65574.4 3.37657e+06 -5.17623e+06
39543.5 7.73403e+06 -443.999 -352.644 -65744.2 -308563 1.32685e+06 -7.73403e+06 443.999 352.644 65744.2 3.37656e+06 -5.18964e+06
39645.6 7.73403e+06 -445.147 -352.644 -65914.1 -308563 1.33028e+06 -7.73403e+06 445.147 352.644 65914.1 3.37656e+06 -5.20305e+06
39747.8 7.73403e+06 -446.294 -352.644 -66084 -308563 1.3337e+06 -7.73403e+06 446.294 352.644 66084 3.37656e+06 -5.21646e+06
39849.9 7.73403e+06 -447.441 -352.643 -66253.9 -308563 1.33713e+06 -7.73403e+06 447.441 352.643 66253.9 3.37656e+06 -5.22987e+06
39952 7.73403e+06 -448.588 -352.643 -66423.8 -308563 1.34056e+06 -7.73403e+06 448.588 352.643 66423.8 3.37656e+06 -5.24328e+06
40054.1 7.73403e+06 -449.735 -352.643 -66593.7 -308563 1.34399e+06 -7.73403e+06 449.735 352.643 66593.7 3.37656e+06 -5.25669e+06
40156.2 7.73403e+06 -450.883 -352.643 -66763.6 -308563 1.34742e+06 -7.73403e+06 450.883 352.643 66763.6 3.37656e+06 -5.2701e+06
40258.4 7.73403e+06 -452.03 -352.643 -66933.5 -308563 1.35085e+06 -7.73403e+06 452.03 352.643 66933.5 3.37656e+06 -5.28351e+06
40360.5 7.73403e+06 -453.177 -352.643 -67103.4 -308563 1.35427e+06 -7.73403e+06 453.177 352.643 67103.4 3.37656e+06 -5.29691e+06
40462.6 7.73403e+06 -454.324 -352.643 -67273.3 -308562 1.3577e+06 -7.73403e+06 454.324 352.643 67273.3 3.37655e+06 -5.31032e+06
40564.7 7.73403e+06 -455.471 -352.643 -67443.2 -308562 1.36113e+06 -7.73403e+06 455.471 352.643 67443.2 3.37655e+06 -5.32373e+06
40666.8 7.73403e+06 -456.619 -352.643 -67613.1 -308562 1.36456e+06 -7.73403e+06 456.619 352.643 67613.1 3.37655e+06 -5.33714e+06
40769 7.73403e+06 -457.766 -352.642 -67782.9 -308562 1.36799e+06 -7.73403e+06 457.766 352.642 67782.9 3.37655e+06 -5.35055e+06
40871.1 7.73403e+06 -458.913 -352.642 -67952.8 -308562 1.37142e+06 -7.73403e+06 458.913 352.642 67952.8 3.37655e+06 -5.36396e+06
40973.2 7.73403e+06 -460.06 -352.642 -68122.7 -308562 1.37484e+06 -7.73403e+06 460.06 352.642 68122.7 3.37655e+06 -5.37737e+06
41075.3 7.73403e+06 -461.207 -352.642 -68292.6 -308562 1.37827e+06 -7.73403e+06 461.207 352.642 68292.6 3.37655e+06 -5.39078e+06
41177.4 7.73403e+06 -462.354 -352.642 -68462.5 -308562 1.3817e+06 -7.73403e+06 462.354 352.642 68462.5 3.37655e+06 -5.40418e+06
41279.6 7.73403e+06 -463.502 -352.642 -68632.4 -308562 1.38513e+06 -7.73403e+06 463.502 352.642 68632.4 3.37655e+06 -5.41759e+06
41381.7 7.73403e+06 -464.649 -352.642 -68802.3 -308562 1.38856e+06 -7.73403e+06 464.649 352.642 68802.3 3.37655e+06 -5.431e+06
41483.8 7.73403e+06 -465.796 -352.642 -68972.2 -308562 1.39199e+06 -7.73403e+06 465.796 352.642 68972.2 3.37654e+06 -5.44441e+06
41585.9 7.73403e+06 -466.943 -352.642 -69142.1 -308561 1.39541e+06 -7.73403e+06 466.943 352.642 69142.1 3.37654e+06 -5.45782e+06
41688 7.73403e+06 -468.09 -352.642 -69312 -308561 1.39884e+06 -7.73403e+06 468.09 352.642 69312 3.37654e+06 -5.47123e+06
41790.2 7.73403e+06 -469.238 -352.641 -69481.9 -308561 1.40227e+06 -7.73403e+06 469.238 352.641 69481.9 3.37654e+06 -5.48464e+06
41892.3 7.73403e+06 -470.385 -352.641 -69651.8 -308561 1.4057e+06 -7.73403e+06 470.385 352.641 69651.8 3.37654e+06 -5.49805e+06
41994.4 7.73403e+06 -471.532 -352.641 -69821.7 -308561 1.40913e+06 -7.73403e+06 471.532 352.641 69821.7 3.37654e+06 -5.51146e+06
42096.5 7.73403e+06 -472.679 -352.641 -69991.5 -308561 1.41256e+06 -7.73403e+06 472.679 352.641 69991.5 3.37654e+06 -5.52486e+06
42198.6 7.73403e+06 -473.826 -352.641 -70161.4 -308561 1.41598e+06 -7.73403e+06 473.826 352.641 70161.4 3.37654e+06 -5.53827e+06
42300.7 7.73403e+06 -474.974 -352.641 -70331.3 -308561 1.41941e+06 -7.73403e+06 474.974 352.641 70331.3 3.37654e+06 -5.55168e+06
42402.9 7.73403e+06 -476.121 -352.641 -70501.2 -308561 1.42284e+06 -7.73403e+06 476.121 352.641 70501.2 3.37654e+06 -5.56509e+06
42505 7.73403e+06 -477.268 -352.641 -70671.1 -308561 1.42627e+06 -7.73403e+06 477.268 352.641 70671.1 3.37653e+06 -5.5785e+06
42607.1 7.73403e+06 -478.415 -352.641 -70841 -308560 1.4297e+06 -7.73403e+06 478.415 352.641 70841 3.37653e+06 -5.59191e+06
42709.2 7.73403e+06 -479.562 -352.64 -71010.9 -308560 1.43313e+06 -7.73403e+06 479.562 352.64 71010.9 3.37653e+06 -5.60532e+06
42811.3 7.73403e+06 -480.709 -352.64 -71180.8 -308560 1.43655e+06 -7.73403e+06 480.709 352.64 71180.8 3.37653e+06 -5.61873e+06
42913.4 7.73403e+06 -481.857 -352.64 -71350.7 -308560 1.43998e+06 -7.73403e+06 481.857 352.64 71350.7 3.37653e+06 -5.63213e+06
43015.6 7.73403e+06 -483.004 -352.64 -71520.6 -308560 1.44341e+06 -7.73403e+06 483.004 352.64 71520.6 3.37653e+06 -5.64554e+06
43117.7 7.73403e+06 -484.151 -352.64 -71690.5 -308560 1.44684e+06 -7.73403e+06 484.151 352.64 71690.5 3.37653e+06 -5.65895e+06
43219.8 7.73403e+06 -485.298 -352.64 -71860.4 -308560 1.45027e+06 -7.73403e+06 485.298 352.64 71860.4 3.37653e+06 -5.67236e+06
43321.9 7.73403e+06 -486.445 -352.64 -72030.2 -308560 1.45369e+06 -7.73403e+06 486.445 352.64 72030.2 3.37653e+06 -5.68577e+06
43424 7.73403e+06 -487.593 -352.64 -72200.1 -308560 1.45712e+06 -7.73403e+06 487.593 352.64 72200.1 3.37653e+06 -5.69918e+06
43526.1 7.73403e+06 -488.74 -352.64 -72370 -308560 1.46055e+06 -7.73403e+06 488.74 352.64 72370 3.37652e+06 -5.71259e+06
43628.3 7.73403e+06 -489.887 -352.639 -72539.9 -308560 1.46398e+06 -7.73403e+06 489.887 352.639 72539.9 3.37652e+06 -5.726e+06
43730.4 7.73403e+06 -491.034 -352.639 -72709.8 -308559 1.46741e+06 -7.73403e+06 491.034 352.639 72709.8 3.37652e+06 -5.7394e+06
43832.5 7.73403e+06 -492.181 -352.639 -72879.7 -308559 1.47084e+06 -7.73403e+06 492.181 352.639 72879.7 3.37652e+06 -5.75281e+06
43934.6 7.73403e+06 -493.328 -352.639 -73049.6 -308559 1.47426e+06 -7.73403e+06 493.328 352.639 73049.6 3.37652e+06 -5.76622e+06
44036.7 7.73403e+06 -494.476 -352.639 -73219.5 -308559 1.47769e+06 -7.73403e+06 494.476 352.639 73219.5 3.37652e+06 -5.77963e+06
44138.8 7.73403e+06 -495.623 -352.639 -73389.4 -308559 1.48112e+06 -7.73403e+06 495.623 352.639 73389.4 3.37652e+06 -5.79304e+06
44240.9 7.73403e+06 -496.77 -352.639 -73559.3 -308559 1.48455e+06 -7.73403e+06 496.77 352.639 73559.3 3.37652e+06 -5.80645e+06
44343.1 7.73403e+06 -497.917 -352.639 -73729.2 -308559 1.48798e+06 -7.73403e+06 497.917 352.639 73729.2 3.37652e+06 -5.81986e+06
44445.2 7.73403e+06 -499.064 -352.639 -73899.1 -308559 1.49141e+06 -7.73403e+06 499.064 352.639 73899.1 3.37651e+06 -5.83326e+06
44547.3 7.73403e+06 -500.211 -352.639 -74069 -308559 1.49483e+06 -7.73403e+06 500.211 352.639 74069 3.37651e+06 -5.84667e+06
44649.4 7.73403e+06 -501.359 -352.638 -74238.8 -308559 1.49826e+06 -7.73403e+06 501.359 352.638 74238.8 3.37651e+06 -5.86008e+06
44751.5 7.73403e+06 -502.506 -352.638 -74408.7 -308559 1.50169e+06 -7.73403e+06 502.506 352.638 74408.7 3.37651e+06 -5.87349e+06
44853.6 7.73403e+06 -503.653 -352.638 -74578.6 -308558 1.50512e+06 -7.73403e+06 503.653 352.638 74578.6 3.37651e+06 -5.8869e+06
44955.7 7.73403e+06 -504.8 -352.638 -74748.5 -308558 1.50855e+06 -7.73403e+06 504.8 352.638 74748.5 3.37651e+06 -5.90031e+06
45057.8 7.73403e+06 -505.947 -352.638 -74918.4 -308558 1.51198e+06 -7.73403e+06 505.947 352.638 74918.4 3.37651e+06 -5.91372e+06
45160 7.73403e+06 -507.094 -352.638 -75088.3 -308558 1.5154e+06 -7.73403e+06 507.094 352.638 75088.3 3.37651e+06 -5.92713e+06
45262.1 7.73403e+06 -508.242 -352.638 -75258.2 -308558 1.51883e+06 -7.73403e+06 508.242 352.638 75258.2 3.37651e+06 -5.94053e+06
45364.2 7.73403e+06 -509.389 -352.638 -75428.1 -308558 1.52226e+06 -7.73403e+06 509.389 352.638 75428.1 3.37651e+06 -5.95394e+06
45466.3 7.73403e+06 -510.536 -352.638 -75598 -308558 1.52569e+06 -7.73403e+06 510.536 352.638 75598 3.3765e+06 -5.96735e+06
45568.4 7.73403e+06 -511.683 -352.637 -75767.9 -308558 1.52912e+06 -7.73403e+06 511.683 352.637 75767.9 3.3765e+06 -5.98076e+06
45670.5 7.73403e+06 -512.83 -352.637 -75937.8 -308558 1.53254e+06 -7.73403e+06 512.83 352.637 75937.8 3.3765e+06 -5.99417e+06
45772.6 7.73403e+06 -513.977 -352.637 -76107.7 -308558 1.53597e+06 -7.73403e+06 513.977 352.637 76107.7 3.3765e+06 -6.00758e+06
45874.7 7.73403e+06 -515.125 -352.637 -76277.6 -308557 1.5394e+06 -7.73403e+06 515.125 352.637 76277.6 3.3765e+06 -6.02099e+06
45976.9 7.73403e+06 -516.272 -352.637 -76447.4 -308557 1.54283e+06 -7.73403e+06 516.272 352.637 76447.4 3.3765e+06 -6.03439e+06
46079 7.73403e+06 -517.419 -352.637 -76617.3 -308557 1.54626e+06 -7.73403e+06 517.419 352.637 76617.3 3.3765e+06 -6.0478e+06
46181.1 7.73403e+06 -518.566 -352.637 -76787.2 -308557 1.54969e+06 -7.73403e+06 518.566 352.637 76787.2 3.3765e+06 -6.06121e+06
46283.2 7.73403e+06 -519.713 -352.637 -76957.1 -308557 1.55311e+06 -7.73403e+06 519.713 352.637 76957.1 3.3765e+06 -6.07462e+06
46385.3 7.73403e+06 -520.86 -352.637 -77127 -308557 1.55654e+06 -7.73403e+06 520.86 352.637 77127 3.3765e+06 -6.08803e+06
46487.4 7.73403e+06 -522.008 -352.636 -77296.9 -308557 1.55997e+06 -7.73403e+06 522.008 352.636 77296.9 3.37649e+06 -6.10144e+06
46589.5 7.73403e+06 -523.155 -352.636 -77466.8 -308557 1.5634e+06 -7.73403e+06 523.155 352.636 77466.8 3.37649e+06 -6.11485e+06
46691.6 7.73403e+06 -524.302 -352.636 -77636.7 -308557 1.56683e+06 -7.73403e+06 524.302 352.636 77636.7 3.37649e+06 -6.12825e+06
46793.7 7.73403e+06 -525.449 -352.636 -77806.6 -308557 1.57026e+06 -7.73403e+06 525.449 352.636 77806.6 3.37649e+06 -6.14166e+06
46895.9 7.73403e+06 -526.596 -352.636 -77976.5 -308557 1.57368e+06 -7.73403e+06 526.596 352.636 77976.5 3.37649e+06 -6.15507e+06
46998 7.73403e+06 -527.743 -352.636 -78146.4 -308556 1.57711e+06 -7.73403e+06 527.743 352.636 78146.4 3.37649e+06 -6.16848e+06
47100.1 7.73403e+06 -528.891 -352.636 -78316.3 -308556 1.58054e+06 -7.73403e+06 528.891 352.636 78316.3 3.37649e+06 -6.18189e+06
47202.2 7.73403e+06 -530.038 -352.636 -78486.2 -308556 1.58397e+06 -7.73403e+06 530.038 352.636 78486.2 3.37649e+06 -6.1953e+06
47304.3 7.73403e+06 -531.185 -352.636 -78656.1 -308556 1.5874e+06 -7.73403e+06 531.185 352.636 78656.1 3.37649e+06 -6.20871e+06
47406.4 7.73403e+06 -532.332 -352.636 -78825.9 -308556 1.59082e+06 -7.73403e+06 532.332 352.636 78825.9 3.37649e+06 -6.22211e+06
47508.5 7.73403e+06 -533.479 -352.635 -78995.8 -308556 1.59425e+06 -7.73403e+06 533.479 352.635 78995.8 3.37648e+06 -6.23552e+06
47610.6 7.73403e+06 -534.626 -352.635 -79165.7 -308556 1.59768e+06 -7.73403e+06 534.626 352.635 79165.7 3.37648e+06 -6.24893e+06
47712.7 7.73403e+06 -535.774 -352.635 -79335.6 -308556 1.60111e+06 -7.73403e+06 535.774 352.635 79335.6 3.37648e+06 -6.26234e+06
47814.8 7.73403e+06 -536.921 -352.635 -79505.5 -308556 1.60454e+06 -7.73403e+06 536.921 352.635 79505.5 3.37648e+06 -6.27575e+06
47916.9 7.73403e+06 -538.068 -352.635 -79675.4 -308556 1.60797e+06 -7.73403e+06 538.068 352.635 79675.4 3.37648e+06 -6.28916e+06
48019.1 7.73403e+06 -539.215 -352.635 -79845.3 -308556 1.61139e+06 -7.73403e+06 539.215 352.635 79845.3 3.37648e+06 -6.30257e+06
48121.2 7.73403e+06 -540.362 -352.635 -80015.2 -308555 1.61482e+06 -7.73403e+06 540.362 352.635 80015.2 3.37648e+06 -6.31597e+06
48223.3 7.73403e+06 -541.509 -352.635 -80185.1 -308555 1.61825e+06 -7.73403e+06 541.509 352.635 80185.1 3.37648e+06 -6.32938e+06
48325.4 7.73403e+06 -542.657 -352.635 -80355 -308555 1.62168e+06 -7.73403e+06 542.657 352.635 80355 3.37648e+06 -6.34279e+06
48427.5 7.73403e+06 -543.804 -352.634 -80524.9 -308555 1.62511e+06 -7.73403e+06 543.804 352.634 80524.9 3.37648e+06 -6.3562e+06
48529.6 7.73403e+06 -544.951 -352.634 -80694.8 -308555 1.62854e+06 -7.73403e+06 544.951 352.634 80694.8 3.37647e+06 -6.36961e+06
48631.7 7.73403e+06 -546.098 -352.634 -80864.7 -308555 1.63196e+06 -7.73403e+06 546.098 352.634 80864.7 3.37647e+06 -6.38302e+06
48733.8 7.73403e+06 -547.245 -352.634 -81034.6 -308555 1.63539e+06 -7.73403e+06 547.245 352.634 81034.6 3.37647e+06 -6.39642e+06
48835.9 7.73403e+06 -548.392 -352.634 -81204.4 -308555 1.63882e+06 -7.73403e+06 548.392 352.634 81204.4 3.37647e+06 -6.40983e+06
48938 7.73403e+06 -549.539 -352.634 -81374.3 -308555 1.64225e+06 -7.73403e+06 549.539 352.634 81374.3 3.37647e+06 -6.42324e+06
49040.1 7.73403e+06 -550.687 -352.634 -81544.2 -308555 1.64568e+06 -7.73403e+06 550.687 352.634 81544.2 3.37647e+06 -6.43665e+06
49142.2 7.73403e+06 -551.834 -352.634 -81714.1 -308555 1.6491e+06 -7.73403e+06 551.834 352.634 81714.1 3.37647e+06 -6.45006e+06
49244.3 7.73403e+06 -552.981 -352.634 -81884 -308554 1.65253e+06 -7.73403e+06 552.981 352.634 81884 3.37647e+06 -6.46347e+06
49346.4 7.73403e+06 -554.128 -352.634 -82053.9 -308554 1.65596e+06 -7.73403e+06 554.128 352.634 82053.9 3.37647e+06 -6.47688e+06
49448.6 7.73403e+06 -555.275 -352.633 -82223.8 -308554 1.65939e+06 -7.73403e+06 555.275 352.633 82223.8 3.37646e+06 -6.49028e+06
49550.7 7.73403e+06 -556.422 -352.633 -82393.7 -308554 1.66282e+06 -7.73403e+06 556.422 352.633 82393.7 3.37646e+06 -6.50369e+06
49652.8 7.73403e+06 -557.57 -352.633 -82563.6 -308554 1.66625e+06 -7.73403e+06 557.57 352.633 82563.6 3.37646e+06 -6.5171e+06
49754.9 7.73403e+06 -558.717 -352.633 -82733.5 -308554 1.66967e+06 -7.73403e+06 558.717 352.633 82733.5 3.37646e+06 -6.53051e+06
49857 7.73403e+06 -559.864 -352.633 -82903.4 -308554 1.6731e+06 -7.73403e+06 559.864 352.633 82903.4 3.37646e+06 -6.54392e+06
49959.1 7.73403e+06 -561.011 -352.633 -83073.3 -308554 1.67653e+06 -7.73403e+06 561.011 352.633 83073.3 3.37646e+06 -6.55733e+06
50061.2 7.73403e+06 -562.158 -352.633 -83243.2 -308554 1.67996e+06 -7.73403e+06 562.158 352.633 83243.2 3.37646e+06 -6.57073e+06
50163.3 7.73403e+06 -563.305 -352.633 -83413.1 -308554 1.68339e+06 -7.73403e+06 563.305 352.633 83413.1 3.37646e+06 -6.58414e+06
50265.4 7.73403e+06 -564.452 -352.633 -83583 -308553 1.68681e+06 -7.73403e+06 564.452 352.633 83583 3.37646e+06 -6.59755e+06
50367.5 7.73403e+06 -565.6 -352.632 -83752.8 -308553 1.69024e+06 -7.73403e+06 565.6 352.632 83752.8 3.37646e+06 -6.61096e+06
50469.6 7.73403e+06 -566.747 -352.632 -83922.7 -308553 1.69367e+06 -7.73403e+06 566.747 352.632 83922.7 3.37645e+06 -6.62437e+06
50571.7 7.73403e+06 -567.894 -352.632 -84092.6 -308553 1.6971e+06 -7.73403e+06 567.894 352.632 84092.6 3.37645e+06 -6.63778e+06
50673.8 7.73403e+06 -569.041 -352.632 -84262.5 -308553 1.70053e+06 -7.73403e+06 569.041 352.632 84262.5 3.37645e+06 -6.65118e+06
50775.9 7.73403e+06 -570.188 -352.632 -84432.4 -308553 1.70396e+06 -7.73403e+06 570.188 352.632 84432.4 3.37645e+06 -6.66459e+06
50878 7.73403e+06 -571.335 -352.632 -84602.3 -308553 1.70738e+06 -7.73403e+06 571.335 352.632 84602.3 3.37645e+06 -6.678e+06
50980.1 7.73403e+06 -572.483 -352.632 -84772.2 -308553 1.71081e+06 -7.73403e+06 572.483 352.632 84772.2 3.37645e+06 -6.69141e+06
51082.2 7.73403e+06 -573.63 -352.632 -84942.1 -308553 1.71424e+06 -7.73403e+06 573.63 352.632 84942.1 3.37645e+06 -6.70482e+06
