102.077 7.71522e+06 -7.03103 9.64962e-11 -1.99164e-09 -2.46952e-07 -571.248 -7.71522e+06 7.03103 -9.64962e-11 1.99164e-09 -5.92565e-07 -60598.7
204.451 7.71522e+06 -14.0805 1.1798e-10 -4.55073e-07 -6.20924e-07 -1150.96 -7.71522e+06 14.0805 -1.1798e-10 4.55073e-07 -4.05499e-07 -121349
306.713 7.71522e+06 -21.1285 2.86639e-10 -6.87498e-08 -1.82954e-06 -1710.34 -7.71522e+06 21.1285 -2.86639e-10 6.87498e-08 -6.64217e-07 -182107
408.969 7.71522e+06 -28.1766 6.05225e-11 7.4475e-08 -6.54009e-07 -2268 -7.71522e+06 28.1766 -6.05225e-11 -7.4475e-08 1.27464e-07 -242868
511.224 7.71522e+06 -35.2247 2.91993e-10 7.24328e-08 -1.90707e-06 -2825.72 -7.71522e+06 35.2247 -2.91993e-10 -7.24328e-08 -6.33275e-07 -303629
613.48 7.71522e+06 -42.2727 4.26253e-12 5.98599e-08 -7.79893e-07 -3383.48 -7.71522e+06 42.2727 -4.26253e-12 -5.98599e-08 7.42809e-07 -364389
715.734 7.71522e+06 -49.3208 3.26467e-11 -4.52869e-08 -7.04366e-07 -3941.28 -7.71522e+06 49.3208 -3.26467e-11 4.52869e-08 4.2034e-07 -425149
817.989 7.71522e+06 -56.3687 5.17622e-11 -7.25062e-10 -2.03166e-07 -4499.12 -7.71522e+06 56.3687 -5.17622e-11 7.25062e-10 -2.47166e-07 -485909
920.242 7.71522e+06 -63.4167 -2.68487e-11 3.60125e-07 -1.48211e-07 -5057 -7.71522e+06 63.4167 2.68487e-11 -3.60125e-07 3.81794e-07 -546668
1022.5 7.71522e+06 -70.4645 1.86285e-10 -2.42756e-07 -2.53313e-06 -5614.92 -7.71522e+06 70.4645 -1.86285e-10 2.42756e-07 9.12453e-07 -607427
1124.75 7.71522e+06 -77.5124 1.99254e-10 4.93924e-08 -1.64627e-06 -6172.87 -7.71522e+06 77.5124 -1.99254e-10 -4.93924e-08 -8.72418e-08 -668185
1227 7.71522e+06 -84.5602 1.34595e-10 -1.08538e-07 -1.48824e-06 -6730.87 -7.71522e+06 84.5602 -1.34595e-10 1.08538e-07 3.17265e-07 -728943
1329.25 7.71522e+06 -91.6079 7.36207e-11 3.49955e-07 -1.67264e-06 -7288.9 -7.71522e+06 91.6079 -7.36207e-11 -3.49955e-07 1.03214e-06 -789700
1431.51 7.71522e+06 -98.6556 3.2925e-11 -2.48731e-07 -4.28152e-07 -7846.97 -7.71522e+06 98.6556 -3.2925e-11 2.48731e-07 1.41704e-07 -850457
1533.76 7.71522e+06 -105.703 9.72536e-12 5.73661e-08 -1.18132e-06 -8405.08 -7.71522e+06 105.703 -9.72536e-12 -5.73661e-08 1.09671e-06 -911214
1636.01 7.71522e+06 -112.751 6.27367e-10 -2.8647e-07 -3.89389e-06 -8963.22 -7.71522e+06 112.751 -6.27367e-10 2.8647e-07 -1.5642e-06 -971970
1738.26 7.71522e+06 -119.799 -1.67272e-11 3.49214e-08 -5.69497e-07 -9521.41 -7.71522e+06 119.799 1.67272e-11 -3.49214e-08 7.15024e-07 -1.03273e+06
1840.51 7.71522e+06 -126.846 2.02226e-10 -6.1087e-08 -1.39109e-06 -10079.6 -7.71522e+06 126.846 -2.02226e-10 6.1087e-08 -3.68277e-07 -1.09348e+06
1942.76 7.71522e+06 -133.894 7.54583e-11 7.62031e-08 -1.66505e-06 -10637.9 -7.71522e+06 133.894 -7.54583e-11 -7.62031e-08 1.00857e-06 -1.15424e+06
2045.01 7.71522e+06 -140.941 1.80088e-10 -1.8117e-07 -1.59289e-06 -11196.2 -7.71522e+06 140.941 -1.80088e-10 1.8117e-07 2.61281e-08 -1.21499e+06
2147.25 7.71522e+06 -147.988 3.56696e-10 -1.74084e-07 -2.63865e-06 -11754.4 -7.71522e+06 147.988 -3.56696e-10 1.74084e-07 -4.64607e-07 -1.27574e+06
2249.5 7.71522e+06 -155.036 1.9094e-10 1.27362e-08 -7.27888e-07 -12312.7 -7.71522e+06 155.036 -1.9094e-10 -1.27362e-08 -9.33286e-07 -1.3365e+06
2351.75 7.71522e+06 -162.083 3.23404e-10 -1.20893e-07 -2.76203e-06 -12871 -7.71522e+06 162.083 -3.23404e-10 1.20893e-07 -5.15896e-08 -1.39725e+06
2454 7.71522e+06 -169.13 1.94142e-10 2.71077e-07 -1.67051e-06 -13429.4 -7.71522e+06 169.13 -1.94142e-10 -2.71077e-07 -1.85236e-08 -1.458e+06
2556.24 7.71522e+06 -176.178 1.55697e-10 -3.59991e-07 -1.35902e-06 -13987.7 -7.71522e+06 176.178 -1.55697e-10 3.59991e-07 4.45071e-09 -1.51876e+06
2658.49 7.71522e+06 -183.225 -2.69058e-12 -2.68544e-07 -6.72058e-07 -14546 -7.71522e+06 183.225 2.69058e-12 2.68544e-07 6.95466e-07 -1.57951e+06
2760.73 7.71522e+06 -190.272 1.21711e-10 -7.64605e-08 -1.11495e-06 -15104.4 -7.71522e+06 190.272 -1.21711e-10 7.64605e-08 5.60635e-08 -1.64026e+06
2862.98 7.71522e+06 -197.319 1.94593e-11 -2.48841e-07 -1.20493e-07 -15662.8 -7.71522e+06 197.319 -1.94593e-11 2.48841e-07 -4.88023e-08 -1.70101e+06
2965.22 7.71522e+06 -204.366 2.29888e-10 -3.08569e-07 -1.59273e-06 -16221.2 -7.71522e+06 204.366 -2.29888e-10 3.08569e-07 -4.07294e-07 -1.76176e+06
3067.47 7.71522e+06 -211.413 2.2183e-10 -3.82614e-07 -1.98538e-06 -16779.6 -7.71522e+06 211.413 -2.2183e-10 3.82614e-07 5.54567e-08 -1.82251e+06
3169.71 7.71522e+06 -218.46 3.56142e-10 5.21942e-08 -1.91558e-06 -17338.2 -7.71522e+06 218.46 -3.56142e-10 -5.21942e-08 -1.18286e-06 -1.88326e+06
3271.95 7.71522e+06 -225.507 1.34387e-10 -6.94451e-08 -1.4443e-06 -17896.6 -7.71522e+06 225.507 -1.34387e-10 6.94451e-08 2.75132e-07 -1.94401e+06
3374.19 7.71522e+06 -232.554 1.10037e-10 1.24496e-07 -1.51489e-06 -18455 -7.71522e+06 232.554 -1.10037e-10 -1.24496e-07 5.57571e-07 -2.00476e+06
3476.43 7.71522e+06 -239.601 -4.06342e-11 -2.09381e-07 -7.18422e-08 -19013.5 -7.71522e+06 239.601 4.06342e-11 2.09381e-07 4.2536e-07 -2.06551e+06
3578.67 7.71522e+06 -246.647 3.81993e-10 1.38637e-07 -2.96775e-06 -19572.1 -7.71522e+06 246.647 -3.81993e-10 -1.38637e-07 -3.55595e-07 -2.12626e+06
3680.91 7.71522e+06 -253.694 1.9307e-10 -3.92521e-07 -1.65648e-06 -20130.6 -7.71522e+06 253.694 -1.9307e-10 3.92521e-07 -2.32301e-08 -2.18701e+06
3783.15 7.71522e+06 -260.741 2.14479e-10 -2.72e-07 -1.77297e-06 -20689.3 -7.71522e+06 260.741 -2.14479e-10 2.72e-07 -9.30045e-08 -2.24776e+06
3885.39 7.71522e+06 -267.788 1.36913e-12 2.28654e-07 -7.61605e-07 -21247.9 -7.71522e+06 267.788 -1.36913e-12 -2.28654e-07 7.49694e-07 -2.3085e+06
3987.63 7.71522e+06 -274.834 1.8905e-10 -1.45725e-07 -1.69631e-06 -21806.6 -7.71522e+06 274.834 -1.8905e-10 1.45725e-07 5.15748e-08 -2.36925e+06
4089.87 7.71522e+06 -281.881 8.27642e-11 -1.36928e-07 -1.05195e-06 -22365.3 -7.71522e+06 281.881 -8.27642e-11 1.36928e-07 3.31902e-07 -2.43e+06
4192.11 7.71522e+06 -288.927 1.15654e-10 -4.48175e-07 -7.75088e-07 -22924.1 -7.71522e+06 288.927 -1.15654e-10 4.48175e-07 -2.31102e-07 -2.49074e+06
4294.35 7.71522e+06 -295.974 1.06497e-10 -4.65427e-07 -1.47678e-06 -23482.9 -7.71522e+06 295.974 -1.06497e-10 4.65427e-07 5.50255e-07 -2.55149e+06
4396.58 7.71522e+06 -303.02 2.09715e-10 -3.57744e-07 -1.58027e-06 -24041.6 -7.71522e+06 303.02 -2.09715e-10 3.57744e-07 -2.44252e-07 -2.61223e+06
4498.82 7.71522e+06 -310.067 5.98147e-11 -4.64154e-07 -4.87214e-07 -24600.4 -7.71522e+06 310.067 -5.98147e-11 4.64154e-07 -3.31737e-08 -2.67298e+06
4601.05 7.71522e+06 -317.113 2.41722e-10 2.53591e-07 -1.84335e-06 -25159.2 -7.71522e+06 317.113 -2.41722e-10 -2.53591e-07 -2.59636e-07 -2.73372e+06
4703.29 7.71522e+06 -324.159 3.09359e-10 -5.02583e-07 -2.43118e-06 -25718.1 -7.71522e+06 324.159 -3.09359e-10 5.02583e-07 -2.60246e-07 -2.79447e+06
4805.52 7.71522e+06 -331.205 -2.21122e-10 -2.56774e-07 -4.50303e-07 -26277 -7.71522e+06 331.205 2.21122e-10 2.56774e-07 2.37407e-06 -2.85521e+06
4907.76 7.71522e+06 -338.252 5.85689e-11 -7.47952e-08 -7.95366e-07 -26835.9 -7.71522e+06 338.252 -5.85689e-11 7.47952e-08 2.85817e-07 -2.91595e+06
5009.99 7.71522e+06 -345.298 6.33716e-11 -3.21931e-07 -1.24485e-06 -27394.9 -7.71522e+06 345.298 -6.33716e-11 3.21931e-07 6.93514e-07 -2.9767e+06
5112.23 7.71522e+06 -352.344 4.5902e-10 -1.63897e-07 -3.61828e-06 -27954 -7.71522e+06 352.344 -4.5902e-10 1.63897e-07 -3.75194e-07 -3.03744e+06
5214.46 7.71522e+06 -359.39 7.23671e-11 -4.89881e-07 -1.42061e-06 -28513 -7.71522e+06 359.39 -7.23671e-11 4.89881e-07 7.91019e-07 -3.09818e+06
5316.69 7.71522e+06 -366.436 2.17162e-10 2.09879e-08 -1.52557e-06 -29072.1 -7.71522e+06 366.436 -2.17162e-10 -2.09879e-08 -3.63744e-07 -3.15892e+06
5418.92 7.71522e+06 -373.482 -1.4114e-10 -1.30892e-07 2.90292e-07 -29631.3 -7.71522e+06 373.482 1.4114e-10 1.30892e-07 9.37623e-07 -3.21966e+06
5521.16 7.71522e+06 -380.528 5.02426e-11 -6.9475e-08 -6.57483e-07 -30190.4 -7.71522e+06 380.528 -5.02426e-11 6.9475e-08 2.20372e-07 -3.2804e+06
5623.39 7.71522e+06 -387.574 -6.86725e-11 -1.61683e-07 -8.16606e-07 -30749.6 -7.71522e+06 387.574 6.86725e-11 1.61683e-07 1.41406e-06 -3.34114e+06
5725.62 7.71522e+06 -394.62 3.75837e-10 -2.35028e-07 -2.93128e-06 -31308.9 -7.71522e+06 394.62 -3.75837e-10 2.35028e-07 -3.38505e-07 -3.40188e+06
5827.85 7.71522e+06 -401.666 -5.51941e-11 -1.29965e-07 -7.29501e-07 -31868.2 -7.71522e+06 401.666 5.51941e-11 1.29965e-07 1.20969e-06 -3.46262e+06
5930.08 7.71522e+06 -408.711 5.14049e-11 -1.01598e-07 -1.05399e-06 -32427.5 -7.71522e+06 408.711 -5.14049e-11 1.01598e-07 6.06766e-07 -3.52336e+06
6032.31 7.71522e+06 -415.757 -2.30031e-11 -3.91685e-07 -1.29327e-06 -32986.9 -7.71522e+06 415.757 2.30031e-11 3.91685e-07 1.4934e-06 -3.5841e+06
6134.54 7.71522e+06 -422.803 7.6349e-11 -2.5257e-07 -5.39224e-07 -33546.3 -7.71522e+06 422.803 -7.6349e-11 2.5257e-07 -1.25013e-07 -3.64484e+06
6236.77 7.71522e+06 -429.848 6.36287e-12 -4.01028e-07 -7.95994e-07 -34105.8 -7.71522e+06 429.848 -6.36287e-12 4.01028e-07 7.40637e-07 -3.70558e+06
6339 7.71522e+06 -436.894 1.1715e-10 -4.23534e-07 -1.15406e-06 -34665.3 -7.71522e+06 436.894 -1.1715e-10 4.23534e-07 1.34852e-07 -3.76631e+06
6441.22 7.71522e+06 -443.94 7.82289e-11 -5.24761e-08 -1.08655e-06 -35224.8 -7.71522e+06 443.94 -7.82289e-11 5.24761e-08 4.05963e-07 -3.82705e+06
6543.45 7.71522e+06 -450.985 2.30851e-10 -3.76544e-07 -1.31475e-06 -35784.3 -7.71522e+06 450.985 -2.30851e-10 3.76544e-07 -6.93659e-07 -3.88779e+06
6645.68 7.71522e+06 -458.031 2.82829e-10 -4.37205e-07 -1.86876e-06 -36343.9 -7.71522e+06 458.031 -2.82829e-10 4.37205e-07 -5.9186e-07 -3.94852e+06
6747.9 7.71522e+06 -465.076 -3.70491e-11 8.55189e-08 -1.3892e-06 -36903.6 -7.71522e+06 465.076 3.70491e-11 -8.55189e-08 1.71153e-06 -4.00926e+06
6850.13 7.71522e+06 -472.121 -1.69983e-11 1.24689e-08 -7.1675e-07 -37463.3 -7.71522e+06 472.121 1.69983e-11 -1.24689e-08 8.64636e-07 -4.06999e+06
6952.36 7.71522e+06 -479.167 1.00688e-10 -1.77138e-07 -4.90097e-07 -38023 -7.71522e+06 479.167 -1.00688e-10 1.77138e-07 -3.85893e-07 -4.13073e+06
7054.58 7.71522e+06 -486.212 1.68312e-10 -6.718e-08 -1.36103e-06 -38582.8 -7.71522e+06 486.212 -1.68312e-10 6.718e-08 -1.03287e-07 -4.19146e+06
7156.81 7.71522e+06 -493.257 -2.53983e-11 -1.55473e-07 -7.45801e-07 -39142.5 -7.71522e+06 493.257 2.53983e-11 1.55473e-07 9.66767e-07 -4.2522e+06
7259.03 7.71522e+06 -500.303 4.05932e-10 1.21518e-08 -3.33506e-06 -39702.3 -7.71522e+06 500.303 -4.05932e-10 -1.21518e-08 -1.96544e-07 -4.31293e+06
7361.25 7.71522e+06 -507.348 9.67334e-11 -4.84409e-07 -1.50322e-06 -40262.2 -7.71522e+06 507.348 -9.67334e-11 4.84409e-07 6.61639e-07 -4.37366e+06
7463.48 7.71522e+06 -514.393 2.40408e-10 -5.03466e-07 -2.01131e-06 -40822 -7.71522e+06 514.393 -2.40408e-10 5.03466e-07 -8.02423e-08 -4.4344e+06
7565.7 7.71522e+06 -521.438 -3.47852e-11 -2.78117e-07 -5.2366e-07 -41382 -7.71522e+06 521.438 3.47852e-11 2.78117e-07 8.26292e-07 -4.49513e+06
7667.92 7.71522e+06 -528.483 3.0011e-10 -2.49083e-07 -2.05343e-06 -41941.9 -7.71522e+06 528.483 -3.0011e-10 2.49083e-07 -5.57522e-07 -4.55586e+06
7770.15 7.71522e+06 -535.528 3.78598e-10 -1.88989e-07 -3.10138e-06 -42501.9 -7.71522e+06 535.528 -3.78598e-10 1.88989e-07 -1.92422e-07 -4.61659e+06
7872.37 7.71522e+06 -542.573 1.37742e-10 -5.36387e-07 -1.37251e-06 -43062 -7.71522e+06 542.573 -1.37742e-10 5.36387e-07 1.74151e-07 -4.67732e+06
7974.59 7.71522e+06 -549.618 1.78306e-10 -2.91328e-07 -1.94486e-06 -43622 -7.71522e+06 549.618 -1.78306e-10 2.91328e-07 3.93596e-07 -4.73805e+06
8076.81 7.71522e+06 -556.663 -8.27936e-11 1.79898e-07 2.1543e-07 -44182.1 -7.71522e+06 556.663 8.27936e-11 -1.79898e-07 5.04874e-07 -4.79878e+06
8179.03 7.71522e+06 -563.708 -3.66801e-11 -4.694e-08 -7.81336e-07 -44742.3 -7.71522e+06 563.708 3.66801e-11 4.694e-08 1.10045e-06 -4.85951e+06
8281.25 7.71522e+06 -570.752 8.56524e-11 -2.05501e-07 -1.44749e-06 -45302.5 -7.71522e+06 570.752 -8.56524e-11 2.05501e-07 7.02313e-07 -4.92024e+06
8383.47 7.71522e+06 -577.797 1.69245e-10 -5.90795e-07 -9.28798e-07 -45862.7 -7.71522e+06 577.797 -1.69245e-10 5.90795e-07 -5.43634e-07 -4.98097e+06
8485.69 7.71522e+06 -584.842 1.48963e-10 -1.02196e-07 -1.73856e-06 -46423 -7.71522e+06 584.842 -1.48963e-10 1.02196e-07 4.42578e-07 -5.0417e+06
8587.91 7.71522e+06 -591.886 -2.01091e-10 -4.58515e-07 -1.41607e-07 -46983.3 -7.71522e+06 591.886 2.01091e-10 4.58515e-07 1.8911e-06 -5.10243e+06
8690.12 7.71522e+06 -598.931 -6.91015e-12 1.01889e-07 2.14332e-07 -47543.6 -7.71522e+06 598.931 6.91015e-12 -1.01889e-07 -1.54213e-07 -5.16316e+06
8792.34 7.71522e+06 -605.976 1.08369e-10 -4.33396e-07 -9.3277e-07 -48104 -7.71522e+06 605.976 -1.08369e-10 4.33396e-07 -1.00363e-08 -5.22388e+06
8894.56 7.71522e+06 -613.02 1.91982e-10 -2.44106e-07 -1.66509e-06 -48664.4 -7.71522e+06 613.02 -1.91982e-10 2.44106e-07 -5.15947e-09 -5.28461e+06
8996.78 7.71522e+06 -620.065 1.4209e-10 -3.01139e-07 -1.77459e-06 -49224.9 -7.71522e+06 620.065 -1.4209e-10 3.01139e-07 5.38411e-07 -5.34534e+06
9098.99 7.71522e+06 -627.109 1.03352e-10 -4.9934e-07 -1.22578e-06 -49785.4 -7.71522e+06 627.109 -1.03352e-10 4.9934e-07 3.26621e-07 -5.40606e+06
9201.21 7.71522e+06 -634.153 1.88861e-10 1.38252e-07 -1.68626e-06 -50345.9 -7.71522e+06 634.153 -1.88861e-10 -1.38252e-07 4.31691e-08 -5.46679e+06
9303.42 7.71522e+06 -641.198 -2.05375e-10 -9.17804e-07 1.81015e-07 -50906.5 -7.71522e+06 641.198 2.05375e-10 9.17804e-07 1.60575e-06 -5.52751e+06
9405.64 7.71522e+06 -648.242 5.04184e-11 1.81787e-08 -1.08504e-06 -51467.1 -7.71522e+06 648.242 -5.04184e-11 -1.81787e-08 6.46396e-07 -5.58824e+06
9507.85 7.71522e+06 -655.286 7.27663e-12 -1.47434e-07 -9.40867e-07 -52027.8 -7.71522e+06 655.286 -7.27663e-12 1.47434e-07 8.77561e-07 -5.64896e+06
9610.07 7.71522e+06 -662.331 3.75411e-11 -1.32524e-07 -6.53811e-07 -52588.4 -7.71522e+06 662.331 -3.75411e-11 1.32524e-07 3.27203e-07 -5.70969e+06
9712.28 7.71522e+06 -669.375 -1.6644e-11 -1.74725e-07 -9.00008e-07 -53149.2 -7.71522e+06 669.375 1.6644e-11 1.74725e-07 1.04481e-06 -5.77041e+06
9814.5 7.71522e+06 -676.419 3.18822e-10 -4.0748e-07 -2.44486e-06 -53709.9 -7.71522e+06 676.419 -3.18822e-10 4.0748e-07 -3.28889e-07 -5.83113e+06
9916.71 7.71522e+06 -683.463 3.25886e-10 -5.13768e-08 -2.35473e-06 -54270.7 -7.71522e+06 683.463 -3.25886e-10 5.13768e-08 -4.80482e-07 -5.89186e+06
10018.9 7.71522e+06 -690.507 -1.98557e-11 2.02916e-08 -6.12316e-07 -54831.6 -7.71522e+06 690.507 1.98557e-11 -2.02916e-08 7.85061e-07 -5.95258e+06
10121.1 7.71522e+06 -697.551 1.46554e-10 7.26731e-08 -1.17917e-06 -55392.4 -7.71522e+06 697.551 -1.46554e-10 -7.26731e-08 -9.5853e-08 -6.0133e+06
10223.3 7.71522e+06 -704.595 1.0222e-10 -3.66403e-07 -1.38588e-06 -55953.4 -7.71522e+06 704.595 -1.0222e-10 3.66403e-07 4.96563e-07 -6.07402e+06
10325.6 7.71522e+06 -711.639 6.50175e-11 -3.52517e-07 -6.22003e-07 -56514.3 -7.71522e+06 711.639 -6.50175e-11 3.52517e-07 5.63513e-08 -6.13474e+06
10427.8 7.71522e+06 -718.683 2.38311e-10 -1.0275e-07 -1.85201e-06 -57075.3 -7.71522e+06 718.683 -2.38311e-10 1.0275e-07 -2.21297e-07 -6.19547e+06
10530 7.71522e+06 -725.727 4.76907e-11 -1.15464e-07 -9.52942e-07 -57636.3 -7.71522e+06 725.727 -4.76907e-11 1.15464e-07 5.38033e-07 -6.25619e+06
10632.2 7.71522e+06 -732.77 1.8736e-10 -1.2519e-08 -1.85485e-06 -58197.4 -7.71522e+06 732.77 -1.8736e-10 1.2519e-08 2.24814e-07 -6.31691e+06
10734.4 7.71522e+06 -739.814 1.83809e-10 -3.67259e-07 -1.12195e-06 -58758.5 -7.71522e+06 739.814 -1.83809e-10 3.67259e-07 -4.77193e-07 -6.37763e+06
10836.6 7.71522e+06 -746.858 9.23324e-11 -1.54159e-07 -5.56566e-07 -59319.7 -7.71522e+06 746.858 -9.23324e-11 1.54159e-07 -2.46726e-07 -6.43834e+06
10938.8 7.71522e+06 -753.902 9.11179e-11 -1.23665e-07 -7.20634e-07 -59880.8 -7.71522e+06 753.902 -9.11179e-11 1.23665e-07 -7.20916e-08 -6.49906e+06
11041 7.71522e+06 -760.945 4.9425e-11 1.9594e-07 -5.96639e-07 -60442 -7.71522e+06 760.945 -4.9425e-11 -1.9594e-07 1.66642e-07 -6.55978e+06
11143.2 7.71522e+06 -767.989 1.60216e-10 -2.08956e-07 -1.11372e-06 -61003.3 -7.71522e+06 767.989 -1.60216e-10 2.08956e-07 -2.80157e-07 -6.6205e+06
11245.4 7.71522e+06 -775.032 4.697e-11 1.11302e-08 -1.23523e-06 -61564.6 -7.71522e+06 775.032 -4.697e-11 -1.11302e-08 8.26592e-07 -6.68122e+06
11347.6 7.71522e+06 -782.076 -6.22817e-11 -3.48618e-07 3.45302e-07 -62125.9 -7.71522e+06 782.076 6.22817e-11 3.48618e-07 1.96549e-07 -6.74193e+06
11449.9 7.71522e+06 -789.119 1.18033e-10 -4.13962e-07 -1.08497e-06 -62687.3 -7.71522e+06 789.119 -1.18033e-10 4.13962e-07 5.80817e-08 -6.80265e+06
11552.1 7.71522e+06 -796.163 -3.22175e-11 -5.76453e-07 -5.66992e-07 -63248.7 -7.71522e+06 796.163 3.22175e-11 5.76453e-07 8.47284e-07 -6.86337e+06
11654.3 7.71522e+06 -803.206 -2.90399e-11 -3.84174e-07 -1.44437e-06 -63810.1 -7.71522e+06 803.206 2.90399e-11 3.84174e-07 1.69701e-06 -6.92408e+06
11756.5 7.71522e+06 -810.249 6.82129e-11 -2.14643e-07 -7.25471e-07 -64371.6 -7.71522e+06 810.249 -6.82129e-11 2.14643e-07 1.32019e-07 -6.9848e+06
11858.7 7.71522e+06 -817.293 2.22091e-10 -2.96666e-07 -2.30157e-06 -64933.1 -7.71522e+06 817.293 -2.22091e-10 2.96666e-07 3.69374e-07 -7.04551e+06
11960.9 7.71522e+06 -824.336 1.63742e-10 -6.50178e-07 -7.68172e-07 -65494.7 -7.71522e+06 824.336 -1.63742e-10 6.50178e-07 -6.56382e-07 -7.10623e+06
12063.1 7.71522e+06 -831.379 2.62853e-10 -9.95324e-08 -2.84579e-06 -66056.3 -7.71522e+06 831.379 -2.62853e-10 9.95324e-08 5.58976e-07 -7.16694e+06
12165.3 7.71522e+06 -838.422 1.07222e-10 -1.30296e-07 -1.50604e-06 -66617.9 -7.71522e+06 838.422 -1.07222e-10 1.30296e-07 5.73203e-07 -7.22766e+06
12267.5 7.71522e+06 -845.466 6.48761e-11 -2.7108e-08 -6.07056e-07 -67179.6 -7.71522e+06 845.466 -6.48761e-11 2.7108e-08 4.26342e-08 -7.28837e+06
12369.7 7.71522e+06 -852.509 1.38199e-10 -3.65955e-07 -6.45623e-07 -67741.3 -7.71522e+06 852.509 -1.38199e-10 3.65955e-07 -5.56713e-07 -7.34908e+06
12471.9 7.71522e+06 -859.552 1.82724e-10 -3.59819e-07 -1.75795e-06 -68303 -7.71522e+06 859.552 -1.82724e-10 3.59819e-07 1.68259e-07 -7.4098e+06
12574.1 7.71522e+06 -866.595 -2.95618e-12 -1.96544e-07 -7.24453e-07 -68864.8 -7.71522e+06 866.595 2.95618e-12 1.96544e-07 7.50172e-07 -7.47051e+06
12676.3 7.71522e+06 -873.638 2.7659e-11 -3.72119e-07 -7.38886e-07 -69426.6 -7.71522e+06 873.638 -2.7659e-11 3.72119e-07 4.98252e-07 -7.53122e+06
12778.5 7.71522e+06 -880.681 3.09445e-10 -2.39331e-07 -1.83093e-06 -69988.4 -7.71522e+06 880.681 -3.09445e-10 2.39331e-07 -8.61241e-07 -7.59193e+06
12880.7 7.71522e+06 -887.723 4.33731e-10 -3.83095e-07 -3.01083e-06 -70550.3 -7.71522e+06 887.723 -4.33731e-10 3.83095e-07 -7.62635e-07 -7.65264e+06
12982.9 7.71522e+06 -894.766 1.6078e-10 -6.82863e-08 -1.02256e-06 -71112.3 -7.71522e+06 894.766 -1.6078e-10 6.82863e-08 -3.76226e-07 -7.71335e+06
13085.1 7.71522e+06 -901.809 3.05163e-11 -2.65976e-07 -1.15382e-07 -71674.2 -7.71522e+06 901.809 -3.05163e-11 2.65976e-07 -1.5011e-07 -7.77406e+06
13187.3 7.71522e+06 -908.852 -6.58362e-11 -2.79375e-07 7.5298e-08 -72236.2 -7.71522e+06 908.852 6.58362e-11 2.79375e-07 4.97477e-07 -7.83477e+06
13289.5 7.71522e+06 -915.895 -1.15803e-10 -3.04929e-07 5.84862e-07 -72798.2 -7.71522e+06 915.895 1.15803e-10 3.04929e-07 4.22626e-07 -7.89548e+06
13391.7 7.71522e+06 -922.937 9.33857e-11 -3.08867e-07 -1.1692e-06 -73360.3 -7.71522e+06 922.937 -9.33857e-11 3.08867e-07 3.56743e-07 -7.95619e+06
13493.9 7.71522e+06 -929.98 6.11268e-11 -3.12794e-07 -1.23537e-06 -73922.4 -7.71522e+06 929.98 -6.11268e-11 3.12794e-07 7.03569e-07 -8.0169e+06
13596.1 7.71522e+06 -937.022 1.86899e-10 -4.02895e-07 -6.23683e-07 -74484.5 -7.71522e+06 937.022 -1.86899e-10 4.02895e-07 -1.00234e-06 -8.07761e+06
13698.3 7.71522e+06 -944.065 1.14056e-10 -6.25652e-07 -1.23139e-06 -75046.7 -7.71522e+06 944.065 -1.14056e-10 6.25652e-07 2.39101e-07 -8.13832e+06
13800.5 7.71522e+06 -951.107 -5.01536e-11 -2.47988e-07 -6.98843e-07 -75608.9 -7.71522e+06 951.107 5.01536e-11 2.47988e-07 1.13518e-06 -8.19903e+06
13902.7 7.71522e+06 -958.15 1.25291e-10 -1.21424e-07 -8.71673e-07 -76171.2 -7.71522e+06 958.15 -1.25291e-10 1.21424e-07 -2.1836e-07 -8.25973e+06
14004.9 7.71522e+06 -965.192 -3.73035e-13 -4.08656e-07 -1.6021e-07 -76733.5 -7.71522e+06 965.192 3.73035e-13 4.08656e-07 1.63456e-07 -8.32044e+06
14107.1 7.71522e+06 -972.235 -9.94393e-11 -7.64225e-08 -8.41989e-08 -77295.8 -7.71522e+06 972.235 9.94393e-11 7.64225e-08 9.49321e-07 -8.38115e+06
14209.3 7.71522e+06 -979.277 -8.64051e-12 -5.26021e-07 -7.50551e-07 -77858.1 -7.71522e+06 979.277 8.64051e-12 5.26021e-07 8.25723e-07 -8.44185e+06
14311.5 7.71522e+06 -986.319 1.98029e-10 -5.7542e-07 -1.64588e-06 -78420.5 -7.71522e+06 986.319 -1.98029e-10 5.7542e-07 -7.69683e-08 -8.50256e+06
14413.7 7.71522e+06 -993.362 -5.59075e-11 -6.07049e-07 -6.64935e-07 -78983 -7.71522e+06 993.362 5.59075e-11 6.07049e-07 1.15133e-06 -8.56326e+06
14515.9 7.71522e+06 -1000.4 6.46521e-11 -3.56454e-08 -1.05676e-06 -79545.4 -7.71522e+06 1000.4 -6.46521e-11 3.56454e-08 4.94286e-07 -8.62397e+06
14618.1 7.71522e+06 -1007.45 3.27752e-11 -7.058e-07 -1.24792e-06 -80107.9 -7.71522e+06 1007.45 -3.27752e-11 7.058e-07 9.62778e-07 -8.68467e+06
14720.2 7.71522e+06 -1014.49 9.19486e-12 -4.93879e-08 -3.9836e-07 -80670.5 -7.71522e+06 1014.49 -9.19486e-12 4.93879e-08 3.18365e-07 -8.74538e+06
14822.4 7.71522e+06 -1021.53 3.54634e-11 -2.46702e-07 -9.05119e-07 -81233 -7.71522e+06 1021.53 -3.54634e-11 2.46702e-07 5.96587e-07 -8.80608e+06
14924.6 7.71522e+06 -1028.57 8.47761e-11 -1.86951e-07 -1.2869e-06 -81795.6 -7.71522e+06 1028.57 -8.47761e-11 1.86951e-07 5.49348e-07 -8.86678e+06
15026.8 7.71522e+06 -1035.61 3.13393e-11 -4.44348e-07 -2.72299e-07 -82358.3 -7.71522e+06 1035.61 -3.13393e-11 4.44348e-07 -3.52757e-10 -8.92749e+06
15129 7.71522e+06 -1042.66 2.61885e-10 -4.11699e-07 -1.00211e-06 -82921 -7.71522e+06 1042.66 -2.61885e-10 4.11699e-07 -1.27629e-06 -8.98819e+06
15231.2 7.71522e+06 -1049.7 6.63314e-11 -5.09371e-07 -3.29276e-07 -83483.7 -7.71522e+06 1049.7 -6.63314e-11 5.09371e-07 -2.47806e-07 -9.04889e+06
15333.4 7.71522e+06 -1056.74 2.60521e-11 -1.36749e-07 -7.17367e-07 -84046.4 -7.71522e+06 1056.74 -2.60521e-11 1.36749e-07 4.90714e-07 -9.10959e+06
15435.6 7.71522e+06 -1063.78 7.68838e-11 -3.1423e-07 -7.87233e-07 -84609.2 -7.71522e+06 1063.78 -7.68838e-11 3.1423e-07 1.18344e-07 -9.1703e+06
15537.8 7.71522e+06 -1070.82 7.28899e-11 -3.94236e-07 -6.45926e-07 -85172 -7.71522e+06 1070.82 -7.28899e-11 3.94236e-07 1.17839e-08 -9.231e+06
15640 7.71522e+06 -1077.87 2.08393e-10 2.07902e-07 -1.18766e-06 -85734.9 -7.71522e+06 1077.87 -2.08393e-10 -2.07902e-07 -6.25364e-07 -9.2917e+06
15742.2 7.71522e+06 -1084.91 5.86675e-11 6.0533e-08 -5.51199e-07 -86297.7 -7.71522e+06 1084.91 -5.86675e-11 -6.0533e-08 4.07913e-08 -9.3524e+06
15844.4 7.71522e+06 -1091.95 6.20697e-11 -1.64154e-07 -8.76848e-07 -86860.7 -7.71522e+06 1091.95 -6.20697e-11 1.64154e-07 3.36841e-07 -9.4131e+06
15946.5 7.71522e+06 -1098.99 -3.19072e-12 -1.46746e-07 -6.3057e-07 -87423.6 -7.71522e+06 1098.99 3.19072e-12 1.46746e-07 6.58329e-07 -9.4738e+06
16048.7 7.71522e+06 -1106.03 1.7491e-10 -4.96667e-07 -1.42306e-06 -87986.6 -7.71522e+06 1106.03 -1.7491e-10 4.96667e-07 -9.8663e-08 -9.5345e+06
16150.9 7.71522e+06 -1113.07 5.22462e-11 -9.01831e-08 -8.95443e-07 -88549.6 -7.71522e+06 1113.07 -5.22462e-11 9.01831e-08 4.40901e-07 -9.5952e+06
16253.1 7.71522e+06 -1120.12 1.38441e-10 -5.33813e-07 -4.83358e-07 -89112.7 -7.71522e+06 1120.12 -1.38441e-10 5.33813e-07 -7.21083e-07 -9.65589e+06
16355.3 7.71522e+06 -1127.16 -6.88335e-11 -1.94131e-07 5.66726e-07 -89675.8 -7.71522e+06 1127.16 6.88335e-11 1.94131e-07 3.21259e-08 -9.71659e+06
16457.5 7.71522e+06 -1134.2 1.98771e-11 2.06806e-07 -6.58365e-07 -90238.9 -7.71522e+06 1134.2 -1.98771e-11 -2.06806e-07 4.85434e-07 -9.77729e+06
16559.7 7.71522e+06 -1141.24 -2.68231e-11 -2.1576e-07 -6.70168e-07 -90802.1 -7.71522e+06 1141.24 2.68231e-11 2.1576e-07 9.03529e-07 -9.83799e+06
16661.9 7.71522e+06 -1148.28 4.6288e-10 -3.31035e-07 -3.78656e-06 -91365.3 -7.71522e+06 1148.28 -4.6288e-10 3.31035e-07 -2.40499e-07 -9.89868e+06
16764 7.71522e+06 -1155.32 3.91335e-11 -3.44867e-07 -1.34781e-06 -91928.5 -7.71522e+06 1155.32 -3.91335e-11 3.44867e-07 1.00735e-06 -9.95938e+06
16866.2 7.71522e+06 -1162.36 -2.13249e-10 -3.91676e-07 6.06187e-07 -92491.8 -7.71522e+06 1162.36 2.13249e-10 3.91676e-07 1.24908e-06 -1.00201e+07
16968.4 7.71522e+06 -1169.41 5.10907e-11 4.25052e-08 -4.41116e-07 -93055.1 -7.71522e+06 1169.41 -5.10907e-11 -4.25052e-08 -3.37351e-09 -1.00808e+07
17070.6 7.71522e+06 -1176.45 1.44259e-10 -1.63139e-07 -1.36457e-06 -93618.4 -7.71522e+06 1176.45 -1.44259e-10 1.63139e-07 1.09524e-07 -1.01415e+07
17172.8 7.71522e+06 -1183.49 3.33073e-11 -1.96899e-07 -8.05779e-07 -94181.8 -7.71522e+06 1183.49 -3.33073e-11 1.96899e-07 5.16006e-07 -1.02022e+07
17275 7.71522e+06 -1190.53 1.03649e-10 1.82005e-09 -8.12773e-07 -94745.2 -7.71522e+06 1190.53 -1.03649e-10 -1.82005e-09 -8.89703e-08 -1.02629e+07
17377.1 7.71522e+06 -1197.57 9.45195e-11 -2.08478e-07 -1.07562e-06 -95308.6 -7.71522e+06 1197.57 -9.45195e-11 2.08478e-07 2.53298e-07 -1.03236e+07
17479.3 7.71522e+06 -1204.61 2.47267e-10 9.60158e-08 -1.53799e-06 -95872.1 -7.71522e+06 1204.61 -2.47267e-10 -9.60158e-08 -6.13238e-07 -1.03842e+07
17581.5 7.71522e+06 -1211.65 -1.36373e-11 -4.56615e-07 -6.02636e-07 -96435.6 -7.71522e+06 1211.65 1.36373e-11 4.56615e-07 7.2128e-07 -1.04449e+07
17683.7 7.71522e+06 -1218.69 1.30397e-11 1.46738e-07 -8.06603e-07 -96999.1 -7.71522e+06 1218.69 -1.30397e-11 -1.46738e-07 6.93158e-07 -1.05056e+07
17785.9 7.71522e+06 -1225.73 1.70394e-10 -3.5685e-07 -1.1108e-06 -97562.7 -7.71522e+06 1225.73 -1.70394e-10 3.5685e-07 -3.71628e-07 -1.05663e+07
17888.1 7.71522e+06 -1232.78 9.28437e-11 -1.45379e-07 -1.3758e-06 -98126.3 -7.71522e+06 1232.78 -9.28437e-11 1.45379e-07 5.68063e-07 -1.0627e+07
17990.2 7.71522e+06 -1239.82 4.81571e-11 1.99522e-07 -1.07753e-06 -98689.9 -7.71522e+06 1239.82 -4.81571e-11 -1.99522e-07 6.58561e-07 -1.06877e+07
18092.4 7.71522e+06 -1246.86 2.21651e-10 -7.3953e-08 -1.47874e-06 -99253.6 -7.71522e+06 1246.86 -2.21651e-10 7.3953e-08 -4.4962e-07 -1.07484e+07
18194.6 7.71522e+06 -1253.9 1.06679e-10 1.07544e-08 -8.60698e-07 -99817.3 -7.71522e+06 1253.9 -1.06679e-10 -1.07544e-08 -6.74073e-08 -1.08091e+07
18296.8 7.71522e+06 -1260.94 1.14885e-10 1.7575e-07 -6.27078e-07 -100381 -7.71522e+06 1260.94 -1.14885e-10 -1.7575e-07 -3.72424e-07 -1.08698e+07
18399 7.71522e+06 -1267.98 2.36094e-10 9.70065e-08 -1.23887e-06 -100945 -7.71522e+06 1267.98 -2.36094e-10 -9.70065e-08 -8.1515e-07 -1.09305e+07
18501.1 7.71522e+06 -1275.02 1.6258e-10 1.5202e-07 -9.687e-07 -101509 -7.71522e+06 1275.02 -1.6258e-10 -1.5202e-07 -4.45742e-07 -1.09912e+07
18603.3 7.71522e+06 -1282.06 1.33104e-13 4.85014e-07 -7.80163e-07 -102072 -7.71522e+06 1282.06 -1.33104e-13 -4.85014e-07 7.79005e-07 -1.10519e+07
18705.5 7.71522e+06 -1289.1 8.75052e-12 -3.87803e-08 -5.21075e-07 -102636 -7.71522e+06 1289.1 -8.75052e-12 3.87803e-08 4.44945e-07 -1.11125e+07
18807.7 7.71522e+06 -1296.14 9.27089e-11 -2.32682e-07 -8.08445e-07 -103200 -7.71522e+06 1296.14 -9.27089e-11 2.32682e-07 1.87796e-09 -1.11732e+07
18909.8 7.71522e+06 -1303.18 -6.54032e-11 3.43026e-07 -5.65747e-07 -103764 -7.71522e+06 1303.18 6.54032e-11 -3.43026e-07 1.13476e-06 -1.12339e+07
19012 7.71522e+06 -1310.22 1.68083e-10 -2.08022e-07 -1.45909e-06 -104328 -7.71522e+06 1310.22 -1.68083e-10 2.08022e-07 -3.23524e-09 -1.12946e+07
19114.2 7.71522e+06 -1317.26 2.59907e-10 -5.08179e-08 -2.32294e-06 -104892 -7.71522e+06 1317.26 -2.59907e-10 5.08179e-08 6.17456e-08 -1.13553e+07
19216.4 7.71522e+06 -1324.3 3.4298e-11 -1.76974e-07 -5.0715e-07 -105456 -7.71522e+06 1324.3 -3.4298e-11 1.76974e-07 2.08757e-07 -1.1416e+07
19318.6 7.71522e+06 -1331.34 2.31122e-10 -6.47642e-08 -1.48187e-06 -106020 -7.71522e+06 1331.34 -2.31122e-10 6.47642e-08 -5.2889e-07 -1.14767e+07
19420.7 7.71522e+06 -1338.39 2.36302e-10 1.83181e-08 -8.84049e-07 -106584 -7.71522e+06 1338.39 -2.36302e-10 -1.83181e-08 -1.17178e-06 -1.15374e+07
19522.9 7.71522e+06 -1345.43 4.72519e-11 -7.61824e-08 -6.65319e-07 -107148 -7.71522e+06 1345.43 -4.72519e-11 7.61824e-08 2.54228e-07 -1.15981e+07
19625.1 7.71522e+06 -1352.47 -3.13133e-11 -4.77706e-08 -9.19559e-08 -107712 -7.71522e+06 1352.47 3.13133e-11 4.77706e-08 3.64382e-07 -1.16587e+07
19727.3 7.71522e+06 -1359.51 1.22573e-10 -1.0955e-07 -1.71366e-06 -108277 -7.71522e+06 1359.51 -1.22573e-10 1.0955e-07 6.47279e-07 -1.17194e+07
19829.4 7.71522e+06 -1366.55 3.41674e-10 7.67489e-08 -2.51894e-06 -108841 -7.71522e+06 1366.55 -3.41674e-10 -7.67489e-08 -4.53624e-07 -1.17801e+07
19931.6 7.71522e+06 -1373.59 1.38096e-10 -2.08885e-07 -1.00585e-06 -109405 -7.71522e+06 1373.59 -1.38096e-10 2.08885e-07 -1.95589e-07 -1.18408e+07
20033.8 7.71522e+06 -1380.63 2.89394e-10 -4.19193e-08 -1.17926e-06 -109969 -7.71522e+06 1380.63 -2.89394e-10 4.19193e-08 -1.33846e-06 -1.19015e+07
20136 7.71522e+06 -1387.67 -7.67575e-11 5.18123e-07 -2.0694e-07 -110534 -7.71522e+06 1387.67 7.67575e-11 -5.18123e-07 8.7473e-07 -1.19622e+07
20238.1 7.71522e+06 -1394.71 -1.03363e-10 -7.42203e-08 -5.13699e-08 -111098 -7.71522e+06 1394.71 1.03363e-10 7.42203e-08 9.5063e-07 -1.20229e+07
20340.3 7.71522e+06 -1401.75 -3.55727e-11 -2.11234e-07 -8.38168e-07 -111662 -7.71522e+06 1401.75 3.55727e-11 2.11234e-07 1.14765e-06 -1.20835e+07
20442.5 7.71522e+06 -1408.79 -4.06904e-11 -1.97152e-07 9.57817e-08 -112227 -7.71522e+06 1408.79 4.06904e-11 1.97152e-07 2.58225e-07 -1.21442e+07
20544.6 7.71522e+06 -1415.83 8.93522e-11 1.64241e-07 -1.40076e-06 -112791 -7.71522e+06 1415.83 -8.93522e-11 -1.64241e-07 6.23397e-07 -1.22049e+07
20646.8 7.71522e+06 -1422.87 2.34709e-10 1.12023e-07 -1.7368e-06 -113356 -7.71522e+06 1422.87 -2.34709e-10 -1.12023e-07 -3.05171e-07 -1.22656e+07
20749 7.71522e+06 -1429.91 5.28856e-11 -2.6554e-07 -7.29567e-07 -113920 -7.71522e+06 1429.91 -5.28856e-11 2.6554e-07 2.69462e-07 -1.23263e+07
20851.2 7.71522e+06 -1436.95 -1.96567e-11 2.15205e-07 -8.5321e-07 -114485 -7.71522e+06 1436.95 1.96567e-11 -2.15205e-07 1.02422e-06 -1.2387e+07
20953.3 7.71522e+06 -1443.99 -1.71744e-11 4.3696e-07 -1.87464e-07 -115049 -7.71522e+06 1443.99 1.71744e-11 -4.3696e-07 3.36881e-07 -1.24476e+07
21055.5 7.71522e+06 -1451.03 1.3494e-11 1.06614e-07 -7.67777e-07 -115614 -7.71522e+06 1451.03 -1.3494e-11 -1.06614e-07 6.50379e-07 -1.25083e+07
21157.7 7.71522e+06 -1458.07 1.81328e-10 -2.06139e-07 -1.0916e-06 -116179 -7.71522e+06 1458.07 -1.81328e-10 2.06139e-07 -4.85958e-07 -1.2569e+07
21259.8 7.71522e+06 -1465.11 1.17049e-10 -1.86544e-07 -1.38945e-06 -116743 -7.71522e+06 1465.11 -1.17049e-10 1.86544e-07 3.71124e-07 -1.26297e+07
21362 7.71522e+06 -1472.15 1.13631e-10 3.68751e-07 -9.07084e-07 -117308 -7.71522e+06 1472.15 -1.13631e-10 -3.68751e-07 -8.15081e-08 -1.26904e+07
21464.2 7.71522e+06 -1479.19 1.10526e-10 -2.69854e-07 -9.86314e-07 -117873 -7.71522e+06 1479.19 -1.10526e-10 2.69854e-07 2.47403e-08 -1.2751e+07
21566.3 7.71522e+06 -1486.23 5.07486e-12 -1.09116e-07 -4.346e-07 -118437 -7.71522e+06 1486.23 -5.07486e-12 1.09116e-07 3.90449e-07 -1.28117e+07
21668.5 7.71522e+06 -1493.27 1.60939e-12 8.807e-08 -9.19531e-07 -119002 -7.71522e+06 1493.27 -1.60939e-12 -8.807e-08 9.0553e-07 -1.28724e+07
21770.7 7.71522e+06 -1500.3 1.02782e-10 -9.06848e-08 -1.10658e-06 -119567 -7.71522e+06 1500.3 -1.02782e-10 9.06848e-08 2.12379e-07 -1.29331e+07
21872.8 7.71522e+06 -1507.34 -1.95467e-10 -3.73105e-07 8.57828e-07 -120132 -7.71522e+06 1507.34 1.95467e-10 3.73105e-07 8.42731e-07 -1.29938e+07
21975 7.71522e+06 -1514.38 1.59627e-10 -1.02608e-07 -1.34316e-06 -120697 -7.71522e+06 1514.38 -1.59627e-10 1.02608e-07 -4.55936e-08 -1.30544e+07
22077.2 7.71522e+06 -1521.42 3.24973e-10 1.05971e-07 -2.01352e-06 -121261 -7.71522e+06 1521.42 -3.24973e-10 -1.05971e-07 -8.13748e-07 -1.31151e+07
22179.3 7.71522e+06 -1528.46 2.31258e-10 -2.59885e-07 -1.49376e-06 -121826 -7.71522e+06 1528.46 -2.31258e-10 2.59885e-07 -5.18181e-07 -1.31758e+07
22281.5 7.71522e+06 -1535.5 -8.62117e-12 -1.68648e-07 -6.22402e-07 -122391 -7.71522e+06 1535.5 8.62117e-12 1.68648e-07 6.97406e-07 -1.32365e+07
22383.7 7.71522e+06 -1542.54 2.03334e-10 -1.87437e-07 -1.44593e-06 -122956 -7.71522e+06 1542.54 -2.03334e-10 1.87437e-07 -3.23083e-07 -1.32972e+07
22485.8 7.71522e+06 -1549.58 -5.50412e-11 -4.405e-08 -8.72017e-07 -123521 -7.71522e+06 1549.58 5.50412e-11 4.405e-08 1.35087e-06 -1.33578e+07
22588 7.71522e+06 -1556.62 1.77812e-11 -4.15318e-07 -5.27689e-07 -124086 -7.71522e+06 1556.62 -1.77812e-11 4.15318e-07 3.72993e-07 -1.34185e+07
22690.2 7.71522e+06 -1563.66 1.45072e-10 1.03585e-07 -1.10998e-06 -124651 -7.71522e+06 1563.66 -1.45072e-10 -1.03585e-07 -1.5214e-07 -1.34792e+07
22792.3 7.71522e+06 -1570.7 8.2953e-11 2.70186e-07 -1.16412e-06 -125217 -7.71522e+06 1570.7 -8.2953e-11 -2.70186e-07 4.4243e-07 -1.35399e+07
22894.5 7.71522e+06 -1577.74 1.23537e-10 -2.47413e-07 -1.03774e-06 -125782 -7.71522e+06 1577.74 -1.23537e-10 2.47413e-07 -3.70324e-08 -1.36005e+07
22996.7 7.71522e+06 -1584.78 1.1973e-10 -2.95184e-08 -1.34468e-06 -126347 -7.71522e+06 1584.78 -1.1973e-10 2.95184e-08 3.03029e-07 -1.36612e+07
23098.8 7.71522e+06 -1591.82 1.36817e-10 1.79106e-07 -9.03118e-07 -126912 -7.71522e+06 1591.82 -1.36817e-10 -1.79106e-07 -2.87193e-07 -1.37219e+07
23201 7.71522e+06 -1598.86 -2.25642e-11 3.96698e-08 4.80076e-08 -127477 -7.71522e+06 1598.86 2.25642e-11 -3.96698e-08 1.48301e-07 -1.37826e+07
23303.2 7.71522e+06 -1605.89 5.11888e-10 -1.97651e-07 -2.85694e-06 -128042 -7.71522e+06 1605.89 -5.11888e-10 1.97651e-07 -1.59648e-06 -1.38432e+07
23405.3 7.71522e+06 -1612.93 8.95219e-11 1.36483e-07 -1.36723e-06 -128608 -7.71522e+06 1612.93 -8.95219e-11 -1.36483e-07 5.88385e-07 -1.39039e+07
23507.5 7.71522e+06 -1619.97 4.31964e-11 8.90741e-08 -6.92376e-07 -129173 -7.71522e+06 1619.97 -4.31964e-11 -8.90741e-08 3.16567e-07 -1.39646e+07
23609.6 7.71522e+06 -1627.01 1.19402e-10 -2.939e-07 -9.05933e-07 -129738 -7.71522e+06 1627.01 -1.19402e-10 2.939e-07 -1.32863e-07 -1.40253e+07
23711.8 7.71522e+06 -1634.05 -1.85529e-10 2.50328e-07 2.73786e-07 -130304 -7.71522e+06 1634.05 1.85529e-10 -2.50328e-07 1.34032e-06 -1.40859e+07
23814 7.71522e+06 -1641.09 2.41592e-12 -2.9782e-07 -1.24094e-06 -130869 -7.71522e+06 1641.09 -2.41592e-12 2.9782e-07 1.21992e-06 -1.41466e+07
23916.1 7.71522e+06 -1648.13 3.22627e-11 -1.02475e-07 -9.61759e-07 -131434 -7.71522e+06 1648.13 -3.22627e-11 1.02475e-07 6.81074e-07 -1.42073e+07
24018.3 7.71522e+06 -1655.17 1.44572e-11 -2.94673e-07 -5.62352e-07 -132000 -7.71522e+06 1655.17 -1.44572e-11 2.94673e-07 4.36574e-07 -1.4268e+07
24120.5 7.71522e+06 -1662.21 3.57431e-11 -4.35065e-07 -1.06184e-06 -132565 -7.71522e+06 1662.21 -3.57431e-11 4.35065e-07 7.5087e-07 -1.43286e+07
24222.6 7.71522e+06 -1669.25 1.37353e-10 9.57512e-08 -1.64331e-06 -133131 -7.71522e+06 1669.25 -1.37353e-10 -9.57512e-08 4.48337e-07 -1.43893e+07
24324.8 7.71522e+06 -1676.28 1.67627e-10 -3.02899e-07 -1.69731e-06 -133696 -7.71522e+06 1676.28 -1.67627e-10 3.02899e-07 2.38954e-07 -1.445e+07
24426.9 7.71522e+06 -1683.32 2.32127e-10 -1.73303e-08 -1.47889e-06 -134262 -7.71522e+06 1683.32 -2.32127e-10 1.73303e-08 -5.40621e-07 -1.45106e+07
24529.1 7.71522e+06 -1690.36 3.74162e-10 4.7254e-09 -2.12939e-06 -134828 -7.71522e+06 1690.36 -3.74162e-10 -4.7254e-09 -1.12581e-06 -1.45713e+07
24631.2 7.71522e+06 -1697.4 -2.10745e-11 1.64637e-07 -2.46224e-08 -135393 -7.71522e+06 1697.4 2.10745e-11 -1.64637e-07 2.0797e-07 -1.4632e+07
24733.4 7.71522e+06 -1704.44 -3.03601e-11 -4.24212e-08 -4.69925e-07 -135959 -7.71522e+06 1704.44 3.03601e-11 4.24212e-08 7.34058e-07 -1.46927e+07
24835.6 7.71522e+06 -1711.48 -2.01115e-10 3.05121e-07 4.91595e-07 -136524 -7.71522e+06 1711.48 2.01115e-10 -3.05121e-07 1.25811e-06 -1.47533e+07
24937.7 7.71522e+06 -1718.52 -5.20447e-11 -6.18585e-07 -1.55184e-07 -137090 -7.71522e+06 1718.52 5.20447e-11 6.18585e-07 6.07973e-07 -1.4814e+07
25039.9 7.71522e+06 -1725.55 1.55952e-10 1.41826e-07 -1.07361e-06 -137656 -7.71522e+06 1725.55 -1.55952e-10 -1.41826e-07 -2.83175e-07 -1.48747e+07
25142 7.71522e+06 -1732.59 -6.7472e-12 2.14788e-07 -7.11098e-07 -138222 -7.71522e+06 1732.59 6.7472e-12 -2.14788e-07 7.69798e-07 -1.49353e+07
25244.2 7.71522e+06 -1739.63 -6.81793e-12 2.44533e-07 -3.29827e-07 -138787 -7.71522e+06 1739.63 6.81793e-12 -2.44533e-07 3.89143e-07 -1.4996e+07
25346.3 7.71522e+06 -1746.67 2.00395e-11 -2.86125e-07 -1.52882e-07 -139353 -7.71522e+06 1746.67 -2.00395e-11 2.86125e-07 -2.14618e-08 -1.50567e+07
25448.5 7.71522e+06 -1753.71 1.5224e-10 -1.1079e-07 -1.27831e-06 -139919 -7.71522e+06 1753.71 -1.5224e-10 1.1079e-07 -4.61738e-08 -1.51173e+07
25550.7 7.71522e+06 -1760.75 1.76201e-10 -1.20734e-07 -1.54981e-06 -140485 -7.71522e+06 1760.75 -1.76201e-10 1.20734e-07 1.68682e-08 -1.5178e+07
25652.8 7.71522e+06 -1767.79 -5.11536e-11 -2.26181e-07 -9.97146e-08 -141051 -7.71522e+06 1767.79 5.11536e-11 2.26181e-07 5.44751e-07 -1.52387e+07
25755 7.71522e+06 -1774.82 2.40027e-10 -2.58181e-07 -1.98337e-06 -141617 -7.71522e+06 1774.82 -2.40027e-10 2.58181e-07 -1.04871e-07 -1.52993e+07
25857.1 7.71522e+06 -1781.86 -1.47255e-12 -2.31663e-07 -1.33255e-06 -142183 -7.71522e+06 1781.86 1.47255e-12 2.31663e-07 1.34536e-06 -1.536e+07
25959.3 7.71522e+06 -1788.9 1.42588e-10 -4.15103e-07 -5.68337e-07 -142748 -7.71522e+06 1788.9 -1.42588e-10 4.15103e-07 -6.7218e-07 -1.54207e+07
26061.4 7.71522e+06 -1795.94 1.49351e-10 1.27463e-07 -8.37658e-07 -143314 -7.71522e+06 1795.94 -1.49351e-10 -1.27463e-07 -4.61693e-07 -1.54813e+07
26163.6 7.71522e+06 -1802.98 2.08059e-10 -2.49712e-07 -8.95913e-07 -143880 -7.71522e+06 1802.98 -2.08059e-10 2.49712e-07 -9.14198e-07 -1.5542e+07
26265.7 7.71522e+06 -1810.01 1.40041e-11 -4.81971e-07 -7.91204e-07 -144447 -7.71522e+06 1810.01 -1.40041e-11 4.81971e-07 6.69369e-07 -1.56027e+07
26367.9 7.71522e+06 -1817.05 4.91663e-12 -4.37265e-07 -3.82932e-07 -145013 -7.71522e+06 1817.05 -4.91663e-12 4.37265e-07 3.40157e-07 -1.56633e+07
26470.1 7.71522e+06 -1824.09 1.22823e-10 -1.74319e-07 -1.6522e-06 -145579 -7.71522e+06 1824.09 -1.22823e-10 1.74319e-07 5.83638e-07 -1.5724e+07
26572.2 7.71522e+06 -1831.13 1.42534e-10 -3.78462e-07 -1.63008e-06 -146145 -7.71522e+06 1831.13 -1.42534e-10 3.78462e-07 3.90038e-07 -1.57847e+07
26674.4 7.71522e+06 -1838.17 -1.98939e-11 -5.22066e-07 -2.26748e-07 -146711 -7.71522e+06 1838.17 1.98939e-11 5.22066e-07 3.99825e-07 -1.58453e+07
26776.5 7.71522e+06 -1845.21 5.7807e-11 2.45745e-07 -4.29219e-07 -147277 -7.71522e+06 1845.21 -5.7807e-11 -2.45745e-07 -7.3702e-08 -1.5906e+07
26878.7 7.71522e+06 -1852.24 2.29029e-10 -2.51243e-07 -1.29069e-06 -147843 -7.71522e+06 1852.24 -2.29029e-10 2.51243e-07 -7.01858e-07 -1.59667e+07
26980.8 7.71522e+06 -1859.28 -1.38482e-10 -4.67564e-09 8.96056e-08 -148409 -7.71522e+06 1859.28 1.38482e-10 4.67564e-09 1.11519e-06 -1.60273e+07
27083 7.71522e+06 -1866.32 3.41539e-10 -1.382e-07 -2.62945e-06 -148976 -7.71522e+06 1866.32 -3.41539e-10 1.382e-07 -3.41944e-07 -1.6088e+07
27185.1 7.71522e+06 -1873.36 1.13825e-10 9.66536e-09 -1.3534e-06 -149542 -7.71522e+06 1873.36 -1.13825e-10 -9.66536e-09 3.63123e-07 -1.61487e+07
27287.3 7.71522e+06 -1880.4 1.2808e-10 -6.77811e-07 -1.48247e-06 -150108 -7.71522e+06 1880.4 -1.2808e-10 6.77811e-07 3.68179e-07 -1.62093e+07
27389.4 7.71522e+06 -1887.43 1.25371e-10 -9.25916e-08 -1.15609e-06 -150675 -7.71522e+06 1887.43 -1.25371e-10 9.25916e-08 6.53634e-08 -1.627e+07
27491.6 7.71522e+06 -1894.47 -3.74954e-11 -1.43337e-07 2.03286e-07 -151241 -7.71522e+06 1894.47 3.74954e-11 1.43337e-07 1.22924e-07 -1.63307e+07
27593.7 7.71522e+06 -1901.51 3.18857e-10 -1.32295e-07 -2.15049e-06 -151807 -7.71522e+06 1901.51 -3.18857e-10 1.32295e-07 -6.23573e-07 -1.63913e+07
27695.9 7.71522e+06 -1908.55 2.04991e-10 -2.31822e-07 -1.59135e-06 -152374 -7.71522e+06 1908.55 -2.04991e-10 2.31822e-07 -1.92075e-07 -1.6452e+07
27798 7.71522e+06 -1915.58 1.02767e-10 -1.72142e-07 -1.20966e-06 -152940 -7.71522e+06 1915.58 -1.02767e-10 1.72142e-07 3.15581e-07 -1.65126e+07
27900.2 7.71522e+06 -1922.62 2.05124e-10 -2.42973e-07 -6.89395e-07 -153507 -7.71522e+06 1922.62 -2.05124e-10 2.42973e-07 -1.09518e-06 -1.65733e+07
28002.3 7.71522e+06 -1929.66 2.07297e-10 -3.23948e-07 -1.95098e-06 -154073 -7.71522e+06 1929.66 -2.07297e-10 3.23948e-07 1.47489e-07 -1.6634e+07
28104.5 7.71522e+06 -1936.7 1.00298e-10 -1.08351e-07 -5.87983e-07 -154639 -7.71522e+06 1936.7 -1.00298e-10 1.08351e-07 -2.8461e-07 -1.66946e+07
28206.6 7.71522e+06 -1943.73 2.66414e-10 -9.15208e-07 -1.84836e-06 -155206 -7.71522e+06 1943.73 -2.66414e-10 9.15208e-07 -4.69436e-07 -1.67553e+07
28308.8 7.71522e+06 -1950.77 -1.77903e-11 -4.56556e-07 -5.16527e-07 -155773 -7.71522e+06 1950.77 1.77903e-11 4.56556e-07 6.71303e-07 -1.68159e+07
28410.9 7.71522e+06 -1957.81 6.10614e-11 7.61853e-08 -3.65388e-07 -156339 -7.71522e+06 1957.81 -6.10614e-11 -7.61853e-08 -1.65847e-07 -1.68766e+07
28513.1 7.71522e+06 -1964.85 -6.89438e-11 -5.69595e-07 -3.67786e-07 -156906 -7.71522e+06 1964.85 6.89438e-11 5.69595e-07 9.67597e-07 -1.69373e+07
28615.2 7.71522e+06 -1971.89 2.67879e-10 -9.46636e-08 -2.06802e-06 -157472 -7.71522e+06 1971.89 -2.67879e-10 9.46636e-08 -2.62527e-07 -1.69979e+07
28717.3 7.71522e+06 -1978.92 2.02496e-10 1.43573e-08 -1.3348e-06 -158039 -7.71522e+06 1978.92 -2.02496e-10 -1.43573e-08 -4.2691e-07 -1.70586e+07
28819.5 7.71522e+06 -1985.96 2.04415e-10 -4.29743e-08 -1.29396e-06 -158606 -7.71522e+06 1985.96 -2.04415e-10 4.29743e-08 -4.84446e-07 -1.71192e+07
28921.6 7.71522e+06 -1993 2.76241e-10 3.28089e-07 -1.41702e-06 -159172 -7.71522e+06 1993 -2.76241e-10 -3.28089e-07 -9.86275e-07 -1.71799e+07
29023.8 7.71522e+06 -2000.04 5.49836e-12 -1.4406e-07 -7.87892e-07 -159739 -7.71522e+06 2000.04 -5.49836e-12 1.4406e-07 7.40056e-07 -1.72406e+07
29125.9 7.71522e+06 -2007.07 -1.11949e-10 -5.64963e-08 1.46089e-07 -160306 -7.71522e+06 2007.07 1.11949e-10 5.64963e-08 8.27869e-07 -1.73012e+07
29228.1 7.71522e+06 -2014.11 -1.25589e-11 1.39591e-07 -5.74224e-07 -160872 -7.71522e+06 2014.11 1.25589e-11 -1.39591e-07 6.83486e-07 -1.73619e+07
29330.2 7.71522e+06 -2021.15 2.20043e-10 -4.1267e-07 -2.09486e-06 -161439 -7.71522e+06 2021.15 -2.20043e-10 4.1267e-07 1.80479e-07 -1.74225e+07
29432.4 7.71522e+06 -2028.18 1.64799e-10 -8.14768e-07 -1.67031e-06 -162006 -7.71522e+06 2028.18 -1.64799e-10 8.14768e-07 2.36556e-07 -1.74832e+07
29534.5 7.71522e+06 -2035.22 -2.38864e-10 -5.74089e-07 4.96004e-07 -162573 -7.71522e+06 2035.22 2.38864e-10 5.74089e-07 1.58211e-06 -1.75439e+07
29636.7 7.71522e+06 -2042.26 2.08865e-11 -3.54187e-07 -5.92482e-07 -163140 -7.71522e+06 2042.26 -2.08865e-11 3.54187e-07 4.1077e-07 -1.76045e+07
29738.8 7.71522e+06 -2049.3 -1.99794e-10 -7.29844e-09 5.48442e-07 -163707 -7.71522e+06 2049.3 1.99794e-10 7.29844e-09 1.18976e-06 -1.76652e+07
29840.9 7.71522e+06 -2056.33 2.58583e-10 -2.6282e-08 -1.70492e-06 -164273 -7.71522e+06 2056.33 -2.58583e-10 2.6282e-08 -5.44752e-07 -1.77258e+07
29943.1 7.71522e+06 -2063.37 1.6691e-10 -3.29509e-07 -1.7231e-06 -164840 -7.71522e+06 2063.37 -1.6691e-10 3.29509e-07 2.70985e-07 -1.77865e+07
30045.2 7.71522e+06 -2070.41 1.17537e-10 -4.71143e-07 -1.09663e-06 -165407 -7.71522e+06 2070.41 -1.17537e-10 4.71143e-07 7.40598e-08 -1.78471e+07
30147.4 7.71522e+06 -2077.45 1.52673e-10 -4.10236e-07 -1.72053e-06 -165974 -7.71522e+06 2077.45 -1.52673e-10 4.10236e-07 3.92279e-07 -1.79078e+07
30249.5 7.71522e+06 -2084.48 2.88732e-10 4.19511e-08 -1.14158e-06 -166541 -7.71522e+06 2084.48 -2.88732e-10 -4.19511e-08 -1.37039e-06 -1.79685e+07
30351.7 7.71522e+06 -2091.52 1.35847e-10 -6.71151e-07 -1.77461e-06 -167108 -7.71522e+06 2091.52 -1.35847e-10 6.71151e-07 5.92748e-07 -1.80291e+07
30453.8 7.71522e+06 -2098.56 2.30882e-10 1.7244e-07 -1.73644e-06 -167675 -7.71522e+06 2098.56 -2.30882e-10 -1.7244e-07 -2.7223e-07 -1.80898e+07
30555.9 7.71522e+06 -2105.59 1.07609e-10 -1.16516e-07 -7.95203e-07 -168242 -7.71522e+06 2105.59 -1.07609e-10 1.16516e-07 -1.40991e-07 -1.81504e+07
30658.1 7.71522e+06 -2112.63 5.514e-11 -2.82808e-07 -1.37108e-06 -168809 -7.71522e+06 2112.63 -5.514e-11 2.82808e-07 8.91362e-07 -1.82111e+07
30760.2 7.71522e+06 -2119.67 3.54519e-10 -4.98344e-07 -2.95302e-06 -169377 -7.71522e+06 2119.67 -3.54519e-10 4.98344e-07 -1.31298e-07 -1.82717e+07
30862.4 7.71522e+06 -2126.7 -6.6632e-11 -3.73239e-07 3.38438e-08 -169944 -7.71522e+06 2126.7 6.6632e-11 3.73239e-07 5.45854e-07 -1.83324e+07
30964.5 7.71522e+06 -2133.74 3.07231e-10 -1.90734e-07 -1.59333e-06 -170511 -7.71522e+06 2133.74 -3.07231e-10 1.90734e-07 -1.07958e-06 -1.8393e+07
31066.7 7.71522e+06 -2140.78 1.25335e-11 -1.45767e-07 -8.14444e-07 -171078 -7.71522e+06 2140.78 -1.25335e-11 1.45767e-07 7.05403e-07 -1.84537e+07
31168.8 7.71522e+06 -2147.81 5.55772e-11 -1.03616e-07 -8.2124e-07 -171645 -7.71522e+06 2147.81 -5.55772e-11 1.03616e-07 3.37718e-07 -1.85143e+07
31270.9 7.71522e+06 -2154.85 1.2303e-10 -2.0723e-07 -7.0033e-07 -172212 -7.71522e+06 2154.85 -1.2303e-10 2.0723e-07 -3.70032e-07 -1.8575e+07
31373.1 7.71522e+06 -2161.89 2.62914e-10 -2.28055e-07 -1.92776e-06 -172780 -7.71522e+06 2161.89 -2.62914e-10 2.28055e-07 -3.59588e-07 -1.86357e+07
31475.2 7.71522e+06 -2168.93 1.97085e-10 -1.94444e-07 -8.44617e-07 -173347 -7.71522e+06 2168.93 -1.97085e-10 1.94444e-07 -8.70021e-07 -1.86963e+07
31577.4 7.71522e+06 -2175.96 1.90249e-10 -3.01143e-07 -1.42418e-06 -173914 -7.71522e+06 2175.96 -1.90249e-10 3.01143e-07 -2.30984e-07 -1.8757e+07
31679.5 7.71522e+06 -2183 7.55898e-11 -2.1477e-07 -2.14847e-06 -174481 -7.71522e+06 2183 -7.55898e-11 2.1477e-07 1.49084e-06 -1.88176e+07
31781.6 7.71522e+06 -2190.04 8.35871e-11 -6.85287e-07 -8.65561e-07 -175049 -7.71522e+06 2190.04 -8.35871e-11 6.85287e-07 1.38353e-07 -1.88783e+07
31883.8 7.71522e+06 -2197.07 2.25212e-10 -4.06582e-07 -1.69211e-06 -175616 -7.71522e+06 2197.07 -2.25212e-10 4.06582e-07 -2.67232e-07 -1.89389e+07
31985.9 7.71522e+06 -2204.11 1.62129e-10 -7.59568e-08 -1.80783e-06 -176183 -7.71522e+06 2204.11 -1.62129e-10 7.59568e-08 3.97312e-07 -1.89996e+07
32088 7.71522e+06 -2211.15 3.01423e-10 -2.26384e-07 -2.40955e-06 -176751 -7.71522e+06 2211.15 -3.01423e-10 2.26384e-07 -2.12824e-07 -1.90602e+07
32190.2 7.71522e+06 -2218.18 1.97721e-10 -9.86248e-08 -1.4181e-06 -177318 -7.71522e+06 2218.18 -1.97721e-10 9.86248e-08 -3.02075e-07 -1.91209e+07
32292.3 7.71522e+06 -2225.22 -1.58818e-10 1.14219e-08 2.98783e-07 -177886 -7.71522e+06 2225.22 1.58818e-10 -1.14219e-08 1.08294e-06 -1.91815e+07
32394.5 7.71522e+06 -2232.26 3.72483e-12 -3.81764e-07 -7.37259e-07 -178453 -7.71522e+06 2232.26 -3.72483e-12 3.81764e-07 7.04853e-07 -1.92422e+07
32496.6 7.71522e+06 -2239.29 5.63635e-11 -3.64508e-07 -3.16691e-07 -179020 -7.71522e+06 2239.29 -5.63635e-11 3.64508e-07 -1.73671e-07 -1.93028e+07
32598.7 7.71522e+06 -2246.33 1.05415e-10 3.1115e-08 -1.11682e-06 -179588 -7.71522e+06 2246.33 -1.05415e-10 -3.1115e-08 1.9971e-07 -1.93635e+07
32700.9 7.71522e+06 -2253.37 -5.73148e-11 -7.64199e-08 -5.56802e-07 -180155 -7.71522e+06 2253.37 5.73148e-11 7.64199e-08 1.05544e-06 -1.94241e+07
32803 7.71522e+06 -2260.4 6.40619e-11 -4.06899e-07 -1.08056e-06 -180723 -7.71522e+06 2260.4 -6.40619e-11 4.06899e-07 5.2322e-07 -1.94848e+07
32905.1 7.71522e+06 -2267.44 1.69985e-10 -3.20831e-07 -1.2442e-06 -181291 -7.71522e+06 2267.44 -1.69985e-10 3.20831e-07 -2.34669e-07 -1.95454e+07
33007.3 7.71522e+06 -2274.47 2.01353e-10 -5.59187e-07 -2.2201e-06 -181858 -7.71522e+06 2274.47 -2.01353e-10 5.59187e-07 4.68327e-07 -1.96061e+07
33109.4 7.71522e+06 -2281.51 -3.24956e-11 -3.59621e-07 -3.77914e-07 -182426 -7.71522e+06 2281.51 3.24956e-11 3.59621e-07 6.60625e-07 -1.96667e+07
33211.5 7.71522e+06 -2288.55 1.23678e-11 -4.92195e-07 -4.39688e-07 -182993 -7.71522e+06 2288.55 -1.23678e-11 4.92195e-07 3.32088e-07 -1.97274e+07
33313.7 7.71522e+06 -2295.58 -1.56655e-11 -5.42938e-07 -3.54924e-07 -183561 -7.71522e+06 2295.58 1.56655e-11 5.42938e-07 4.91214e-07 -1.9788e+07
33415.8 7.71522e+06 -2302.62 1.28227e-10 -2.63571e-07 -9.67553e-07 -184129 -7.71522e+06 2302.62 -1.28227e-10 2.63571e-07 -1.48021e-07 -1.98487e+07
33518 7.71522e+06 -2309.66 -1.87881e-11 -2.42268e-07 -5.3619e-08 -184696 -7.71522e+06 2309.66 1.87881e-11 2.42268e-07 2.17075e-07 -1.99093e+07
33620.1 7.71522e+06 -2316.69 2.65058e-10 6.08168e-08 -1.22493e-06 -185264 -7.71522e+06 2316.69 -2.65058e-10 -6.08168e-08 -1.08107e-06 -1.997e+07
33722.2 7.71522e+06 -2323.73 -3.15086e-11 -2.38046e-07 -1.60889e-07 -185832 -7.71522e+06 2323.73 3.15086e-11 2.38046e-07 4.35013e-07 -2.00306e+07
33824.4 7.71522e+06 -2330.77 1.75263e-10 -5.20985e-07 -1.34802e-06 -186399 -7.71522e+06 2330.77 -1.75263e-10 5.20985e-07 -1.76762e-07 -2.00913e+07
33926.5 7.71522e+06 -2337.8 1.24916e-10 -2.3293e-07 -1.1508e-06 -186967 -7.71522e+06 2337.8 -1.24916e-10 2.3293e-07 6.40333e-08 -2.01519e+07
34028.6 7.71522e+06 -2344.84 1.75776e-10 -2.87392e-08 -1.88871e-06 -187535 -7.71522e+06 2344.84 -1.75776e-10 2.87392e-08 3.59459e-07 -2.02126e+07
34130.8 7.71522e+06 -2351.87 9.17618e-12 -3.55268e-07 -6.36263e-07 -188103 -7.71522e+06 2351.87 -9.17618e-12 3.55268e-07 5.5643e-07 -2.02732e+07
34232.9 7.71522e+06 -2358.91 -5.61723e-11 -2.85898e-07 -3.32859e-07 -188671 -7.71522e+06 2358.91 5.61723e-11 2.85898e-07 8.21557e-07 -2.03338e+07
34335 7.71522e+06 -2365.95 -7.08056e-12 -2.74139e-07 -1.05682e-06 -189238 -7.71522e+06 2365.95 7.08056e-12 2.74139e-07 1.11842e-06 -2.03945e+07
34437.2 7.71522e+06 -2372.98 3.09237e-10 -7.50903e-07 -2.10806e-06 -189806 -7.71522e+06 2372.98 -3.09237e-10 7.50903e-07 -5.82303e-07 -2.04551e+07
34539.3 7.71522e+06 -2380.02 2.98559e-10 -4.92257e-07 -2.32355e-06 -190374 -7.71522e+06 2380.02 -2.98559e-10 4.92257e-07 -2.73915e-07 -2.05158e+07
34641.4 7.71522e+06 -2387.05 -1.09627e-10 -9.04803e-08 3.3541e-07 -190942 -7.71522e+06 2387.05 1.09627e-10 9.04803e-08 6.18346e-07 -2.05764e+07
34743.6 7.71522e+06 -2394.09 1.42892e-10 2.85841e-08 -1.68811e-06 -191510 -7.71522e+06 2394.09 -1.42892e-10 -2.85841e-08 4.44955e-07 -2.06371e+07
34845.7 7.71522e+06 -2401.13 2.69195e-10 -1.92808e-07 -1.88179e-06 -192078 -7.71522e+06 2401.13 -2.69195e-10 1.92808e-07 -4.60208e-07 -2.06977e+07
34947.8 7.71522e+06 -2408.16 7.57603e-11 1.32212e-08 -1.54771e-06 -192646 -7.71522e+06 2408.16 -7.57603e-11 -1.32212e-08 8.88592e-07 -2.07584e+07
35049.9 7.71522e+06 -2415.2 2.4872e-10 -1.86383e-07 -1.70141e-06 -193214 -7.71522e+06 2415.2 -2.4872e-10 1.86383e-07 -4.62454e-07 -2.0819e+07
35152.1 7.71522e+06 -2422.23 2.55464e-11 -7.90236e-08 -3.41143e-07 -193782 -7.71522e+06 2422.23 -2.55464e-11 7.90236e-08 1.18889e-07 -2.08797e+07
35254.2 7.71522e+06 -2429.27 1.23061e-10 -1.97005e-07 -8.74799e-07 -194350 -7.71522e+06 2429.27 -1.23061e-10 1.97005e-07 -1.95834e-07 -2.09403e+07
35356.3 7.71522e+06 -2436.31 2.33899e-11 -1.26833e-07 -7.94924e-07 -194918 -7.71522e+06 2436.31 -2.33899e-11 1.26833e-07 5.91432e-07 -2.10009e+07
35458.5 7.71522e+06 -2443.34 -8.97723e-11 -1.02005e-07 -3.45432e-07 -195486 -7.71522e+06 2443.34 8.97723e-11 1.02005e-07 1.12645e-06 -2.10616e+07
35560.6 7.71522e+06 -2450.38 -3.46773e-11 -1.81965e-07 -5.02342e-07 -196054 -7.71522e+06 2450.38 3.46773e-11 1.81965e-07 8.04035e-07 -2.11222e+07
35662.7 7.71522e+06 -2457.41 1.62333e-10 -6.39546e-07 -1.95376e-06 -196622 -7.71522e+06 2457.41 -1.62333e-10 6.39546e-07 5.41455e-07 -2.11829e+07
35764.9 7.71522e+06 -2464.45 9.40654e-11 -3.11203e-07 -1.16244e-06 -197190 -7.71522e+06 2464.45 -9.40654e-11 3.11203e-07 3.44074e-07 -2.12435e+07
35867 7.71522e+06 -2471.49 9.94997e-11 -1.09327e-07 -1.3532e-06 -197758 -7.71522e+06 2471.49 -9.94997e-11 1.09327e-07 4.87551e-07 -2.13042e+07
35969.1 7.71522e+06 -2478.52 -4.97238e-11 -7.22529e-07 -8.21319e-07 -198326 -7.71522e+06 2478.52 4.97238e-11 7.22529e-07 1.25392e-06 -2.13648e+07
36071.2 7.71522e+06 -2485.56 3.20128e-10 -2.98653e-07 -2.09761e-06 -198894 -7.71522e+06 2485.56 -3.20128e-10 2.98653e-07 -6.87505e-07 -2.14255e+07
36173.4 7.71522e+06 -2492.59 1.4701e-10 -5.47403e-07 -1.38689e-06 -199463 -7.71522e+06 2492.59 -1.4701e-10 5.47403e-07 1.07897e-07 -2.14861e+07
36275.5 7.71522e+06 -2499.63 1.53852e-10 -1.94558e-07 -3.29367e-06 -200031 -7.71522e+06 2499.63 -1.53852e-10 1.94558e-07 1.95516e-06 -2.15467e+07
36377.6 7.71522e+06 -2506.66 1.59921e-11 -1.89071e-07 -1.32146e-06 -200599 -7.71522e+06 2506.66 -1.59921e-11 1.89071e-07 1.18233e-06 -2.16074e+07
36479.8 7.71522e+06 -2513.7 -8.51485e-11 -5.69076e-07 -4.24731e-07 -201167 -7.71522e+06 2513.7 8.51485e-11 5.69076e-07 1.16552e-06 -2.1668e+07
36581.9 7.71522e+06 -2520.74 -1.12661e-10 -5.04301e-07 -4.5349e-08 -201735 -7.71522e+06 2520.74 1.12661e-10 5.04301e-07 1.0255e-06 -2.17287e+07
36684 7.71522e+06 -2527.77 5.55336e-12 -7.3661e-08 -2.26182e-07 -202304 -7.71522e+06 2527.77 -5.55336e-12 7.3661e-08 1.77868e-07 -2.17893e+07
36786.1 7.71522e+06 -2534.81 1.30184e-11 1.44299e-07 -5.19021e-07 -202872 -7.71522e+06 2534.81 -1.30184e-11 -1.44299e-07 4.05761e-07 -2.18499e+07
36888.3 7.71522e+06 -2541.84 -2.68415e-10 -3.19023e-07 1.08456e-06 -203440 -7.71522e+06 2541.84 2.68415e-10 3.19023e-07 1.25065e-06 -2.19106e+07
36990.4 7.71522e+06 -2548.88 2.25956e-12 -1.22959e-07 -1.62617e-06 -204009 -7.71522e+06 2548.88 -2.25956e-12 1.22959e-07 1.60651e-06 -2.19712e+07
37092.5 7.71522e+06 -2555.91 2.74639e-10 -4.59917e-07 -1.89626e-06 -204577 -7.71522e+06 2555.91 -2.74639e-10 4.59917e-07 -4.93093e-07 -2.20319e+07
37194.7 7.71522e+06 -2562.95 -6.52746e-11 -1.0777e-07 -2.62613e-07 -205145 -7.71522e+06 2562.95 6.52746e-11 1.0777e-07 8.30502e-07 -2.20925e+07
37296.8 7.71522e+06 -2569.98 3.13533e-11 -2.39516e-07 -5.31718e-07 -205714 -7.71522e+06 2569.98 -3.13533e-11 2.39516e-07 2.58944e-07 -2.21532e+07
37398.9 7.71522e+06 -2577.02 2.08137e-11 -2.53525e-07 -7.60724e-07 -206282 -7.71522e+06 2577.02 -2.08137e-11 2.53525e-07 5.79646e-07 -2.22138e+07
37501 7.71522e+06 -2584.06 2.68053e-10 7.37195e-08 -1.65755e-06 -206850 -7.71522e+06 2584.06 -2.68053e-10 -7.37195e-08 -6.74508e-07 -2.22744e+07
37603.2 7.71522e+06 -2591.09 1.33606e-10 -5.52224e-07 -1.13869e-06 -207419 -7.71522e+06 2591.09 -1.33606e-10 5.52224e-07 -2.3686e-08 -2.23351e+07
37705.3 7.71522e+06 -2598.13 1.46703e-10 -1.22436e-07 -5.12518e-07 -207987 -7.71522e+06 2598.13 -1.46703e-10 1.22436e-07 -7.638e-07 -2.23957e+07
37807.4 7.71522e+06 -2605.16 3.17706e-11 -5.37372e-07 -1.61733e-06 -208556 -7.71522e+06 2605.16 -3.17706e-11 5.37372e-07 1.34093e-06 -2.24564e+07
37909.5 7.71522e+06 -2612.2 5.49265e-11 -4.59782e-07 3.2219e-08 -209124 -7.71522e+06 2612.2 -5.49265e-11 4.59782e-07 -5.1008e-07 -2.2517e+07
38011.7 7.71522e+06 -2619.23 4.23964e-11 -3.6435e-07 -1.3655e-06 -209693 -7.71522e+06 2619.23 -4.23964e-11 3.6435e-07 9.96653e-07 -2.25776e+07
38113.8 7.71522e+06 -2626.27 2.66777e-10 -4.06198e-07 -2.02505e-06 -210261 -7.71522e+06 2626.27 -2.66777e-10 4.06198e-07 -2.95912e-07 -2.26383e+07
38215.9 7.71522e+06 -2633.3 1.03342e-10 -3.31353e-08 -1.05652e-06 -210830 -7.71522e+06 2633.3 -1.03342e-10 3.31353e-08 1.57447e-07 -2.26989e+07
38318 7.71522e+06 -2640.34 -9.11399e-11 -2.81237e-07 -2.8318e-08 -211398 -7.71522e+06 2640.34 9.11399e-11 2.81237e-07 8.21235e-07 -2.27595e+07
38420.2 7.71522e+06 -2647.37 2.3159e-10 -3.08564e-07 -2.16346e-06 -211967 -7.71522e+06 2647.37 -2.3159e-10 3.08564e-07 1.48636e-07 -2.28202e+07
38522.3 7.71522e+06 -2654.41 -1.82545e-11 -2.99714e-07 -6.9878e-07 -212535 -7.71522e+06 2654.41 1.82545e-11 2.99714e-07 8.57595e-07 -2.28808e+07
38624.4 7.71522e+06 -2661.44 -4.73163e-12 -1.82437e-07 -6.94601e-07 -213104 -7.71522e+06 2661.44 4.73163e-12 1.82437e-07 7.35766e-07 -2.29415e+07
38726.5 7.71522e+06 -2668.48 3.01606e-11 -4.01541e-07 -3.71097e-07 -213672 -7.71522e+06 2668.48 -3.01606e-11 4.01541e-07 1.087e-07 -2.30021e+07
38828.7 7.71522e+06 -2675.51 4.7596e-10 -2.49601e-07 -4.35964e-06 -214241 -7.71522e+06 2675.51 -4.7596e-10 2.49601e-07 2.18785e-07 -2.30627e+07
38930.8 7.71522e+06 -2682.55 -8.13636e-11 -2.18234e-07 2.83813e-07 -214810 -7.71522e+06 2682.55 8.13636e-11 2.18234e-07 4.2405e-07 -2.31234e+07
39032.9 7.71522e+06 -2689.59 1.48981e-11 -3.36772e-07 -2.38943e-07 -215378 -7.71522e+06 2689.59 -1.48981e-11 3.36772e-07 1.0933e-07 -2.3184e+07
39135 7.71522e+06 -2696.62 4.19201e-10 -3.67308e-07 -1.84168e-06 -215947 -7.71522e+06 2696.62 -4.19201e-10 3.67308e-07 -1.80536e-06 -2.32446e+07
39237.1 7.71522e+06 -2703.66 2.01345e-10 -1.79901e-07 -1.84624e-06 -216516 -7.71522e+06 2703.66 -2.01345e-10 1.79901e-07 9.4542e-08 -2.33053e+07
39339.3 7.71522e+06 -2710.69 2.10356e-10 6.05573e-08 -1.4873e-06 -217084 -7.71522e+06 2710.69 -2.10356e-10 -6.05573e-08 -3.42804e-07 -2.33659e+07
39441.4 7.71522e+06 -2717.73 8.04156e-11 -2.02749e-07 -1.19639e-06 -217653 -7.71522e+06 2717.73 -8.04156e-11 2.02749e-07 4.96775e-07 -2.34266e+07
39543.5 7.71522e+06 -2724.76 9.14678e-11 -2.4906e-07 -1.37424e-06 -218222 -7.71522e+06 2724.76 -9.14678e-11 2.4906e-07 5.78467e-07 -2.34872e+07
39645.6 7.71522e+06 -2731.8 5.57542e-11 -8.16857e-08 -9.85261e-07 -218791 -7.71522e+06 2731.8 -5.57542e-11 8.16857e-08 5.00199e-07 -2.35478e+07
39747.8 7.71522e+06 -2738.83 -2.28217e-11 -2.91438e-07 -6.06073e-07 -219359 -7.71522e+06 2738.83 2.28217e-11 2.91438e-07 8.04622e-07 -2.36085e+07
39849.9 7.71522e+06 -2745.87 3.10805e-10 -2.48329e-07 -1.46384e-06 -219928 -7.71522e+06 2745.87 -3.10805e-10 2.48329e-07 -1.24016e-06 -2.36691e+07
39952 7.71522e+06 -2752.9 1.01868e-11 -3.50513e-07 -4.12987e-07 -220497 -7.71522e+06 2752.9 -1.01868e-11 3.50513e-07 3.24362e-07 -2.37297e+07
40054.1 7.71522e+06 -2759.94 -2.44539e-11 -1.6857e-07 -1.37834e-07 -221066 -7.71522e+06 2759.94 2.44539e-11 1.6857e-07 3.50583e-07 -2.37904e+07
40156.2 7.71522e+06 -2766.97 -1.5612e-10 -1.49097e-07 1.5777e-07 -221635 -7.71522e+06 2766.97 1.5612e-10 1.49097e-07 1.20047e-06 -2.3851e+07
40258.4 7.71522e+06 -2774.01 -6.70286e-11 -2.45376e-07 -4.10286e-07 -222203 -7.71522e+06 2774.01 6.70286e-11 2.45376e-07 9.93435e-07 -2.39116e+07
40360.5 7.71522e+06 -2781.04 9.64041e-11 -1.85309e-07 -1.06357e-06 -222772 -7.71522e+06 2781.04 -9.64041e-11 1.85309e-07 2.24858e-07 -2.39723e+07
40462.6 7.71522e+06 -2788.08 -8.74343e-11 -3.2368e-07 5.73043e-08 -223341 -7.71522e+06 2788.08 8.74343e-11 3.2368e-07 7.03374e-07 -2.40329e+07
40564.7 7.71522e+06 -2795.11 7.03137e-11 -2.44153e-07 -6.25945e-07 -223910 -7.71522e+06 2795.11 -7.03137e-11 2.44153e-07 1.42156e-08 -2.40936e+07
40666.8 7.71522e+06 -2802.15 3.18282e-10 -4.02858e-07 -2.59928e-06 -224479 -7.71522e+06 2802.15 -3.18282e-10 4.02858e-07 -1.69773e-07 -2.41542e+07
40769 7.71522e+06 -2809.18 2.92802e-10 -1.38396e-07 -2.33667e-06 -225048 -7.71522e+06 2809.18 -2.92802e-10 1.38396e-07 -2.10709e-07 -2.42148e+07
40871.1 7.71522e+06 -2816.22 3.39878e-11 -8.99055e-08 -9.86203e-07 -225617 -7.71522e+06 2816.22 -3.39878e-11 8.99055e-08 6.90509e-07 -2.42755e+07
40973.2 7.71522e+06 -2823.25 5.58731e-11 -3.50457e-07 -1.23725e-06 -226186 -7.71522e+06 2823.25 -5.58731e-11 3.50457e-07 7.51149e-07 -2.43361e+07
41075.3 7.71522e+06 -2830.28 2.67973e-10 -2.66238e-07 -1.52876e-06 -226755 -7.71522e+06 2830.28 -2.67973e-10 2.66238e-07 -8.02603e-07 -2.43967e+07
41177.4 7.71522e+06 -2837.32 -1.06559e-11 1.90539e-07 1.91727e-07 -227324 -7.71522e+06 2837.32 1.06559e-11 -1.90539e-07 -9.9021e-08 -2.44574e+07
41279.6 7.71522e+06 -2844.35 -1.95374e-10 -3.07143e-07 1.17084e-06 -227893 -7.71522e+06 2844.35 1.95374e-10 3.07143e-07 5.28914e-07 -2.4518e+07
41381.7 7.71522e+06 -2851.39 -1.69025e-10 3.02397e-07 -1.48254e-07 -228462 -7.71522e+06 2851.39 1.69025e-10 -3.02397e-07 1.61878e-06 -2.45786e+07
41483.8 7.71522e+06 -2858.42 1.31441e-10 -1.91505e-07 -5.76137e-07 -229031 -7.71522e+06 2858.42 -1.31441e-10 1.91505e-07 -5.67404e-07 -2.46393e+07
41585.9 7.71522e+06 -2865.46 1.02434e-10 -3.4122e-07 -9.96073e-07 -229600 -7.71522e+06 2865.46 -1.02434e-10 3.4122e-07 1.04895e-07 -2.46999e+07
41688 7.71522e+06 -2872.49 1.21045e-10 -5.5124e-07 -1.64637e-06 -230169 -7.71522e+06 2872.49 -1.21045e-10 5.5124e-07 5.93283e-07 -2.47605e+07
41790.2 7.71522e+06 -2879.53 2.95968e-10 -2.73472e-07 -2.03658e-06 -230738 -7.71522e+06 2879.53 -2.95968e-10 2.73472e-07 -5.38336e-07 -2.48212e+07
41892.3 7.71522e+06 -2886.56 3.18046e-11 -1.40724e-07 -1.53001e-06 -231307 -7.71522e+06 2886.56 -3.18046e-11 1.40724e-07 1.25331e-06 -2.48818e+07
41994.4 7.71522e+06 -2893.6 2.71908e-10 2.1558e-07 -1.41908e-06 -231876 -7.71522e+06 2893.6 -2.71908e-10 -2.1558e-07 -9.4652e-07 -2.49424e+07
42096.5 7.71522e+06 -2900.63 2.58354e-10 -1.76844e-08 -9.77263e-07 -232445 -7.71522e+06 2900.63 -2.58354e-10 1.76844e-08 -1.27041e-06 -2.50031e+07
42198.6 7.71522e+06 -2907.67 9.55755e-11 -4.99493e-07 -7.20456e-07 -233014 -7.71522e+06 2907.67 -9.55755e-11 4.99493e-07 -1.11051e-07 -2.50637e+07
42300.7 7.71522e+06 -2914.7 9.65531e-11 -4.38009e-07 -5.52621e-07 -233584 -7.71522e+06 2914.7 -9.65531e-11 4.38009e-07 -2.87391e-07 -2.51243e+07
42402.9 7.71522e+06 -2921.74 7.0825e-11 -3.46527e-08 -1.08231e-06 -234153 -7.71522e+06 2921.74 -7.0825e-11 3.46527e-08 4.66135e-07 -2.51849e+07
42505 7.71522e+06 -2928.77 -2.28872e-11 6.76951e-09 -1.51263e-06 -234722 -7.71522e+06 2928.77 2.28872e-11 -6.76951e-09 1.71175e-06 -2.52456e+07
42607.1 7.71522e+06 -2935.8 1.88947e-10 -3.97312e-07 -1.75294e-06 -235291 -7.71522e+06 2935.8 -1.88947e-10 3.97312e-07 1.09101e-07 -2.53062e+07
42709.2 7.71522e+06 -2942.84 1.04942e-10 -3.61343e-07 -1.12733e-06 -235860 -7.71522e+06 2942.84 -1.04942e-10 3.61343e-07 2.14327e-07 -2.53668e+07
42811.3 7.71522e+06 -2949.87 1.14969e-10 -9.06052e-08 -1.34638e-07 -236430 -7.71522e+06 2949.87 -1.14969e-10 9.06052e-08 -8.65592e-07 -2.54275e+07
42913.4 7.71522e+06 -2956.91 -3.5131e-11 -5.14421e-07 -1.58966e-07 -236999 -7.71522e+06 2956.91 3.5131e-11 5.14421e-07 4.64606e-07 -2.54881e+07
43015.6 7.71522e+06 -2963.94 1.1464e-10 -2.92706e-07 -1.24494e-06 -237568 -7.71522e+06 2963.94 -1.1464e-10 2.92706e-07 2.47573e-07 -2.55487e+07
43117.7 7.71522e+06 -2970.98 2.34019e-10 -1.65395e-07 -1.45519e-06 -238137 -7.71522e+06 2970.98 -2.34019e-10 1.65395e-07 -5.80773e-07 -2.56094e+07
43219.8 7.71522e+06 -2978.01 -4.80761e-11 -3.49804e-07 -5.30277e-07 -238707 -7.71522e+06 2978.01 4.80761e-11 3.49804e-07 9.48539e-07 -2.567e+07
43321.9 7.71522e+06 -2985.05 1.90806e-10 -2.38516e-07 -1.64731e-06 -239276 -7.71522e+06 2985.05 -1.90806e-10 2.38516e-07 -1.27018e-08 -2.57306e+07
43424 7.71522e+06 -2992.08 -1.08019e-10 -8.19988e-08 -5.64373e-07 -239845 -7.71522e+06 2992.08 1.08019e-10 8.19988e-08 1.50414e-06 -2.57913e+07
43526.1 7.71522e+06 -2999.11 9.90536e-11 1.10061e-08 -1.12643e-06 -240414 -7.71522e+06 2999.11 -9.90536e-11 -1.10061e-08 2.64665e-07 -2.58519e+07
43628.3 7.71522e+06 -3006.15 1.06519e-10 -4.50144e-07 -1.39989e-06 -240984 -7.71522e+06 3006.15 -1.06519e-10 4.50144e-07 4.73174e-07 -2.59125e+07
43730.4 7.71522e+06 -3013.18 1.583e-10 -1.63478e-07 -1.91264e-06 -241553 -7.71522e+06 3013.18 -1.583e-10 1.63478e-07 5.3543e-07 -2.59731e+07
43832.5 7.71522e+06 -3020.22 1.32782e-10 -5.14526e-07 -8.04144e-07 -242122 -7.71522e+06 3020.22 -1.32782e-10 5.14526e-07 -3.51056e-07 -2.60338e+07
43934.6 7.71522e+06 -3027.25 1.36498e-10 3.24787e-08 -9.79437e-07 -242692 -7.71522e+06 3027.25 -1.36498e-10 -3.24787e-08 -2.08096e-07 -2.60944e+07
44036.7 7.71522e+06 -3034.29 1.36344e-10 -5.20966e-07 -8.17562e-07 -243261 -7.71522e+06 3034.29 -1.36344e-10 5.20966e-07 -3.68633e-07 -2.6155e+07
44138.8 7.71522e+06 -3041.32 1.37533e-10 -5.26322e-07 -8.8525e-07 -243831 -7.71522e+06 3041.32 -1.37533e-10 5.26322e-07 -3.11286e-07 -2.62157e+07
44240.9 7.71522e+06 -3048.36 -6.60819e-11 -2.93188e-07 3.62111e-08 -244400 -7.71522e+06 3048.36 6.60819e-11 2.93188e-07 5.38702e-07 -2.62763e+07
44343.1 7.71522e+06 -3055.39 1.33206e-10 -3.68848e-07 -1.0341e-06 -244969 -7.71522e+06 3055.39 -1.33206e-10 3.68848e-07 -1.24795e-07 -2.63369e+07
44445.2 7.71522e+06 -3062.42 3.13387e-10 -2.43073e-08 -2.42042e-06 -245539 -7.71522e+06 3062.42 -3.13387e-10 2.43073e-08 -3.06047e-07 -2.63975e+07
44547.3 7.71522e+06 -3069.46 6.1857e-11 -3.02991e-07 -1.16907e-06 -246108 -7.71522e+06 3069.46 -6.1857e-11 3.02991e-07 6.30916e-07 -2.64582e+07
44649.4 7.71522e+06 -3076.49 3.28712e-11 -6.25918e-07 -1.38258e-06 -246678 -7.71522e+06 3076.49 -3.28712e-11 6.25918e-07 1.0966e-06 -2.65188e+07
44751.5 7.71522e+06 -3083.53 4.7788e-11 -3.92226e-07 -8.21325e-07 -247247 -7.71522e+06 3083.53 -4.7788e-11 3.92226e-07 4.05569e-07 -2.65794e+07
44853.6 7.71522e+06 -3090.56 2.1501e-10 1.39423e-07 -1.75951e-06 -247817 -7.71522e+06 3090.56 -2.1501e-10 -1.39423e-07 -1.11077e-07 -2.66401e+07
44955.7 7.71522e+06 -3097.59 1.55259e-11 2.85723e-07 -1.04111e-06 -248386 -7.71522e+06 3097.59 -1.55259e-11 -2.85723e-07 9.06036e-07 -2.67007e+07
45057.8 7.71522e+06 -3104.63 2.28625e-10 -2.98869e-08 -2.02781e-06 -248956 -7.71522e+06 3104.63 -2.28625e-10 2.98869e-08 3.87734e-08 -2.67613e+07
45160 7.71522e+06 -3111.66 -2.19869e-11 -1.60197e-08 8.47877e-08 -249525 -7.71522e+06 3111.66 2.19869e-11 1.60197e-08 1.06498e-07 -2.68219e+07
45262.1 7.71522e+06 -3118.7 1.46133e-10 -2.10053e-07 -1.45424e-06 -250095 -7.71522e+06 3118.7 -1.46133e-10 2.10053e-07 1.82882e-07 -2.68826e+07
45364.2 7.71522e+06 -3125.73 2.24884e-10 -6.43762e-07 -2.20738e-06 -250664 -7.71522e+06 3125.73 -2.24884e-10 6.43762e-07 2.50887e-07 -2.69432e+07
45466.3 7.71522e+06 -3132.77 2.49636e-10 -4.30899e-07 -1.9275e-06 -251234 -7.71522e+06 3132.77 -2.49636e-10 4.30899e-07 -2.44334e-07 -2.70038e+07
45568.4 7.71522e+06 -3139.8 2.75516e-11 -3.47471e-07 -6.35202e-08 -251804 -7.71522e+06 3139.8 -2.75516e-11 3.47471e-07 -1.76179e-07 -2.70645e+07
45670.5 7.71522e+06 -3146.83 7.16127e-11 -3.5261e-08 -5.61301e-07 -252373 -7.71522e+06 3146.83 -7.16127e-11 3.5261e-08 -6.17292e-08 -2.71251e+07
45772.6 7.71522e+06 -3153.87 1.47153e-10 -8.9445e-08 -1.36577e-06 -252943 -7.71522e+06 3153.87 -1.47153e-10 8.9445e-08 8.55394e-08 -2.71857e+07
45874.7 7.71522e+06 -3160.9 -1.10372e-11 -3.7751e-07 -7.3714e-07 -253512 -7.71522e+06 3160.9 1.10372e-11 3.7751e-07 8.33163e-07 -2.72463e+07
45976.9 7.71522e+06 -3167.94 -3.52577e-11 -1.72515e-07 9.43143e-07 -254082 -7.71522e+06 3167.94 3.52577e-11 1.72515e-07 -6.36401e-07 -2.7307e+07
46079 7.71522e+06 -3174.97 -5.88299e-11 2.81618e-07 -7.5222e-08 -254652 -7.71522e+06 3174.97 5.88299e-11 -2.81618e-07 5.87042e-07 -2.73676e+07
46181.1 7.71522e+06 -3182 3.00747e-11 -2.16783e-08 -6.76166e-07 -255221 -7.71522e+06 3182 -3.00747e-11 2.16783e-08 4.14516e-07 -2.74282e+07
46283.2 7.71522e+06 -3189.04 -5.51483e-12 7.68503e-08 -5.36729e-07 -255791 -7.71522e+06 3189.04 5.51483e-12 -7.68503e-08 5.84708e-07 -2.74888e+07
46385.3 7.71522e+06 -3196.07 2.16713e-10 -3.75823e-07 -1.39232e-06 -256361 -7.71522e+06 3196.07 -2.16713e-10 3.75823e-07 -4.93082e-07 -2.75495e+07
46487.4 7.71522e+06 -3203.11 -9.59488e-11 -9.85699e-08 -3.92056e-07 -256930 -7.71522e+06 3203.11 9.59488e-11 9.85699e-08 1.22681e-06 -2.76101e+07
46589.5 7.71522e+06 -3210.14 2.39904e-10 -1.76897e-07 -1.141e-06 -257500 -7.71522e+06 3210.14 -2.39904e-10 1.76897e-07 -9.46166e-07 -2.76707e+07
46691.6 7.71522e+06 -3217.17 -2.45606e-10 -4.19328e-07 6.73087e-07 -258070 -7.71522e+06 3217.17 2.45606e-10 4.19328e-07 1.46369e-06 -2.77313e+07
46793.7 7.71522e+06 -3224.21 4.38292e-11 -3.29836e-07 -5.04596e-07 -258640 -7.71522e+06 3224.21 -4.38292e-11 3.29836e-07 1.23281e-07 -2.7792e+07
46895.9 7.71522e+06 -3231.24 1.30258e-10 -3.93581e-08 -1.78485e-06 -259209 -7.71522e+06 3231.24 -1.30258e-10 3.93581e-08 6.51604e-07 -2.78526e+07
46998 7.71522e+06 -3238.27 2.89745e-10 1.53875e-07 -2.72615e-06 -259779 -7.71522e+06 3238.27 -2.89745e-10 -1.53875e-07 2.05364e-07 -2.79132e+07
47100.1 7.71522e+06 -3245.31 -2.04771e-11 -5.3735e-08 -5.8588e-07 -260349 -7.71522e+06 3245.31 2.04771e-11 5.3735e-08 7.64031e-07 -2.79738e+07
47202.2 7.71522e+06 -3252.34 1.29529e-10 -1.07033e-07 -1.97781e-06 -260919 -7.71522e+06 3252.34 -1.29529e-10 1.07033e-07 8.50907e-07 -2.80345e+07
47304.3 7.71522e+06 -3259.38 1.54736e-10 1.72136e-07 -1.10889e-06 -261488 -7.71522e+06 3259.38 -1.54736e-10 -1.72136e-07 -2.37311e-07 -2.80951e+07
47406.4 7.71522e+06 -3266.41 8.43672e-11 -1.30822e-07 -9.83191e-07 -262058 -7.71522e+06 3266.41 -8.43672e-11 1.30822e-07 2.49197e-07 -2.81557e+07
47508.5 7.71522e+06 -3273.44 2.12011e-10 -2.87935e-07 -2.00011e-06 -262628 -7.71522e+06 3273.44 -2.12011e-10 2.87935e-07 1.5562e-07 -2.82163e+07
47610.6 7.71522e+06 -3280.48 2.18686e-10 -5.85865e-07 -1.83788e-06 -263198 -7.71522e+06 3280.48 -2.18686e-10 5.85865e-07 -6.46848e-08 -2.8277e+07
47712.7 7.71522e+06 -3287.51 -1.64956e-10 -3.45566e-07 1.60303e-07 -263768 -7.71522e+06 3287.51 1.64956e-10 3.45566e-07 1.27482e-06 -2.83376e+07
47814.8 7.71522e+06 -3294.55 1.31536e-10 -4.05603e-07 -1.37564e-06 -264338 -7.71522e+06 3294.55 -1.31536e-10 4.05603e-07 2.31274e-07 -2.83982e+07
47916.9 7.71522e+06 -3301.58 -1.05681e-10 -3.09842e-07 1.38814e-07 -264907 -7.71522e+06 3301.58 1.05681e-10 3.09842e-07 7.8061e-07 -2.84588e+07
48019.1 7.71522e+06 -3308.61 1.40424e-10 -2.47891e-07 -7.78513e-07 -265477 -7.71522e+06 3308.61 -1.40424e-10 2.47891e-07 -4.43175e-07 -2.85195e+07
48121.2 7.71522e+06 -3315.65 2.24884e-10 -2.17659e-07 -2.03634e-06 -266047 -7.71522e+06 3315.65 -2.24884e-10 2.17659e-07 7.98487e-08 -2.85801e+07
48223.3 7.71522e+06 -3322.68 8.24201e-11 -1.42538e-07 -5.80198e-07 -266617 -7.71522e+06 3322.68 -8.24201e-11 1.42538e-07 -1.36857e-07 -2.86407e+07
48325.4 7.71522e+06 -3329.71 1.65639e-10 1.85815e-07 -1.75224e-06 -267187 -7.71522e+06 3329.71 -1.65639e-10 -1.85815e-07 3.11178e-07 -2.87013e+07
48427.5 7.71522e+06 -3336.75 6.82197e-11 8.42947e-08 -1.24831e-06 -267757 -7.71522e+06 3336.75 -6.82197e-11 -8.42947e-08 6.54803e-07 -2.87619e+07
48529.6 7.71522e+06 -3343.78 5.05939e-11 -2.27653e-07 -9.6629e-07 -268327 -7.71522e+06 3343.78 -5.05939e-11 2.27653e-07 5.26123e-07 -2.88226e+07
48631.7 7.71522e+06 -3350.81 2.4552e-10 -2.41185e-07 -2.33708e-06 -268897 -7.71522e+06 3350.81 -2.4552e-10 2.41185e-07 2.0106e-07 -2.88832e+07
48733.8 7.71522e+06 -3357.85 1.03677e-10 -1.53013e-07 -1.11936e-06 -269467 -7.71522e+06 3357.85 -1.03677e-10 1.53013e-07 2.17362e-07 -2.89438e+07
48835.9 7.71522e+06 -3364.88 3.66602e-10 -6.53816e-07 -2.70398e-06 -270037 -7.71522e+06 3364.88 -3.66602e-10 6.53816e-07 -4.85458e-07 -2.90044e+07
48938 7.71522e+06 -3371.92 2.48003e-10 -2.86495e-07 -1.63601e-06 -270607 -7.71522e+06 3371.92 -2.48003e-10 2.86495e-07 -5.21612e-07 -2.90651e+07
49040.1 7.71522e+06 -3378.95 3.10037e-11 -4.57468e-07 -1.74779e-06 -271177 -7.71522e+06 3378.95 -3.10037e-11 4.57468e-07 1.47806e-06 -2.91257e+07
49142.2 7.71522e+06 -3385.98 -7.69196e-11 -2.94337e-07 -2.681e-08 -271747 -7.71522e+06 3385.98 7.69196e-11 2.94337e-07 6.96011e-07 -2.91863e+07
49244.3 7.71522e+06 -3393.02 1.23996e-10 2.04205e-07 -1.58466e-06 -272317 -7.71522e+06 3393.02 -1.23996e-10 -2.04205e-07 5.05893e-07 -2.92469e+07
49346.4 7.71522e+06 -3400.05 5.73326e-11 -2.12514e-07 -7.87805e-07 -272887 -7.71522e+06 3400.05 -5.73326e-11 2.12514e-07 2.89011e-07 -2.93075e+07
49448.6 7.71522e+06 -3407.08 1.31248e-10 4.33565e-08 -7.63942e-07 -273457 -7.71522e+06 3407.08 -1.31248e-10 -4.33565e-08 -3.7792e-07 -2.93682e+07
49550.7 7.71522e+06 -3414.12 1.40865e-10 -3.98178e-07 -8.82103e-07 -274027 -7.71522e+06 3414.12 -1.40865e-10 3.98178e-07 -3.43426e-07 -2.94288e+07
49652.8 7.71522e+06 -3421.15 -9.09487e-11 2.84924e-08 -2.76287e-08 -274597 -7.71522e+06 3421.15 9.09487e-11 -2.84924e-08 8.18882e-07 -2.94894e+07
49754.9 7.71522e+06 -3428.18 8.56701e-11 -2.95405e-07 -1.41829e-06 -275167 -7.71522e+06 3428.18 -8.56701e-11 2.95405e-07 6.72962e-07 -2.955e+07
49857 7.71522e+06 -3435.22 1.05762e-11 6.65707e-08 -5.5156e-07 -275737 -7.71522e+06 3435.22 -1.05762e-11 -6.65707e-08 4.59546e-07 -2.96107e+07
49959.1 7.71522e+06 -3442.25 1.56751e-10 2.38629e-07 -2.0711e-06 -276307 -7.71522e+06 3442.25 -1.56751e-10 -2.38629e-07 7.0736e-07 -2.96713e+07
50061.2 7.71522e+06 -3449.28 2.67652e-11 4.16544e-08 -5.68948e-07 -276877 -7.71522e+06 3449.28 -2.67652e-11 -4.16544e-08 3.36091e-07 -2.97319e+07
50163.3 7.71522e+06 -3456.32 -3.38387e-11 -3.30054e-07 -4.69362e-08 -277447 -7.71522e+06 3456.32 3.38387e-11 3.30054e-07 3.41332e-07 -2.97925e+07
50265.4 7.71522e+06 -3463.35 -1.18325e-10 -1.30728e-07 5.56133e-07 -278017 -7.71522e+06 3463.35 1.18325e-10 1.30728e-07 4.73297e-07 -2.98531e+07
50367.5 7.71522e+06 -3470.38 7.10704e-11 -1.76365e-07 -5.61845e-07 -278588 -7.71522e+06 3470.38 -7.10704e-11 1.76365e-07 -5.64679e-08 -2.99138e+07
50469.6 7.71522e+06 -3477.42 -5.45708e-11 -5.28136e-07 -3.56791e-07 -279158 -7.71522e+06 3477.42 5.45708e-11 5.28136e-07 8.31557e-07 -2.99744e+07
50571.7 7.71522e+06 -3484.45 1.21094e-10 -2.58153e-07 -1.03602e-06 -279728 -7.71522e+06 3484.45 -1.21094e-10 2.58153e-07 -1.7498e-08 -3.0035e+07
50673.8 7.71522e+06 -3491.48 -1.79499e-10 -2.69092e-08 -8.18176e-09 -280298 -7.71522e+06 3491.48 1.79499e-10 2.69092e-08 1.56982e-06 -3.00956e+07
50775.9 7.71522e+06 -3498.52 2.96535e-11 -6.80569e-07 -1.29963e-06 -280868 -7.71522e+06 3498.52 -2.96535e-11 6.80569e-07 1.04164e-06 -3.01562e+07
50878 7.71522e+06 -3505.55 4.13661e-12 4.65897e-08 -1.28119e-06 -281438 -7.71522e+06 3505.55 -4.13661e-12 -4.65897e-08 1.24521e-06 -3.02169e+07
50980.1 7.71522e+06 -3512.58 2.03741e-10 1.75729e-07 -1.95093e-06 -282009 -7.71522e+06 3512.58 -2.03741e-10 -1.75729e-07 1.78383e-07 -3.02775e+07
51082.2 7.71522e+06 -3519.62 2.98022e-11 -2.54563e-07 -4.19343e-07 -282579 -7.71522e+06 3519.62 -2.98022e-11 2.54563e-07 1.60064e-07 -3.03381e+07
