102.077 1.06637e-16 0.0001 -1.86736 -5.22549e-09 1.83906e-19 3.53676e-21
204.451 -1.7223e-16 0.0002 -1.86736 -1.0446e-08 1.31976e-19 -2.24898e-19
306.713 1.57767e-15 0.0003 -1.86736 -1.56676e-08 5.22147e-19 1.28634e-19
408.969 9.57144e-16 0.0004 -1.86737 -2.08893e-08 3.35869e-19 3.79919e-19
511.224 2.50135e-15 0.0005 -1.86737 -2.61109e-08 6.19817e-19 1.72206e-19
613.48 1.56802e-15 0.0006 -1.86737 -3.13326e-08 5.37087e-19 4.03964e-19
715.734 2.16643e-15 0.0007 -1.86737 -3.65542e-08 5.61238e-19 -8.92566e-20
817.989 4.41653e-16 0.0008 -1.86737 -4.17759e-08 3.09167e-19 2.81151e-20
920.242 1.27398e-15 0.0009 -1.86737 -4.69976e-08 2.89536e-19 8.38149e-19
1022.5 2.94622e-15 0.001 -1.86737 -5.22193e-08 8.84234e-19 -2.28092e-19
1124.75 2.71463e-15 0.0011 -1.86737 -5.7441e-08 7.85585e-19 3.24574e-19
1227 2.69862e-15 0.0012 -1.86737 -6.26627e-08 7.85682e-19 2.27727e-19
1329.25 1.45329e-15 0.0013 -1.86737 -6.78845e-08 6.41409e-19 6.61592e-19
1431.51 2.88717e-16 0.0014 -1.86737 -7.31062e-08 3.26484e-19 3.01554e-20
1533.76 1.77592e-15 0.0015 -1.86737 -7.8328e-08 6.62554e-19 1.38737e-19
1636.01 1.42097e-15 0.0016 -1.86737 -8.35497e-08 8.93507e-19 -1.91323e-19
1738.26 2.42124e-15 0.0017 -1.86737 -8.87715e-08 5.105e-19 4.37198e-19
1840.51 2.86538e-15 0.0018 -1.86737 -9.39933e-08 6.78128e-19 5.45539e-20
1942.76 2.17718e-15 0.0019 -1.86737 -9.9215e-08 7.92131e-19 3.24194e-19
2045.01 1.83455e-15 0.002 -1.86737 -1.04437e-07 5.31934e-19 1.09112e-19
2147.25 2.83366e-15 0.0021 -1.86737 -1.09659e-07 9.55358e-19 1.19859e-19
2249.5 8.99252e-16 0.0022 -1.86737 -1.1488e-07 3.45095e-19 2.43304e-19
2351.75 1.48681e-15 0.0023 -1.86737 -1.20102e-07 8.71438e-19 3.54572e-19
2454 2.00656e-15 0.0024 -1.86737 -1.25324e-07 7.23646e-19 6.56415e-19
2556.24 3.13768e-15 0.0025 -1.86737 -1.30546e-07 6.8417e-19 -3.28468e-19
2658.49 7.56748e-16 0.0026 -1.86737 -1.35768e-07 4.86082e-19 -2.36075e-21
2760.73 2.94665e-15 0.0027 -1.86737 -1.4099e-07 6.58265e-19 1.32524e-19
2862.98 9.7235e-16 0.0028 -1.86737 -1.46212e-07 3.44973e-19 3.48049e-20
2965.22 1.47051e-15 0.0029 -1.86737 -1.51433e-07 4.9771e-19 6.47856e-20
3067.47 9.90231e-16 0.003 -1.86737 -1.56655e-07 5.94272e-19 -1.73965e-19
3169.71 7.53109e-16 0.0031 -1.86737 -1.61877e-07 5.57529e-19 3.82824e-19
3271.95 4.11401e-16 0.0032 -1.86737 -1.67099e-07 5.70448e-19 2.64211e-19
3374.19 1.8051e-15 0.0033 -1.86737 -1.72321e-07 6.15764e-19 3.79931e-19
3476.43 1.71812e-15 0.0034 -1.86737 -1.77543e-07 4.67239e-19 -2.18239e-19
3578.67 1.6468e-15 0.0035 -1.86737 -1.82765e-07 7.59508e-19 4.34976e-19
3680.91 2.78479e-15 0.0036 -1.86737 -1.87987e-07 6.89665e-19 -2.26042e-19
3783.15 7.21069e-16 0.0037 -1.86738 -1.93209e-07 5.44207e-19 2.37335e-19
3885.39 1.06304e-15 0.0038 -1.86738 -1.98431e-07 5.55119e-19 5.39224e-19
3987.63 1.34516e-15 0.0039 -1.86738 -2.03653e-07 6.14835e-19 2.417e-20
4089.87 1.52211e-15 0.004 -1.86738 -2.08875e-07 4.56976e-19 2.22889e-19
4192.11 1.83654e-15 0.0041 -1.86738 -2.14097e-07 3.7712e-19 -3.61078e-19
4294.35 1.86647e-15 0.0042 -1.86738 -2.19319e-07 6.61694e-19 -8.28056e-20
4396.58 2.43854e-15 0.0043 -1.86738 -2.24541e-07 6.32332e-19 -1.63806e-19
4498.82 5.80031e-16 0.0044 -1.86738 -2.29763e-07 3.35968e-19 -3.66541e-19
4601.05 3.16988e-15 0.0045 -1.86738 -2.34985e-07 8.06403e-19 4.64535e-19
4703.29 1.06835e-15 0.0046 -1.86738 -2.40207e-07 6.88787e-19 -3.9187e-19
4805.52 3.83456e-15 0.0047 -1.86738 -2.45429e-07 9.82171e-19 -7.08328e-20
4907.76 8.50057e-16 0.0048 -1.86738 -2.50651e-07 3.79373e-19 3.92484e-19
5009.99 3.04853e-15 0.0049 -1.86738 -2.55874e-07 6.63221e-19 -3.22296e-19
5112.23 3.67698e-15 0.005 -1.86738 -2.61096e-07 1.13155e-18 2.99156e-19
5214.46 1.61644e-15 0.0051 -1.86738 -2.66318e-07 6.30194e-19 -3.81474e-19
5316.69 1.49788e-15 0.0052 -1.86738 -2.7154e-07 5.54544e-19 5.36834e-19
5418.92 2.25134e-15 0.0053 -1.86738 -2.76762e-07 5.35788e-19 3.85962e-19
5521.16 3.39789e-15 0.0054 -1.86738 -2.81984e-07 6.58904e-19 6.43113e-20
5623.39 2.24361e-15 0.0055 -1.86738 -2.87206e-07 7.63877e-19 -1.9154e-19
5725.62 2.31588e-15 0.0056 -1.86738 -2.92428e-07 8.5083e-19 -1.45782e-19
5827.85 3.54445e-15 0.0057 -1.86738 -2.97651e-07 6.38945e-19 -3.26963e-20
5930.08 2.3071e-15 0.0058 -1.86738 -3.02873e-07 5.8407e-19 2.8115e-19
6032.31 2.30081e-15 0.0059 -1.86738 -3.08095e-07 6.82999e-19 -1.80529e-19
6134.54 1.25362e-15 0.006 -1.86738 -3.13317e-07 4.40458e-19 1.73429e-19
6236.77 2.76435e-15 0.0061 -1.86738 -3.18539e-07 6.13224e-19 -1.50119e-19
6339 2.56346e-15 0.0062 -1.86738 -3.23762e-07 6.02188e-19 -1.77227e-19
6441.22 1.90906e-15 0.0063 -1.86738 -3.28984e-07 5.87092e-19 1.49028e-19
6543.45 2.00329e-15 0.0064 -1.86738 -3.34206e-07 4.69577e-19 -1.54566e-19
6645.68 2.02721e-15 0.0065 -1.86738 -3.39428e-07 6.03571e-19 -1.99313e-19
6747.9 4.07271e-15 0.0066 -1.86738 -3.44651e-07 1.02926e-18 2.83531e-19
6850.13 2.27525e-15 0.0067 -1.86738 -3.49873e-07 5.86492e-19 2.87913e-19
6952.36 8.96121e-16 0.0068 -1.86738 -3.55095e-07 4.21173e-19 -4.39158e-20
7054.58 2.7631e-15 0.0069 -1.86738 -3.60317e-07 7.10713e-19 1.36521e-19
7156.81 2.51093e-15 0.007 -1.86739 -3.6554e-07 6.14805e-19 1.17174e-19
7259.03 2.77208e-15 0.0071 -1.86739 -3.70762e-07 8.04495e-19 3.74316e-19
7361.25 2.85228e-15 0.0072 -1.86739 -3.75984e-07 7.84358e-19 -4.13379e-19
7463.48 2.37617e-15 0.0073 -1.86739 -3.81207e-07 7.80861e-19 -1.74262e-19
7565.7 6.42306e-16 0.0074 -1.86739 -3.86429e-07 4.67796e-19 -5.28999e-19
7667.92 1.13088e-15 0.0075 -1.86739 -3.91651e-07 5.76463e-19 8.02303e-20
7770.15 3.1408e-15 0.0076 -1.86739 -3.96874e-07 1.0058e-18 9.71955e-20
7872.37 2.20888e-15 0.0077 -1.86739 -4.02096e-07 6.88997e-19 -5.104e-19
7974.59 3.5638e-15 0.0078 -1.86739 -4.07319e-07 9.04964e-19 -2.24572e-19
8076.81 1.9875e-15 0.0079 -1.86739 -4.12541e-07 3.2496e-19 6.48269e-19
8179.03 2.95529e-15 0.008 -1.86739 -4.17763e-07 7.3207e-19 1.55508e-19
8281.25 6.10643e-16 0.0081 -1.86739 -4.22986e-07 6.24366e-19 -6.38861e-20
8383.47 1.9169e-15 0.0082 -1.86739 -4.28208e-07 5.50891e-19 -3.87115e-19
8485.69 4.27149e-16 0.0083 -1.86739 -4.33431e-07 5.99049e-19 -1.84971e-19
8587.91 1.12124e-15 0.0084 -1.86739 -4.38653e-07 4.52873e-19 -3.57055e-19
8690.12 2.3523e-15 0.0085 -1.86739 -4.43875e-07 3.57961e-19 3.93293e-19
8792.34 1.75444e-15 0.0086 -1.86739 -4.49098e-07 5.71765e-19 -2.65403e-19
8894.56 2.20735e-15 0.0087 -1.86739 -4.5432e-07 6.75374e-19 9.42401e-21
8996.78 1.26579e-15 0.0088 -1.86739 -4.59543e-07 6.60013e-19 -1.69721e-19
9098.99 2.45115e-15 0.0089 -1.86739 -4.64765e-07 5.74283e-19 -3.68549e-19
9201.21 1.70304e-15 0.009 -1.86739 -4.69988e-07 6.09875e-19 1.97374e-19
9303.42 5.81386e-16 0.0091 -1.86739 -4.7521e-07 4.4245e-19 -7.32244e-19
9405.64 3.53332e-15 0.0092 -1.86739 -4.80433e-07 7.63274e-19 4.04422e-19
9507.85 1.42257e-15 0.0093 -1.86739 -4.85655e-07 6.31064e-19 9.2205e-20
9610.07 3.1289e-15 0.0094 -1.86739 -4.90878e-07 5.60923e-19 1.61878e-19
9712.28 1.61168e-15 0.0095 -1.86739 -4.961e-07 5.54348e-19 -1.98267e-19
9814.5 4.54084e-16 0.0096 -1.86739 -5.01323e-07 5.69511e-19 -1.08519e-19
9916.71 1.95242e-15 0.0097 -1.86739 -5.06546e-07 7.73546e-19 2.72181e-19
10018.9 -2.44399e-16 0.0098 -1.86739 -5.11768e-07 3.38974e-19 2.89385e-19
10121.1 1.54976e-15 0.0099 -1.86739 -5.16991e-07 4.89285e-19 2.94801e-19
10223.3 2.29162e-15 0.01 -1.86739 -5.22213e-07 6.17276e-19 -1.04937e-19
10325.6 2.27318e-15 0.0101 -1.86739 -5.27436e-07 4.16932e-19 -2.57446e-19
10427.8 1.51068e-15 0.0102 -1.86739 -5.32659e-07 5.38473e-19 2.74567e-19
10530 9.36949e-16 0.0103 -1.86739 -5.37881e-07 5.52335e-19 -1.93422e-19
10632.2 -2.40543e-16 0.0104 -1.8674 -5.43104e-07 5.54559e-19 3.73177e-19
10734.4 -2.95897e-16 0.0105 -1.8674 -5.48326e-07 3.54448e-19 -3.62505e-20
10836.6 1.41245e-15 0.0106 -1.8674 -5.53549e-07 2.45184e-19 2.37003e-20
10938.8 1.07166e-15 0.0107 -1.8674 -5.58772e-07 4.54383e-19 1.31824e-19
11041 1.63649e-15 0.0108 -1.8674 -5.63994e-07 4.70772e-19 4.69415e-19
11143.2 9.69248e-16 0.0109 -1.8674 -5.69217e-07 4.66626e-19 5.20268e-20
11245.4 8.31578e-16 0.011 -1.8674 -5.7444e-07 4.93344e-19 2.07853e-19
11347.6 1.47491e-15 0.0111 -1.8674 -5.79662e-07 2.52784e-19 -1.76813e-19
11449.9 2.38365e-15 0.0112 -1.8674 -5.84885e-07 5.63715e-19 -1.14486e-19
11552.1 1.96403e-15 0.0113 -1.8674 -5.90108e-07 5.86646e-19 -3.41345e-19
11654.3 2.53748e-15 0.0114 -1.8674 -5.95331e-07 8.64571e-19 -3.63287e-19
11756.5 2.70363e-15 0.0115 -1.8674 -6.00553e-07 6.84851e-19 7.00303e-21
11858.7 1.522e-15 0.0116 -1.8674 -6.05776e-07 6.14953e-19 -2.38048e-20
11960.9 -2.00999e-16 0.0117 -1.8674 -6.10999e-07 2.73639e-19 -7.40939e-19
12063.1 2.89862e-15 0.0118 -1.8674 -6.16222e-07 8.87109e-19 1.18756e-19
12165.3 1.77224e-15 0.0119 -1.8674 -6.21444e-07 6.88762e-19 1.61903e-20
12267.5 -6.24944e-16 0.012 -1.8674 -6.26667e-07 3.19579e-19 1.78619e-19
12369.7 -2.75698e-16 0.0121 -1.8674 -6.3189e-07 1.24225e-19 -1.44371e-19
12471.9 7.36416e-16 0.0122 -1.8674 -6.37113e-07 5.80663e-19 -1.00044e-19
12574.1 1.50534e-15 0.0123 -1.8674 -6.42335e-07 5.50726e-19 7.68352e-20
12676.3 1.00832e-15 0.0124 -1.8674 -6.47558e-07 4.36997e-19 -7.69686e-20
12778.5 4.2213e-18 0.0125 -1.8674 -6.52781e-07 4.57407e-19 1.09629e-19
12880.7 9.65456e-16 0.0126 -1.8674 -6.58004e-07 7.03175e-19 5.65828e-20
12982.9 4.94045e-16 0.0127 -1.8674 -6.63227e-07 3.95601e-19 2.85196e-19
13085.1 2.91095e-15 0.0128 -1.8674 -6.6845e-07 4.5252e-19 -3.37231e-20
13187.3 6.29147e-17 0.0129 -1.8674 -6.73672e-07 2.24218e-19 -1.28259e-19
13289.5 6.16604e-16 0.013 -1.8674 -6.78895e-07 1.23036e-19 -1.1885e-19
13391.7 2.8356e-15 0.0131 -1.8674 -6.84118e-07 7.67847e-19 -1.06188e-19
13493.9 2.17844e-15 0.0132 -1.8674 -6.89341e-07 7.24889e-19 -2.86459e-19
13596.1 3.6503e-16 0.0133 -1.8674 -6.94564e-07 3.10018e-19 -3.83102e-20
13698.3 1.68982e-15 0.0134 -1.8674 -6.99787e-07 5.67067e-19 -4.79173e-19
13800.5 9.55274e-16 0.0135 -1.8674 -7.0501e-07 6.01332e-19 1.11627e-19
13902.7 3.75993e-16 0.0136 -1.8674 -7.10233e-07 4.35276e-19 2.18557e-19
14004.9 9.25093e-16 0.0137 -1.8674 -7.15456e-07 2.62226e-19 7.86017e-22
14107.1 1.92616e-15 0.0138 -1.8674 -7.20679e-07 5.57071e-19 2.72948e-19
14209.3 1.60464e-15 0.0139 -1.86741 -7.25902e-07 5.86794e-19 -5.04138e-19
14311.5 8.20469e-16 0.014 -1.86741 -7.31125e-07 5.16755e-19 -4.24072e-19
14413.7 1.48163e-15 0.0141 -1.86741 -7.36347e-07 5.75697e-19 -5.34875e-19
14515.9 2.41204e-15 0.0142 -1.86741 -7.4157e-07 5.65382e-19 2.47529e-19
14618.1 2.19314e-15 0.0143 -1.86741 -7.46793e-07 7.50603e-19 -5.16911e-19
14720.2 1.74669e-15 0.0144 -1.86741 -7.52016e-07 4.90617e-19 2.23149e-19
14822.4 1.24641e-15 0.0145 -1.86741 -7.57239e-07 4.74292e-19 -2.19238e-19
14924.6 1.87856e-15 0.0146 -1.86741 -7.62462e-07 6.82778e-19 2.6753e-19
15026.8 1.44385e-15 0.0147 -1.86741 -7.67685e-07 4.71945e-19 -8.45381e-20
15129 1.62676e-15 0.0148 -1.86741 -7.72909e-07 3.92356e-19 -3.17941e-19
15231.2 4.6607e-16 0.0149 -1.86741 -7.78132e-07 3.35055e-19 -4.8881e-19
15333.4 1.86993e-15 0.015 -1.86741 -7.83355e-07 6.32054e-19 -1.46481e-19
15435.6 -6.96601e-17 0.0151 -1.86741 -7.88578e-07 3.65449e-19 -2.46381e-19
15537.8 1.84534e-15 0.0152 -1.86741 -7.93801e-07 5.79474e-19 -1.5503e-19
15640 6.07104e-17 0.0153 -1.86741 -7.99024e-07 3.20096e-19 4.31177e-19
15742.2 1.71614e-16 0.0154 -1.86741 -8.04247e-07 3.77175e-19 4.15697e-19
15844.4 8.55491e-16 0.0155 -1.86741 -8.0947e-07 4.31469e-19 7.63899e-20
15946.5 2.37649e-15 0.0156 -1.86741 -8.14693e-07 7.03343e-19 4.9454e-20
16048.7 -4.51114e-16 0.0157 -1.86741 -8.19916e-07 3.85601e-19 -3.44517e-19
16150.9 1.56996e-15 0.0158 -1.86741 -8.25139e-07 5.46989e-19 3.69363e-19
16253.1 8.12063e-16 0.0159 -1.86741 -8.30362e-07 2.95392e-19 -3.6792e-19
16355.3 -4.14067e-16 0.016 -1.86741 -8.35586e-07 -1.83148e-20 1.82233e-19
16457.5 3.72542e-16 0.0161 -1.86741 -8.40809e-07 4.02959e-19 5.5503e-19
16559.7 2.06595e-15 0.0162 -1.86741 -8.46032e-07 5.73787e-19 1.03173e-19
16661.9 2.47257e-15 0.0163 -1.86741 -8.51255e-07 1.09291e-18 -1.55027e-19
16764 2.90464e-15 0.0164 -1.86741 -8.56478e-07 8.83957e-19 -4.96421e-20
16866.2 1.45264e-15 0.0165 -1.86741 -8.61701e-07 3.95652e-19 -1.36773e-19
16968.4 3.84059e-16 0.0166 -1.86741 -8.66925e-07 2.50834e-19 3.51572e-19
17070.6 -1.20695e-16 0.0167 -1.86741 -8.72148e-07 4.6632e-19 2.0899e-19
17172.8 1.77835e-15 0.0168 -1.86741 -8.77371e-07 5.95517e-19 -2.83631e-19
17275 -5.70301e-17 0.0169 -1.86741 -8.82594e-07 3.21565e-19 1.67316e-19
17377.1 1.59636e-15 0.017 -1.86741 -8.87817e-07 6.2378e-19 -6.5421e-20
17479.3 1.79105e-15 0.0171 -1.86741 -8.93041e-07 4.83038e-19 1.83488e-19
17581.5 1.39587e-15 0.0172 -1.86741 -8.98264e-07 5.20967e-19 -1.64358e-19
17683.7 1.52075e-15 0.0173 -1.86742 -9.03487e-07 5.00565e-19 5.75372e-19
17785.9 1.24481e-16 0.0174 -1.86742 -9.0871e-07 2.92267e-19 -1.38575e-19
17888.1 1.3962e-15 0.0175 -1.86742 -9.13934e-07 5.80149e-19 2.29061e-19
17990.2 2.24894e-15 0.0176 -1.86742 -9.19157e-07 6.79498e-19 5.79777e-19
18092.4 1.78412e-15 0.0177 -1.86742 -9.2438e-07 5.98984e-19 2.39563e-19
18194.6 2.64193e-15 0.0178 -1.86742 -9.29603e-07 6.99052e-19 3.38305e-19
18296.8 1.74532e-15 0.0179 -1.86742 -9.34827e-07 4.70076e-19 5.58835e-19
18399 7.55873e-16 0.018 -1.86742 -9.4005e-07 3.63475e-19 5.90452e-19
18501.1 1.85539e-15 0.0181 -1.86742 -9.45273e-07 5.64805e-19 2.01502e-19
18603.3 1.52992e-15 0.0182 -1.86742 -9.50497e-07 5.07286e-19 9.37678e-19
18705.5 1.97942e-15 0.0183 -1.86742 -9.5572e-07 4.57551e-19 4.71319e-20
18807.7 3.26839e-15 0.0184 -1.86742 -9.60943e-07 7.0136e-19 -1.99304e-19
18909.8 1.5647e-15 0.0185 -1.86742 -9.66167e-07 6.42804e-19 7.99491e-19
19012 1.5406e-15 0.0186 -1.86742 -9.7139e-07 6.24949e-19 -1.47e-19
19114.2 1.66581e-15 0.0187 -1.86742 -9.76613e-07 7.54229e-19 5.76251e-20
19216.4 2.8067e-15 0.0188 -1.86742 -9.81837e-07 5.22554e-19 1.01207e-20
19318.6 3.15917e-15 0.0189 -1.86742 -9.8706e-07 6.7668e-19 3.30087e-19
19420.7 6.54581e-17 0.019 -1.86742 -9.92284e-07 3.00852e-19 4.89421e-19
19522.9 2.78456e-15 0.0191 -1.86742 -9.97507e-07 5.82999e-19 1.99552e-19
19625.1 1.2387e-15 0.0192 -1.86742 -1.00273e-06 3.76054e-19 2.49383e-19
19727.3 2.51283e-15 0.0193 -1.86742 -1.00795e-06 7.46344e-19 8.27645e-20
19829.4 2.62988e-15 0.0194 -1.86742 -1.01318e-06 7.58542e-19 4.90461e-19
19931.6 2.75546e-15 0.0195 -1.86742 -1.0184e-06 5.58663e-19 1.71666e-19
20033.8 -1.05712e-15 0.0196 -1.86742 -1.02362e-06 2.35265e-19 4.64719e-19
20136 9.92627e-16 0.0197 -1.86742 -1.02885e-06 4.17966e-19 1.01541e-18
20238.1 3.96891e-17 0.0198 -1.86742 -1.03407e-06 3.63209e-19 3.00516e-19
20340.3 1.46901e-15 0.0199 -1.86742 -1.03929e-06 4.60191e-19 1.76094e-19
20442.5 6.02562e-16 0.02 -1.86742 -1.04452e-06 2.26298e-19 1.74185e-19
20544.6 1.84975e-15 0.0201 -1.86742 -1.04974e-06 6.34647e-19 3.7471e-19
20646.8 1.94935e-15 0.0202 -1.86742 -1.05496e-06 6.26993e-19 2.96136e-19
20749 9.55163e-16 0.0203 -1.86742 -1.06019e-06 4.68589e-19 -1.24397e-19
20851.2 3.46711e-15 0.0204 -1.86742 -1.06541e-06 8.08593e-19 5.57131e-19
20953.3 2.17809e-15 0.0205 -1.86742 -1.07064e-06 5.07303e-19 8.41305e-19
21055.5 1.05251e-15 0.0206 -1.86742 -1.07586e-06 5.61419e-19 2.69908e-19
21157.7 1.02045e-15 0.0207 -1.86742 -1.08108e-06 4.38662e-19 2.94867e-20
21259.8 1.9927e-15 0.0208 -1.86743 -1.08631e-06 6.22826e-19 -1.19641e-19
21362 1.15957e-15 0.0209 -1.86743 -1.09153e-06 4.72302e-19 7.50896e-19
21464.2 1.12446e-16 0.021 -1.86743 -1.09675e-06 3.94921e-19 -3.03041e-20
21566.3 1.4212e-15 0.0211 -1.86743 -1.10198e-06 3.59021e-19 3.33186e-19
21668.5 6.4783e-16 0.0212 -1.86743 -1.1072e-06 4.71875e-19 3.36485e-19
21770.7 1.68374e-15 0.0213 -1.86743 -1.11242e-06 5.80699e-19 9.19692e-20
21872.8 -9.83898e-16 0.0214 -1.86743 -1.11765e-06 3.492e-20 -2.22552e-19
21975 3.21167e-15 0.0215 -1.86743 -1.12287e-06 5.868e-19 3.05055e-20
22077.2 1.09887e-15 0.0216 -1.86743 -1.12809e-06 5.83406e-19 3.6993e-19
22179.3 2.4612e-15 0.0217 -1.86743 -1.13332e-06 7.95495e-19 -2.35207e-19
22281.5 2.35024e-15 0.0218 -1.86743 -1.13854e-06 5.79049e-19 -6.6112e-20
22383.7 1.43922e-16 0.0219 -1.86743 -1.14377e-06 4.63731e-19 -2.39358e-20
22485.8 3.08545e-15 0.022 -1.86743 -1.14899e-06 8.01005e-19 4.13673e-19
22588 1.40414e-15 0.0221 -1.86743 -1.15421e-06 5.14479e-19 -4.16456e-19
22690.2 1.5243e-15 0.0222 -1.86743 -1.15944e-06 5.02695e-19 1.72152e-19
22792.3 2.52091e-15 0.0223 -1.86743 -1.16466e-06 6.56293e-19 5.13631e-19
22894.5 1.81159e-16 0.0224 -1.86743 -1.16988e-06 3.41245e-19 -5.91264e-20
22996.7 1.744e-15 0.0225 -1.86743 -1.17511e-06 5.79118e-19 -1.40558e-20
23098.8 1.74638e-15 0.0226 -1.86743 -1.18033e-06 5.01079e-19 5.89524e-19
23201 9.57929e-16 0.0227 -1.86743 -1.18555e-06 4.24726e-19 2.34605e-19
23303.2 1.22627e-16 0.0228 -1.86743 -1.19078e-06 5.19174e-19 -8.65501e-20
23405.3 1.98373e-15 0.0229 -1.86743 -1.196e-06 6.23114e-19 2.67959e-19
23507.5 1.48302e-15 0.023 -1.86743 -1.20123e-06 5.35067e-19 3.08555e-19
23609.6 1.1643e-15 0.0231 -1.86743 -1.20645e-06 4.64668e-19 -1.02036e-19
23711.8 9.84655e-16 0.0232 -1.86743 -1.21167e-06 3.39098e-19 6.50547e-19
23814 1.55257e-15 0.0233 -1.86743 -1.2169e-06 6.55574e-19 -1.25204e-19
23916.1 2.02992e-15 0.0234 -1.86743 -1.22212e-06 6.14185e-19 -2.14776e-20
24018.3 8.65726e-16 0.0235 -1.86743 -1.22734e-06 4.26292e-19 -1.60863e-21
24120.5 1.83403e-15 0.0236 -1.86743 -1.23257e-06 6.10072e-19 -3.93985e-20
24222.6 1.66864e-15 0.0237 -1.86743 -1.23779e-06 6.98558e-19 4.0514e-19
24324.8 2.06392e-15 0.0238 -1.86743 -1.24302e-06 6.58681e-19 -1.10388e-19
24426.9 6.34109e-16 0.0239 -1.86743 -1.24824e-06 5.66007e-19 3.09332e-19
24529.1 1.0641e-15 0.024 -1.86743 -1.25346e-06 6.18408e-19 1.93193e-19
24631.2 -1.6108e-15 0.0241 -1.86743 -1.25869e-06 8.55132e-20 4.40303e-19
24733.4 1.66373e-15 0.0242 -1.86743 -1.26391e-06 5.15974e-19 1.45256e-19
24835.6 1.64936e-16 0.0243 -1.86744 -1.26913e-06 2.62293e-19 3.97212e-19
24937.7 1.81783e-15 0.0244 -1.86744 -1.27436e-06 4.84351e-19 -4.43115e-19
25039.9 1.33222e-15 0.0245 -1.86744 -1.27958e-06 5.49829e-19 4.50925e-19
25142 4.95026e-16 0.0246 -1.86744 -1.28481e-06 5.44177e-19 3.82593e-19
25244.2 1.21621e-15 0.0247 -1.86744 -1.29003e-06 3.78022e-19 3.88106e-19
25346.3 1.23199e-15 0.0248 -1.86744 -1.29525e-06 3.80677e-19 3.99624e-20
25448.5 1.46612e-15 0.0249 -1.86744 -1.30048e-06 5.71505e-19 2.11091e-19
25550.7 7.15401e-16 0.025 -1.86744 -1.3057e-06 4.05513e-19 2.6769e-19
25652.8 9.00777e-16 0.0251 -1.86744 -1.31092e-06 2.82109e-19 8.48284e-20
25755 2.18736e-15 0.0252 -1.86744 -1.31615e-06 7.14167e-19 -4.37597e-20
25857.1 2.90043e-15 0.0253 -1.86744 -1.32137e-06 9.65273e-19 3.6948e-20
25959.3 3.57482e-16 0.0254 -1.86744 -1.3266e-06 2.532e-19 -2.45832e-19
26061.4 1.35474e-15 0.0255 -1.86744 -1.33182e-06 4.43082e-19 5.9745e-19
26163.6 3.4256e-16 0.0256 -1.86744 -1.33704e-06 2.81222e-19 2.18052e-19
26265.7 1.37311e-15 0.0257 -1.86744 -1.34227e-06 4.93754e-19 -2.49648e-19
26367.9 1.54787e-15 0.0258 -1.86744 -1.34749e-06 5.58755e-19 -9.54594e-20
26470.1 1.86603e-15 0.0259 -1.86744 -1.35272e-06 6.91838e-19 1.60408e-19
26572.2 6.22606e-16 0.026 -1.86744 -1.35794e-06 5.46313e-19 -9.20094e-20
26674.4 1.01464e-15 0.0261 -1.86744 -1.36316e-06 2.92557e-19 -5.367e-19
26776.5 3.01677e-16 0.0262 -1.86744 -1.36839e-06 3.01178e-19 3.72463e-19
26878.7 1.96578e-15 0.0263 -1.86744 -1.37361e-06 4.93195e-19 -6.53152e-21
26980.8 2.67444e-15 0.0264 -1.86744 -1.37883e-06 5.30692e-19 3.36849e-19
27083 2.43244e-15 0.0265 -1.86744 -1.38406e-06 6.94524e-19 2.91663e-19
27185.1 3.24605e-15 0.0266 -1.86744 -1.38928e-06 7.83626e-19 3.01813e-19
27287.3 1.86596e-15 0.0267 -1.86744 -1.39451e-06 6.46934e-19 -6.0405e-19
27389.4 2.45053e-15 0.0268 -1.86744 -1.39973e-06 5.09879e-19 2.99966e-19
27491.6 1.85456e-15 0.0269 -1.86744 -1.40495e-06 2.58334e-19 2.20077e-19
27593.7 2.46621e-16 0.027 -1.86744 -1.41018e-06 5.66523e-19 3.64275e-21
27695.9 3.30425e-15 0.0271 -1.86744 -1.4154e-06 8.06174e-19 -1.44025e-19
27798 2.20165e-15 0.0272 -1.86744 -1.42063e-06 7.17128e-19 1.38264e-19
27900.2 1.11331e-15 0.0273 -1.86744 -1.42585e-06 2.61672e-19 9.28451e-20
28002.3 1.98128e-15 0.0274 -1.86744 -1.43107e-06 6.17868e-19 -1.43547e-19
28104.5 7.22563e-16 0.0275 -1.86744 -1.4363e-06 3.73882e-19 1.35593e-19
28206.6 1.6756e-15 0.0276 -1.86744 -1.44152e-06 4.88368e-19 -8.65055e-19
28308.8 2.95159e-15 0.0277 -1.86744 -1.44675e-06 6.99726e-19 -4.642e-19
28410.9 5.48562e-16 0.0278 -1.86745 -1.45197e-06 3.71683e-19 2.81854e-19
28513.1 3.06794e-15 0.0279 -1.86745 -1.45719e-06 5.8294e-19 -4.24481e-19
28615.2 -2.95145e-16 0.028 -1.86745 -1.46242e-06 4.2768e-19 5.43835e-20
28717.3 9.29069e-16 0.0281 -1.86745 -1.46764e-06 4.87698e-19 2.53571e-19
28819.5 -2.25562e-17 0.0282 -1.86745 -1.47287e-06 3.66915e-19 5.62491e-20
28921.6 1.56203e-15 0.0283 -1.86745 -1.47809e-06 4.65835e-19 5.65774e-19
29023.8 6.36675e-16 0.0284 -1.86745 -1.48331e-06 6.53548e-19 2.10672e-19
29125.9 1.66893e-15 0.0285 -1.86745 -1.48854e-06 3.89571e-19 3.61994e-19
29228.1 1.11242e-15 0.0286 -1.86745 -1.49376e-06 5.24539e-19 4.58407e-19
29330.2 2.0301e-15 0.0287 -1.86745 -1.49899e-06 7.32147e-19 -2.22443e-19
29432.4 1.63769e-15 0.0288 -1.86745 -1.50421e-06 5.52199e-19 -5.51942e-19
29534.5 1.68196e-15 0.0289 -1.86745 -1.50944e-06 3.17081e-19 -3.99042e-19
29636.7 7.57489e-16 0.029 -1.86745 -1.51466e-06 3.85879e-19 -1.65787e-19
29738.8 2.10175e-15 0.0291 -1.86745 -1.51988e-06 4.14877e-19 5.85099e-19
29840.9 2.3826e-16 0.0292 -1.86745 -1.52511e-06 4.06156e-19 5.69852e-20
29943.1 1.63352e-15 0.0293 -1.86745 -1.53033e-06 5.70524e-19 -2.0743e-19
30045.2 8.95406e-16 0.0294 -1.86745 -1.53556e-06 5.53516e-19 -3.19954e-19
30147.4 7.71328e-16 0.0295 -1.86745 -1.54078e-06 5.32731e-19 -2.31894e-19
30249.5 1.4677e-15 0.0296 -1.86745 -1.546e-06 4.40814e-19 4.60232e-19
30351.7 1.50179e-15 0.0297 -1.86745 -1.55123e-06 7.59496e-19 -4.08415e-19
30453.8 6.54809e-16 0.0298 -1.86745 -1.55645e-06 4.98101e-19 3.70339e-19
30555.9 2.09103e-15 0.0299 -1.86745 -1.56168e-06 5.30692e-19 4.20347e-19
30658.1 2.96613e-15 0.03 -1.86745 -1.5669e-06 6.90742e-19 -2.63782e-20
30760.2 3.91643e-15 0.0301 -1.86745 -1.57212e-06 1.06191e-18 -1.72002e-19
30862.4 -4.0602e-16 0.0302 -1.86745 -1.57735e-06 1.76906e-19 -3.47531e-19
30964.5 7.87446e-16 0.0303 -1.86745 -1.58257e-06 3.39649e-19 9.97557e-21
31066.7 1.47452e-15 0.0304 -1.86745 -1.5878e-06 5.92538e-19 -2.39172e-19
31168.8 8.2137e-16 0.0305 -1.86745 -1.59302e-06 4.17514e-19 1.30635e-19
31270.9 2.5297e-15 0.0306 -1.86745 -1.59825e-06 4.12562e-19 -6.8678e-20
31373.1 2.05431e-15 0.0307 -1.86745 -1.60347e-06 7.02112e-19 -3.92024e-20
31475.2 5.2518e-16 0.0308 -1.86745 -1.60869e-06 3.41412e-19 -2.74731e-19
31577.4 2.61815e-15 0.0309 -1.86745 -1.61392e-06 6.88349e-19 -5.64103e-20
31679.5 3.13932e-15 0.031 -1.86745 -1.61914e-06 1.1061e-18 2.2729e-20
31781.6 9.67306e-16 0.0311 -1.86745 -1.62437e-06 5.08759e-19 -3.98919e-19
31883.8 1.70936e-15 0.0312 -1.86745 -1.62959e-06 5.28838e-19 -1.70258e-19
31985.9 2.48032e-15 0.0313 -1.86745 -1.63481e-06 7.29734e-19 3.01472e-19
32088 2.07782e-15 0.0314 -1.86746 -1.64004e-06 7.71182e-19 1.22623e-19
32190.2 1.30339e-15 0.0315 -1.86746 -1.64526e-06 5.99807e-19 3.61706e-20
32292.3 1.85874e-16 0.0316 -1.86746 -1.65049e-06 2.3289e-19 2.75267e-19
32394.5 1.10429e-15 0.0317 -1.86746 -1.65571e-06 4.34972e-19 -2.98379e-19
32496.6 4.43142e-16 0.0318 -1.86746 -1.66094e-06 3.5484e-19 3.32347e-20
32598.7 1.50301e-15 0.0319 -1.86746 -1.66616e-06 6.30281e-19 3.94213e-19
32700.9 2.71881e-15 0.032 -1.86746 -1.67138e-06 6.67524e-19 1.41763e-19
32803 2.53922e-15 0.0321 -1.86746 -1.67661e-06 7.27489e-19 -2.20569e-19
32905.1 1.99893e-15 0.0322 -1.86746 -1.68183e-06 5.60496e-19 -2.49604e-20
33007.3 2.98565e-15 0.0323 -1.86746 -1.68706e-06 8.05335e-19 -3.94286e-19
33109.4 1.03103e-15 0.0324 -1.86746 -1.69228e-06 4.83514e-19 1.39235e-20
33211.5 1.20609e-15 0.0325 -1.86746 -1.69751e-06 3.58196e-19 -2.84725e-19
33313.7 7.01624e-16 0.0326 -1.86746 -1.70273e-06 4.79066e-19 -4.46185e-19
33415.8 1.31203e-16 0.0327 -1.86746 -1.70795e-06 4.20713e-19 -8.44715e-20
33518 2.33233e-15 0.0328 -1.86746 -1.71318e-06 4.37619e-19 -6.60286e-20
33620.1 3.24028e-16 0.0329 -1.86746 -1.7184e-06 3.62791e-19 1.67258e-19
33722.2 1.33235e-15 0.033 -1.86746 -1.72363e-06 4.29667e-19 -2.0822e-19
33824.4 1.62104e-15 0.0331 -1.86746 -1.72885e-06 6.0264e-19 -4.14899e-19
33926.5 8.92536e-16 0.0332 -1.86746 -1.73408e-06 5.16482e-19 1.78201e-19
34028.6 1.16535e-15 0.0333 -1.86746 -1.7393e-06 5.94395e-19 2.61119e-19
34130.8 2.17515e-15 0.0334 -1.86746 -1.74452e-06 5.07974e-19 -2.05241e-19
34232.9 -2.76166e-16 0.0335 -1.86746 -1.74975e-06 2.70939e-19 8.43826e-20
34335 1.43888e-15 0.0336 -1.86746 -1.75497e-06 6.45403e-19 -2.93536e-20
34437.2 2.61787e-15 0.0337 -1.86746 -1.7602e-06 8.30181e-19 -2.51589e-19
34539.3 2.2956e-15 0.0338 -1.86746 -1.76542e-06 8.56568e-19 -1.89457e-19
34641.4 1.05634e-15 0.0339 -1.86746 -1.77065e-06 2.57443e-19 1.00636e-19
34743.6 3.14173e-15 0.034 -1.86746 -1.77587e-06 8.90128e-19 2.91777e-19
34845.7 1.77624e-15 0.0341 -1.86746 -1.7811e-06 6.78319e-19 -4.12181e-20
34947.8 2.42075e-15 0.0342 -1.86746 -1.78632e-06 7.04893e-19 2.37849e-19
35049.9 6.28776e-16 0.0343 -1.86746 -1.79154e-06 5.07623e-19 -1.50056e-19
35152.1 2.77549e-16 0.0344 -1.86746 -1.79677e-06 3.05837e-19 2.71803e-19
35254.2 1.66856e-15 0.0345 -1.86746 -1.80199e-06 5.344e-19 -2.05143e-19
35356.3 2.35402e-15 0.0346 -1.86746 -1.80722e-06 6.58642e-19 2.41334e-19
35458.5 1.90744e-15 0.0347 -1.86746 -1.81244e-06 4.78777e-19 1.90141e-19
35560.6 1.26562e-15 0.0348 -1.86746 -1.81767e-06 4.71923e-19 8.09655e-21
35662.7 2.32472e-15 0.0349 -1.86746 -1.82289e-06 7.93166e-19 -7.43084e-19
35764.9 1.65185e-15 0.035 -1.86747 -1.82811e-06 5.60715e-19 -1.24457e-19
35867 1.87704e-15 0.0351 -1.86747 -1.83334e-06 7.74352e-19 1.53344e-19
35969.1 8.50438e-16 0.0352 -1.86747 -1.83856e-06 5.89231e-19 -6.05443e-19
36071.2 1.62749e-15 0.0353 -1.86747 -1.84379e-06 7.33977e-19 -8.92926e-20
36173.4 1.63929e-15 0.0354 -1.86747 -1.84901e-06 6.80653e-19 -2.3327e-19
36275.5 4.25381e-15 0.0355 -1.86747 -1.85424e-06 1.32969e-18 -2.4991e-19
36377.6 2.32902e-15 0.0356 -1.86747 -1.85946e-06 7.17086e-19 7.24619e-20
36479.8 8.56848e-16 0.0357 -1.86747 -1.86469e-06 4.20507e-19 -4.43182e-19
36581.9 1.13332e-16 0.0358 -1.86747 -1.86991e-06 3.54289e-19 -5.00737e-19
36684 2.21218e-15 0.0359 -1.86747 -1.87513e-06 4.98633e-19 1.93402e-19
36786.1 1.04516e-15 0.036 -1.86747 -1.88036e-06 4.235e-19 3.93333e-19
36888.3 8.1523e-16 0.0361 -1.86747 -1.88558e-06 3.14692e-19 -2.27036e-19
36990.4 1.82228e-15 0.0362 -1.86747 -1.89081e-06 8.77405e-19 1.89144e-19
37092.5 -1.66371e-16 0.0363 -1.86747 -1.89603e-06 5.0824e-19 -1.94095e-19
37194.7 1.96306e-16 0.0364 -1.86747 -1.90126e-06 3.25752e-19 9.97559e-20
37296.8 1.87629e-15 0.0365 -1.86747 -1.90648e-06 5.26916e-19 3.97021e-20
37398.9 2.71151e-15 0.0366 -1.86747 -1.91171e-06 7.32239e-19 -2.50853e-20
37501 1.47053e-16 0.0367 -1.86747 -1.91693e-06 5.41557e-19 2.40858e-19
37603.2 1.99383e-15 0.0368 -1.86747 -1.92215e-06 5.49024e-19 -4.28684e-19
37705.3 1.19369e-15 0.0369 -1.86747 -1.92738e-06 2.96053e-19 -1.53332e-20
37807.4 2.89501e-15 0.037 -1.86747 -1.9326e-06 8.78452e-19 -5.31117e-19
37909.5 3.74644e-16 0.0371 -1.86747 -1.93783e-06 2.13794e-19 -3.16756e-19
38011.7 1.1106e-15 0.0372 -1.86747 -1.94305e-06 6.0427e-19 -2.59355e-19
38113.8 9.39189e-16 0.0373 -1.86747 -1.94828e-06 5.97083e-19 -3.15502e-19
38215.9 1.44236e-15 0.0374 -1.86747 -1.9535e-06 5.00229e-19 -1.29691e-20
38318 9.32535e-16 0.0375 -1.86747 -1.95873e-06 3.60178e-19 -5.83376e-20
38420.2 1.49478e-15 0.0376 -1.86747 -1.96395e-06 6.2568e-19 -2.49982e-20
38522.3 2.28394e-15 0.0377 -1.86747 -1.96918e-06 6.56079e-19 -1.71436e-19
38624.4 8.41005e-16 0.0378 -1.86747 -1.9744e-06 4.63123e-19 -7.12784e-20
38726.5 -5.0226e-17 0.0379 -1.86747 -1.97962e-06 2.41719e-19 -2.08036e-19
38828.7 2.62618e-15 0.038 -1.86747 -1.98485e-06 1.24857e-18 -1.4825e-20
38930.8 7.18338e-16 0.0381 -1.86747 -1.99007e-06 3.05775e-19 2.50082e-21
39032.9 1.15601e-15 0.0382 -1.86747 -1.9953e-06 3.6267e-19 -2.18425e-19
39135 -5.80868e-16 0.0383 -1.86747 -2.00052e-06 3.19793e-19 -1.89423e-19
39237.1 8.82012e-16 0.0384 -1.86747 -2.00575e-06 6.81173e-19 2.49259e-20
39339.3 1.20299e-15 0.0385 -1.86748 -2.01097e-06 5.65203e-19 1.29211e-19
39441.4 5.72447e-16 0.0386 -1.86748 -2.0162e-06 5.43729e-19 -2.12792e-19
39543.5 1.78074e-15 0.0387 -1.86748 -2.02142e-06 6.45439e-19 -3.29233e-20
39645.6 9.51015e-16 0.0388 -1.86748 -2.02665e-06 5.22866e-19 1.79959e-20
39747.8 1.15045e-15 0.0389 -1.86748 -2.03187e-06 4.82542e-19 -1.51374e-19
39849.9 1.35366e-15 0.039 -1.86748 -2.03709e-06 4.07698e-19 2.41964e-19
39952 2.25623e-15 0.0391 -1.86748 -2.04232e-06 5.38904e-19 -2.03553e-19
40054.1 2.3045e-15 0.0392 -1.86748 -2.04754e-06 4.56209e-19 7.5141e-20
40156.2 1.20558e-15 0.0393 -1.86748 -2.05277e-06 4.61537e-19 -1.16865e-19
40258.4 2.12149e-15 0.0394 -1.86748 -2.05799e-06 6.16323e-19 -1.09307e-19
40360.5 1.04257e-15 0.0395 -1.86748 -2.06322e-06 5.2246e-19 -2.35176e-19
40462.6 2.77705e-15 0.0396 -1.86748 -2.06844e-06 5.67773e-19 -1.77919e-19
40564.7 1.49841e-15 0.0397 -1.86748 -2.07367e-06 4.29524e-19 9.44333e-20
40666.8 3.09645e-15 0.0398 -1.86748 -2.07889e-06 9.64135e-19 -3.67829e-19
40769 3.26124e-15 0.0399 -1.86748 -2.08412e-06 1.03306e-18 3.21704e-19
40871.1 1.00853e-15 0.04 -1.86748 -2.08934e-06 5.59665e-19 2.50813e-19
40973.2 9.96924e-16 0.0401 -1.86748 -2.09457e-06 5.57747e-19 1.45148e-19
41075.3 1.34681e-15 0.0402 -1.86748 -2.09979e-06 4.75909e-19 -6.81359e-20
41177.4 2.06534e-15 0.0403 -1.86748 -2.10502e-06 3.94725e-19 3.38164e-19
41279.6 1.01629e-15 0.0404 -1.86748 -2.11024e-06 1.61945e-19 1.36129e-19
41381.7 8.23606e-16 0.0405 -1.86748 -2.11546e-06 5.48424e-19 8.12756e-19
41483.8 3.25278e-16 0.0406 -1.86748 -2.12069e-06 3.1695e-19 5.85812e-20
41585.9 -1.38801e-15 0.0407 -1.86748 -2.12591e-06 1.9491e-19 -2.95556e-19
41688 2.94019e-15 0.0408 -1.86748 -2.13114e-06 7.68823e-19 -2.49994e-19
41790.2 2.6826e-15 0.0409 -1.86748 -2.13636e-06 7.78295e-19 -1.01475e-19
41892.3 1.07201e-15 0.041 -1.86748 -2.14159e-06 6.47522e-19 -7.5919e-20
41994.4 1.23678e-15 0.0411 -1.86748 -2.14681e-06 4.88256e-19 3.49726e-19
42096.5 2.13287e-16 0.0412 -1.86748 -2.15204e-06 4.36336e-19 2.79861e-19
42198.6 2.3262e-15 0.0413 -1.86748 -2.15726e-06 5.36743e-19 -1.09409e-19
42300.7 2.17134e-15 0.0414 -1.86748 -2.16249e-06 4.89968e-19 -3.20289e-19
42402.9 1.92877e-15 0.0415 -1.86748 -2.16771e-06 6.50449e-19 5.1067e-19
42505 2.44507e-15 0.0416 -1.86748 -2.17294e-06 7.45243e-19 2.26153e-19
42607.1 2.00795e-15 0.0417 -1.86748 -2.17816e-06 5.88113e-19 1.19027e-19
42709.2 -3.1553e-16 0.0418 -1.86748 -2.18339e-06 2.60994e-19 -2.58656e-19
42811.3 1.94097e-15 0.0419 -1.86748 -2.18861e-06 3.52206e-19 -1.31928e-19
42913.4 1.18523e-15 0.042 -1.86748 -2.19383e-06 5.25046e-19 -2.5492e-19
43015.6 1.69322e-15 0.0421 -1.86748 -2.19906e-06 5.86529e-19 -1.27692e-19
43117.7 2.65756e-15 0.0422 -1.86749 -2.20428e-06 6.54827e-19 -7.49266e-20
43219.8 2.20679e-15 0.0423 -1.86749 -2.20951e-06 5.21593e-19 -2.82185e-19
43321.9 2.50594e-15 0.0424 -1.86749 -2.21473e-06 7.76443e-19 2.23976e-19
43424 2.32989e-15 0.0425 -1.86749 -2.21996e-06 6.23562e-19 1.66423e-19
43526.1 1.12815e-15 0.0426 -1.86749 -2.22518e-06 5.22063e-19 2.59766e-19
43628.3 1.54095e-15 0.0427 -1.86749 -2.23041e-06 5.55045e-19 -1.83282e-19
43730.4 1.43466e-15 0.0428 -1.86749 -2.23563e-06 6.88209e-19 5.13648e-20
43832.5 1.64955e-16 0.0429 -1.86749 -2.24086e-06 2.66951e-19 -3.27804e-19
43934.6 1.17998e-15 0.043 -1.86749 -2.24608e-06 6.02535e-19 2.26912e-19
44036.7 1.47296e-15 0.0431 -1.86749 -2.25131e-06 4.06956e-19 -2.02745e-19
44138.8 3.61747e-16 0.0432 -1.86749 -2.25653e-06 3.16958e-19 -2.76599e-19
44240.9 4.61419e-16 0.0433 -1.86749 -2.26176e-06 1.87581e-19 -3.61741e-20
44343.1 1.61152e-15 0.0434 -1.86749 -2.26698e-06 4.91833e-19 -2.83883e-19
44445.2 7.37675e-16 0.0435 -1.86749 -2.27221e-06 6.75893e-19 2.53749e-19
44547.3 2.10676e-15 0.0436 -1.86749 -2.27743e-06 7.05709e-19 -2.68807e-19
44649.4 1.2558e-15 0.0437 -1.86749 -2.28266e-06 5.98904e-19 -4.49119e-19
44751.5 1.89544e-15 0.0438 -1.86749 -2.28788e-06 4.68592e-19 -1.94689e-19
44853.6 2.0144e-15 0.0439 -1.86749 -2.2931e-06 6.39559e-19 1.54572e-19
44955.7 6.25994e-16 0.044 -1.86749 -2.29833e-06 4.07238e-19 5.66605e-19
45057.8 2.10819e-15 0.0441 -1.86749 -2.30355e-06 7.4308e-19 1.29987e-19
45160 -9.2742e-18 0.0442 -1.86749 -2.30878e-06 1.51592e-19 3.58131e-19
45262.1 1.87344e-15 0.0443 -1.86749 -2.314e-06 6.04873e-19 4.02682e-20
45364.2 3.0897e-15 0.0444 -1.86749 -2.31923e-06 7.61748e-19 -3.98003e-19
45466.3 2.69931e-16 0.0445 -1.86749 -2.32445e-06 4.37247e-19 -2.6536e-19
45568.4 4.91304e-16 0.0446 -1.86749 -2.32968e-06 2.41684e-19 3.66154e-20
45670.5 9.44872e-16 0.0447 -1.86749 -2.3349e-06 3.4509e-19 2.0245e-19
45772.6 1.74557e-16 0.0448 -1.86749 -2.34013e-06 4.13514e-19 3.7645e-19
45874.7 4.63934e-16 0.0449 -1.86749 -2.34535e-06 3.63253e-19 -1.58761e-19
45976.9 4.29206e-16 0.045 -1.86749 -2.35058e-06 2.60417e-21 4.06577e-21
46079 3.49358e-16 0.0451 -1.86749 -2.3558e-06 3.55331e-19 3.88092e-19
46181.1 1.99119e-15 0.0452 -1.86749 -2.36103e-06 4.936e-19 8.06264e-20
46283.2 9.79531e-16 0.0453 -1.86749 -2.36625e-06 4.1932e-19 3.37874e-19
46385.3 1.051e-15 0.0454 -1.86749 -2.37148e-06 4.40948e-19 -2.14166e-19
46487.4 2.7157e-15 0.0455 -1.86749 -2.3767e-06 6.4236e-19 1.37287e-19
46589.5 -3.16252e-16 0.0456 -1.86749 -2.38193e-06 1.45954e-19 -1.00596e-20
46691.6 1.29036e-15 0.0457 -1.86749 -2.38715e-06 3.36893e-19 -1.45615e-19
46793.7 2.75296e-15 0.0458 -1.8675 -2.39238e-06 6.41231e-19 9.90535e-20
46895.9 1.23078e-15 0.0459 -1.8675 -2.3976e-06 5.8111e-19 2.31838e-19
46998 3.45037e-15 0.046 -1.8675 -2.40283e-06 1.03688e-18 5.00741e-19
47100.1 2.61729e-15 0.0461 -1.8675 -2.40805e-06 6.48257e-19 1.95582e-19
47202.2 2.26086e-15 0.0462 -1.8675 -2.41328e-06 8.42254e-19 1.18446e-19
47304.3 1.28815e-16 0.0463 -1.8675 -2.4185e-06 2.60628e-19 5.13855e-19
47406.4 2.44449e-15 0.0464 -1.8675 -2.42373e-06 6.77278e-19 1.63399e-19
47508.5 2.58981e-15 0.0465 -1.8675 -2.42895e-06 9.09728e-19 -1.4712e-19
47610.6 3.52883e-16 0.0466 -1.8675 -2.43418e-06 5.08302e-19 -3.14636e-19
47712.7 8.60599e-16 0.0467 -1.8675 -2.4394e-06 3.58266e-19 -1.32471e-19
47814.8 5.84833e-16 0.0468 -1.8675 -2.44463e-06 5.00915e-19 -2.42976e-19
47916.9 7.51714e-16 0.0469 -1.8675 -2.44985e-06 2.02387e-19 3.36028e-19
48019.1 1.58199e-15 0.047 -1.8675 -2.45507e-06 3.89507e-19 -3.45003e-20
48121.2 5.31357e-16 0.0471 -1.8675 -2.4603e-06 5.4453e-19 1.70669e-19
48223.3 3.80093e-16 0.0472 -1.8675 -2.46552e-06 3.41726e-19 1.9113e-19
48325.4 3.93775e-16 0.0473 -1.8675 -2.47075e-06 5.82355e-19 4.19738e-19
48427.5 1.74069e-15 0.0474 -1.8675 -2.47597e-06 5.61126e-19 1.06704e-19
48529.6 2.42137e-15 0.0475 -1.8675 -2.4812e-06 6.98228e-19 7.45348e-20
48631.7 1.47049e-15 0.0476 -1.8675 -2.48642e-06 7.02261e-19 9.99204e-20
48733.8 1.79774e-15 0.0477 -1.8675 -2.49165e-06 6.18081e-19 -7.28714e-20
48835.9 1.20646e-15 0.0478 -1.8675 -2.49687e-06 6.34354e-19 -4.86738e-19
48938 4.17641e-16 0.0479 -1.8675 -2.5021e-06 4.98535e-19 -2.40596e-20
49040.1 4.93602e-15 0.048 -1.8675 -2.50732e-06 1.17708e-18 -1.15637e-19
49142.2 6.75282e-16 0.0481 -1.8675 -2.51255e-06 3.32693e-19 -6.51905e-20
49244.3 2.01762e-15 0.0482 -1.8675 -2.51777e-06 7.07619e-19 5.64924e-19
49346.4 1.5873e-15 0.0483 -1.8675 -2.523e-06 3.93356e-19 -2.71498e-20
49448.6 8.27654e-16 0.0484 -1.8675 -2.52822e-06 3.90012e-19 -9.87421e-20
49550.7 1.5784e-15 0.0485 -1.8675 -2.53345e-06 3.63235e-19 -1.9739e-19
49652.8 1.39927e-15 0.0486 -1.8675 -2.53867e-06 4.29403e-19 1.09068e-19
49754.9 5.02518e-16 0.0487 -1.8675 -2.5439e-06 5.59746e-19 -5.79568e-21
49857 1.36234e-15 0.0488 -1.8675 -2.54912e-06 5.05636e-19 2.14278e-19
49959.1 2.16154e-15 0.0489 -1.8675 -2.55435e-06 8.19118e-19 6.2501e-19
50061.2 3.85593e-16 0.049 -1.8675 -2.55957e-06 4.69847e-19 1.92472e-19
50163.3 -1.02319e-15 0.0491 -1.8675 -2.5648e-06 7.16847e-20 -1.10091e-19
50265.4 9.03031e-16 0.0492 -1.8675 -2.57002e-06 3.09999e-19 1.5118e-19
50367.5 1.74853e-15 0.0493 -1.8675 -2.57525e-06 6.31596e-19 1.0134e-19
50469.6 1.30452e-15 0.0494 -1.86751 -2.58047e-06 5.71464e-19 -2.82287e-19
50571.7 -2.3208e-16 0.0495 -1.86751 -2.5857e-06 2.87606e-19 3.15129e-19
50673.8 2.57688e-15 0.0496 -1.86751 -2.59092e-06 5.71474e-19 5.59871e-19
50775.9 7.932e-16 0.0497 -1.86751 -2.59615e-06 6.85211e-19 -6.09046e-19
50878 2.63431e-15 0.0498 -1.86751 -2.60137e-06 7.16919e-19 4.39244e-19
50980.1 9.31717e-16 0.0499 -1.86751 -2.6066e-06 6.862e-19 5.79089e-19
51082.2 1.24059e-15 0.05 -1.86751 -2.61182e-06 4.61156e-19 1.84934e-19
